2018-04-10T13:13:42.9917977Z	Logger	Started logging
2018-04-10T13:13:43.0053181Z	ExperimentController	Participant: fgadfg
2018-04-10T13:13:43.0183372Z	ExperimentController	Hand model is female
2018-04-10T13:13:43.0428879Z	ExperimentController	Protocol file Protocol/Elements Agency Experiment/Protocol01.txt
2018-04-10T13:13:43.0569092Z	ExperimentController	Loaded 5 trials
2018-04-10T13:13:43.0704304Z	ExperimentController	Event ProtocolLoaded
2018-04-10T13:13:43.0854529Z	ExperimentController	Entering state Trial
2018-04-10T13:13:43.1004914Z	ExperimentController	Starting trial
2018-04-10T13:13:43.7335999Z	ExperimentController	Gap: Inactive
2018-04-10T13:13:43.7491233Z	ExperimentController	HandOffset: 0
2018-04-10T13:13:43.7646559Z	ExperimentController	Noise type 0
2018-04-10T13:13:43.7796804Z	ExperimentController	NoiseLevel: 0
2018-04-10T13:13:43.7956942Z	ExperimentController	Lambda: 0
2018-04-10T13:13:43.8107299Z	ExperimentController	Collision probability: 1
2018-04-10T13:13:43.8267539Z	ExperimentController	Knife PresentFalse
2018-04-10T13:13:43.8422779Z	TrialController	Started
2018-04-10T13:13:45.5298808Z	TrialController	Entering state SpecificTrial
2018-04-10T13:13:45.5419121Z	ElementsAgencyTrial	Noise type :Control
2018-04-10T13:13:45.5469079Z	ElementsAgencyTrial	Delay collision active :0
2018-04-10T13:13:45.5509138Z	ElementsAgencyTrial	Started
2018-04-10T13:13:45.5549199Z	TrialController	Elements Agency Experiment State Machine started
2018-04-10T13:13:47.0328862Z	ElementsAgencyTrial	Entering state ExperimentWave
2018-04-10T13:13:47.5325425Z	WaveController	Started
2018-04-10T13:13:47.7882964Z	WaveController	Entering state Initial
2018-04-10T13:13:49.9484096Z	WaveController	Initial Target Waved
2018-04-10T13:13:49.9519151Z	WaveController	Entering state Delay
2018-04-10T13:13:50.4389180Z	WaveController	Entering state Target
2018-04-10T13:13:50.4419135Z	WaveController	Light: 1
2018-04-10T13:13:51.3465913Z	WaveController	Waved incorrectly
2018-04-10T13:13:51.3510984Z	WaveController	Time in wave: 1 was 0.8999901
2018-04-10T13:13:51.3541030Z	WaveController	Entering state Feedback
2018-04-10T13:13:52.8418160Z	WaveController	Entering state End
2018-04-10T13:13:52.8463069Z	TrialController	Event Waved
2018-04-10T13:13:52.8513254Z	ElementsAgencyTrial	Entering state Interval
2018-04-10T13:13:52.8538294Z	ElementsAgencyTrial	Entering state ExperimentWave
2018-04-10T13:13:53.3421429Z	WaveController	Started
2018-04-10T13:13:53.5931005Z	WaveController	Entering state Initial
