2018-04-10T15:00:51.4901642Z	Logger	Started logging
2018-04-10T15:00:51.5041852Z	ExperimentController	Participant: until threat
2018-04-10T15:00:51.5162037Z	ExperimentController	Hand model is female
2018-04-10T15:00:51.5412419Z	ExperimentController	Protocol file Protocol/Elements Agency Experiment/Protocol01.txt
2018-04-10T15:00:51.5552637Z	ExperimentController	Loaded 5 trials
2018-04-10T15:00:51.5683190Z	ExperimentController	Event ProtocolLoaded
2018-04-10T15:00:51.5823406Z	ExperimentController	Entering state Trial
2018-04-10T15:00:51.5968628Z	ExperimentController	Starting trial
2018-04-10T15:00:51.6133972Z	ExperimentController	Gap: Inactive
2018-04-10T15:00:51.6339212Z	ExperimentController	HandOffset: 0
2018-04-10T15:00:51.6494398Z	ExperimentController	Noise type 0
2018-04-10T15:00:51.6644680Z	ExperimentController	NoiseLevel: 0
2018-04-10T15:00:51.6794908Z	ExperimentController	Lambda: 0
2018-04-10T15:00:51.6950148Z	ExperimentController	Collision probability: 1
2018-04-10T15:00:51.7100325Z	ExperimentController	Knife PresentFalse
2018-04-10T15:00:51.7255568Z	TrialController	Started
2018-04-10T15:00:53.4549071Z	TrialController	Entering state SpecificTrial
2018-04-10T15:00:53.4599148Z	ElementsAgencyTrial	Noise type: Control
2018-04-10T15:00:53.4644216Z	ElementsAgencyTrial	Delay collision active: 0
2018-04-10T15:00:53.4679268Z	ElementsAgencyTrial	Started
2018-04-10T15:00:53.4719333Z	TrialController	Elements Agency Experiment State Machine started
2018-04-10T15:00:54.9687802Z	ElementsAgencyTrial	Entering state ExperimentWave
2018-04-10T15:00:55.4820972Z	WaveController	Started
2018-04-10T15:00:55.7470818Z	WaveController	Entering state Initial
2018-04-10T15:00:56.7447150Z	WaveController	Initial Target Waved
2018-04-10T15:00:56.7482206Z	WaveController	Entering state Delay
2018-04-10T15:00:57.2380229Z	WaveController	Entering state Target
2018-04-10T15:00:57.2415284Z	WaveController	Light: 1
2018-04-10T15:00:59.9103969Z	WaveController	Probability for Wave 1: 0.0002644062
2018-04-10T15:00:59.9149037Z	WaveController	Time in wave: 1 was 2.654685
2018-04-10T15:00:59.9184092Z	WaveController	Entering state Feedback
2018-04-10T15:01:00.4092162Z	WaveController	Waved correctly
2018-04-10T15:01:01.4002758Z	WaveController	Entering state End
2018-04-10T15:01:01.4057730Z	TrialController	Event Waved
2018-04-10T15:01:01.4112927Z	ElementsAgencyTrial	Entering state Interval
2018-04-10T15:01:01.4147868Z	ElementsAgencyTrial	Entering state ExperimentWave
2018-04-10T15:01:01.9006724Z	WaveController	Started
2018-04-10T15:01:02.1654435Z	WaveController	Entering state Initial
2018-04-10T15:01:02.5491503Z	WaveController	Initial Target Waved
2018-04-10T15:01:02.5561560Z	WaveController	Entering state Delay
2018-04-10T15:01:03.0436740Z	WaveController	Entering state Target
2018-04-10T15:01:03.0471738Z	WaveController	Light: 1
2018-04-10T15:01:03.6757229Z	WaveController	Probability for Wave 2: 0.6310607
2018-04-10T15:01:03.6802391Z	WaveController	Time in wave: 2 was 0.6290512
2018-04-10T15:01:03.6837472Z	WaveController	Entering state Feedback
2018-04-10T15:01:04.1897665Z	WaveController	Waved correctly
2018-04-10T15:01:05.1809607Z	WaveController	Entering state End
2018-04-10T15:01:05.1849671Z	TrialController	Event Waved
2018-04-10T15:01:05.1899748Z	ElementsAgencyTrial	Entering state Interval
2018-04-10T15:01:05.1929792Z	ElementsAgencyTrial	Entering state ExperimentWave
2018-04-10T15:01:05.1964847Z	ElementsAgencyTrial	Entering state Threat
2018-04-10T15:01:05.6828142Z	Threat	Started
