2018-04-12T09:20:05.9883891Z	Logger	Started logging
2018-04-12T09:20:06.0029119Z	ExperimentController	Participant: 20180412_01
2018-04-12T09:20:06.0169334Z	ExperimentController	Hand model is female
2018-04-12T09:20:06.0464790Z	ExperimentController	Protocol file Protocol/Elements Agency Experiment/Protocol01.txt
2018-04-12T09:20:06.0615010Z	ExperimentController	Loaded 5 trials
2018-04-12T09:20:06.0760232Z	ExperimentController	Event ProtocolLoaded
2018-04-12T09:20:06.0930494Z	ExperimentController	Entering state Trial
2018-04-12T09:20:06.1095869Z	ExperimentController	Starting trial
2018-04-12T09:20:06.1331121Z	ExperimentController	Gap: Inactive
2018-04-12T09:20:06.1531543Z	ExperimentController	HandOffset: 0
2018-04-12T09:20:06.1696764Z	ExperimentController	Noise type 0
2018-04-12T09:20:06.1867026Z	ExperimentController	NoiseLevel: 0
2018-04-12T09:20:06.2032313Z	ExperimentController	Lambda: 0
2018-04-12T09:20:06.2202569Z	ExperimentController	Collision probability: 1
2018-04-12T09:20:06.2403275Z	ExperimentController	Knife PresentFalse
2018-04-12T09:20:06.2648580Z	TrialController	Started
2018-04-12T09:20:07.9434163Z	TrialController	Entering state SpecificTrial
2018-04-12T09:20:07.9509277Z	ElementsAgencyTrial	Noise type: Control
2018-04-12T09:20:07.9564497Z	ElementsAgencyTrial	Delay collision active: 0
2018-04-12T09:20:07.9629459Z	ElementsAgencyTrial	Started
2018-04-12T09:20:07.9669655Z	TrialController	Elements Agency Experiment State Machine started
2018-04-12T09:20:09.4438989Z	ElementsAgencyTrial	Entering state ExperimentWave
2018-04-12T09:20:09.9642984Z	WaveController	Started
2018-04-12T09:20:10.2103180Z	WaveController	Entering state Initial
2018-04-12T09:20:10.2238504Z	WaveController	Initial Target Waved
2018-04-12T09:20:10.2303491Z	WaveController	Entering state Delay
2018-04-12T09:20:10.7220683Z	WaveController	Entering state Target
2018-04-12T09:20:10.7260744Z	WaveController	Light: 1
2018-04-12T09:20:11.3858915Z	WaveController	Probability for Wave 1: 0.05178428
2018-04-12T09:20:11.3903986Z	WaveController	Time in wave: 1 was 0.6565266
2018-04-12T09:20:11.3994130Z	WaveController	Entering state Feedback
2018-04-12T09:20:11.8843132Z	WaveController	Waved correctly
2018-04-12T09:20:12.8808273Z	WaveController	Entering state End
2018-04-12T09:20:12.8858350Z	TrialController	Event Waved
2018-04-12T09:20:12.8913436Z	ElementsAgencyTrial	Entering state Interval
2018-04-12T09:20:12.8963513Z	ElementsAgencyTrial	Entering state ExperimentWave
2018-04-12T09:20:13.3960284Z	WaveController	Started
2018-04-12T09:20:13.6467982Z	WaveController	Entering state Initial
2018-04-12T09:20:13.9253149Z	WaveController	Initial Target Waved
2018-04-12T09:20:13.9293193Z	WaveController	Entering state Delay
2018-04-12T09:20:14.4314384Z	WaveController	Entering state Target
2018-04-12T09:20:14.4349436Z	WaveController	Light: 1
2018-04-12T09:20:15.0701187Z	WaveController	Probability for Wave 2: 0.8266048
2018-04-12T09:20:15.0746255Z	WaveController	Time in wave: 2 was 0.6299896
2018-04-12T09:20:15.0786316Z	WaveController	Entering state Feedback
2018-04-12T09:20:15.5722576Z	WaveController	Waved correctly
2018-04-12T09:20:16.5728898Z	WaveController	Entering state End
2018-04-12T09:20:16.5773968Z	TrialController	Event Waved
2018-04-12T09:20:16.5849199Z	ElementsAgencyTrial	Entering state Interval
2018-04-12T09:20:16.5889275Z	ElementsAgencyTrial	Entering state ExperimentWave
2018-04-12T09:20:16.5919324Z	ElementsAgencyTrial	Entering state Threat
2018-04-12T09:20:16.5994450Z	Threat	Started
2018-04-12T09:20:16.6049396Z	Threat	Entering state Falling
2018-04-12T09:20:16.9346586Z	Threat	Entering state Following
2018-04-12T09:20:18.9479615Z	ElementsAgencyTrial	Entering state End
2018-04-12T09:20:18.9549720Z	TrialController	Event SpecificTrialFinished
2018-04-12T09:20:18.9629843Z	TrialController	Entering state DimLights
2018-04-12T09:20:18.9740013Z	TrialController	Event SpecificTrialFinished
2018-04-12T09:20:18.9845574Z	TrialController	Event SpecificTrialFinished
2018-04-12T09:20:18.9985793Z	TrialController	Event SpecificTrialFinished
2018-04-12T09:20:19.0090942Z	TrialController	Event SpecificTrialFinished
2018-04-12T09:20:19.0226160Z	TrialController	Event SpecificTrialFinished
2018-04-12T09:20:19.0336363Z	TrialController	Event SpecificTrialFinished
2018-04-12T09:20:19.0441495Z	TrialController	Event SpecificTrialFinished
2018-04-12T09:20:19.0546655Z	TrialController	Event SpecificTrialFinished
2018-04-12T09:20:19.0656822Z	TrialController	Event SpecificTrialFinished
2018-04-12T09:20:19.0761985Z	TrialController	Event SpecificTrialFinished
2018-04-12T09:20:19.0892182Z	TrialController	Event SpecificTrialFinished
2018-04-12T09:20:19.1002355Z	TrialController	Event SpecificTrialFinished
2018-04-12T09:20:19.1107814Z	TrialController	Event SpecificTrialFinished
2018-04-12T09:20:19.1253038Z	TrialController	Event SpecificTrialFinished
2018-04-12T09:20:19.1393254Z	TrialController	Event SpecificTrialFinished
2018-04-12T09:20:19.1518454Z	TrialController	Event SpecificTrialFinished
2018-04-12T09:20:19.1623594Z	TrialController	Event SpecificTrialFinished
2018-04-12T09:20:19.1723759Z	TrialController	Event SpecificTrialFinished
2018-04-12T09:20:19.1848948Z	TrialController	Event SpecificTrialFinished
2018-04-12T09:20:19.1949096Z	TrialController	Event SpecificTrialFinished
2018-04-12T09:20:19.2112874Z	TrialController	Event SpecificTrialFinished
2018-04-12T09:20:19.2218037Z	TrialController	Event SpecificTrialFinished
2018-04-12T09:20:19.2343177Z	TrialController	Event SpecificTrialFinished
2018-04-12T09:20:19.2448340Z	TrialController	Event SpecificTrialFinished
2018-04-12T09:20:19.2553504Z	TrialController	Event SpecificTrialFinished
2018-04-12T09:20:19.2688710Z	TrialController	Event SpecificTrialFinished
2018-04-12T09:20:19.2818796Z	TrialController	Event SpecificTrialFinished
2018-04-12T09:20:19.2923948Z	TrialController	Event SpecificTrialFinished
2018-04-12T09:20:19.3064477Z	TrialController	Event SpecificTrialFinished
2018-04-12T09:20:19.3204692Z	TrialController	Event SpecificTrialFinished
2018-04-12T09:20:19.3329886Z	TrialController	Event SpecificTrialFinished
2018-04-12T09:20:19.3435095Z	TrialController	Event SpecificTrialFinished
2018-04-12T09:20:19.3545099Z	TrialController	Event SpecificTrialFinished
2018-04-12T09:20:19.3650359Z	TrialController	Event SpecificTrialFinished
2018-04-12T09:20:19.3750422Z	TrialController	Event SpecificTrialFinished
2018-04-12T09:20:19.3855585Z	TrialController	Event SpecificTrialFinished
2018-04-12T09:20:19.3960814Z	TrialController	Event SpecificTrialFinished
2018-04-12T09:20:19.4095952Z	TrialController	Event SpecificTrialFinished
2018-04-12T09:20:19.4201118Z	TrialController	Event SpecificTrialFinished
2018-04-12T09:20:19.4311276Z	TrialController	Event SpecificTrialFinished
2018-04-12T09:20:19.4416442Z	TrialController	Event SpecificTrialFinished
2018-04-12T09:20:19.4516590Z	TrialController	Event SpecificTrialFinished
2018-04-12T09:20:19.4651797Z	TrialController	Event SpecificTrialFinished
2018-04-12T09:20:19.4751962Z	TrialController	Event SpecificTrialFinished
2018-04-12T09:20:19.4882316Z	TrialController	Event SpecificTrialFinished
2018-04-12T09:20:19.4987525Z	TrialController	Event SpecificTrialFinished
2018-04-12T09:20:19.5092471Z	TrialController	Event SpecificTrialFinished
2018-04-12T09:20:19.5222842Z	TrialController	Event SpecificTrialFinished
2018-04-12T09:20:19.5332992Z	TrialController	Event SpecificTrialFinished
2018-04-12T09:20:19.5433143Z	TrialController	Event SpecificTrialFinished
2018-04-12T09:20:19.5533456Z	TrialController	Event SpecificTrialFinished
2018-04-12T09:20:19.5633625Z	TrialController	Event SpecificTrialFinished
2018-04-12T09:20:19.5764215Z	TrialController	Event SpecificTrialFinished
2018-04-12T09:20:19.5869378Z	TrialController	Event SpecificTrialFinished
2018-04-12T09:20:19.5974533Z	TrialController	Event SpecificTrialFinished
2018-04-12T09:20:19.6079866Z	TrialController	Event SpecificTrialFinished
2018-04-12T09:20:19.6204884Z	TrialController	Event SpecificTrialFinished
2018-04-12T09:20:19.6334023Z	TrialController	Event SpecificTrialFinished
2018-04-12T09:20:19.6434077Z	TrialController	Event SpecificTrialFinished
2018-04-12T09:20:19.6559262Z	TrialController	Event SpecificTrialFinished
2018-04-12T09:20:19.6664425Z	TrialController	Event SpecificTrialFinished
2018-04-12T09:20:19.6769591Z	TrialController	Event SpecificTrialFinished
2018-04-12T09:20:19.6899883Z	TrialController	Event SpecificTrialFinished
2018-04-12T09:20:19.7024988Z	TrialController	Event SpecificTrialFinished
2018-04-12T09:20:19.7125131Z	TrialController	Event SpecificTrialFinished
2018-04-12T09:20:19.7225387Z	TrialController	Event SpecificTrialFinished
2018-04-12T09:20:19.7350482Z	TrialController	Event SpecificTrialFinished
2018-04-12T09:20:19.7455742Z	TrialController	Event SpecificTrialFinished
2018-04-12T09:20:19.7555896Z	TrialController	Event SpecificTrialFinished
2018-04-12T09:20:19.7670975Z	TrialController	Event SpecificTrialFinished
2018-04-12T09:20:19.7771131Z	TrialController	Event SpecificTrialFinished
2018-04-12T09:20:19.7901451Z	TrialController	Event SpecificTrialFinished
2018-04-12T09:20:19.8001580Z	TrialController	Event SpecificTrialFinished
2018-04-12T09:20:19.8101731Z	TrialController	Event SpecificTrialFinished
2018-04-12T09:20:19.8221819Z	TrialController	Event SpecificTrialFinished
2018-04-12T09:20:19.8347132Z	TrialController	Event SpecificTrialFinished
2018-04-12T09:20:19.8472218Z	TrialController	Event SpecificTrialFinished
2018-04-12T09:20:19.8572366Z	TrialController	Event SpecificTrialFinished
2018-04-12T09:20:19.8672512Z	TrialController	Event SpecificTrialFinished
2018-04-12T09:20:19.8767662Z	TrialController	Event SpecificTrialFinished
2018-04-12T09:20:19.8867910Z	TrialController	Event SpecificTrialFinished
2018-04-12T09:20:19.8987995Z	TrialController	Event SpecificTrialFinished
2018-04-12T09:20:19.9088152Z	TrialController	Event SpecificTrialFinished
2018-04-12T09:20:19.9218446Z	TrialController	Event SpecificTrialFinished
2018-04-12T09:20:19.9338634Z	TrialController	Event SpecificTrialFinished
2018-04-12T09:20:19.9438691Z	TrialController	Event SpecificTrialFinished
2018-04-12T09:20:19.9539210Z	TrialController	Event SpecificTrialFinished
2018-04-12T09:20:19.9659400Z	TrialController	Event SpecificTrialFinished
2018-04-12T09:20:19.9764888Z	TrialController	Event SpecificTrialFinished
2018-04-12T09:20:19.9915207Z	TrialController	Event SpecificTrialFinished
2018-04-12T09:20:20.0035298Z	TrialController	Event SpecificTrialFinished
2018-04-12T09:20:20.0161098Z	TrialController	Event SpecificTrialFinished
2018-04-12T09:20:20.0261522Z	TrialController	Event SpecificTrialFinished
2018-04-12T09:20:20.0381761Z	TrialController	Event SpecificTrialFinished
2018-04-12T09:20:20.0511904Z	TrialController	Event SpecificTrialFinished
2018-04-12T09:20:20.0611979Z	TrialController	Event SpecificTrialFinished
2018-04-12T09:20:20.0737164Z	TrialController	Event SpecificTrialFinished
2018-04-12T09:20:20.0837406Z	TrialController	Event SpecificTrialFinished
2018-04-12T09:20:20.0937563Z	TrialController	Event SpecificTrialFinished
2018-04-12T09:20:20.1057646Z	TrialController	Event SpecificTrialFinished
2018-04-12T09:20:20.1157902Z	TrialController	Event SpecificTrialFinished
2018-04-12T09:20:20.1278036Z	TrialController	Event SpecificTrialFinished
2018-04-12T09:20:20.1403278Z	TrialController	Event SpecificTrialFinished
2018-04-12T09:20:20.1508441Z	TrialController	Event SpecificTrialFinished
2018-04-12T09:20:20.1608495Z	TrialController	Event SpecificTrialFinished
2018-04-12T09:20:20.1708994Z	TrialController	Event SpecificTrialFinished
2018-04-12T09:20:20.1829295Z	TrialController	Event SpecificTrialFinished
2018-04-12T09:20:20.1934680Z	TrialController	Event SpecificTrialFinished
2018-04-12T09:20:20.2084911Z	TrialController	Event SpecificTrialFinished
2018-04-12T09:20:20.2210100Z	TrialController	Event SpecificTrialFinished
2018-04-12T09:20:20.2345312Z	TrialController	Event SpecificTrialFinished
2018-04-12T09:20:20.2470500Z	TrialController	Event SpecificTrialFinished
2018-04-12T09:20:20.2575786Z	TrialController	Event SpecificTrialFinished
2018-04-12T09:20:20.2740927Z	TrialController	Event SpecificTrialFinished
2018-04-12T09:20:20.2876134Z	TrialController	Event SpecificTrialFinished
2018-04-12T09:20:20.2981297Z	TrialController	Event SpecificTrialFinished
2018-04-12T09:20:20.3086460Z	TrialController	Event SpecificTrialFinished
2018-04-12T09:20:20.3216985Z	TrialController	Event SpecificTrialFinished
2018-04-12T09:20:20.3327157Z	TrialController	Event SpecificTrialFinished
2018-04-12T09:20:20.3427308Z	TrialController	Event SpecificTrialFinished
2018-04-12T09:20:20.3562515Z	TrialController	Event SpecificTrialFinished
2018-04-12T09:20:20.3667678Z	TrialController	Event SpecificTrialFinished
2018-04-12T09:20:20.3782848Z	TrialController	Event SpecificTrialFinished
2018-04-12T09:20:20.3883631Z	TrialController	Event SpecificTrialFinished
2018-04-12T09:20:20.4008836Z	TrialController	Event SpecificTrialFinished
2018-04-12T09:20:20.4119404Z	TrialController	Event SpecificTrialFinished
2018-04-12T09:20:20.4224564Z	TrialController	Event SpecificTrialFinished
2018-04-12T09:20:20.4349940Z	TrialController	Event SpecificTrialFinished
2018-04-12T09:20:20.4455106Z	TrialController	Event SpecificTrialFinished
2018-04-12T09:20:20.4560266Z	TrialController	Event SpecificTrialFinished
2018-04-12T09:20:20.4690467Z	TrialController	Event SpecificTrialFinished
2018-04-12T09:20:20.4800627Z	TrialController	Event SpecificTrialFinished
2018-04-12T09:20:20.4935842Z	TrialController	Event SpecificTrialFinished
2018-04-12T09:20:20.5076058Z	TrialController	Event SpecificTrialFinished
2018-04-12T09:20:20.5181221Z	TrialController	Event SpecificTrialFinished
2018-04-12T09:20:20.5286381Z	TrialController	Event SpecificTrialFinished
2018-04-12T09:20:20.5396554Z	TrialController	Event SpecificTrialFinished
2018-04-12T09:20:20.5501717Z	TrialController	Event SpecificTrialFinished
2018-04-12T09:20:20.5606874Z	TrialController	Event SpecificTrialFinished
2018-04-12T09:20:20.5712037Z	TrialController	Event SpecificTrialFinished
2018-04-12T09:20:20.5817198Z	TrialController	Event SpecificTrialFinished
2018-04-12T09:20:20.5912343Z	TrialController	Event SpecificTrialFinished
2018-04-12T09:20:20.6012497Z	TrialController	Event SpecificTrialFinished
2018-04-12T09:20:20.6132704Z	TrialController	Event SpecificTrialFinished
2018-04-12T09:20:20.6243229Z	TrialController	Event SpecificTrialFinished
2018-04-12T09:20:20.6343378Z	TrialController	Event SpecificTrialFinished
2018-04-12T09:20:20.6443916Z	TrialController	Event SpecificTrialFinished
2018-04-12T09:20:20.6549079Z	TrialController	Event SpecificTrialFinished
2018-04-12T09:20:20.6649233Z	TrialController	Event SpecificTrialFinished
2018-04-12T09:20:20.6749600Z	TrialController	Event SpecificTrialFinished
2018-04-12T09:20:20.6849777Z	TrialController	Event SpecificTrialFinished
2018-04-12T09:20:20.6949931Z	TrialController	Event SpecificTrialFinished
2018-04-12T09:20:20.7055091Z	TrialController	Event SpecificTrialFinished
2018-04-12T09:20:20.7160255Z	TrialController	Event SpecificTrialFinished
2018-04-12T09:20:20.7260796Z	TrialController	Event SpecificTrialFinished
2018-04-12T09:20:20.7360947Z	TrialController	Event SpecificTrialFinished
2018-04-12T09:20:20.7461468Z	TrialController	Event SpecificTrialFinished
2018-04-12T09:20:20.7561622Z	TrialController	Event SpecificTrialFinished
2018-04-12T09:20:20.7666771Z	TrialController	Event SpecificTrialFinished
2018-04-12T09:20:20.7862414Z	TrialController	Event SpecificTrialFinished
2018-04-12T09:20:20.7957559Z	TrialController	Event SpecificTrialFinished
2018-04-12T09:20:20.8057713Z	TrialController	Event SpecificTrialFinished
2018-04-12T09:20:20.8152858Z	TrialController	Event SpecificTrialFinished
2018-04-12T09:20:20.8248006Z	TrialController	Event SpecificTrialFinished
2018-04-12T09:20:20.8353263Z	TrialController	Event SpecificTrialFinished
2018-04-12T09:20:20.8453417Z	TrialController	Event SpecificTrialFinished
2018-04-12T09:20:20.8553474Z	TrialController	Event SpecificTrialFinished
2018-04-12T09:20:20.8648622Z	TrialController	Event SpecificTrialFinished
2018-04-12T09:20:20.8748773Z	TrialController	Event SpecificTrialFinished
2018-04-12T09:20:20.8843921Z	TrialController	Event SpecificTrialFinished
2018-04-12T09:20:20.8944211Z	TrialController	Event SpecificTrialFinished
2018-04-12T09:20:20.9044368Z	TrialController	Event SpecificTrialFinished
2018-04-12T09:20:20.9144522Z	TrialController	Event SpecificTrialFinished
2018-04-12T09:20:20.9244741Z	TrialController	Event SpecificTrialFinished
2018-04-12T09:20:20.9339821Z	TrialController	Event SpecificTrialFinished
2018-04-12T09:20:20.9444987Z	TrialController	Event SpecificTrialFinished
2018-04-12T09:20:20.9545141Z	TrialController	Event SpecificTrialFinished
2018-04-12T09:20:20.9645298Z	TrialController	Event SpecificTrialFinished
2018-04-12T09:20:20.9745449Z	TrialController	Event SpecificTrialFinished
2018-04-12T09:20:20.9850612Z	TrialController	Event SpecificTrialFinished
2018-04-12T09:20:20.9955775Z	TrialController	Event SpecificTrialFinished
2018-04-12T09:20:21.0055932Z	TrialController	Event SpecificTrialFinished
2018-04-12T09:20:21.0151074Z	TrialController	Event SpecificTrialFinished
2018-04-12T09:20:21.0256234Z	TrialController	Event SpecificTrialFinished
2018-04-12T09:20:21.0361397Z	TrialController	Event SpecificTrialFinished
2018-04-12T09:20:21.0461551Z	TrialController	Event SpecificTrialFinished
2018-04-12T09:20:21.0561705Z	TrialController	Event SpecificTrialFinished
2018-04-12T09:20:21.0661859Z	TrialController	Event SpecificTrialFinished
2018-04-12T09:20:21.0762301Z	TrialController	Event SpecificTrialFinished
2018-04-12T09:20:21.0862842Z	TrialController	Event SpecificTrialFinished
2018-04-12T09:20:21.0968008Z	TrialController	Event SpecificTrialFinished
2018-04-12T09:20:21.1068159Z	TrialController	Event SpecificTrialFinished
2018-04-12T09:20:21.1168313Z	TrialController	Event SpecificTrialFinished
2018-04-12T09:20:21.1298513Z	TrialController	Event SpecificTrialFinished
2018-04-12T09:20:21.1398667Z	TrialController	Event SpecificTrialFinished
2018-04-12T09:20:21.1503830Z	TrialController	Event SpecificTrialFinished
2018-04-12T09:20:21.1608991Z	TrialController	Event SpecificTrialFinished
2018-04-12T09:20:21.1709142Z	TrialController	Event SpecificTrialFinished
2018-04-12T09:20:21.1814308Z	TrialController	Event SpecificTrialFinished
2018-04-12T09:20:21.1914462Z	TrialController	Event SpecificTrialFinished
2018-04-12T09:20:21.2019710Z	TrialController	Event SpecificTrialFinished
2018-04-12T09:20:21.2114770Z	TrialController	Event SpecificTrialFinished
2018-04-12T09:20:21.2215299Z	TrialController	Event SpecificTrialFinished
2018-04-12T09:20:21.2315451Z	TrialController	Event SpecificTrialFinished
2018-04-12T09:20:21.2415605Z	TrialController	Event SpecificTrialFinished
2018-04-12T09:20:21.2521032Z	TrialController	Event SpecificTrialFinished
2018-04-12T09:20:21.2631583Z	TrialController	Event SpecificTrialFinished
2018-04-12T09:20:21.2793714Z	TrialController	Event SpecificTrialFinished
2018-04-12T09:20:21.2893970Z	TrialController	Event SpecificTrialFinished
2018-04-12T09:20:21.2994022Z	TrialController	Event SpecificTrialFinished
2018-04-12T09:20:21.3094179Z	TrialController	Event SpecificTrialFinished
2018-04-12T09:20:21.3194458Z	TrialController	Event SpecificTrialFinished
2018-04-12T09:20:21.3294487Z	TrialController	Event SpecificTrialFinished
2018-04-12T09:20:21.3394766Z	TrialController	Event SpecificTrialFinished
2018-04-12T09:20:21.3489788Z	TrialController	Event SpecificTrialFinished
2018-04-12T09:20:21.3590116Z	TrialController	Event SpecificTrialFinished
2018-04-12T09:20:21.3690111Z	TrialController	Event SpecificTrialFinished
2018-04-12T09:20:21.3785364Z	TrialController	Event SpecificTrialFinished
2018-04-12T09:20:21.3880511Z	TrialController	Event SpecificTrialFinished
2018-04-12T09:20:21.3980546Z	TrialController	Event SpecificTrialFinished
2018-04-12T09:20:21.4080822Z	TrialController	Event SpecificTrialFinished
2018-04-12T09:20:21.4181022Z	TrialController	Event SpecificTrialFinished
2018-04-12T09:20:21.4281002Z	TrialController	Event SpecificTrialFinished
2018-04-12T09:20:21.4376150Z	TrialController	Event SpecificTrialFinished
2018-04-12T09:20:21.4471394Z	TrialController	Event SpecificTrialFinished
2018-04-12T09:20:21.4571560Z	TrialController	Event SpecificTrialFinished
2018-04-12T09:20:21.4666690Z	TrialController	Event SpecificTrialFinished
2018-04-12T09:20:21.4766901Z	TrialController	Event SpecificTrialFinished
2018-04-12T09:20:21.4866902Z	TrialController	Event SpecificTrialFinished
2018-04-12T09:20:21.4967067Z	TrialController	Event SpecificTrialFinished
2018-04-12T09:20:21.5062206Z	TrialController	Event SpecificTrialFinished
2018-04-12T09:20:21.5157451Z	TrialController	Event SpecificTrialFinished
2018-04-12T09:20:21.5252598Z	TrialController	Event SpecificTrialFinished
2018-04-12T09:20:21.5352750Z	TrialController	Event SpecificTrialFinished
2018-04-12T09:20:21.5447800Z	TrialController	Event SpecificTrialFinished
2018-04-12T09:20:21.5548051Z	TrialController	Event SpecificTrialFinished
2018-04-12T09:20:21.5643097Z	TrialController	Event SpecificTrialFinished
2018-04-12T09:20:21.5743407Z	TrialController	Event SpecificTrialFinished
2018-04-12T09:20:21.5843561Z	TrialController	Event SpecificTrialFinished
2018-04-12T09:20:21.5968616Z	TrialController	Event SpecificTrialFinished
2018-04-12T09:20:21.6088780Z	TrialController	Event SpecificTrialFinished
2018-04-12T09:20:21.6194072Z	TrialController	Event SpecificTrialFinished
2018-04-12T09:20:21.6294223Z	TrialController	Event SpecificTrialFinished
2018-04-12T09:20:21.6394382Z	TrialController	Event SpecificTrialFinished
2018-04-12T09:20:21.6494420Z	TrialController	Event SpecificTrialFinished
2018-04-12T09:20:21.6594736Z	TrialController	Event SpecificTrialFinished
2018-04-12T09:20:21.6699723Z	TrialController	Event SpecificTrialFinished
2018-04-12T09:20:21.6805031Z	TrialController	Event SpecificTrialFinished
2018-04-12T09:20:21.6905137Z	TrialController	Event SpecificTrialFinished
2018-04-12T09:20:21.7005291Z	TrialController	Event SpecificTrialFinished
2018-04-12T09:20:21.7110351Z	TrialController	Event SpecificTrialFinished
2018-04-12T09:20:21.7210505Z	TrialController	Event SpecificTrialFinished
2018-04-12T09:20:21.7315765Z	TrialController	Event SpecificTrialFinished
2018-04-12T09:20:21.7410816Z	TrialController	Event SpecificTrialFinished
2018-04-12T09:20:21.7516087Z	TrialController	Event SpecificTrialFinished
2018-04-12T09:20:21.7616239Z	TrialController	Event SpecificTrialFinished
2018-04-12T09:20:21.7721291Z	TrialController	Event SpecificTrialFinished
2018-04-12T09:20:21.7826457Z	TrialController	Event SpecificTrialFinished
2018-04-12T09:20:21.7926713Z	TrialController	Event SpecificTrialFinished
2018-04-12T09:20:21.8026861Z	TrialController	Event SpecificTrialFinished
2018-04-12T09:20:21.8132343Z	TrialController	Event SpecificTrialFinished
2018-04-12T09:20:21.8232398Z	TrialController	Event SpecificTrialFinished
2018-04-12T09:20:21.8337564Z	TrialController	Event SpecificTrialFinished
2018-04-12T09:20:21.8442804Z	TrialController	Event SpecificTrialFinished
2018-04-12T09:20:21.8547987Z	TrialController	Event SpecificTrialFinished
2018-04-12T09:20:21.8648141Z	TrialController	Event SpecificTrialFinished
2018-04-12T09:20:21.8748295Z	TrialController	Event SpecificTrialFinished
2018-04-12T09:20:21.8868383Z	TrialController	Event SpecificTrialFinished
2018-04-12T09:20:21.8963656Z	TrialController	Event SpecificTrialFinished
2018-04-12T09:20:21.9063835Z	TrialController	Event SpecificTrialFinished
2018-04-12T09:20:21.9158926Z	TrialController	Event SpecificTrialFinished
2018-04-12T09:20:21.9259080Z	TrialController	Event SpecificTrialFinished
2018-04-12T09:20:21.9354253Z	TrialController	Event SpecificTrialFinished
2018-04-12T09:20:21.9454393Z	TrialController	Event SpecificTrialFinished
2018-04-12T09:20:21.9554433Z	TrialController	Event SpecificTrialFinished
2018-04-12T09:20:21.9654698Z	TrialController	Event SpecificTrialFinished
2018-04-12T09:20:21.9749843Z	TrialController	Event SpecificTrialFinished
2018-04-12T09:20:21.9855023Z	TrialController	Event SpecificTrialFinished
2018-04-12T09:20:21.9950148Z	TrialController	Event SpecificTrialFinished
2018-04-12T09:20:22.0050206Z	TrialController	Event SpecificTrialFinished
2018-04-12T09:20:22.0145447Z	TrialController	Event SpecificTrialFinished
2018-04-12T09:20:22.0245496Z	TrialController	Event SpecificTrialFinished
2018-04-12T09:20:22.0345755Z	TrialController	Event SpecificTrialFinished
2018-04-12T09:20:22.0440875Z	TrialController	Event SpecificTrialFinished
2018-04-12T09:20:22.0536042Z	TrialController	Event SpecificTrialFinished
2018-04-12T09:20:22.0631193Z	TrialController	Event SpecificTrialFinished
2018-04-12T09:20:22.0726340Z	TrialController	Event SpecificTrialFinished
2018-04-12T09:20:22.0826489Z	TrialController	Event SpecificTrialFinished
2018-04-12T09:20:22.0926543Z	TrialController	Event SpecificTrialFinished
2018-04-12T09:20:22.1021694Z	TrialController	Event SpecificTrialFinished
2018-04-12T09:20:22.1121842Z	TrialController	Event SpecificTrialFinished
2018-04-12T09:20:22.1242033Z	TrialController	Event SpecificTrialFinished
2018-04-12T09:20:22.1347398Z	TrialController	Event SpecificTrialFinished
2018-04-12T09:20:22.1442508Z	TrialController	Event SpecificTrialFinished
2018-04-12T09:20:22.1542492Z	TrialController	Event SpecificTrialFinished
2018-04-12T09:20:22.1642657Z	TrialController	Event SpecificTrialFinished
2018-04-12T09:20:22.1732887Z	TrialController	Event SpecificTrialFinished
2018-04-12T09:20:22.1833038Z	TrialController	Event SpecificTrialFinished
2018-04-12T09:20:22.1928186Z	TrialController	Event SpecificTrialFinished
2018-04-12T09:20:22.2023331Z	TrialController	Event SpecificTrialFinished
2018-04-12T09:20:22.2173587Z	TrialController	Event SpecificTrialFinished
2018-04-12T09:20:22.2268604Z	TrialController	Event SpecificTrialFinished
2018-04-12T09:20:22.2368912Z	TrialController	Event SpecificTrialFinished
2018-04-12T09:20:22.2469043Z	TrialController	Event SpecificTrialFinished
2018-04-12T09:20:22.2564188Z	TrialController	Event SpecificTrialFinished
2018-04-12T09:20:22.2664214Z	TrialController	Event SpecificTrialFinished
2018-04-12T09:20:22.2764368Z	TrialController	Event SpecificTrialFinished
2018-04-12T09:20:22.2864527Z	TrialController	Event SpecificTrialFinished
2018-04-12T09:20:22.2959769Z	TrialController	Event SpecificTrialFinished
2018-04-12T09:20:22.3064932Z	TrialController	Event SpecificTrialFinished
2018-04-12T09:20:22.3160077Z	TrialController	Event SpecificTrialFinished
2018-04-12T09:20:22.3255122Z	TrialController	Event SpecificTrialFinished
2018-04-12T09:20:22.3355410Z	TrialController	Event SpecificTrialFinished
2018-04-12T09:20:22.3455439Z	TrialController	Event SpecificTrialFinished
2018-04-12T09:20:22.3555692Z	TrialController	Event SpecificTrialFinished
2018-04-12T09:20:22.3650834Z	TrialController	Event SpecificTrialFinished
2018-04-12T09:20:22.3745985Z	TrialController	Event SpecificTrialFinished
2018-04-12T09:20:22.3841127Z	TrialController	Event SpecificTrialFinished
2018-04-12T09:20:22.3936167Z	TrialController	Event SpecificTrialFinished
2018-04-12T09:20:22.4031423Z	TrialController	Event SpecificTrialFinished
2018-04-12T09:20:22.4126473Z	TrialController	Event SpecificTrialFinished
2018-04-12T09:20:22.4221738Z	TrialController	Event SpecificTrialFinished
2018-04-12T09:20:22.4321863Z	TrialController	Event SpecificTrialFinished
2018-04-12T09:20:22.4416994Z	TrialController	Event SpecificTrialFinished
2018-04-12T09:20:22.4517171Z	TrialController	Event SpecificTrialFinished
2018-04-12T09:20:22.4612213Z	TrialController	Event SpecificTrialFinished
2018-04-12T09:20:22.4707469Z	TrialController	Event SpecificTrialFinished
2018-04-12T09:20:22.4802603Z	TrialController	Event SpecificTrialFinished
2018-04-12T09:20:22.4902757Z	TrialController	Event SpecificTrialFinished
2018-04-12T09:20:22.4997930Z	TrialController	Event SpecificTrialFinished
2018-04-12T09:20:22.5093055Z	TrialController	Event SpecificTrialFinished
2018-04-12T09:20:22.5188143Z	TrialController	Event SpecificTrialFinished
2018-04-12T09:20:22.5288308Z	TrialController	Event SpecificTrialFinished
2018-04-12T09:20:22.5383402Z	TrialController	Event SpecificTrialFinished
2018-04-12T09:20:22.5478666Z	TrialController	Event SpecificTrialFinished
2018-04-12T09:20:22.5573817Z	TrialController	Event SpecificTrialFinished
2018-04-12T09:20:22.5668936Z	TrialController	Event SpecificTrialFinished
2018-04-12T09:20:22.5764112Z	TrialController	Event SpecificTrialFinished
2018-04-12T09:20:22.5859257Z	TrialController	Event SpecificTrialFinished
2018-04-12T09:20:22.5954374Z	TrialController	Event SpecificTrialFinished
2018-04-12T09:20:22.6049422Z	TrialController	Event SpecificTrialFinished
2018-04-12T09:20:22.6144567Z	TrialController	Event SpecificTrialFinished
2018-04-12T09:20:22.6239712Z	TrialController	Event SpecificTrialFinished
2018-04-12T09:20:22.6334959Z	TrialController	Event SpecificTrialFinished
2018-04-12T09:20:22.6430109Z	TrialController	Event SpecificTrialFinished
2018-04-12T09:20:22.6520248Z	TrialController	Event SpecificTrialFinished
2018-04-12T09:20:22.6620399Z	TrialController	Event SpecificTrialFinished
2018-04-12T09:20:22.6715544Z	TrialController	Event SpecificTrialFinished
2018-04-12T09:20:22.6810692Z	TrialController	Event SpecificTrialFinished
2018-04-12T09:20:22.6905896Z	TrialController	Event SpecificTrialFinished
2018-04-12T09:20:22.7005894Z	TrialController	Event SpecificTrialFinished
2018-04-12T09:20:22.7106065Z	TrialController	Event SpecificTrialFinished
2018-04-12T09:20:22.7201204Z	TrialController	Event SpecificTrialFinished
2018-04-12T09:20:22.7301526Z	TrialController	Event SpecificTrialFinished
2018-04-12T09:20:22.7396671Z	TrialController	Event SpecificTrialFinished
2018-04-12T09:20:22.7491819Z	TrialController	Event SpecificTrialFinished
2018-04-12T09:20:22.7586884Z	TrialController	Event SpecificTrialFinished
2018-04-12T09:20:22.7686941Z	TrialController	Event SpecificTrialFinished
2018-04-12T09:20:22.7782237Z	TrialController	Event SpecificTrialFinished
2018-04-12T09:20:22.7877336Z	TrialController	Event SpecificTrialFinished
2018-04-12T09:20:22.7972529Z	TrialController	Event SpecificTrialFinished
2018-04-12T09:20:22.8067629Z	TrialController	Event SpecificTrialFinished
2018-04-12T09:20:22.8162771Z	TrialController	Event SpecificTrialFinished
2018-04-12T09:20:22.8257919Z	TrialController	Event SpecificTrialFinished
2018-04-12T09:20:22.8353066Z	TrialController	Event SpecificTrialFinished
2018-04-12T09:20:22.8448106Z	TrialController	Event SpecificTrialFinished
2018-04-12T09:20:22.8548368Z	TrialController	Event SpecificTrialFinished
2018-04-12T09:20:22.8643410Z	TrialController	Event SpecificTrialFinished
2018-04-12T09:20:22.8738552Z	TrialController	Event SpecificTrialFinished
2018-04-12T09:20:22.8833700Z	TrialController	Event SpecificTrialFinished
2018-04-12T09:20:22.8933960Z	TrialController	Event SpecificTrialFinished
2018-04-12T09:20:22.9024095Z	TrialController	Event SpecificTrialFinished
2018-04-12T09:20:22.9119237Z	TrialController	Event SpecificTrialFinished
2018-04-12T09:20:22.9214391Z	TrialController	Event SpecificTrialFinished
2018-04-12T09:20:22.9309533Z	TrialController	Event SpecificTrialFinished
2018-04-12T09:20:22.9404683Z	TrialController	Event SpecificTrialFinished
2018-04-12T09:20:22.9499825Z	TrialController	Event SpecificTrialFinished
2018-04-12T09:20:22.9594973Z	TrialController	Event SpecificTrialFinished
2018-04-12T09:20:22.9690018Z	TrialController	Event SpecificTrialFinished
2018-04-12T09:20:22.9795332Z	TrialController	Event SpecificTrialFinished
2018-04-12T09:20:22.9890452Z	TrialController	Event SpecificTrialFinished
2018-04-12T09:20:22.9985574Z	TrialController	Event SpecificTrialFinished
2018-04-12T09:20:23.0080741Z	TrialController	Event SpecificTrialFinished
2018-04-12T09:20:23.0175866Z	TrialController	Event SpecificTrialFinished
2018-04-12T09:20:23.0271327Z	TrialController	Event SpecificTrialFinished
2018-04-12T09:20:23.0371490Z	TrialController	Event SpecificTrialFinished
2018-04-12T09:20:23.0471629Z	TrialController	Event SpecificTrialFinished
2018-04-12T09:20:23.0566780Z	TrialController	Event SpecificTrialFinished
2018-04-12T09:20:23.0661933Z	TrialController	Event SpecificTrialFinished
2018-04-12T09:20:23.0757078Z	TrialController	Event SpecificTrialFinished
2018-04-12T09:20:23.0852346Z	TrialController	Event SpecificTrialFinished
2018-04-12T09:20:23.0947465Z	TrialController	Event SpecificTrialFinished
2018-04-12T09:20:23.1042638Z	TrialController	Event SpecificTrialFinished
2018-04-12T09:20:23.1142761Z	TrialController	Event SpecificTrialFinished
2018-04-12T09:20:23.1273103Z	TrialController	Event SpecificTrialFinished
2018-04-12T09:20:23.1438359Z	TrialController	Event SpecificTrialFinished
2018-04-12T09:20:23.1533498Z	TrialController	Event SpecificTrialFinished
2018-04-12T09:20:23.1628649Z	TrialController	Event SpecificTrialFinished
2018-04-12T09:20:23.1718884Z	TrialController	Event SpecificTrialFinished
2018-04-12T09:20:23.1814057Z	TrialController	Event SpecificTrialFinished
2018-04-12T09:20:23.1909205Z	TrialController	Event SpecificTrialFinished
2018-04-12T09:20:23.2004324Z	TrialController	Event SpecificTrialFinished
2018-04-12T09:20:23.2094457Z	TrialController	Event SpecificTrialFinished
2018-04-12T09:20:23.2229669Z	TrialController	Event SpecificTrialFinished
2018-04-12T09:20:23.2324817Z	TrialController	Event SpecificTrialFinished
2018-04-12T09:20:23.2414956Z	TrialController	Event SpecificTrialFinished
2018-04-12T09:20:23.2510007Z	TrialController	Event SpecificTrialFinished
2018-04-12T09:20:23.2605154Z	TrialController	Event SpecificTrialFinished
2018-04-12T09:20:23.2700299Z	TrialController	Event SpecificTrialFinished
2018-04-12T09:20:23.2795447Z	TrialController	Event SpecificTrialFinished
2018-04-12T09:20:23.2890592Z	TrialController	Event SpecificTrialFinished
2018-04-12T09:20:23.2985740Z	TrialController	Event SpecificTrialFinished
2018-04-12T09:20:23.3080876Z	TrialController	Event SpecificTrialFinished
2018-04-12T09:20:23.3176032Z	TrialController	Event SpecificTrialFinished
2018-04-12T09:20:23.3271171Z	TrialController	Event SpecificTrialFinished
2018-04-12T09:20:23.3361313Z	TrialController	Event SpecificTrialFinished
2018-04-12T09:20:23.3456458Z	TrialController	Event SpecificTrialFinished
2018-04-12T09:20:23.3546719Z	TrialController	Event SpecificTrialFinished
2018-04-12T09:20:23.3641866Z	TrialController	Event SpecificTrialFinished
2018-04-12T09:20:23.3732031Z	TrialController	Event SpecificTrialFinished
2018-04-12T09:20:23.3832131Z	TrialController	Event SpecificTrialFinished
2018-04-12T09:20:23.3922272Z	TrialController	Event SpecificTrialFinished
2018-04-12T09:20:23.4017420Z	TrialController	Event SpecificTrialFinished
2018-04-12T09:20:23.4117599Z	TrialController	Event SpecificTrialFinished
2018-04-12T09:20:23.4207618Z	TrialController	Event SpecificTrialFinished
2018-04-12T09:20:23.4302760Z	TrialController	Event SpecificTrialFinished
2018-04-12T09:20:23.4398309Z	TrialController	Event SpecificTrialFinished
2018-04-12T09:20:23.4493420Z	TrialController	Event SpecificTrialFinished
2018-04-12T09:20:23.4583445Z	TrialController	Event SpecificTrialFinished
2018-04-12T09:20:23.4678593Z	TrialController	Event SpecificTrialFinished
2018-04-12T09:20:23.4773814Z	TrialController	Event SpecificTrialFinished
2018-04-12T09:20:23.4863976Z	TrialController	Event SpecificTrialFinished
2018-04-12T09:20:23.4959124Z	TrialController	Event SpecificTrialFinished
2018-04-12T09:20:23.5054274Z	TrialController	Event SpecificTrialFinished
2018-04-12T09:20:23.5144430Z	TrialController	Event SpecificTrialFinished
2018-04-12T09:20:23.5239449Z	TrialController	Event SpecificTrialFinished
2018-04-12T09:20:23.5329591Z	TrialController	Event SpecificTrialFinished
2018-04-12T09:20:23.5424759Z	TrialController	Event SpecificTrialFinished
2018-04-12T09:20:23.5519895Z	TrialController	Event SpecificTrialFinished
2018-04-12T09:20:23.5615028Z	TrialController	Event SpecificTrialFinished
2018-04-12T09:20:23.5705289Z	TrialController	Event SpecificTrialFinished
2018-04-12T09:20:23.5795434Z	TrialController	Event SpecificTrialFinished
2018-04-12T09:20:23.5890579Z	TrialController	Event SpecificTrialFinished
2018-04-12T09:20:23.5980714Z	TrialController	Event SpecificTrialFinished
2018-04-12T09:20:23.6070853Z	TrialController	Event SpecificTrialFinished
2018-04-12T09:20:23.6166003Z	TrialController	Event SpecificTrialFinished
2018-04-12T09:20:23.6256148Z	TrialController	Event SpecificTrialFinished
2018-04-12T09:20:23.6346249Z	TrialController	Event SpecificTrialFinished
2018-04-12T09:20:23.6441297Z	TrialController	Event SpecificTrialFinished
2018-04-12T09:20:23.6531536Z	TrialController	Event SpecificTrialFinished
2018-04-12T09:20:23.6662405Z	TrialController	Event SpecificTrialFinished
2018-04-12T09:20:23.6752643Z	TrialController	Event SpecificTrialFinished
2018-04-12T09:20:23.6847788Z	TrialController	Event SpecificTrialFinished
2018-04-12T09:20:23.6942842Z	TrialController	Event SpecificTrialFinished
2018-04-12T09:20:23.7033074Z	TrialController	Event SpecificTrialFinished
2018-04-12T09:20:23.7128219Z	TrialController	Event SpecificTrialFinished
2018-04-12T09:20:23.7218264Z	TrialController	Event SpecificTrialFinished
2018-04-12T09:20:23.7313406Z	TrialController	Event SpecificTrialFinished
2018-04-12T09:20:23.7403547Z	TrialController	Event SpecificTrialFinished
2018-04-12T09:20:23.7498689Z	TrialController	Event SpecificTrialFinished
2018-04-12T09:20:23.7593837Z	TrialController	Event SpecificTrialFinished
2018-04-12T09:20:23.7688993Z	TrialController	Event SpecificTrialFinished
2018-04-12T09:20:23.7784130Z	TrialController	Event SpecificTrialFinished
2018-04-12T09:20:23.7879274Z	TrialController	Event SpecificTrialFinished
2018-04-12T09:20:23.7974599Z	TrialController	Event SpecificTrialFinished
2018-04-12T09:20:23.8069718Z	TrialController	Event SpecificTrialFinished
2018-04-12T09:20:23.8169872Z	TrialController	Event SpecificTrialFinished
2018-04-12T09:20:23.8269878Z	TrialController	Event SpecificTrialFinished
2018-04-12T09:20:23.8365023Z	TrialController	Event SpecificTrialFinished
2018-04-12T09:20:23.8465185Z	TrialController	Event SpecificTrialFinished
2018-04-12T09:20:23.8560421Z	TrialController	Event SpecificTrialFinished
2018-04-12T09:20:23.8650560Z	TrialController	Event SpecificTrialFinished
2018-04-12T09:20:23.8740698Z	TrialController	Event SpecificTrialFinished
2018-04-12T09:20:23.8835749Z	TrialController	Event SpecificTrialFinished
2018-04-12T09:20:23.8920882Z	TrialController	Event SpecificTrialFinished
2018-04-12T09:20:23.9011020Z	TrialController	Event SpecificTrialFinished
2018-04-12T09:20:23.9101159Z	TrialController	Event SpecificTrialFinished
2018-04-12T09:20:23.9191685Z	TrialController	Event SpecificTrialFinished
2018-04-12T09:20:23.9286835Z	TrialController	Event SpecificTrialFinished
2018-04-12T09:20:23.9376971Z	TrialController	Event SpecificTrialFinished
2018-04-12T09:20:23.9467209Z	TrialController	Event SpecificTrialFinished
2018-04-12T09:20:23.9557248Z	TrialController	Event SpecificTrialFinished
2018-04-12T09:20:23.9652490Z	TrialController	Event SpecificTrialFinished
2018-04-12T09:20:23.9742532Z	TrialController	Event SpecificTrialFinished
2018-04-12T09:20:23.9832667Z	TrialController	Event SpecificTrialFinished
2018-04-12T09:20:23.9927812Z	TrialController	Event SpecificTrialFinished
2018-04-12T09:20:24.0017951Z	TrialController	Event SpecificTrialFinished
2018-04-12T09:20:24.0118108Z	TrialController	Event SpecificTrialFinished
2018-04-12T09:20:24.0208343Z	TrialController	Event SpecificTrialFinished
2018-04-12T09:20:24.0359656Z	TrialController	Event SpecificTrialFinished
2018-04-12T09:20:24.0454800Z	TrialController	Event SpecificTrialFinished
2018-04-12T09:20:24.0544948Z	TrialController	Event SpecificTrialFinished
2018-04-12T09:20:24.0640235Z	TrialController	Event SpecificTrialFinished
2018-04-12T09:20:24.0735377Z	TrialController	Event SpecificTrialFinished
2018-04-12T09:20:24.0825379Z	TrialController	Event SpecificTrialFinished
2018-04-12T09:20:24.0920518Z	TrialController	Event SpecificTrialFinished
2018-04-12T09:20:24.1016098Z	TrialController	Event SpecificTrialFinished
2018-04-12T09:20:24.1111260Z	TrialController	Event SpecificTrialFinished
2018-04-12T09:20:24.1216423Z	TrialController	Event SpecificTrialFinished
2018-04-12T09:20:24.1331767Z	TrialController	Event SpecificTrialFinished
2018-04-12T09:20:24.1426869Z	TrialController	Event SpecificTrialFinished
2018-04-12T09:20:24.1516982Z	TrialController	Event SpecificTrialFinished
2018-04-12T09:20:24.1607024Z	TrialController	Event SpecificTrialFinished
2018-04-12T09:20:24.1697265Z	TrialController	Event SpecificTrialFinished
2018-04-12T09:20:24.1792401Z	TrialController	Event SpecificTrialFinished
2018-04-12T09:20:24.1882543Z	TrialController	Event SpecificTrialFinished
2018-04-12T09:20:24.1972590Z	TrialController	Event SpecificTrialFinished
2018-04-12T09:20:24.2067738Z	TrialController	Event SpecificTrialFinished
2018-04-12T09:20:24.2157874Z	TrialController	Event SpecificTrialFinished
2018-04-12T09:20:24.2248015Z	TrialController	Event SpecificTrialFinished
2018-04-12T09:20:24.2338151Z	TrialController	Event SpecificTrialFinished
2018-04-12T09:20:24.2428290Z	TrialController	Event SpecificTrialFinished
2018-04-12T09:20:24.2523437Z	TrialController	Event SpecificTrialFinished
2018-04-12T09:20:24.2623594Z	TrialController	Event SpecificTrialFinished
2018-04-12T09:20:24.2713830Z	TrialController	Event SpecificTrialFinished
2018-04-12T09:20:24.2808878Z	TrialController	Event SpecificTrialFinished
2018-04-12T09:20:24.2899016Z	TrialController	Event SpecificTrialFinished
2018-04-12T09:20:24.2994167Z	TrialController	Event SpecificTrialFinished
2018-04-12T09:20:24.3079291Z	TrialController	Event SpecificTrialFinished
2018-04-12T09:20:24.3169429Z	TrialController	Event SpecificTrialFinished
2018-04-12T09:20:24.3259568Z	TrialController	Event SpecificTrialFinished
2018-04-12T09:20:24.3354716Z	TrialController	Event SpecificTrialFinished
2018-04-12T09:20:24.3444854Z	TrialController	Event SpecificTrialFinished
2018-04-12T09:20:24.3534993Z	TrialController	Event SpecificTrialFinished
2018-04-12T09:20:24.3630141Z	TrialController	Event SpecificTrialFinished
2018-04-12T09:20:24.3715270Z	TrialController	Event SpecificTrialFinished
2018-04-12T09:20:24.3810415Z	TrialController	Event SpecificTrialFinished
2018-04-12T09:20:24.3901023Z	TrialController	Event SpecificTrialFinished
2018-04-12T09:20:24.3991227Z	TrialController	Event SpecificTrialFinished
2018-04-12T09:20:24.4081366Z	TrialController	Event SpecificTrialFinished
2018-04-12T09:20:24.4176511Z	TrialController	Event SpecificTrialFinished
2018-04-12T09:20:24.4266655Z	TrialController	Event SpecificTrialFinished
2018-04-12T09:20:24.4356791Z	TrialController	Event SpecificTrialFinished
2018-04-12T09:20:24.4446929Z	TrialController	Event SpecificTrialFinished
2018-04-12T09:20:24.4542379Z	TrialController	Event SpecificTrialFinished
2018-04-12T09:20:24.4632514Z	TrialController	Event SpecificTrialFinished
2018-04-12T09:20:24.4727659Z	TrialController	Event SpecificTrialFinished
2018-04-12T09:20:24.4817801Z	TrialController	Event SpecificTrialFinished
2018-04-12T09:20:24.4907939Z	TrialController	Event SpecificTrialFinished
2018-04-12T09:20:24.4998075Z	TrialController	Event SpecificTrialFinished
2018-04-12T09:20:24.5088214Z	TrialController	Event SpecificTrialFinished
2018-04-12T09:20:24.5178352Z	TrialController	Event SpecificTrialFinished
2018-04-12T09:20:24.5268497Z	TrialController	Event SpecificTrialFinished
2018-04-12T09:20:24.5363639Z	TrialController	Event SpecificTrialFinished
2018-04-12T09:20:24.5453777Z	TrialController	Event SpecificTrialFinished
2018-04-12T09:20:24.5543919Z	TrialController	Event SpecificTrialFinished
2018-04-12T09:20:24.5639066Z	TrialController	Event SpecificTrialFinished
2018-04-12T09:20:24.5729202Z	TrialController	Event SpecificTrialFinished
2018-04-12T09:20:24.5819338Z	TrialController	Event SpecificTrialFinished
2018-04-12T09:20:24.5914491Z	TrialController	Event SpecificTrialFinished
2018-04-12T09:20:24.6004627Z	TrialController	Event SpecificTrialFinished
2018-04-12T09:20:24.6094763Z	TrialController	Event SpecificTrialFinished
2018-04-12T09:20:24.6184901Z	TrialController	Event SpecificTrialFinished
2018-04-12T09:20:24.6275040Z	TrialController	Event SpecificTrialFinished
2018-04-12T09:20:24.6365179Z	TrialController	Event SpecificTrialFinished
2018-04-12T09:20:24.6455317Z	TrialController	Event SpecificTrialFinished
2018-04-12T09:20:24.6550468Z	TrialController	Event SpecificTrialFinished
2018-04-12T09:20:24.6635594Z	TrialController	Event SpecificTrialFinished
2018-04-12T09:20:24.6730893Z	TrialController	Event SpecificTrialFinished
2018-04-12T09:20:24.6816023Z	TrialController	Event SpecificTrialFinished
2018-04-12T09:20:24.6906161Z	TrialController	Event SpecificTrialFinished
2018-04-12T09:20:24.6996300Z	TrialController	Event SpecificTrialFinished
2018-04-12T09:20:24.7091447Z	TrialController	Event SpecificTrialFinished
2018-04-12T09:20:24.7181583Z	TrialController	Event SpecificTrialFinished
2018-04-12T09:20:24.7271722Z	TrialController	Event SpecificTrialFinished
2018-04-12T09:20:24.7361860Z	TrialController	Event SpecificTrialFinished
2018-04-12T09:20:24.7446993Z	TrialController	Event SpecificTrialFinished
2018-04-12T09:20:24.7537131Z	TrialController	Event SpecificTrialFinished
2018-04-12T09:20:24.7627270Z	TrialController	Event SpecificTrialFinished
2018-04-12T09:20:24.7717409Z	TrialController	Event SpecificTrialFinished
2018-04-12T09:20:24.7807547Z	TrialController	Event SpecificTrialFinished
2018-04-12T09:20:24.7897686Z	TrialController	Event SpecificTrialFinished
2018-04-12T09:20:24.7987824Z	TrialController	Event SpecificTrialFinished
2018-04-12T09:20:24.8077963Z	TrialController	Event SpecificTrialFinished
2018-04-12T09:20:24.8168104Z	TrialController	Event SpecificTrialFinished
2018-04-12T09:20:24.8258249Z	TrialController	Event SpecificTrialFinished
2018-04-12T09:20:24.8343609Z	TrialController	Event SpecificTrialFinished
2018-04-12T09:20:24.8433747Z	TrialController	Event SpecificTrialFinished
2018-04-12T09:20:24.8523889Z	TrialController	Event SpecificTrialFinished
2018-04-12T09:20:24.8614033Z	TrialController	Event SpecificTrialFinished
2018-04-12T09:20:24.8704166Z	TrialController	Event SpecificTrialFinished
2018-04-12T09:20:24.8794302Z	TrialController	Event SpecificTrialFinished
2018-04-12T09:20:24.8884440Z	TrialController	Event SpecificTrialFinished
2018-04-12T09:20:24.9024664Z	TrialController	Event SpecificTrialFinished
2018-04-12T09:20:24.9119812Z	TrialController	Event SpecificTrialFinished
2018-04-12T09:20:24.9209948Z	TrialController	Event SpecificTrialFinished
2018-04-12T09:20:24.9305081Z	TrialController	Event SpecificTrialFinished
2018-04-12T09:20:24.9395226Z	TrialController	Event SpecificTrialFinished
2018-04-12T09:20:24.9485359Z	TrialController	Event SpecificTrialFinished
2018-04-12T09:20:24.9575500Z	TrialController	Event SpecificTrialFinished
2018-04-12T09:20:24.9665636Z	TrialController	Event SpecificTrialFinished
2018-04-12T09:20:24.9755777Z	TrialController	Event SpecificTrialFinished
2018-04-12T09:20:24.9846280Z	TrialController	Event SpecificTrialFinished
2018-04-12T09:20:24.9931410Z	TrialController	Event SpecificTrialFinished
2018-04-12T09:20:25.0016542Z	TrialController	Event SpecificTrialFinished
2018-04-12T09:20:25.0106678Z	TrialController	Event SpecificTrialFinished
2018-04-12T09:20:25.0196996Z	TrialController	Event SpecificTrialFinished
2018-04-12T09:20:25.0287083Z	TrialController	Event SpecificTrialFinished
2018-04-12T09:20:25.0377219Z	TrialController	Event SpecificTrialFinished
2018-04-12T09:20:25.0467380Z	TrialController	Event SpecificTrialFinished
2018-04-12T09:20:25.0552478Z	TrialController	Event SpecificTrialFinished
2018-04-12T09:20:25.0642620Z	TrialController	Event SpecificTrialFinished
2018-04-12T09:20:25.0737696Z	TrialController	Event SpecificTrialFinished
2018-04-12T09:20:25.0827909Z	TrialController	Event SpecificTrialFinished
2018-04-12T09:20:25.0918048Z	TrialController	Event SpecificTrialFinished
2018-04-12T09:20:25.1013073Z	TrialController	Event SpecificTrialFinished
2018-04-12T09:20:25.1098202Z	TrialController	Event SpecificTrialFinished
2018-04-12T09:20:25.1193450Z	TrialController	Event SpecificTrialFinished
2018-04-12T09:20:25.1303551Z	TrialController	Event SpecificTrialFinished
2018-04-12T09:20:25.1393652Z	TrialController	Event SpecificTrialFinished
2018-04-12T09:20:25.1483791Z	TrialController	Event SpecificTrialFinished
2018-04-12T09:20:25.1568921Z	TrialController	Event SpecificTrialFinished
2018-04-12T09:20:25.1659059Z	TrialController	Event SpecificTrialFinished
2018-04-12T09:20:25.1749198Z	TrialController	Event SpecificTrialFinished
2018-04-12T09:20:25.1839339Z	TrialController	Event SpecificTrialFinished
2018-04-12T09:20:25.1924469Z	TrialController	Event SpecificTrialFinished
2018-04-12T09:20:25.2014607Z	TrialController	Event SpecificTrialFinished
2018-04-12T09:20:25.2104749Z	TrialController	Event SpecificTrialFinished
2018-04-12T09:20:25.2194884Z	TrialController	Event SpecificTrialFinished
2018-04-12T09:20:25.2280017Z	TrialController	Event SpecificTrialFinished
2018-04-12T09:20:25.2370153Z	TrialController	Event SpecificTrialFinished
2018-04-12T09:20:25.2460294Z	TrialController	Event SpecificTrialFinished
2018-04-12T09:20:25.2550430Z	TrialController	Event SpecificTrialFinished
2018-04-12T09:20:25.2640574Z	TrialController	Event SpecificTrialFinished
2018-04-12T09:20:25.2725701Z	TrialController	Event SpecificTrialFinished
2018-04-12T09:20:25.2815839Z	TrialController	Event SpecificTrialFinished
2018-04-12T09:20:25.2900969Z	TrialController	Event SpecificTrialFinished
2018-04-12T09:20:25.2991107Z	TrialController	Event SpecificTrialFinished
2018-04-12T09:20:25.3076240Z	TrialController	Event SpecificTrialFinished
2018-04-12T09:20:25.3166378Z	TrialController	Event SpecificTrialFinished
2018-04-12T09:20:25.3256517Z	TrialController	Event SpecificTrialFinished
2018-04-12T09:20:25.3341646Z	TrialController	Event SpecificTrialFinished
2018-04-12T09:20:25.3431785Z	TrialController	Event SpecificTrialFinished
2018-04-12T09:20:25.3521924Z	TrialController	Event SpecificTrialFinished
2018-04-12T09:20:25.3612062Z	TrialController	Event SpecificTrialFinished
2018-04-12T09:20:25.3712219Z	TrialController	Event SpecificTrialFinished
2018-04-12T09:20:25.3802360Z	TrialController	Event SpecificTrialFinished
2018-04-12T09:20:25.3892496Z	TrialController	Event SpecificTrialFinished
2018-04-12T09:20:25.3987641Z	TrialController	Event SpecificTrialFinished
2018-04-12T09:20:25.4077783Z	TrialController	Event SpecificTrialFinished
2018-04-12T09:20:25.4167918Z	TrialController	Event SpecificTrialFinished
2018-04-12T09:20:25.4258057Z	TrialController	Event SpecificTrialFinished
2018-04-12T09:20:25.4348195Z	TrialController	Event SpecificTrialFinished
2018-04-12T09:20:25.4438334Z	TrialController	Event SpecificTrialFinished
2018-04-12T09:20:25.4528473Z	TrialController	Event SpecificTrialFinished
2018-04-12T09:20:25.4618611Z	TrialController	Event SpecificTrialFinished
2018-04-12T09:20:25.4703741Z	TrialController	Event SpecificTrialFinished
2018-04-12T09:20:25.4793879Z	TrialController	Event SpecificTrialFinished
2018-04-12T09:20:25.4884018Z	TrialController	Event SpecificTrialFinished
2018-04-12T09:20:25.4974157Z	TrialController	Event SpecificTrialFinished
2018-04-12T09:20:25.5064295Z	TrialController	Event SpecificTrialFinished
2018-04-12T09:20:25.5149428Z	TrialController	Event SpecificTrialFinished
2018-04-12T09:20:25.5239566Z	TrialController	Event SpecificTrialFinished
2018-04-12T09:20:25.5329705Z	TrialController	Event SpecificTrialFinished
2018-04-12T09:20:25.5414834Z	TrialController	Event SpecificTrialFinished
2018-04-12T09:20:25.5504973Z	TrialController	Event SpecificTrialFinished
2018-04-12T09:20:25.5590105Z	TrialController	Event SpecificTrialFinished
2018-04-12T09:20:25.5680244Z	TrialController	Event SpecificTrialFinished
2018-04-12T09:20:25.5765373Z	TrialController	Event SpecificTrialFinished
2018-04-12T09:20:25.5855512Z	TrialController	Event SpecificTrialFinished
2018-04-12T09:20:25.5945656Z	TrialController	Event SpecificTrialFinished
2018-04-12T09:20:25.6035789Z	TrialController	Event SpecificTrialFinished
2018-04-12T09:20:25.6120921Z	TrialController	Event SpecificTrialFinished
2018-04-12T09:20:25.6211060Z	TrialController	Event SpecificTrialFinished
2018-04-12T09:20:25.6301253Z	TrialController	Event SpecificTrialFinished
2018-04-12T09:20:25.6391340Z	TrialController	Event SpecificTrialFinished
2018-04-12T09:20:25.6481479Z	TrialController	Event SpecificTrialFinished
2018-04-12T09:20:25.6566605Z	TrialController	Event SpecificTrialFinished
2018-04-12T09:20:25.6666850Z	TrialController	Event SpecificTrialFinished
2018-04-12T09:20:25.6751892Z	TrialController	Event SpecificTrialFinished
2018-04-12T09:20:25.6842036Z	TrialController	Event SpecificTrialFinished
2018-04-12T09:20:25.6927162Z	TrialController	Event SpecificTrialFinished
2018-04-12T09:20:25.7022307Z	TrialController	Event SpecificTrialFinished
2018-04-12T09:20:25.7107440Z	TrialController	Event SpecificTrialFinished
2018-04-12T09:20:25.7197698Z	TrialController	Event SpecificTrialFinished
2018-04-12T09:20:25.7287723Z	TrialController	Event SpecificTrialFinished
2018-04-12T09:20:25.7372846Z	TrialController	Event SpecificTrialFinished
2018-04-12T09:20:25.7462985Z	TrialController	Event SpecificTrialFinished
2018-04-12T09:20:25.7601174Z	TrialController	Event SpecificTrialFinished
2018-04-12T09:20:25.7696310Z	TrialController	Event SpecificTrialFinished
2018-04-12T09:20:25.7786310Z	TrialController	Event SpecificTrialFinished
2018-04-12T09:20:25.7876448Z	TrialController	Event SpecificTrialFinished
2018-04-12T09:20:25.7966593Z	TrialController	Event SpecificTrialFinished
2018-04-12T09:20:25.8056720Z	TrialController	Event SpecificTrialFinished
2018-04-12T09:20:25.8141858Z	TrialController	Event SpecificTrialFinished
2018-04-12T09:20:25.8231994Z	TrialController	Event SpecificTrialFinished
2018-04-12T09:20:25.8322323Z	TrialController	Event SpecificTrialFinished
2018-04-12T09:20:25.8412410Z	TrialController	Event SpecificTrialFinished
2018-04-12T09:20:25.8502503Z	TrialController	Event SpecificTrialFinished
2018-04-12T09:20:25.8592545Z	TrialController	Event SpecificTrialFinished
2018-04-12T09:20:25.8677771Z	TrialController	Event SpecificTrialFinished
2018-04-12T09:20:25.8767907Z	TrialController	Event SpecificTrialFinished
2018-04-12T09:20:25.8858051Z	TrialController	Event SpecificTrialFinished
2018-04-12T09:20:25.8943078Z	TrialController	Event SpecificTrialFinished
2018-04-12T09:20:25.9033339Z	TrialController	Event SpecificTrialFinished
2018-04-12T09:20:25.9123452Z	TrialController	Event SpecificTrialFinished
2018-04-12T09:20:25.9213597Z	TrialController	Event SpecificTrialFinished
2018-04-12T09:20:25.9303730Z	TrialController	Event SpecificTrialFinished
2018-04-12T09:20:25.9388771Z	TrialController	Event SpecificTrialFinished
2018-04-12T09:20:25.9479077Z	TrialController	Event SpecificTrialFinished
2018-04-12T09:20:25.9569037Z	TrialController	Event SpecificTrialFinished
2018-04-12T09:20:25.9659175Z	TrialController	Event SpecificTrialFinished
2018-04-12T09:20:25.9749314Z	TrialController	Event SpecificTrialFinished
2018-04-12T09:20:25.9839452Z	TrialController	Event SpecificTrialFinished
2018-04-12T09:20:25.9934600Z	TrialController	Event SpecificTrialFinished
2018-04-12T09:20:26.0024739Z	TrialController	Event SpecificTrialFinished
2018-04-12T09:20:26.0124893Z	TrialController	Event SpecificTrialFinished
2018-04-12T09:20:26.0215034Z	TrialController	Event SpecificTrialFinished
2018-04-12T09:20:26.0310176Z	TrialController	Event SpecificTrialFinished
2018-04-12T09:20:26.0395306Z	TrialController	Event SpecificTrialFinished
2018-04-12T09:20:26.0490456Z	TrialController	Event SpecificTrialFinished
2018-04-12T09:20:26.0575586Z	TrialController	Event SpecificTrialFinished
2018-04-12T09:20:26.0670733Z	TrialController	Event SpecificTrialFinished
2018-04-12T09:20:26.0755866Z	TrialController	Event SpecificTrialFinished
2018-04-12T09:20:26.0845999Z	TrialController	Event SpecificTrialFinished
2018-04-12T09:20:26.0931131Z	TrialController	Event SpecificTrialFinished
2018-04-12T09:20:26.1011254Z	TrialController	Event SpecificTrialFinished
2018-04-12T09:20:26.1096384Z	TrialController	Event SpecificTrialFinished
2018-04-12T09:20:26.1186522Z	TrialController	Event SpecificTrialFinished
2018-04-12T09:20:26.1291688Z	TrialController	Event SpecificTrialFinished
2018-04-12T09:20:26.1381824Z	TrialController	Event SpecificTrialFinished
2018-04-12T09:20:26.1471966Z	TrialController	Event SpecificTrialFinished
2018-04-12T09:20:26.1557095Z	TrialController	Event SpecificTrialFinished
2018-04-12T09:20:26.1647234Z	TrialController	Event SpecificTrialFinished
2018-04-12T09:20:26.1737600Z	TrialController	Event SpecificTrialFinished
2018-04-12T09:20:26.1827869Z	TrialController	Event SpecificTrialFinished
2018-04-12T09:20:26.1918005Z	TrialController	Event SpecificTrialFinished
2018-04-12T09:20:26.2008118Z	TrialController	Event SpecificTrialFinished
2018-04-12T09:20:26.2103263Z	TrialController	Event SpecificTrialFinished
2018-04-12T09:20:26.2193404Z	TrialController	Event SpecificTrialFinished
2018-04-12T09:20:26.2288453Z	TrialController	Event SpecificTrialFinished
2018-04-12T09:20:26.2378714Z	TrialController	Event SpecificTrialFinished
2018-04-12T09:20:26.2473745Z	TrialController	Event SpecificTrialFinished
2018-04-12T09:20:26.2568895Z	TrialController	Event SpecificTrialFinished
2018-04-12T09:20:26.2659020Z	TrialController	Event SpecificTrialFinished
2018-04-12T09:20:26.2749263Z	TrialController	Event SpecificTrialFinished
2018-04-12T09:20:26.2844312Z	TrialController	Event SpecificTrialFinished
2018-04-12T09:20:26.2934541Z	TrialController	Event SpecificTrialFinished
2018-04-12T09:20:26.3029698Z	TrialController	Event SpecificTrialFinished
2018-04-12T09:20:26.3119734Z	TrialController	Event SpecificTrialFinished
2018-04-12T09:20:26.3209975Z	TrialController	Event SpecificTrialFinished
2018-04-12T09:20:26.3300113Z	TrialController	Event SpecificTrialFinished
2018-04-12T09:20:26.3385229Z	TrialController	Event SpecificTrialFinished
2018-04-12T09:20:26.3480393Z	TrialController	Event SpecificTrialFinished
2018-04-12T09:20:26.3570521Z	TrialController	Event SpecificTrialFinished
2018-04-12T09:20:26.3660659Z	TrialController	Event SpecificTrialFinished
2018-04-12T09:20:26.3750795Z	TrialController	Event SpecificTrialFinished
2018-04-12T09:20:26.3845849Z	TrialController	Event SpecificTrialFinished
2018-04-12T09:20:26.3972662Z	TrialController	Event SpecificTrialFinished
2018-04-12T09:20:26.4062809Z	TrialController	Event SpecificTrialFinished
2018-04-12T09:20:26.4148064Z	TrialController	Event SpecificTrialFinished
2018-04-12T09:20:26.4238072Z	TrialController	Event SpecificTrialFinished
2018-04-12T09:20:26.4323298Z	TrialController	Event SpecificTrialFinished
2018-04-12T09:20:26.4408430Z	TrialController	Event SpecificTrialFinished
2018-04-12T09:20:26.4498594Z	TrialController	Event SpecificTrialFinished
2018-04-12T09:20:26.4583698Z	TrialController	Event SpecificTrialFinished
2018-04-12T09:20:26.4673840Z	TrialController	Event SpecificTrialFinished
2018-04-12T09:20:26.4758966Z	TrialController	Event SpecificTrialFinished
2018-04-12T09:20:26.4849105Z	TrialController	Event SpecificTrialFinished
2018-04-12T09:20:26.4934240Z	TrialController	Event SpecificTrialFinished
2018-04-12T09:20:26.5024279Z	TrialController	Event SpecificTrialFinished
2018-04-12T09:20:26.5109426Z	TrialController	Event SpecificTrialFinished
2018-04-12T09:20:26.5194549Z	TrialController	Event SpecificTrialFinished
2018-04-12T09:20:26.5279830Z	TrialController	Event SpecificTrialFinished
2018-04-12T09:20:26.5369957Z	TrialController	Event SpecificTrialFinished
2018-04-12T09:20:26.5455041Z	TrialController	Event SpecificTrialFinished
2018-04-12T09:20:26.5540071Z	TrialController	Event SpecificTrialFinished
2018-04-12T09:20:26.5630212Z	TrialController	Event SpecificTrialFinished
2018-04-12T09:20:26.5715467Z	TrialController	Event SpecificTrialFinished
2018-04-12T09:20:26.5805603Z	TrialController	Event SpecificTrialFinished
2018-04-12T09:20:26.5890738Z	TrialController	Event SpecificTrialFinished
2018-04-12T09:20:26.5980876Z	TrialController	Event SpecificTrialFinished
2018-04-12T09:20:26.6066006Z	TrialController	Event SpecificTrialFinished
2018-04-12T09:20:26.6236148Z	TrialController	Event SpecificTrialFinished
2018-04-12T09:20:26.6321406Z	TrialController	Event SpecificTrialFinished
2018-04-12T09:20:26.6406532Z	TrialController	Event SpecificTrialFinished
2018-04-12T09:20:26.6491682Z	TrialController	Event SpecificTrialFinished
2018-04-12T09:20:26.6581823Z	TrialController	Event SpecificTrialFinished
2018-04-12T09:20:26.6666930Z	TrialController	Event SpecificTrialFinished
2018-04-12T09:20:26.6752040Z	TrialController	Event SpecificTrialFinished
2018-04-12T09:20:26.6837163Z	TrialController	Event SpecificTrialFinished
2018-04-12T09:20:26.6922199Z	TrialController	Event SpecificTrialFinished
2018-04-12T09:20:26.7012488Z	TrialController	Event SpecificTrialFinished
2018-04-12T09:20:26.7097564Z	TrialController	Event SpecificTrialFinished
2018-04-12T09:20:26.7182599Z	TrialController	Event SpecificTrialFinished
2018-04-12T09:20:26.7268104Z	TrialController	Event SpecificTrialFinished
2018-04-12T09:20:26.7358118Z	TrialController	Event SpecificTrialFinished
2018-04-12T09:20:26.7443347Z	TrialController	Event SpecificTrialFinished
2018-04-12T09:20:26.7528380Z	TrialController	Event SpecificTrialFinished
2018-04-12T09:20:26.7613634Z	TrialController	Event SpecificTrialFinished
2018-04-12T09:20:26.7698644Z	TrialController	Event SpecificTrialFinished
2018-04-12T09:20:26.7783896Z	TrialController	Event SpecificTrialFinished
2018-04-12T09:20:26.7869023Z	TrialController	Event SpecificTrialFinished
2018-04-12T09:20:26.7959045Z	TrialController	Event SpecificTrialFinished
2018-04-12T09:20:26.8044271Z	TrialController	Event SpecificTrialFinished
2018-04-12T09:20:26.8129309Z	TrialController	Event SpecificTrialFinished
2018-04-12T09:20:26.8224545Z	TrialController	Event SpecificTrialFinished
2018-04-12T09:20:26.8309726Z	TrialController	Event SpecificTrialFinished
2018-04-12T09:20:26.8394813Z	TrialController	Event SpecificTrialFinished
2018-04-12T09:20:26.8479942Z	TrialController	Event SpecificTrialFinished
2018-04-12T09:20:26.8565075Z	TrialController	Event SpecificTrialFinished
2018-04-12T09:20:26.8645090Z	TrialController	Event SpecificTrialFinished
2018-04-12T09:20:26.8735237Z	TrialController	Event SpecificTrialFinished
2018-04-12T09:20:26.8820605Z	TrialController	Event SpecificTrialFinished
2018-04-12T09:20:26.8910778Z	TrialController	Event SpecificTrialFinished
2018-04-12T09:20:26.8995970Z	TrialController	Event SpecificTrialFinished
2018-04-12T09:20:26.9081009Z	TrialController	Event SpecificTrialFinished
2018-04-12T09:20:26.9161129Z	TrialController	Event SpecificTrialFinished
2018-04-12T09:20:26.9246258Z	TrialController	Event SpecificTrialFinished
2018-04-12T09:20:26.9331399Z	TrialController	Event SpecificTrialFinished
2018-04-12T09:20:26.9416674Z	TrialController	Event SpecificTrialFinished
2018-04-12T09:20:26.9496737Z	TrialController	Event SpecificTrialFinished
2018-04-12T09:20:26.9586816Z	TrialController	Event SpecificTrialFinished
2018-04-12T09:20:26.9671909Z	TrialController	Event SpecificTrialFinished
2018-04-12T09:20:26.9757138Z	TrialController	Event SpecificTrialFinished
2018-04-12T09:20:26.9842264Z	TrialController	Event SpecificTrialFinished
2018-04-12T09:20:26.9922390Z	TrialController	Event SpecificTrialFinished
2018-04-12T09:20:27.0012529Z	TrialController	Event SpecificTrialFinished
2018-04-12T09:20:27.0092681Z	TrialController	Event SpecificTrialFinished
2018-04-12T09:20:27.0182816Z	TrialController	Event SpecificTrialFinished
2018-04-12T09:20:27.0262834Z	TrialController	Event SpecificTrialFinished
2018-04-12T09:20:27.0353132Z	TrialController	Event SpecificTrialFinished
2018-04-12T09:20:27.0433182Z	TrialController	Event SpecificTrialFinished
2018-04-12T09:20:27.0533381Z	TrialController	Event SpecificTrialFinished
2018-04-12T09:20:27.0618468Z	TrialController	Event SpecificTrialFinished
2018-04-12T09:20:27.0708649Z	TrialController	Event SpecificTrialFinished
2018-04-12T09:20:27.0798643Z	TrialController	Event SpecificTrialFinished
2018-04-12T09:20:27.0883778Z	TrialController	Event SpecificTrialFinished
2018-04-12T09:20:27.0968902Z	TrialController	Event SpecificTrialFinished
2018-04-12T09:20:27.1059040Z	TrialController	Event SpecificTrialFinished
2018-04-12T09:20:27.1144340Z	TrialController	Event SpecificTrialFinished
2018-04-12T09:20:27.1254342Z	TrialController	Event SpecificTrialFinished
2018-04-12T09:20:27.1389563Z	TrialController	Event SpecificTrialFinished
2018-04-12T09:20:27.1489700Z	TrialController	Event SpecificTrialFinished
2018-04-12T09:20:27.1570005Z	TrialController	Event SpecificTrialFinished
2018-04-12T09:20:27.1655132Z	TrialController	Event SpecificTrialFinished
2018-04-12T09:20:27.1740090Z	TrialController	Event SpecificTrialFinished
2018-04-12T09:20:27.1830226Z	TrialController	Event SpecificTrialFinished
2018-04-12T09:20:27.1915842Z	TrialController	Event SpecificTrialFinished
2018-04-12T09:20:27.1995871Z	TrialController	Event SpecificTrialFinished
2018-04-12T09:20:27.2076089Z	TrialController	Event SpecificTrialFinished
2018-04-12T09:20:27.2161241Z	TrialController	Event SpecificTrialFinished
2018-04-12T09:20:27.2246379Z	TrialController	Event SpecificTrialFinished
2018-04-12T09:20:27.2326493Z	TrialController	Event SpecificTrialFinished
2018-04-12T09:20:27.2411606Z	TrialController	Event SpecificTrialFinished
2018-04-12T09:20:27.2496730Z	TrialController	Event SpecificTrialFinished
2018-04-12T09:20:27.2576859Z	TrialController	Event SpecificTrialFinished
2018-04-12T09:20:27.2666991Z	TrialController	Event SpecificTrialFinished
2018-04-12T09:20:27.2752135Z	TrialController	Event SpecificTrialFinished
2018-04-12T09:20:27.2832253Z	TrialController	Event SpecificTrialFinished
2018-04-12T09:20:27.2917376Z	TrialController	Event SpecificTrialFinished
2018-04-12T09:20:27.2997503Z	TrialController	Event SpecificTrialFinished
2018-04-12T09:20:27.3077623Z	TrialController	Event SpecificTrialFinished
2018-04-12T09:20:27.3162755Z	TrialController	Event SpecificTrialFinished
2018-04-12T09:20:27.3242787Z	TrialController	Event SpecificTrialFinished
2018-04-12T09:20:27.3333043Z	TrialController	Event SpecificTrialFinished
2018-04-12T09:20:27.3413052Z	TrialController	Event SpecificTrialFinished
2018-04-12T09:20:27.3498218Z	TrialController	Event SpecificTrialFinished
2018-04-12T09:20:27.3578296Z	TrialController	Event SpecificTrialFinished
2018-04-12T09:20:27.3663605Z	TrialController	Event SpecificTrialFinished
2018-04-12T09:20:27.3743552Z	TrialController	Event SpecificTrialFinished
2018-04-12T09:20:27.3829048Z	TrialController	Event SpecificTrialFinished
2018-04-12T09:20:27.3909291Z	TrialController	Event SpecificTrialFinished
2018-04-12T09:20:27.3994423Z	TrialController	Event SpecificTrialFinished
2018-04-12T09:20:27.4079447Z	TrialController	Event SpecificTrialFinished
2018-04-12T09:20:27.4164571Z	TrialController	Event SpecificTrialFinished
2018-04-12T09:20:27.4244788Z	TrialController	Event SpecificTrialFinished
2018-04-12T09:20:27.4329943Z	TrialController	Event SpecificTrialFinished
2018-04-12T09:20:27.4475219Z	TrialController	Event SpecificTrialFinished
2018-04-12T09:20:27.4560298Z	TrialController	Event SpecificTrialFinished
2018-04-12T09:20:27.4645399Z	TrialController	Event SpecificTrialFinished
2018-04-12T09:20:27.4730431Z	TrialController	Event SpecificTrialFinished
2018-04-12T09:20:27.4815558Z	TrialController	Event SpecificTrialFinished
2018-04-12T09:20:27.4900690Z	TrialController	Event SpecificTrialFinished
2018-04-12T09:20:27.4985831Z	TrialController	Event SpecificTrialFinished
2018-04-12T09:20:27.5071080Z	TrialController	Event SpecificTrialFinished
2018-04-12T09:20:27.5151084Z	TrialController	Event SpecificTrialFinished
2018-04-12T09:20:27.5236299Z	TrialController	Event SpecificTrialFinished
2018-04-12T09:20:27.5321443Z	TrialController	Event SpecificTrialFinished
2018-04-12T09:20:27.5406470Z	TrialController	Event SpecificTrialFinished
2018-04-12T09:20:27.5486593Z	TrialController	Event SpecificTrialFinished
2018-04-12T09:20:27.5566844Z	TrialController	Event SpecificTrialFinished
2018-04-12T09:20:27.5651948Z	TrialController	Event SpecificTrialFinished
2018-04-12T09:20:27.5732077Z	TrialController	Event SpecificTrialFinished
2018-04-12T09:20:27.5817266Z	TrialController	Event SpecificTrialFinished
2018-04-12T09:20:27.5902341Z	TrialController	Event SpecificTrialFinished
2018-04-12T09:20:27.5987377Z	TrialController	Event SpecificTrialFinished
2018-04-12T09:20:27.6067588Z	TrialController	Event SpecificTrialFinished
2018-04-12T09:20:27.6152721Z	TrialController	Event SpecificTrialFinished
2018-04-12T09:20:27.6232844Z	TrialController	Event SpecificTrialFinished
2018-04-12T09:20:27.6317973Z	TrialController	Event SpecificTrialFinished
2018-04-12T09:20:27.6398097Z	TrialController	Event SpecificTrialFinished
2018-04-12T09:20:27.6478223Z	TrialController	Event SpecificTrialFinished
2018-04-12T09:20:27.6563349Z	TrialController	Event SpecificTrialFinished
2018-04-12T09:20:27.6648476Z	TrialController	Event SpecificTrialFinished
2018-04-12T09:20:27.6728602Z	TrialController	Event SpecificTrialFinished
2018-04-12T09:20:27.6813734Z	TrialController	Event SpecificTrialFinished
2018-04-12T09:20:27.6893761Z	TrialController	Event SpecificTrialFinished
2018-04-12T09:20:27.6973984Z	TrialController	Event SpecificTrialFinished
2018-04-12T09:20:27.7059113Z	TrialController	Event SpecificTrialFinished
2018-04-12T09:20:27.7139236Z	TrialController	Event SpecificTrialFinished
2018-04-12T09:20:27.7219334Z	TrialController	Event SpecificTrialFinished
2018-04-12T09:20:27.7304389Z	TrialController	Event SpecificTrialFinished
2018-04-12T09:20:27.7384512Z	TrialController	Event SpecificTrialFinished
2018-04-12T09:20:27.7464633Z	TrialController	Event SpecificTrialFinished
2018-04-12T09:20:27.7592269Z	TrialController	Event SpecificTrialFinished
2018-04-12T09:20:27.7677410Z	TrialController	Event SpecificTrialFinished
2018-04-12T09:20:27.7762539Z	TrialController	Event SpecificTrialFinished
2018-04-12T09:20:27.7852678Z	TrialController	Event SpecificTrialFinished
2018-04-12T09:20:27.7952823Z	TrialController	Event SpecificTrialFinished
2018-04-12T09:20:27.8037953Z	TrialController	Event SpecificTrialFinished
2018-04-12T09:20:27.8123093Z	TrialController	Event SpecificTrialFinished
2018-04-12T09:20:27.8203205Z	TrialController	Event SpecificTrialFinished
2018-04-12T09:20:27.8288349Z	TrialController	Event SpecificTrialFinished
2018-04-12T09:20:27.8373478Z	TrialController	Event SpecificTrialFinished
2018-04-12T09:20:27.8458611Z	TrialController	Event SpecificTrialFinished
2018-04-12T09:20:27.8538734Z	TrialController	Event SpecificTrialFinished
2018-04-12T09:20:27.8623915Z	TrialController	Event SpecificTrialFinished
2018-04-12T09:20:27.8708996Z	TrialController	Event SpecificTrialFinished
2018-04-12T09:20:27.8789122Z	TrialController	Event SpecificTrialFinished
2018-04-12T09:20:27.8874251Z	TrialController	Event SpecificTrialFinished
2018-04-12T09:20:27.8959381Z	TrialController	Event SpecificTrialFinished
2018-04-12T09:20:27.9039507Z	TrialController	Event SpecificTrialFinished
2018-04-12T09:20:27.9129645Z	TrialController	Event SpecificTrialFinished
2018-04-12T09:20:27.9214775Z	TrialController	Event SpecificTrialFinished
2018-04-12T09:20:27.9299907Z	TrialController	Event SpecificTrialFinished
2018-04-12T09:20:27.9380028Z	TrialController	Event SpecificTrialFinished
2018-04-12T09:20:27.9470166Z	TrialController	Event SpecificTrialFinished
2018-04-12T09:20:27.9555299Z	TrialController	Event SpecificTrialFinished
2018-04-12T09:20:27.9640428Z	TrialController	Event SpecificTrialFinished
2018-04-12T09:20:27.9725563Z	TrialController	Event SpecificTrialFinished
2018-04-12T09:20:27.9810693Z	TrialController	Event SpecificTrialFinished
2018-04-12T09:20:27.9895819Z	TrialController	Event SpecificTrialFinished
2018-04-12T09:20:27.9975945Z	TrialController	Event SpecificTrialFinished
2018-04-12T09:20:28.0066084Z	TrialController	Event SpecificTrialFinished
2018-04-12T09:20:28.0146204Z	TrialController	Event SpecificTrialFinished
