2018-04-12T09:15:49.2343803Z	Logger	Started logging
2018-04-12T09:15:49.2489020Z	ExperimentController	Participant: atastasd
2018-04-12T09:15:49.2619217Z	ExperimentController	Hand model is female
2018-04-12T09:15:49.2875075Z	ExperimentController	Protocol file Protocol/Elements Agency Experiment/Protocol01.txt
2018-04-12T09:15:49.3015274Z	ExperimentController	Loaded 5 trials
2018-04-12T09:15:49.3150480Z	ExperimentController	Event ProtocolLoaded
2018-04-12T09:15:49.3290960Z	ExperimentController	Entering state Trial
2018-04-12T09:15:49.3501426Z	ExperimentController	Starting trial
2018-04-12T09:15:49.3670595Z	ExperimentController	Gap: Inactive
2018-04-12T09:15:49.3845860Z	ExperimentController	HandOffset: 0
2018-04-12T09:15:49.4006107Z	ExperimentController	Noise type 0
2018-04-12T09:15:49.4171359Z	ExperimentController	NoiseLevel: 0
2018-04-12T09:15:49.4326596Z	ExperimentController	Lambda: 0
2018-04-12T09:15:49.4482198Z	ExperimentController	Collision probability: 1
2018-04-12T09:15:49.4652463Z	ExperimentController	Knife PresentFalse
2018-04-12T09:15:49.4817715Z	TrialController	Started
2018-04-12T09:15:51.1927249Z	TrialController	Entering state SpecificTrial
2018-04-12T09:15:51.1992297Z	ElementsAgencyTrial	Noise type: Control
2018-04-12T09:15:51.2037382Z	ElementsAgencyTrial	Delay collision active: 0
2018-04-12T09:15:51.2082458Z	ElementsAgencyTrial	Started
2018-04-12T09:15:51.2122511Z	TrialController	Elements Agency Experiment State Machine started
2018-04-12T09:15:52.7085129Z	ElementsAgencyTrial	Entering state ExperimentWave
2018-04-12T09:15:53.2097699Z	WaveController	Started
2018-04-12T09:15:53.4619277Z	WaveController	Entering state Initial
2018-04-12T09:15:54.9550722Z	WaveController	Initial Target Waved
2018-04-12T09:15:54.9590778Z	WaveController	Entering state Delay
2018-04-12T09:15:55.4525493Z	WaveController	Entering state Target
2018-04-12T09:15:55.4560540Z	WaveController	Light: 0
2018-04-12T09:15:55.9925182Z	WaveController	Probability for Wave 1: 0.1308082
2018-04-12T09:15:55.9990281Z	WaveController	Time in wave: 1 was 0.5351048
2018-04-12T09:15:56.0095564Z	WaveController	Entering state Feedback
2018-04-12T09:15:56.4886147Z	WaveController	Waved correctly
2018-04-12T09:15:57.4904988Z	WaveController	Entering state End
2018-04-12T09:15:57.4949931Z	TrialController	Event Waved
2018-04-12T09:15:57.5000010Z	ElementsAgencyTrial	Entering state Interval
2018-04-12T09:15:57.5030057Z	ElementsAgencyTrial	Entering state ExperimentWave
2018-04-12T09:15:58.0051367Z	WaveController	Started
2018-04-12T09:15:58.2698193Z	WaveController	Entering state Initial
2018-04-12T09:15:59.1345047Z	WaveController	Initial Target Waved
2018-04-12T09:15:59.1380105Z	WaveController	Entering state Delay
2018-04-12T09:15:59.6314279Z	WaveController	Entering state Target
2018-04-12T09:15:59.6349332Z	WaveController	Light: 0
2018-04-12T09:16:00.2388180Z	WaveController	Probability for Wave 2: 0.0531143
2018-04-12T09:16:00.2428241Z	WaveController	Time in wave: 2 was 0.595397
2018-04-12T09:16:00.2468303Z	WaveController	Entering state Feedback
2018-04-12T09:16:00.7285227Z	WaveController	Waved correctly
2018-04-12T09:16:01.7401768Z	WaveController	Entering state End
2018-04-12T09:16:01.7441875Z	TrialController	Event Waved
2018-04-12T09:16:01.7491901Z	ElementsAgencyTrial	Entering state Interval
2018-04-12T09:16:01.7521831Z	ElementsAgencyTrial	Entering state ExperimentWave
2018-04-12T09:16:01.7556980Z	ElementsAgencyTrial	Entering state Threat
2018-04-12T09:16:01.7602045Z	Threat	Started
2018-04-12T09:16:01.7652148Z	Threat	Entering state Falling
2018-04-12T09:16:02.1042428Z	Threat	Entering state Following
2018-04-12T09:16:05.1162128Z	ElementsAgencyTrial	Entering state End
2018-04-12T09:16:05.1237149Z	TrialController	Event SpecificTrialFinished
2018-04-12T09:16:05.1392431Z	TrialController	Event SpecificTrialFinished
2018-04-12T09:16:05.1507564Z	TrialController	Event SpecificTrialFinished
2018-04-12T09:16:05.1617859Z	TrialController	Event SpecificTrialFinished
2018-04-12T09:16:05.1728023Z	TrialController	Event SpecificTrialFinished
2018-04-12T09:16:05.1838198Z	TrialController	Event SpecificTrialFinished
2018-04-12T09:16:05.1948339Z	TrialController	Event SpecificTrialFinished
2018-04-12T09:16:05.2088557Z	TrialController	Event SpecificTrialFinished
2018-04-12T09:16:05.2198724Z	TrialController	Event SpecificTrialFinished
2018-04-12T09:16:05.2303910Z	TrialController	Event SpecificTrialFinished
2018-04-12T09:16:05.2419065Z	TrialController	Event SpecificTrialFinished
2018-04-12T09:16:05.2529132Z	TrialController	Event SpecificTrialFinished
2018-04-12T09:16:05.2719422Z	TrialController	Event SpecificTrialFinished
2018-04-12T09:16:05.2829600Z	TrialController	Event SpecificTrialFinished
2018-04-12T09:16:05.2934752Z	TrialController	Event SpecificTrialFinished
2018-04-12T09:16:05.3039915Z	TrialController	Event SpecificTrialFinished
2018-04-12T09:16:05.3145075Z	TrialController	Event SpecificTrialFinished
2018-04-12T09:16:05.3250238Z	TrialController	Event SpecificTrialFinished
2018-04-12T09:16:05.3360408Z	TrialController	Event SpecificTrialFinished
2018-04-12T09:16:05.3465571Z	TrialController	Event SpecificTrialFinished
2018-04-12T09:16:05.3575797Z	TrialController	Event SpecificTrialFinished
2018-04-12T09:16:05.3685915Z	TrialController	Event SpecificTrialFinished
2018-04-12T09:16:05.3796079Z	TrialController	Event SpecificTrialFinished
2018-04-12T09:16:05.3901237Z	TrialController	Event SpecificTrialFinished
2018-04-12T09:16:05.4006400Z	TrialController	Event SpecificTrialFinished
2018-04-12T09:16:05.4111560Z	TrialController	Event SpecificTrialFinished
2018-04-12T09:16:05.4216723Z	TrialController	Event SpecificTrialFinished
2018-04-12T09:16:05.4326895Z	TrialController	Event SpecificTrialFinished
2018-04-12T09:16:05.4442071Z	TrialController	Event SpecificTrialFinished
2018-04-12T09:16:05.4552238Z	TrialController	Event SpecificTrialFinished
2018-04-12T09:16:05.4657401Z	TrialController	Event SpecificTrialFinished
2018-04-12T09:16:05.4762561Z	TrialController	Event SpecificTrialFinished
2018-04-12T09:16:05.4872730Z	TrialController	Event SpecificTrialFinished
2018-04-12T09:16:05.4977893Z	TrialController	Event SpecificTrialFinished
2018-04-12T09:16:05.5088071Z	TrialController	Event SpecificTrialFinished
2018-04-12T09:16:05.5193229Z	TrialController	Event SpecificTrialFinished
2018-04-12T09:16:05.5303395Z	TrialController	Event SpecificTrialFinished
2018-04-12T09:16:05.5408556Z	TrialController	Event SpecificTrialFinished
2018-04-12T09:16:05.5518731Z	TrialController	Event SpecificTrialFinished
2018-04-12T09:16:05.5623888Z	TrialController	Event SpecificTrialFinished
2018-04-12T09:16:05.5729049Z	TrialController	Event SpecificTrialFinished
2018-04-12T09:16:05.5844227Z	TrialController	Event SpecificTrialFinished
2018-04-12T09:16:05.5954396Z	TrialController	Event SpecificTrialFinished
2018-04-12T09:16:05.6059557Z	TrialController	Event SpecificTrialFinished
2018-04-12T09:16:05.6164723Z	TrialController	Event SpecificTrialFinished
2018-04-12T09:16:05.6274886Z	TrialController	Event SpecificTrialFinished
2018-04-12T09:16:05.6380050Z	TrialController	Event SpecificTrialFinished
2018-04-12T09:16:05.6490222Z	TrialController	Event SpecificTrialFinished
2018-04-12T09:16:05.6595391Z	TrialController	Event SpecificTrialFinished
2018-04-12T09:16:05.6700542Z	TrialController	Event SpecificTrialFinished
2018-04-12T09:16:05.6810712Z	TrialController	Event SpecificTrialFinished
2018-04-12T09:16:05.6915875Z	TrialController	Event SpecificTrialFinished
2018-04-12T09:16:05.7021035Z	TrialController	Event SpecificTrialFinished
2018-04-12T09:16:05.7121189Z	TrialController	Event SpecificTrialFinished
2018-04-12T09:16:05.7236388Z	TrialController	Event SpecificTrialFinished
2018-04-12T09:16:05.7341528Z	TrialController	Event SpecificTrialFinished
2018-04-12T09:16:05.7446691Z	TrialController	Event SpecificTrialFinished
2018-04-12T09:16:05.7556858Z	TrialController	Event SpecificTrialFinished
2018-04-12T09:16:05.7652005Z	TrialController	Event SpecificTrialFinished
2018-04-12T09:16:05.7757166Z	TrialController	Event SpecificTrialFinished
2018-04-12T09:16:05.7862329Z	TrialController	Event SpecificTrialFinished
2018-04-12T09:16:05.7967489Z	TrialController	Event SpecificTrialFinished
2018-04-12T09:16:05.8087677Z	TrialController	Event SpecificTrialFinished
2018-04-12T09:16:05.8197849Z	TrialController	Event SpecificTrialFinished
2018-04-12T09:16:05.8303009Z	TrialController	Event SpecificTrialFinished
2018-04-12T09:16:05.8408172Z	TrialController	Event SpecificTrialFinished
2018-04-12T09:16:05.8508321Z	TrialController	Event SpecificTrialFinished
2018-04-12T09:16:05.8618490Z	TrialController	Event SpecificTrialFinished
2018-04-12T09:16:05.8718644Z	TrialController	Event SpecificTrialFinished
2018-04-12T09:16:05.8888909Z	TrialController	Event SpecificTrialFinished
2018-04-12T09:16:05.8999081Z	TrialController	Event SpecificTrialFinished
2018-04-12T09:16:05.9104241Z	TrialController	Event SpecificTrialFinished
2018-04-12T09:16:05.9209402Z	TrialController	Event SpecificTrialFinished
2018-04-12T09:16:05.9314579Z	TrialController	Event SpecificTrialFinished
2018-04-12T09:16:05.9439759Z	TrialController	Event SpecificTrialFinished
2018-04-12T09:16:05.9545007Z	TrialController	Event SpecificTrialFinished
2018-04-12T09:16:05.9650179Z	TrialController	Event SpecificTrialFinished
2018-04-12T09:16:05.9755342Z	TrialController	Event SpecificTrialFinished
2018-04-12T09:16:05.9865511Z	TrialController	Event SpecificTrialFinished
2018-04-12T09:16:05.9975732Z	TrialController	Event SpecificTrialFinished
2018-04-12T09:16:06.0080744Z	TrialController	Event SpecificTrialFinished
2018-04-12T09:16:06.0190988Z	TrialController	Event SpecificTrialFinished
2018-04-12T09:16:06.0296074Z	TrialController	Event SpecificTrialFinished
2018-04-12T09:16:06.0401411Z	TrialController	Event SpecificTrialFinished
2018-04-12T09:16:06.0506525Z	TrialController	Event SpecificTrialFinished
2018-04-12T09:16:06.0611691Z	TrialController	Event SpecificTrialFinished
2018-04-12T09:16:06.0711837Z	TrialController	Event SpecificTrialFinished
2018-04-12T09:16:06.0821881Z	TrialController	Event SpecificTrialFinished
2018-04-12T09:16:06.0922137Z	TrialController	Event SpecificTrialFinished
2018-04-12T09:16:06.1032207Z	TrialController	Event SpecificTrialFinished
2018-04-12T09:16:06.1137370Z	TrialController	Event SpecificTrialFinished
2018-04-12T09:16:06.1257683Z	TrialController	Event SpecificTrialFinished
2018-04-12T09:16:06.1387755Z	TrialController	Event SpecificTrialFinished
2018-04-12T09:16:06.1497933Z	TrialController	Event SpecificTrialFinished
2018-04-12T09:16:06.1608100Z	TrialController	Event SpecificTrialFinished
2018-04-12T09:16:06.1708376Z	TrialController	Event SpecificTrialFinished
2018-04-12T09:16:06.1813539Z	TrialController	Event SpecificTrialFinished
2018-04-12T09:16:06.1918742Z	TrialController	Event SpecificTrialFinished
2018-04-12T09:16:06.2028738Z	TrialController	Event SpecificTrialFinished
2018-04-12T09:16:06.2129017Z	TrialController	Event SpecificTrialFinished
2018-04-12T09:16:06.2239064Z	TrialController	Event SpecificTrialFinished
2018-04-12T09:16:06.2339369Z	TrialController	Event SpecificTrialFinished
2018-04-12T09:16:06.2444379Z	TrialController	Event SpecificTrialFinished
2018-04-12T09:16:06.2549590Z	TrialController	Event SpecificTrialFinished
2018-04-12T09:16:06.2654705Z	TrialController	Event SpecificTrialFinished
2018-04-12T09:16:06.2759959Z	TrialController	Event SpecificTrialFinished
2018-04-12T09:16:06.2865125Z	TrialController	Event SpecificTrialFinished
2018-04-12T09:16:06.2970285Z	TrialController	Event SpecificTrialFinished
2018-04-12T09:16:06.3075491Z	TrialController	Event SpecificTrialFinished
2018-04-12T09:16:06.3180509Z	TrialController	Event SpecificTrialFinished
2018-04-12T09:16:06.3285775Z	TrialController	Event SpecificTrialFinished
2018-04-12T09:16:06.3391037Z	TrialController	Event SpecificTrialFinished
2018-04-12T09:16:06.3496001Z	TrialController	Event SpecificTrialFinished
2018-04-12T09:16:06.3596252Z	TrialController	Event SpecificTrialFinished
2018-04-12T09:16:06.3701407Z	TrialController	Event SpecificTrialFinished
2018-04-12T09:16:06.3806573Z	TrialController	Event SpecificTrialFinished
2018-04-12T09:16:06.3906727Z	TrialController	Event SpecificTrialFinished
2018-04-12T09:16:06.4016896Z	TrialController	Event SpecificTrialFinished
2018-04-12T09:16:06.4117050Z	TrialController	Event SpecificTrialFinished
2018-04-12T09:16:06.4217261Z	TrialController	Event SpecificTrialFinished
2018-04-12T09:16:06.4322370Z	TrialController	Event SpecificTrialFinished
2018-04-12T09:16:06.4427573Z	TrialController	Event SpecificTrialFinished
2018-04-12T09:16:06.4532588Z	TrialController	Event SpecificTrialFinished
2018-04-12T09:16:06.4632842Z	TrialController	Event SpecificTrialFinished
2018-04-12T09:16:06.4738005Z	TrialController	Event SpecificTrialFinished
2018-04-12T09:16:06.4838170Z	TrialController	Event SpecificTrialFinished
2018-04-12T09:16:06.4943319Z	TrialController	Event SpecificTrialFinished
2018-04-12T09:16:06.5048479Z	TrialController	Event SpecificTrialFinished
2018-04-12T09:16:06.5148662Z	TrialController	Event SpecificTrialFinished
2018-04-12T09:16:06.5253873Z	TrialController	Event SpecificTrialFinished
2018-04-12T09:16:06.5353962Z	TrialController	Event SpecificTrialFinished
2018-04-12T09:16:06.5459014Z	TrialController	Event SpecificTrialFinished
2018-04-12T09:16:06.5559171Z	TrialController	Event SpecificTrialFinished
2018-04-12T09:16:06.5664328Z	TrialController	Event SpecificTrialFinished
2018-04-12T09:16:06.5764610Z	TrialController	Event SpecificTrialFinished
2018-04-12T09:16:06.5869776Z	TrialController	Event SpecificTrialFinished
2018-04-12T09:16:06.5974903Z	TrialController	Event SpecificTrialFinished
2018-04-12T09:16:06.6075059Z	TrialController	Event SpecificTrialFinished
2018-04-12T09:16:06.6175213Z	TrialController	Event SpecificTrialFinished
2018-04-12T09:16:06.6280377Z	TrialController	Event SpecificTrialFinished
2018-04-12T09:16:06.6380579Z	TrialController	Event SpecificTrialFinished
2018-04-12T09:16:06.6480588Z	TrialController	Event SpecificTrialFinished
2018-04-12T09:16:06.6580739Z	TrialController	Event SpecificTrialFinished
2018-04-12T09:16:06.6690905Z	TrialController	Event SpecificTrialFinished
2018-04-12T09:16:06.6801189Z	TrialController	Event SpecificTrialFinished
2018-04-12T09:16:06.6901357Z	TrialController	Event SpecificTrialFinished
2018-04-12T09:16:06.7006517Z	TrialController	Event SpecificTrialFinished
2018-04-12T09:16:06.7106671Z	TrialController	Event SpecificTrialFinished
2018-04-12T09:16:06.7206842Z	TrialController	Event SpecificTrialFinished
2018-04-12T09:16:06.7306979Z	TrialController	Event SpecificTrialFinished
2018-04-12T09:16:06.7412145Z	TrialController	Event SpecificTrialFinished
2018-04-12T09:16:06.7512294Z	TrialController	Event SpecificTrialFinished
2018-04-12T09:16:06.7617462Z	TrialController	Event SpecificTrialFinished
2018-04-12T09:16:06.7717485Z	TrialController	Event SpecificTrialFinished
2018-04-12T09:16:06.7822819Z	TrialController	Event SpecificTrialFinished
2018-04-12T09:16:06.7932966Z	TrialController	Event SpecificTrialFinished
2018-04-12T09:16:06.8038078Z	TrialController	Event SpecificTrialFinished
2018-04-12T09:16:06.8138238Z	TrialController	Event SpecificTrialFinished
2018-04-12T09:16:06.8253314Z	TrialController	Event SpecificTrialFinished
2018-04-12T09:16:06.8358596Z	TrialController	Event SpecificTrialFinished
2018-04-12T09:16:06.8458730Z	TrialController	Event SpecificTrialFinished
2018-04-12T09:16:06.8563888Z	TrialController	Event SpecificTrialFinished
2018-04-12T09:16:06.8664042Z	TrialController	Event SpecificTrialFinished
2018-04-12T09:16:06.8819185Z	TrialController	Event SpecificTrialFinished
2018-04-12T09:16:06.8929357Z	TrialController	Event SpecificTrialFinished
2018-04-12T09:16:06.9039532Z	TrialController	Event SpecificTrialFinished
2018-04-12T09:16:06.9144690Z	TrialController	Event SpecificTrialFinished
2018-04-12T09:16:06.9249842Z	TrialController	Event SpecificTrialFinished
2018-04-12T09:16:06.9350118Z	TrialController	Event SpecificTrialFinished
2018-04-12T09:16:06.9450281Z	TrialController	Event SpecificTrialFinished
2018-04-12T09:16:06.9550406Z	TrialController	Event SpecificTrialFinished
2018-04-12T09:16:06.9645554Z	TrialController	Event SpecificTrialFinished
2018-04-12T09:16:06.9750771Z	TrialController	Event SpecificTrialFinished
2018-04-12T09:16:06.9855872Z	TrialController	Event SpecificTrialFinished
2018-04-12T09:16:06.9956026Z	TrialController	Event SpecificTrialFinished
2018-04-12T09:16:07.0061189Z	TrialController	Event SpecificTrialFinished
2018-04-12T09:16:07.0161243Z	TrialController	Event SpecificTrialFinished
2018-04-12T09:16:07.0266406Z	TrialController	Event SpecificTrialFinished
2018-04-12T09:16:07.0371584Z	TrialController	Event SpecificTrialFinished
2018-04-12T09:16:07.0476730Z	TrialController	Event SpecificTrialFinished
2018-04-12T09:16:07.0581995Z	TrialController	Event SpecificTrialFinished
2018-04-12T09:16:07.0682041Z	TrialController	Event SpecificTrialFinished
2018-04-12T09:16:07.0787210Z	TrialController	Event SpecificTrialFinished
2018-04-12T09:16:07.0892364Z	TrialController	Event SpecificTrialFinished
2018-04-12T09:16:07.1002540Z	TrialController	Event SpecificTrialFinished
2018-04-12T09:16:07.1107799Z	TrialController	Event SpecificTrialFinished
2018-04-12T09:16:07.1227893Z	TrialController	Event SpecificTrialFinished
2018-04-12T09:16:07.1363091Z	TrialController	Event SpecificTrialFinished
2018-04-12T09:16:07.1468254Z	TrialController	Event SpecificTrialFinished
2018-04-12T09:16:07.1573414Z	TrialController	Event SpecificTrialFinished
2018-04-12T09:16:07.1673571Z	TrialController	Event SpecificTrialFinished
2018-04-12T09:16:07.1793910Z	TrialController	Event SpecificTrialFinished
2018-04-12T09:16:07.1894015Z	TrialController	Event SpecificTrialFinished
2018-04-12T09:16:07.1994187Z	TrialController	Event SpecificTrialFinished
2018-04-12T09:16:07.2099347Z	TrialController	Event SpecificTrialFinished
2018-04-12T09:16:07.2199609Z	TrialController	Event SpecificTrialFinished
2018-04-12T09:16:07.2304866Z	TrialController	Event SpecificTrialFinished
2018-04-12T09:16:07.2405026Z	TrialController	Event SpecificTrialFinished
2018-04-12T09:16:07.2505180Z	TrialController	Event SpecificTrialFinished
2018-04-12T09:16:07.2605328Z	TrialController	Event SpecificTrialFinished
2018-04-12T09:16:07.2705485Z	TrialController	Event SpecificTrialFinished
2018-04-12T09:16:07.2805551Z	TrialController	Event SpecificTrialFinished
2018-04-12T09:16:07.2910697Z	TrialController	Event SpecificTrialFinished
2018-04-12T09:16:07.3020869Z	TrialController	Event SpecificTrialFinished
2018-04-12T09:16:07.3121020Z	TrialController	Event SpecificTrialFinished
2018-04-12T09:16:07.3221174Z	TrialController	Event SpecificTrialFinished
2018-04-12T09:16:07.3326334Z	TrialController	Event SpecificTrialFinished
2018-04-12T09:16:07.3426488Z	TrialController	Event SpecificTrialFinished
2018-04-12T09:16:07.3526642Z	TrialController	Event SpecificTrialFinished
2018-04-12T09:16:07.3636812Z	TrialController	Event SpecificTrialFinished
2018-04-12T09:16:07.3736966Z	TrialController	Event SpecificTrialFinished
2018-04-12T09:16:07.3842129Z	TrialController	Event SpecificTrialFinished
2018-04-12T09:16:07.3947289Z	TrialController	Event SpecificTrialFinished
2018-04-12T09:16:07.4052464Z	TrialController	Event SpecificTrialFinished
2018-04-12T09:16:07.4157615Z	TrialController	Event SpecificTrialFinished
2018-04-12T09:16:07.4257769Z	TrialController	Event SpecificTrialFinished
2018-04-12T09:16:07.4362930Z	TrialController	Event SpecificTrialFinished
2018-04-12T09:16:07.4463084Z	TrialController	Event SpecificTrialFinished
2018-04-12T09:16:07.4568244Z	TrialController	Event SpecificTrialFinished
2018-04-12T09:16:07.4668398Z	TrialController	Event SpecificTrialFinished
2018-04-12T09:16:07.4773561Z	TrialController	Event SpecificTrialFinished
2018-04-12T09:16:07.4878724Z	TrialController	Event SpecificTrialFinished
2018-04-12T09:16:07.4978875Z	TrialController	Event SpecificTrialFinished
2018-04-12T09:16:07.5084039Z	TrialController	Event SpecificTrialFinished
2018-04-12T09:16:07.5184193Z	TrialController	Event SpecificTrialFinished
2018-04-12T09:16:07.5289356Z	TrialController	Event SpecificTrialFinished
2018-04-12T09:16:07.5389510Z	TrialController	Event SpecificTrialFinished
2018-04-12T09:16:07.5489661Z	TrialController	Event SpecificTrialFinished
2018-04-12T09:16:07.5589818Z	TrialController	Event SpecificTrialFinished
2018-04-12T09:16:07.5694978Z	TrialController	Event SpecificTrialFinished
2018-04-12T09:16:07.5800141Z	TrialController	Event SpecificTrialFinished
2018-04-12T09:16:07.5900292Z	TrialController	Event SpecificTrialFinished
2018-04-12T09:16:07.6010464Z	TrialController	Event SpecificTrialFinished
2018-04-12T09:16:07.6110621Z	TrialController	Event SpecificTrialFinished
2018-04-12T09:16:07.6210770Z	TrialController	Event SpecificTrialFinished
2018-04-12T09:16:07.6315987Z	TrialController	Event SpecificTrialFinished
2018-04-12T09:16:07.6421181Z	TrialController	Event SpecificTrialFinished
2018-04-12T09:16:07.6521247Z	TrialController	Event SpecificTrialFinished
2018-04-12T09:16:07.6626410Z	TrialController	Event SpecificTrialFinished
2018-04-12T09:16:07.6731576Z	TrialController	Event SpecificTrialFinished
2018-04-12T09:16:07.6831724Z	TrialController	Event SpecificTrialFinished
2018-04-12T09:16:07.6931878Z	TrialController	Event SpecificTrialFinished
2018-04-12T09:16:07.7037042Z	TrialController	Event SpecificTrialFinished
2018-04-12T09:16:07.7137196Z	TrialController	Event SpecificTrialFinished
2018-04-12T09:16:07.7237350Z	TrialController	Event SpecificTrialFinished
2018-04-12T09:16:07.7337504Z	TrialController	Event SpecificTrialFinished
2018-04-12T09:16:07.7442670Z	TrialController	Event SpecificTrialFinished
2018-04-12T09:16:07.7547827Z	TrialController	Event SpecificTrialFinished
2018-04-12T09:16:07.7647981Z	TrialController	Event SpecificTrialFinished
2018-04-12T09:16:07.7753147Z	TrialController	Event SpecificTrialFinished
2018-04-12T09:16:07.7853298Z	TrialController	Event SpecificTrialFinished
2018-04-12T09:16:07.7953449Z	TrialController	Event SpecificTrialFinished
2018-04-12T09:16:07.8058612Z	TrialController	Event SpecificTrialFinished
2018-04-12T09:16:07.8158766Z	TrialController	Event SpecificTrialFinished
2018-04-12T09:16:07.8258920Z	TrialController	Event SpecificTrialFinished
2018-04-12T09:16:07.8359074Z	TrialController	Event SpecificTrialFinished
2018-04-12T09:16:07.8459228Z	TrialController	Event SpecificTrialFinished
2018-04-12T09:16:07.8564389Z	TrialController	Event SpecificTrialFinished
2018-04-12T09:16:07.8716356Z	TrialController	Event SpecificTrialFinished
2018-04-12T09:16:07.8821516Z	TrialController	Event SpecificTrialFinished
2018-04-12T09:16:07.8921673Z	TrialController	Event SpecificTrialFinished
2018-04-12T09:16:07.9021804Z	TrialController	Event SpecificTrialFinished
2018-04-12T09:16:07.9126879Z	TrialController	Event SpecificTrialFinished
2018-04-12T09:16:07.9227027Z	TrialController	Event SpecificTrialFinished
2018-04-12T09:16:07.9327230Z	TrialController	Event SpecificTrialFinished
2018-04-12T09:16:07.9432333Z	TrialController	Event SpecificTrialFinished
2018-04-12T09:16:07.9532504Z	TrialController	Event SpecificTrialFinished
2018-04-12T09:16:07.9632741Z	TrialController	Event SpecificTrialFinished
2018-04-12T09:16:07.9733125Z	TrialController	Event SpecificTrialFinished
2018-04-12T09:16:07.9833376Z	TrialController	Event SpecificTrialFinished
2018-04-12T09:16:07.9933541Z	TrialController	Event SpecificTrialFinished
2018-04-12T09:16:08.0038687Z	TrialController	Event SpecificTrialFinished
2018-04-12T09:16:08.0138841Z	TrialController	Event SpecificTrialFinished
2018-04-12T09:16:08.0239021Z	TrialController	Event SpecificTrialFinished
2018-04-12T09:16:08.0339149Z	TrialController	Event SpecificTrialFinished
2018-04-12T09:16:08.0439306Z	TrialController	Event SpecificTrialFinished
2018-04-12T09:16:08.0544546Z	TrialController	Event SpecificTrialFinished
2018-04-12T09:16:08.0654542Z	TrialController	Event SpecificTrialFinished
2018-04-12T09:16:08.0754699Z	TrialController	Event SpecificTrialFinished
2018-04-12T09:16:08.0854947Z	TrialController	Event SpecificTrialFinished
2018-04-12T09:16:08.0960010Z	TrialController	Event SpecificTrialFinished
2018-04-12T09:16:08.1060258Z	TrialController	Event SpecificTrialFinished
2018-04-12T09:16:08.1165336Z	TrialController	Event SpecificTrialFinished
2018-04-12T09:16:08.1310552Z	TrialController	Event SpecificTrialFinished
2018-04-12T09:16:08.1430748Z	TrialController	Event SpecificTrialFinished
2018-04-12T09:16:08.1550930Z	TrialController	Event SpecificTrialFinished
2018-04-12T09:16:08.1646078Z	TrialController	Event SpecificTrialFinished
2018-04-12T09:16:08.1746232Z	TrialController	Event SpecificTrialFinished
2018-04-12T09:16:08.1846386Z	TrialController	Event SpecificTrialFinished
2018-04-12T09:16:08.1951526Z	TrialController	Event SpecificTrialFinished
2018-04-12T09:16:08.2051680Z	TrialController	Event SpecificTrialFinished
2018-04-12T09:16:08.2151834Z	TrialController	Event SpecificTrialFinished
2018-04-12T09:16:08.2251988Z	TrialController	Event SpecificTrialFinished
2018-04-12T09:16:08.2352205Z	TrialController	Event SpecificTrialFinished
2018-04-12T09:16:08.2457306Z	TrialController	Event SpecificTrialFinished
2018-04-12T09:16:08.2557477Z	TrialController	Event SpecificTrialFinished
2018-04-12T09:16:08.2657616Z	TrialController	Event SpecificTrialFinished
2018-04-12T09:16:08.2752761Z	TrialController	Event SpecificTrialFinished
2018-04-12T09:16:08.2857924Z	TrialController	Event SpecificTrialFinished
2018-04-12T09:16:08.2958078Z	TrialController	Event SpecificTrialFinished
2018-04-12T09:16:08.3058232Z	TrialController	Event SpecificTrialFinished
2018-04-12T09:16:08.3158517Z	TrialController	Event SpecificTrialFinished
2018-04-12T09:16:08.3258671Z	TrialController	Event SpecificTrialFinished
2018-04-12T09:16:08.3358794Z	TrialController	Event SpecificTrialFinished
2018-04-12T09:16:08.3458942Z	TrialController	Event SpecificTrialFinished
2018-04-12T09:16:08.3559105Z	TrialController	Event SpecificTrialFinished
2018-04-12T09:16:08.3664177Z	TrialController	Event SpecificTrialFinished
2018-04-12T09:16:08.3769326Z	TrialController	Event SpecificTrialFinished
2018-04-12T09:16:08.3869574Z	TrialController	Event SpecificTrialFinished
2018-04-12T09:16:08.3969733Z	TrialController	Event SpecificTrialFinished
2018-04-12T09:16:08.4070144Z	TrialController	Event SpecificTrialFinished
2018-04-12T09:16:08.4170300Z	TrialController	Event SpecificTrialFinished
2018-04-12T09:16:08.4275361Z	TrialController	Event SpecificTrialFinished
2018-04-12T09:16:08.4375640Z	TrialController	Event SpecificTrialFinished
2018-04-12T09:16:08.4475669Z	TrialController	Event SpecificTrialFinished
2018-04-12T09:16:08.4575920Z	TrialController	Event SpecificTrialFinished
2018-04-12T09:16:08.4681086Z	TrialController	Event SpecificTrialFinished
2018-04-12T09:16:08.4781135Z	TrialController	Event SpecificTrialFinished
2018-04-12T09:16:08.4881391Z	TrialController	Event SpecificTrialFinished
2018-04-12T09:16:08.4981545Z	TrialController	Event SpecificTrialFinished
2018-04-12T09:16:08.5086606Z	TrialController	Event SpecificTrialFinished
2018-04-12T09:16:08.5187093Z	TrialController	Event SpecificTrialFinished
2018-04-12T09:16:08.5292341Z	TrialController	Event SpecificTrialFinished
2018-04-12T09:16:08.5387503Z	TrialController	Event SpecificTrialFinished
2018-04-12T09:16:08.5487634Z	TrialController	Event SpecificTrialFinished
2018-04-12T09:16:08.5587794Z	TrialController	Event SpecificTrialFinished
2018-04-12T09:16:08.5687848Z	TrialController	Event SpecificTrialFinished
2018-04-12T09:16:08.5793106Z	TrialController	Event SpecificTrialFinished
2018-04-12T09:16:08.5893262Z	TrialController	Event SpecificTrialFinished
2018-04-12T09:16:08.5988407Z	TrialController	Event SpecificTrialFinished
2018-04-12T09:16:08.6088564Z	TrialController	Event SpecificTrialFinished
2018-04-12T09:16:08.6188721Z	TrialController	Event SpecificTrialFinished
2018-04-12T09:16:08.6288869Z	TrialController	Event SpecificTrialFinished
2018-04-12T09:16:08.6389023Z	TrialController	Event SpecificTrialFinished
2018-04-12T09:16:08.6489209Z	TrialController	Event SpecificTrialFinished
2018-04-12T09:16:08.6589408Z	TrialController	Event SpecificTrialFinished
2018-04-12T09:16:08.6699410Z	TrialController	Event SpecificTrialFinished
2018-04-12T09:16:08.6804564Z	TrialController	Event SpecificTrialFinished
2018-04-12T09:16:08.6899837Z	TrialController	Event SpecificTrialFinished
2018-04-12T09:16:08.7005003Z	TrialController	Event SpecificTrialFinished
2018-04-12T09:16:08.7105126Z	TrialController	Event SpecificTrialFinished
2018-04-12T09:16:08.7210286Z	TrialController	Event SpecificTrialFinished
2018-04-12T09:16:08.7305437Z	TrialController	Event SpecificTrialFinished
2018-04-12T09:16:08.7405585Z	TrialController	Event SpecificTrialFinished
2018-04-12T09:16:08.7505742Z	TrialController	Event SpecificTrialFinished
2018-04-12T09:16:08.7615820Z	TrialController	Event SpecificTrialFinished
2018-04-12T09:16:08.7720983Z	TrialController	Event SpecificTrialFinished
2018-04-12T09:16:08.7821191Z	TrialController	Event SpecificTrialFinished
2018-04-12T09:16:08.7921459Z	TrialController	Event SpecificTrialFinished
2018-04-12T09:16:08.8031464Z	TrialController	Event SpecificTrialFinished
2018-04-12T09:16:08.8131891Z	TrialController	Event SpecificTrialFinished
2018-04-12T09:16:08.8232039Z	TrialController	Event SpecificTrialFinished
2018-04-12T09:16:08.8332193Z	TrialController	Event SpecificTrialFinished
2018-04-12T09:16:08.8477330Z	TrialController	Event SpecificTrialFinished
2018-04-12T09:16:08.8577603Z	TrialController	Event SpecificTrialFinished
2018-04-12T09:16:08.8677640Z	TrialController	Event SpecificTrialFinished
2018-04-12T09:16:08.8772774Z	TrialController	Event SpecificTrialFinished
2018-04-12T09:16:08.8873028Z	TrialController	Event SpecificTrialFinished
2018-04-12T09:16:08.8973179Z	TrialController	Event SpecificTrialFinished
2018-04-12T09:16:08.9073387Z	TrialController	Event SpecificTrialFinished
2018-04-12T09:16:08.9173492Z	TrialController	Event SpecificTrialFinished
2018-04-12T09:16:08.9273644Z	TrialController	Event SpecificTrialFinished
2018-04-12T09:16:08.9373795Z	TrialController	Event SpecificTrialFinished
2018-04-12T09:16:08.9468945Z	TrialController	Event SpecificTrialFinished
2018-04-12T09:16:08.9569156Z	TrialController	Event SpecificTrialFinished
2018-04-12T09:16:08.9664241Z	TrialController	Event SpecificTrialFinished
2018-04-12T09:16:08.9764395Z	TrialController	Event SpecificTrialFinished
2018-04-12T09:16:08.9869570Z	TrialController	Event SpecificTrialFinished
2018-04-12T09:16:08.9969610Z	TrialController	Event SpecificTrialFinished
2018-04-12T09:16:09.0069778Z	TrialController	Event SpecificTrialFinished
2018-04-12T09:16:09.0174941Z	TrialController	Event SpecificTrialFinished
2018-04-12T09:16:09.0275081Z	TrialController	Event SpecificTrialFinished
2018-04-12T09:16:09.0375357Z	TrialController	Event SpecificTrialFinished
2018-04-12T09:16:09.0475472Z	TrialController	Event SpecificTrialFinished
2018-04-12T09:16:09.0575646Z	TrialController	Event SpecificTrialFinished
2018-04-12T09:16:09.0675700Z	TrialController	Event SpecificTrialFinished
2018-04-12T09:16:09.0770942Z	TrialController	Event SpecificTrialFinished
2018-04-12T09:16:09.0866089Z	TrialController	Event SpecificTrialFinished
2018-04-12T09:16:09.0966243Z	TrialController	Event SpecificTrialFinished
2018-04-12T09:16:09.1066394Z	TrialController	Event SpecificTrialFinished
2018-04-12T09:16:09.1166603Z	TrialController	Event SpecificTrialFinished
2018-04-12T09:16:09.1296828Z	TrialController	Event SpecificTrialFinished
2018-04-12T09:16:09.1391982Z	TrialController	Event SpecificTrialFinished
2018-04-12T09:16:09.1492130Z	TrialController	Event SpecificTrialFinished
2018-04-12T09:16:09.1592108Z	TrialController	Event SpecificTrialFinished
2018-04-12T09:16:09.1692273Z	TrialController	Event SpecificTrialFinished
2018-04-12T09:16:09.1792447Z	TrialController	Event SpecificTrialFinished
2018-04-12T09:16:09.1892575Z	TrialController	Event SpecificTrialFinished
2018-04-12T09:16:09.1993646Z	TrialController	Event SpecificTrialFinished
2018-04-12T09:16:09.2093694Z	TrialController	Event SpecificTrialFinished
2018-04-12T09:16:09.2193951Z	TrialController	Event SpecificTrialFinished
2018-04-12T09:16:09.2294096Z	TrialController	Event SpecificTrialFinished
2018-04-12T09:16:09.2394250Z	TrialController	Event SpecificTrialFinished
2018-04-12T09:16:09.2489398Z	TrialController	Event SpecificTrialFinished
2018-04-12T09:16:09.2589552Z	TrialController	Event SpecificTrialFinished
2018-04-12T09:16:09.2694715Z	TrialController	Event SpecificTrialFinished
2018-04-12T09:16:09.2794787Z	TrialController	Event SpecificTrialFinished
2018-04-12T09:16:09.2894941Z	TrialController	Event SpecificTrialFinished
2018-04-12T09:16:09.2995092Z	TrialController	Event SpecificTrialFinished
2018-04-12T09:16:09.3090240Z	TrialController	Event SpecificTrialFinished
2018-04-12T09:16:09.3190388Z	TrialController	Event SpecificTrialFinished
2018-04-12T09:16:09.3290545Z	TrialController	Event SpecificTrialFinished
2018-04-12T09:16:09.3390761Z	TrialController	Event SpecificTrialFinished
2018-04-12T09:16:09.3485838Z	TrialController	Event SpecificTrialFinished
2018-04-12T09:16:09.3580983Z	TrialController	Event SpecificTrialFinished
2018-04-12T09:16:09.3681254Z	TrialController	Event SpecificTrialFinished
2018-04-12T09:16:09.3781294Z	TrialController	Event SpecificTrialFinished
2018-04-12T09:16:09.3874850Z	TrialController	Event SpecificTrialFinished
2018-04-12T09:16:09.3970007Z	TrialController	Event SpecificTrialFinished
2018-04-12T09:16:09.4075244Z	TrialController	Event SpecificTrialFinished
2018-04-12T09:16:09.4170309Z	TrialController	Event SpecificTrialFinished
2018-04-12T09:16:09.4270358Z	TrialController	Event SpecificTrialFinished
2018-04-12T09:16:09.4365628Z	TrialController	Event SpecificTrialFinished
2018-04-12T09:16:09.4465659Z	TrialController	Event SpecificTrialFinished
2018-04-12T09:16:09.4565910Z	TrialController	Event SpecificTrialFinished
2018-04-12T09:16:09.4661058Z	TrialController	Event SpecificTrialFinished
2018-04-12T09:16:09.4761209Z	TrialController	Event SpecificTrialFinished
2018-04-12T09:16:09.4861363Z	TrialController	Event SpecificTrialFinished
2018-04-12T09:16:09.4956505Z	TrialController	Event SpecificTrialFinished
2018-04-12T09:16:09.5051659Z	TrialController	Event SpecificTrialFinished
2018-04-12T09:16:09.5151810Z	TrialController	Event SpecificTrialFinished
2018-04-12T09:16:09.5246983Z	TrialController	Event SpecificTrialFinished
2018-04-12T09:16:09.5342125Z	TrialController	Event SpecificTrialFinished
2018-04-12T09:16:09.5442160Z	TrialController	Event SpecificTrialFinished
2018-04-12T09:16:09.5542325Z	TrialController	Event SpecificTrialFinished
2018-04-12T09:16:09.5637473Z	TrialController	Event SpecificTrialFinished
2018-04-12T09:16:09.5732757Z	TrialController	Event SpecificTrialFinished
2018-04-12T09:16:09.5827851Z	TrialController	Event SpecificTrialFinished
2018-04-12T09:16:09.5923061Z	TrialController	Event SpecificTrialFinished
2018-04-12T09:16:09.6028059Z	TrialController	Event SpecificTrialFinished
2018-04-12T09:16:09.6133364Z	TrialController	Event SpecificTrialFinished
2018-04-12T09:16:09.6228637Z	TrialController	Event SpecificTrialFinished
2018-04-12T09:16:09.6323777Z	TrialController	Event SpecificTrialFinished
2018-04-12T09:16:09.6423965Z	TrialController	Event SpecificTrialFinished
2018-04-12T09:16:09.6519053Z	TrialController	Event SpecificTrialFinished
2018-04-12T09:16:09.6619255Z	TrialController	Event SpecificTrialFinished
2018-04-12T09:16:09.6719361Z	TrialController	Event SpecificTrialFinished
2018-04-12T09:16:09.6814508Z	TrialController	Event SpecificTrialFinished
2018-04-12T09:16:09.6914662Z	TrialController	Event SpecificTrialFinished
2018-04-12T09:16:09.7004798Z	TrialController	Event SpecificTrialFinished
2018-04-12T09:16:09.7109961Z	TrialController	Event SpecificTrialFinished
2018-04-12T09:16:09.7210115Z	TrialController	Event SpecificTrialFinished
2018-04-12T09:16:09.7305266Z	TrialController	Event SpecificTrialFinished
2018-04-12T09:16:09.7400405Z	TrialController	Event SpecificTrialFinished
2018-04-12T09:16:09.7495601Z	TrialController	Event SpecificTrialFinished
2018-04-12T09:16:09.7595710Z	TrialController	Event SpecificTrialFinished
2018-04-12T09:16:09.7695861Z	TrialController	Event SpecificTrialFinished
2018-04-12T09:16:09.7791011Z	TrialController	Event SpecificTrialFinished
2018-04-12T09:16:09.7888325Z	TrialController	Event SpecificTrialFinished
2018-04-12T09:16:09.8043690Z	TrialController	Event SpecificTrialFinished
2018-04-12T09:16:09.8143822Z	TrialController	Event SpecificTrialFinished
2018-04-12T09:16:09.8238966Z	TrialController	Event SpecificTrialFinished
2018-04-12T09:16:09.8334114Z	TrialController	Event SpecificTrialFinished
2018-04-12T09:16:09.8434268Z	TrialController	Event SpecificTrialFinished
2018-04-12T09:16:09.8529413Z	TrialController	Event SpecificTrialFinished
2018-04-12T09:16:09.8629593Z	TrialController	Event SpecificTrialFinished
2018-04-12T09:16:09.8724712Z	TrialController	Event SpecificTrialFinished
2018-04-12T09:16:09.8824874Z	TrialController	Event SpecificTrialFinished
2018-04-12T09:16:09.8920011Z	TrialController	Event SpecificTrialFinished
2018-04-12T09:16:09.9020168Z	TrialController	Event SpecificTrialFinished
2018-04-12T09:16:09.9120606Z	TrialController	Event SpecificTrialFinished
2018-04-12T09:16:09.9220763Z	TrialController	Event SpecificTrialFinished
2018-04-12T09:16:09.9315925Z	TrialController	Event SpecificTrialFinished
2018-04-12T09:16:09.9416668Z	TrialController	Event SpecificTrialFinished
2018-04-12T09:16:09.9501820Z	TrialController	Event SpecificTrialFinished
2018-04-12T09:16:09.9609369Z	TrialController	Event SpecificTrialFinished
2018-04-12T09:16:09.9704425Z	TrialController	Event SpecificTrialFinished
2018-04-12T09:16:09.9804574Z	TrialController	Event SpecificTrialFinished
2018-04-12T09:16:09.9909796Z	TrialController	Event SpecificTrialFinished
2018-04-12T09:16:10.0014897Z	TrialController	Event SpecificTrialFinished
2018-04-12T09:16:10.0105138Z	TrialController	Event SpecificTrialFinished
2018-04-12T09:16:10.0205309Z	TrialController	Event SpecificTrialFinished
2018-04-12T09:16:10.0300434Z	TrialController	Event SpecificTrialFinished
2018-04-12T09:16:10.0395579Z	TrialController	Event SpecificTrialFinished
2018-04-12T09:16:10.0490721Z	TrialController	Event SpecificTrialFinished
2018-04-12T09:16:10.0585886Z	TrialController	Event SpecificTrialFinished
2018-04-12T09:16:10.0686034Z	TrialController	Event SpecificTrialFinished
2018-04-12T09:16:10.0786180Z	TrialController	Event SpecificTrialFinished
2018-04-12T09:16:10.0881324Z	TrialController	Event SpecificTrialFinished
2018-04-12T09:16:10.0981484Z	TrialController	Event SpecificTrialFinished
2018-04-12T09:16:10.1076632Z	TrialController	Event SpecificTrialFinished
2018-04-12T09:16:10.1186702Z	TrialController	Event SpecificTrialFinished
2018-04-12T09:16:10.1302000Z	TrialController	Event SpecificTrialFinished
2018-04-12T09:16:10.1427068Z	TrialController	Event SpecificTrialFinished
2018-04-12T09:16:10.1527322Z	TrialController	Event SpecificTrialFinished
2018-04-12T09:16:10.1632531Z	TrialController	Event SpecificTrialFinished
2018-04-12T09:16:10.1727636Z	TrialController	Event SpecificTrialFinished
2018-04-12T09:16:10.1822772Z	TrialController	Event SpecificTrialFinished
2018-04-12T09:16:10.1917968Z	TrialController	Event SpecificTrialFinished
2018-04-12T09:16:10.2018074Z	TrialController	Event SpecificTrialFinished
2018-04-12T09:16:10.2113267Z	TrialController	Event SpecificTrialFinished
2018-04-12T09:16:10.2233455Z	TrialController	Event SpecificTrialFinished
2018-04-12T09:16:10.2328517Z	TrialController	Event SpecificTrialFinished
2018-04-12T09:16:10.2423699Z	TrialController	Event SpecificTrialFinished
2018-04-12T09:16:10.2518841Z	TrialController	Event SpecificTrialFinished
2018-04-12T09:16:10.2609295Z	TrialController	Event SpecificTrialFinished
2018-04-12T09:16:10.2709708Z	TrialController	Event SpecificTrialFinished
2018-04-12T09:16:10.2814749Z	TrialController	Event SpecificTrialFinished
2018-04-12T09:16:10.2915134Z	TrialController	Event SpecificTrialFinished
2018-04-12T09:16:10.3025391Z	TrialController	Event SpecificTrialFinished
2018-04-12T09:16:10.3120596Z	TrialController	Event SpecificTrialFinished
2018-04-12T09:16:10.3215687Z	TrialController	Event SpecificTrialFinished
2018-04-12T09:16:10.3315841Z	TrialController	Event SpecificTrialFinished
2018-04-12T09:16:10.3415992Z	TrialController	Event SpecificTrialFinished
2018-04-12T09:16:10.3516146Z	TrialController	Event SpecificTrialFinished
2018-04-12T09:16:10.3611291Z	TrialController	Event SpecificTrialFinished
2018-04-12T09:16:10.3711354Z	TrialController	Event SpecificTrialFinished
2018-04-12T09:16:10.3811607Z	TrialController	Event SpecificTrialFinished
2018-04-12T09:16:10.3911759Z	TrialController	Event SpecificTrialFinished
2018-04-12T09:16:10.4006901Z	TrialController	Event SpecificTrialFinished
2018-04-12T09:16:10.4107055Z	TrialController	Event SpecificTrialFinished
2018-04-12T09:16:10.4202199Z	TrialController	Event SpecificTrialFinished
2018-04-12T09:16:10.4302356Z	TrialController	Event SpecificTrialFinished
2018-04-12T09:16:10.4397501Z	TrialController	Event SpecificTrialFinished
2018-04-12T09:16:10.4497556Z	TrialController	Event SpecificTrialFinished
2018-04-12T09:16:10.4592755Z	TrialController	Event SpecificTrialFinished
2018-04-12T09:16:10.4688409Z	TrialController	Event SpecificTrialFinished
2018-04-12T09:16:10.4783534Z	TrialController	Event SpecificTrialFinished
2018-04-12T09:16:10.4878568Z	TrialController	Event SpecificTrialFinished
2018-04-12T09:16:10.4978727Z	TrialController	Event SpecificTrialFinished
2018-04-12T09:16:10.5073869Z	TrialController	Event SpecificTrialFinished
2018-04-12T09:16:10.5169014Z	TrialController	Event SpecificTrialFinished
2018-04-12T09:16:10.5264162Z	TrialController	Event SpecificTrialFinished
2018-04-12T09:16:10.5384335Z	TrialController	Event SpecificTrialFinished
2018-04-12T09:16:10.5479608Z	TrialController	Event SpecificTrialFinished
2018-04-12T09:16:10.5569747Z	TrialController	Event SpecificTrialFinished
2018-04-12T09:16:10.5669870Z	TrialController	Event SpecificTrialFinished
2018-04-12T09:16:10.5765046Z	TrialController	Event SpecificTrialFinished
2018-04-12T09:16:10.5865174Z	TrialController	Event SpecificTrialFinished
2018-04-12T09:16:10.5960316Z	TrialController	Event SpecificTrialFinished
2018-04-12T09:16:10.6055464Z	TrialController	Event SpecificTrialFinished
2018-04-12T09:16:10.6150615Z	TrialController	Event SpecificTrialFinished
2018-04-12T09:16:10.6250766Z	TrialController	Event SpecificTrialFinished
2018-04-12T09:16:10.6345911Z	TrialController	Event SpecificTrialFinished
2018-04-12T09:16:10.6441061Z	TrialController	Event SpecificTrialFinished
2018-04-12T09:16:10.6546224Z	TrialController	Event SpecificTrialFinished
2018-04-12T09:16:10.6641364Z	TrialController	Event SpecificTrialFinished
2018-04-12T09:16:10.6736511Z	TrialController	Event SpecificTrialFinished
2018-04-12T09:16:10.6831662Z	TrialController	Event SpecificTrialFinished
2018-04-12T09:16:10.6926710Z	TrialController	Event SpecificTrialFinished
2018-04-12T09:16:10.7026986Z	TrialController	Event SpecificTrialFinished
2018-04-12T09:16:10.7122009Z	TrialController	Event SpecificTrialFinished
2018-04-12T09:16:10.7217279Z	TrialController	Event SpecificTrialFinished
2018-04-12T09:16:10.7312432Z	TrialController	Event SpecificTrialFinished
2018-04-12T09:16:10.7457623Z	TrialController	Event SpecificTrialFinished
2018-04-12T09:16:10.7552776Z	TrialController	Event SpecificTrialFinished
2018-04-12T09:16:10.7652927Z	TrialController	Event SpecificTrialFinished
2018-04-12T09:16:10.7753076Z	TrialController	Event SpecificTrialFinished
2018-04-12T09:16:10.7843263Z	TrialController	Event SpecificTrialFinished
2018-04-12T09:16:10.7943397Z	TrialController	Event SpecificTrialFinished
2018-04-12T09:16:10.8038647Z	TrialController	Event SpecificTrialFinished
2018-04-12T09:16:10.8133661Z	TrialController	Event SpecificTrialFinished
2018-04-12T09:16:10.8223800Z	TrialController	Event SpecificTrialFinished
2018-04-12T09:16:10.8318944Z	TrialController	Event SpecificTrialFinished
2018-04-12T09:16:10.8414092Z	TrialController	Event SpecificTrialFinished
2018-04-12T09:16:10.8509237Z	TrialController	Event SpecificTrialFinished
2018-04-12T09:16:10.8599376Z	TrialController	Event SpecificTrialFinished
2018-04-12T09:16:10.8694523Z	TrialController	Event SpecificTrialFinished
2018-04-12T09:16:10.8794675Z	TrialController	Event SpecificTrialFinished
2018-04-12T09:16:10.8889825Z	TrialController	Event SpecificTrialFinished
2018-04-12T09:16:10.8984970Z	TrialController	Event SpecificTrialFinished
2018-04-12T09:16:10.9075012Z	TrialController	Event SpecificTrialFinished
2018-04-12T09:16:10.9170279Z	TrialController	Event SpecificTrialFinished
2018-04-12T09:16:10.9265304Z	TrialController	Event SpecificTrialFinished
2018-04-12T09:16:10.9355563Z	TrialController	Event SpecificTrialFinished
2018-04-12T09:16:10.9450705Z	TrialController	Event SpecificTrialFinished
2018-04-12T09:16:10.9545733Z	TrialController	Event SpecificTrialFinished
2018-04-12T09:16:10.9635994Z	TrialController	Event SpecificTrialFinished
2018-04-12T09:16:10.9731019Z	TrialController	Event SpecificTrialFinished
2018-04-12T09:16:10.9821300Z	TrialController	Event SpecificTrialFinished
2018-04-12T09:16:10.9911296Z	TrialController	Event SpecificTrialFinished
2018-04-12T09:16:11.0006444Z	TrialController	Event SpecificTrialFinished
2018-04-12T09:16:11.0101686Z	TrialController	Event SpecificTrialFinished
2018-04-12T09:16:11.0201746Z	TrialController	Event SpecificTrialFinished
2018-04-12T09:16:11.0297010Z	TrialController	Event SpecificTrialFinished
2018-04-12T09:16:11.0392132Z	TrialController	Event SpecificTrialFinished
2018-04-12T09:16:11.0487277Z	TrialController	Event SpecificTrialFinished
2018-04-12T09:16:11.0577424Z	TrialController	Event SpecificTrialFinished
2018-04-12T09:16:11.0672564Z	TrialController	Event SpecificTrialFinished
2018-04-12T09:16:11.0762705Z	TrialController	Event SpecificTrialFinished
2018-04-12T09:16:11.0852841Z	TrialController	Event SpecificTrialFinished
2018-04-12T09:16:11.0947912Z	TrialController	Event SpecificTrialFinished
2018-04-12T09:16:11.1038150Z	TrialController	Event SpecificTrialFinished
2018-04-12T09:16:11.1138284Z	TrialController	Event SpecificTrialFinished
2018-04-12T09:16:11.1248357Z	TrialController	Event SpecificTrialFinished
2018-04-12T09:16:11.1343504Z	TrialController	Event SpecificTrialFinished
2018-04-12T09:16:11.1438652Z	TrialController	Event SpecificTrialFinished
2018-04-12T09:16:11.1533797Z	TrialController	Event SpecificTrialFinished
2018-04-12T09:16:11.1623935Z	TrialController	Event SpecificTrialFinished
2018-04-12T09:16:11.1719080Z	TrialController	Event SpecificTrialFinished
2018-04-12T09:16:11.1814231Z	TrialController	Event SpecificTrialFinished
2018-04-12T09:16:11.1909373Z	TrialController	Event SpecificTrialFinished
2018-04-12T09:16:11.1999512Z	TrialController	Event SpecificTrialFinished
2018-04-12T09:16:11.2099666Z	TrialController	Event SpecificTrialFinished
2018-04-12T09:16:11.2194810Z	TrialController	Event SpecificTrialFinished
2018-04-12T09:16:11.2284949Z	TrialController	Event SpecificTrialFinished
2018-04-12T09:16:11.2375093Z	TrialController	Event SpecificTrialFinished
2018-04-12T09:16:11.2490255Z	TrialController	Event SpecificTrialFinished
2018-04-12T09:16:11.2585403Z	TrialController	Event SpecificTrialFinished
2018-04-12T09:16:11.2680547Z	TrialController	Event SpecificTrialFinished
2018-04-12T09:16:11.2775695Z	TrialController	Event SpecificTrialFinished
2018-04-12T09:16:11.2865834Z	TrialController	Event SpecificTrialFinished
2018-04-12T09:16:11.2960979Z	TrialController	Event SpecificTrialFinished
2018-04-12T09:16:11.3051117Z	TrialController	Event SpecificTrialFinished
2018-04-12T09:16:11.3146316Z	TrialController	Event SpecificTrialFinished
2018-04-12T09:16:11.3271462Z	TrialController	Event SpecificTrialFinished
2018-04-12T09:16:11.3411674Z	TrialController	Event SpecificTrialFinished
2018-04-12T09:16:11.3531859Z	TrialController	Event SpecificTrialFinished
2018-04-12T09:16:11.3632013Z	TrialController	Event SpecificTrialFinished
2018-04-12T09:16:11.3722152Z	TrialController	Event SpecificTrialFinished
2018-04-12T09:16:11.3827315Z	TrialController	Event SpecificTrialFinished
2018-04-12T09:16:11.3917454Z	TrialController	Event SpecificTrialFinished
2018-04-12T09:16:11.4012598Z	TrialController	Event SpecificTrialFinished
2018-04-12T09:16:11.4112764Z	TrialController	Event SpecificTrialFinished
2018-04-12T09:16:11.4212918Z	TrialController	Event SpecificTrialFinished
2018-04-12T09:16:11.4313080Z	TrialController	Event SpecificTrialFinished
2018-04-12T09:16:11.4413220Z	TrialController	Event SpecificTrialFinished
2018-04-12T09:16:11.4523387Z	TrialController	Event SpecificTrialFinished
2018-04-12T09:16:11.4628544Z	TrialController	Event SpecificTrialFinished
2018-04-12T09:16:11.4733710Z	TrialController	Event SpecificTrialFinished
2018-04-12T09:16:11.4853892Z	TrialController	Event SpecificTrialFinished
2018-04-12T09:16:11.4964061Z	TrialController	Event SpecificTrialFinished
2018-04-12T09:16:11.5074234Z	TrialController	Event SpecificTrialFinished
2018-04-12T09:16:11.5214446Z	TrialController	Event SpecificTrialFinished
2018-04-12T09:16:11.5309597Z	TrialController	Event SpecificTrialFinished
2018-04-12T09:16:11.5399741Z	TrialController	Event SpecificTrialFinished
2018-04-12T09:16:11.5495054Z	TrialController	Event SpecificTrialFinished
2018-04-12T09:16:11.5590199Z	TrialController	Event SpecificTrialFinished
2018-04-12T09:16:11.5685347Z	TrialController	Event SpecificTrialFinished
2018-04-12T09:16:11.5775434Z	TrialController	Event SpecificTrialFinished
2018-04-12T09:16:11.5870556Z	TrialController	Event SpecificTrialFinished
2018-04-12T09:16:11.5960601Z	TrialController	Event SpecificTrialFinished
2018-04-12T09:16:11.6055840Z	TrialController	Event SpecificTrialFinished
2018-04-12T09:16:11.6151241Z	TrialController	Event SpecificTrialFinished
2018-04-12T09:16:11.6246371Z	TrialController	Event SpecificTrialFinished
2018-04-12T09:16:11.6341513Z	TrialController	Event SpecificTrialFinished
2018-04-12T09:16:11.6441719Z	TrialController	Event SpecificTrialFinished
2018-04-12T09:16:11.6536812Z	TrialController	Event SpecificTrialFinished
2018-04-12T09:16:11.6631960Z	TrialController	Event SpecificTrialFinished
2018-04-12T09:16:11.6727113Z	TrialController	Event SpecificTrialFinished
2018-04-12T09:16:11.6872321Z	TrialController	Event SpecificTrialFinished
2018-04-12T09:16:11.6962366Z	TrialController	Event SpecificTrialFinished
2018-04-12T09:16:11.7052504Z	TrialController	Event SpecificTrialFinished
2018-04-12T09:16:11.7142643Z	TrialController	Event SpecificTrialFinished
2018-04-12T09:16:11.7237791Z	TrialController	Event SpecificTrialFinished
2018-04-12T09:16:11.7327989Z	TrialController	Event SpecificTrialFinished
2018-04-12T09:16:11.7423151Z	TrialController	Event SpecificTrialFinished
2018-04-12T09:16:11.7508207Z	TrialController	Event SpecificTrialFinished
2018-04-12T09:16:11.7593336Z	TrialController	Event SpecificTrialFinished
2018-04-12T09:16:11.7693493Z	TrialController	Event SpecificTrialFinished
2018-04-12T09:16:11.7788638Z	TrialController	Event SpecificTrialFinished
2018-04-12T09:16:11.7883783Z	TrialController	Event SpecificTrialFinished
2018-04-12T09:16:11.7973921Z	TrialController	Event SpecificTrialFinished
2018-04-12T09:16:11.8069069Z	TrialController	Event SpecificTrialFinished
2018-04-12T09:16:11.8164214Z	TrialController	Event SpecificTrialFinished
2018-04-12T09:16:11.8254352Z	TrialController	Event SpecificTrialFinished
2018-04-12T09:16:11.8349500Z	TrialController	Event SpecificTrialFinished
2018-04-12T09:16:11.8439636Z	TrialController	Event SpecificTrialFinished
2018-04-12T09:16:11.8529777Z	TrialController	Event SpecificTrialFinished
2018-04-12T09:16:11.8619913Z	TrialController	Event SpecificTrialFinished
2018-04-12T09:16:11.8715061Z	TrialController	Event SpecificTrialFinished
2018-04-12T09:16:11.8805199Z	TrialController	Event SpecificTrialFinished
2018-04-12T09:16:11.8900356Z	TrialController	Event SpecificTrialFinished
2018-04-12T09:16:11.9000498Z	TrialController	Event SpecificTrialFinished
2018-04-12T09:16:11.9095646Z	TrialController	Event SpecificTrialFinished
2018-04-12T09:16:11.9185785Z	TrialController	Event SpecificTrialFinished
2018-04-12T09:16:11.9275923Z	TrialController	Event SpecificTrialFinished
2018-04-12T09:16:11.9366062Z	TrialController	Event SpecificTrialFinished
2018-04-12T09:16:11.9461212Z	TrialController	Event SpecificTrialFinished
2018-04-12T09:16:11.9551348Z	TrialController	Event SpecificTrialFinished
2018-04-12T09:16:11.9646496Z	TrialController	Event SpecificTrialFinished
2018-04-12T09:16:11.9731625Z	TrialController	Event SpecificTrialFinished
2018-04-12T09:16:11.9826773Z	TrialController	Event SpecificTrialFinished
2018-04-12T09:16:11.9921921Z	TrialController	Event SpecificTrialFinished
2018-04-12T09:16:12.0012057Z	TrialController	Event SpecificTrialFinished
2018-04-12T09:16:12.0102195Z	TrialController	Event SpecificTrialFinished
2018-04-12T09:16:12.0197366Z	TrialController	Event SpecificTrialFinished
2018-04-12T09:16:12.0287479Z	TrialController	Event SpecificTrialFinished
2018-04-12T09:16:12.0377691Z	TrialController	Event SpecificTrialFinished
2018-04-12T09:16:12.0467756Z	TrialController	Event SpecificTrialFinished
2018-04-12T09:16:12.0562904Z	TrialController	Event SpecificTrialFinished
2018-04-12T09:16:12.0658048Z	TrialController	Event SpecificTrialFinished
2018-04-12T09:16:12.0748193Z	TrialController	Event SpecificTrialFinished
2018-04-12T09:16:12.0843335Z	TrialController	Event SpecificTrialFinished
2018-04-12T09:16:12.0928467Z	TrialController	Event SpecificTrialFinished
2018-04-12T09:16:12.1023612Z	TrialController	Event SpecificTrialFinished
2018-04-12T09:16:12.1113751Z	TrialController	Event SpecificTrialFinished
2018-04-12T09:16:12.1213910Z	TrialController	Event SpecificTrialFinished
2018-04-12T09:16:12.1319073Z	TrialController	Event SpecificTrialFinished
2018-04-12T09:16:12.1414224Z	TrialController	Event SpecificTrialFinished
2018-04-12T09:16:12.1509360Z	TrialController	Event SpecificTrialFinished
2018-04-12T09:16:12.1599507Z	TrialController	Event SpecificTrialFinished
2018-04-12T09:16:12.1689638Z	TrialController	Event SpecificTrialFinished
2018-04-12T09:16:12.1779785Z	TrialController	Event SpecificTrialFinished
2018-04-12T09:16:12.1870040Z	TrialController	Event SpecificTrialFinished
2018-04-12T09:16:12.1965077Z	TrialController	Event SpecificTrialFinished
2018-04-12T09:16:12.2055301Z	TrialController	Event SpecificTrialFinished
2018-04-12T09:16:12.2145354Z	TrialController	Event SpecificTrialFinished
2018-04-12T09:16:12.2235578Z	TrialController	Event SpecificTrialFinished
2018-04-12T09:16:12.2325617Z	TrialController	Event SpecificTrialFinished
2018-04-12T09:16:12.2415858Z	TrialController	Event SpecificTrialFinished
2018-04-12T09:16:12.2505994Z	TrialController	Event SpecificTrialFinished
2018-04-12T09:16:12.2596132Z	TrialController	Event SpecificTrialFinished
2018-04-12T09:16:12.2691183Z	TrialController	Event SpecificTrialFinished
2018-04-12T09:16:12.2781447Z	TrialController	Event SpecificTrialFinished
2018-04-12T09:16:12.2871458Z	TrialController	Event SpecificTrialFinished
2018-04-12T09:16:12.2961730Z	TrialController	Event SpecificTrialFinished
2018-04-12T09:16:12.3056844Z	TrialController	Event SpecificTrialFinished
2018-04-12T09:16:12.3146982Z	TrialController	Event SpecificTrialFinished
2018-04-12T09:16:12.3242124Z	TrialController	Event SpecificTrialFinished
2018-04-12T09:16:12.3342181Z	TrialController	Event SpecificTrialFinished
2018-04-12T09:16:12.3432445Z	TrialController	Event SpecificTrialFinished
2018-04-12T09:16:12.3517839Z	TrialController	Event SpecificTrialFinished
2018-04-12T09:16:12.3612930Z	TrialController	Event SpecificTrialFinished
2018-04-12T09:16:12.3698060Z	TrialController	Event SpecificTrialFinished
2018-04-12T09:16:12.3798114Z	TrialController	Event SpecificTrialFinished
2018-04-12T09:16:12.3898533Z	TrialController	Event SpecificTrialFinished
2018-04-12T09:16:12.3988671Z	TrialController	Event SpecificTrialFinished
2018-04-12T09:16:12.4078930Z	TrialController	Event SpecificTrialFinished
2018-04-12T09:16:12.4169068Z	TrialController	Event SpecificTrialFinished
2018-04-12T09:16:12.4264216Z	TrialController	Event SpecificTrialFinished
2018-04-12T09:16:12.4359355Z	TrialController	Event SpecificTrialFinished
2018-04-12T09:16:12.4454486Z	TrialController	Event SpecificTrialFinished
2018-04-12T09:16:12.4550060Z	TrialController	Event SpecificTrialFinished
2018-04-12T09:16:12.4645333Z	TrialController	Event SpecificTrialFinished
2018-04-12T09:16:12.4735443Z	TrialController	Event SpecificTrialFinished
2018-04-12T09:16:12.4825613Z	TrialController	Event SpecificTrialFinished
2018-04-12T09:16:12.4915718Z	TrialController	Event SpecificTrialFinished
2018-04-12T09:16:12.5005862Z	TrialController	Event SpecificTrialFinished
2018-04-12T09:16:12.5106013Z	TrialController	Event SpecificTrialFinished
2018-04-12T09:16:12.5206070Z	TrialController	Event SpecificTrialFinished
2018-04-12T09:16:12.5296303Z	TrialController	Event SpecificTrialFinished
2018-04-12T09:16:12.5386447Z	TrialController	Event SpecificTrialFinished
2018-04-12T09:16:12.5481501Z	TrialController	Event SpecificTrialFinished
2018-04-12T09:16:12.5571731Z	TrialController	Event SpecificTrialFinished
2018-04-12T09:16:12.5666878Z	TrialController	Event SpecificTrialFinished
2018-04-12T09:16:12.5805830Z	TrialController	Event SpecificTrialFinished
2018-04-12T09:16:12.5895972Z	TrialController	Event SpecificTrialFinished
2018-04-12T09:16:12.5986059Z	TrialController	Event SpecificTrialFinished
2018-04-12T09:16:12.6081210Z	TrialController	Event SpecificTrialFinished
2018-04-12T09:16:12.6176349Z	TrialController	Event SpecificTrialFinished
2018-04-12T09:16:12.6266490Z	TrialController	Event SpecificTrialFinished
2018-04-12T09:16:12.6356629Z	TrialController	Event SpecificTrialFinished
2018-04-12T09:16:12.6451777Z	TrialController	Event SpecificTrialFinished
2018-04-12T09:16:12.6541915Z	TrialController	Event SpecificTrialFinished
2018-04-12T09:16:12.6632054Z	TrialController	Event SpecificTrialFinished
2018-04-12T09:16:12.6722195Z	TrialController	Event SpecificTrialFinished
2018-04-12T09:16:12.6812328Z	TrialController	Event SpecificTrialFinished
2018-04-12T09:16:12.6897458Z	TrialController	Event SpecificTrialFinished
2018-04-12T09:16:12.6992512Z	TrialController	Event SpecificTrialFinished
2018-04-12T09:16:12.7082647Z	TrialController	Event SpecificTrialFinished
2018-04-12T09:16:12.7172794Z	TrialController	Event SpecificTrialFinished
2018-04-12T09:16:12.7262936Z	TrialController	Event SpecificTrialFinished
2018-04-12T09:16:12.7353080Z	TrialController	Event SpecificTrialFinished
2018-04-12T09:16:12.7443219Z	TrialController	Event SpecificTrialFinished
2018-04-12T09:16:12.7533340Z	TrialController	Event SpecificTrialFinished
2018-04-12T09:16:12.7618484Z	TrialController	Event SpecificTrialFinished
2018-04-12T09:16:12.7708626Z	TrialController	Event SpecificTrialFinished
2018-04-12T09:16:12.7798756Z	TrialController	Event SpecificTrialFinished
2018-04-12T09:16:12.7889014Z	TrialController	Event SpecificTrialFinished
2018-04-12T09:16:12.7974115Z	TrialController	Event SpecificTrialFinished
2018-04-12T09:16:12.8064253Z	TrialController	Event SpecificTrialFinished
2018-04-12T09:16:12.8154392Z	TrialController	Event SpecificTrialFinished
2018-04-12T09:16:12.8244533Z	TrialController	Event SpecificTrialFinished
2018-04-12T09:16:12.8334672Z	TrialController	Event SpecificTrialFinished
2018-04-12T09:16:12.8424813Z	TrialController	Event SpecificTrialFinished
2018-04-12T09:16:12.8514998Z	TrialController	Event SpecificTrialFinished
2018-04-12T09:16:12.8605085Z	TrialController	Event SpecificTrialFinished
2018-04-12T09:16:12.8695224Z	TrialController	Event SpecificTrialFinished
2018-04-12T09:16:12.8785365Z	TrialController	Event SpecificTrialFinished
2018-04-12T09:16:12.8875501Z	TrialController	Event SpecificTrialFinished
2018-04-12T09:16:12.8960548Z	TrialController	Event SpecificTrialFinished
2018-04-12T09:16:12.9050772Z	TrialController	Event SpecificTrialFinished
2018-04-12T09:16:12.9140833Z	TrialController	Event SpecificTrialFinished
2018-04-12T09:16:12.9226117Z	TrialController	Event SpecificTrialFinished
2018-04-12T09:16:12.9321099Z	TrialController	Event SpecificTrialFinished
2018-04-12T09:16:12.9411323Z	TrialController	Event SpecificTrialFinished
2018-04-12T09:16:12.9491444Z	TrialController	Event SpecificTrialFinished
2018-04-12T09:16:12.9576604Z	TrialController	Event SpecificTrialFinished
2018-04-12T09:16:12.9671724Z	TrialController	Event SpecificTrialFinished
2018-04-12T09:16:12.9761868Z	TrialController	Event SpecificTrialFinished
2018-04-12T09:16:12.9852004Z	TrialController	Event SpecificTrialFinished
2018-04-12T09:16:12.9942145Z	TrialController	Event SpecificTrialFinished
2018-04-12T09:16:13.0027272Z	TrialController	Event SpecificTrialFinished
2018-04-12T09:16:13.0122323Z	TrialController	Event SpecificTrialFinished
2018-04-12T09:16:13.0217468Z	TrialController	Event SpecificTrialFinished
2018-04-12T09:16:13.0307709Z	TrialController	Event SpecificTrialFinished
2018-04-12T09:16:13.0392850Z	TrialController	Event SpecificTrialFinished
2018-04-12T09:16:13.0487881Z	TrialController	Event SpecificTrialFinished
2018-04-12T09:16:13.0578150Z	TrialController	Event SpecificTrialFinished
2018-04-12T09:16:13.0663191Z	TrialController	Event SpecificTrialFinished
2018-04-12T09:16:13.0753313Z	TrialController	Event SpecificTrialFinished
2018-04-12T09:16:13.0843554Z	TrialController	Event SpecificTrialFinished
2018-04-12T09:16:13.0928561Z	TrialController	Event SpecificTrialFinished
2018-04-12T09:16:13.1018828Z	TrialController	Event SpecificTrialFinished
2018-04-12T09:16:13.1108961Z	TrialController	Event SpecificTrialFinished
2018-04-12T09:16:13.1203983Z	TrialController	Event SpecificTrialFinished
2018-04-12T09:16:13.1314275Z	TrialController	Event SpecificTrialFinished
2018-04-12T09:16:13.1404300Z	TrialController	Event SpecificTrialFinished
2018-04-12T09:16:13.1494433Z	TrialController	Event SpecificTrialFinished
2018-04-12T09:16:13.1584694Z	TrialController	Event SpecificTrialFinished
2018-04-12T09:16:13.1674858Z	TrialController	Event SpecificTrialFinished
2018-04-12T09:16:13.1764945Z	TrialController	Event SpecificTrialFinished
2018-04-12T09:16:13.1854984Z	TrialController	Event SpecificTrialFinished
2018-04-12T09:16:13.1945225Z	TrialController	Event SpecificTrialFinished
2018-04-12T09:16:13.2035361Z	TrialController	Event SpecificTrialFinished
2018-04-12T09:16:13.2130534Z	TrialController	Event SpecificTrialFinished
2018-04-12T09:16:13.2220647Z	TrialController	Event SpecificTrialFinished
2018-04-12T09:16:13.2310789Z	TrialController	Event SpecificTrialFinished
2018-04-12T09:16:13.2400933Z	TrialController	Event SpecificTrialFinished
2018-04-12T09:16:13.2491063Z	TrialController	Event SpecificTrialFinished
2018-04-12T09:16:13.2581626Z	TrialController	Event SpecificTrialFinished
2018-04-12T09:16:13.2671668Z	TrialController	Event SpecificTrialFinished
2018-04-12T09:16:13.2756894Z	TrialController	Event SpecificTrialFinished
2018-04-12T09:16:13.2852087Z	TrialController	Event SpecificTrialFinished
2018-04-12T09:16:13.2942177Z	TrialController	Event SpecificTrialFinished
2018-04-12T09:16:13.3032322Z	TrialController	Event SpecificTrialFinished
2018-04-12T09:16:13.3122463Z	TrialController	Event SpecificTrialFinished
2018-04-12T09:16:13.3212499Z	TrialController	Event SpecificTrialFinished
2018-04-12T09:16:13.3302732Z	TrialController	Event SpecificTrialFinished
2018-04-12T09:16:13.3392953Z	TrialController	Event SpecificTrialFinished
2018-04-12T09:16:13.3483086Z	TrialController	Event SpecificTrialFinished
2018-04-12T09:16:13.3573074Z	TrialController	Event SpecificTrialFinished
2018-04-12T09:16:13.3663198Z	TrialController	Event SpecificTrialFinished
2018-04-12T09:16:13.3748333Z	TrialController	Event SpecificTrialFinished
2018-04-12T09:16:13.3838586Z	TrialController	Event SpecificTrialFinished
2018-04-12T09:16:13.3928596Z	TrialController	Event SpecificTrialFinished
2018-04-12T09:16:13.4023747Z	TrialController	Event SpecificTrialFinished
2018-04-12T09:16:13.4108979Z	TrialController	Event SpecificTrialFinished
2018-04-12T09:16:13.4199117Z	TrialController	Event SpecificTrialFinished
2018-04-12T09:16:13.4289250Z	TrialController	Event SpecificTrialFinished
2018-04-12T09:16:13.4374380Z	TrialController	Event SpecificTrialFinished
2018-04-12T09:16:13.4528823Z	TrialController	Event SpecificTrialFinished
2018-04-12T09:16:13.4619033Z	TrialController	Event SpecificTrialFinished
2018-04-12T09:16:13.4704094Z	TrialController	Event SpecificTrialFinished
2018-04-12T09:16:13.4789215Z	TrialController	Event SpecificTrialFinished
2018-04-12T09:16:13.4879356Z	TrialController	Event SpecificTrialFinished
2018-04-12T09:16:13.4964486Z	TrialController	Event SpecificTrialFinished
2018-04-12T09:16:13.5049618Z	TrialController	Event SpecificTrialFinished
2018-04-12T09:16:13.5139756Z	TrialController	Event SpecificTrialFinished
2018-04-12T09:16:13.5224886Z	TrialController	Event SpecificTrialFinished
2018-04-12T09:16:13.5315030Z	TrialController	Event SpecificTrialFinished
2018-04-12T09:16:13.5400157Z	TrialController	Event SpecificTrialFinished
2018-04-12T09:16:13.5490295Z	TrialController	Event SpecificTrialFinished
2018-04-12T09:16:13.5575419Z	TrialController	Event SpecificTrialFinished
2018-04-12T09:16:13.5665558Z	TrialController	Event SpecificTrialFinished
2018-04-12T09:16:13.5750687Z	TrialController	Event SpecificTrialFinished
2018-04-12T09:16:13.5840829Z	TrialController	Event SpecificTrialFinished
2018-04-12T09:16:13.5925958Z	TrialController	Event SpecificTrialFinished
2018-04-12T09:16:13.6016097Z	TrialController	Event SpecificTrialFinished
2018-04-12T09:16:13.6111245Z	TrialController	Event SpecificTrialFinished
2018-04-12T09:16:13.6206389Z	TrialController	Event SpecificTrialFinished
2018-04-12T09:16:13.6301534Z	TrialController	Event SpecificTrialFinished
2018-04-12T09:16:13.6391673Z	TrialController	Event SpecificTrialFinished
2018-04-12T09:16:13.6481812Z	TrialController	Event SpecificTrialFinished
2018-04-12T09:16:13.6571953Z	TrialController	Event SpecificTrialFinished
2018-04-12T09:16:13.6662089Z	TrialController	Event SpecificTrialFinished
2018-04-12T09:16:13.6757239Z	TrialController	Event SpecificTrialFinished
2018-04-12T09:16:13.6842369Z	TrialController	Event SpecificTrialFinished
2018-04-12T09:16:13.6932510Z	TrialController	Event SpecificTrialFinished
2018-04-12T09:16:13.7017643Z	TrialController	Event SpecificTrialFinished
2018-04-12T09:16:13.7102769Z	TrialController	Event SpecificTrialFinished
2018-04-12T09:16:13.7187913Z	TrialController	Event SpecificTrialFinished
2018-04-12T09:16:13.7278046Z	TrialController	Event SpecificTrialFinished
2018-04-12T09:16:13.7368278Z	TrialController	Event SpecificTrialFinished
2018-04-12T09:16:13.7458417Z	TrialController	Event SpecificTrialFinished
2018-04-12T09:16:13.7543527Z	TrialController	Event SpecificTrialFinished
2018-04-12T09:16:13.7628588Z	TrialController	Event SpecificTrialFinished
2018-04-12T09:16:13.7713711Z	TrialController	Event SpecificTrialFinished
2018-04-12T09:16:13.7798844Z	TrialController	Event SpecificTrialFinished
2018-04-12T09:16:13.7883976Z	TrialController	Event SpecificTrialFinished
2018-04-12T09:16:13.7969106Z	TrialController	Event SpecificTrialFinished
2018-04-12T09:16:13.8054238Z	TrialController	Event SpecificTrialFinished
2018-04-12T09:16:13.8139370Z	TrialController	Event SpecificTrialFinished
2018-04-12T09:16:13.8224500Z	TrialController	Event SpecificTrialFinished
2018-04-12T09:16:13.8314638Z	TrialController	Event SpecificTrialFinished
2018-04-12T09:16:13.8399768Z	TrialController	Event SpecificTrialFinished
2018-04-12T09:16:13.8489909Z	TrialController	Event SpecificTrialFinished
2018-04-12T09:16:13.8575044Z	TrialController	Event SpecificTrialFinished
2018-04-12T09:16:13.8660177Z	TrialController	Event SpecificTrialFinished
2018-04-12T09:16:13.8745301Z	TrialController	Event SpecificTrialFinished
2018-04-12T09:16:13.8830430Z	TrialController	Event SpecificTrialFinished
2018-04-12T09:16:13.8915562Z	TrialController	Event SpecificTrialFinished
2018-04-12T09:16:13.9005701Z	TrialController	Event SpecificTrialFinished
2018-04-12T09:16:13.9090830Z	TrialController	Event SpecificTrialFinished
2018-04-12T09:16:13.9175963Z	TrialController	Event SpecificTrialFinished
2018-04-12T09:16:13.9266101Z	TrialController	Event SpecificTrialFinished
2018-04-12T09:16:13.9351225Z	TrialController	Event SpecificTrialFinished
2018-04-12T09:16:13.9441372Z	TrialController	Event SpecificTrialFinished
2018-04-12T09:16:13.9526821Z	TrialController	Event SpecificTrialFinished
2018-04-12T09:16:13.9612070Z	TrialController	Event SpecificTrialFinished
2018-04-12T09:16:13.9697097Z	TrialController	Event SpecificTrialFinished
2018-04-12T09:16:13.9787235Z	TrialController	Event SpecificTrialFinished
2018-04-12T09:16:13.9867358Z	TrialController	Event SpecificTrialFinished
2018-04-12T09:16:13.9957497Z	TrialController	Event SpecificTrialFinished
2018-04-12T09:16:14.0042629Z	TrialController	Event SpecificTrialFinished
2018-04-12T09:16:14.0127759Z	TrialController	Event SpecificTrialFinished
2018-04-12T09:16:14.0212891Z	TrialController	Event SpecificTrialFinished
2018-04-12T09:16:14.0303030Z	TrialController	Event SpecificTrialFinished
2018-04-12T09:16:14.0388159Z	TrialController	Event SpecificTrialFinished
2018-04-12T09:16:14.0473294Z	TrialController	Event SpecificTrialFinished
2018-04-12T09:16:14.0563433Z	TrialController	Event SpecificTrialFinished
2018-04-12T09:16:14.0648557Z	TrialController	Event SpecificTrialFinished
2018-04-12T09:16:14.0733686Z	TrialController	Event SpecificTrialFinished
2018-04-12T09:16:14.0823822Z	TrialController	Event SpecificTrialFinished
2018-04-12T09:16:14.0908954Z	TrialController	Event SpecificTrialFinished
2018-04-12T09:16:14.0994084Z	TrialController	Event SpecificTrialFinished
2018-04-12T09:16:14.1079216Z	TrialController	Event SpecificTrialFinished
2018-04-12T09:16:14.1169355Z	TrialController	Event SpecificTrialFinished
2018-04-12T09:16:14.1279538Z	TrialController	Event SpecificTrialFinished
2018-04-12T09:16:14.1369785Z	TrialController	Event SpecificTrialFinished
2018-04-12T09:16:14.1454801Z	TrialController	Event SpecificTrialFinished
2018-04-12T09:16:14.1539930Z	TrialController	Event SpecificTrialFinished
2018-04-12T09:16:14.1625063Z	TrialController	Event SpecificTrialFinished
2018-04-12T09:16:14.1710192Z	TrialController	Event SpecificTrialFinished
2018-04-12T09:16:14.1800331Z	TrialController	Event SpecificTrialFinished
2018-04-12T09:16:14.1885463Z	TrialController	Event SpecificTrialFinished
2018-04-12T09:16:14.1970595Z	TrialController	Event SpecificTrialFinished
2018-04-12T09:16:14.2055725Z	TrialController	Event SpecificTrialFinished
2018-04-12T09:16:14.2149498Z	TrialController	Event SpecificTrialFinished
2018-04-12T09:16:14.2234627Z	TrialController	Event SpecificTrialFinished
2018-04-12T09:16:14.2324939Z	TrialController	Event SpecificTrialFinished
2018-04-12T09:16:14.2415052Z	TrialController	Event SpecificTrialFinished
2018-04-12T09:16:14.2500179Z	TrialController	Event SpecificTrialFinished
2018-04-12T09:16:14.2585294Z	TrialController	Event SpecificTrialFinished
2018-04-12T09:16:14.2675453Z	TrialController	Event SpecificTrialFinished
2018-04-12T09:16:14.2760557Z	TrialController	Event SpecificTrialFinished
2018-04-12T09:16:14.2850675Z	TrialController	Event SpecificTrialFinished
2018-04-12T09:16:14.2984069Z	TrialController	Event SpecificTrialFinished
2018-04-12T09:16:14.3074199Z	TrialController	Event SpecificTrialFinished
2018-04-12T09:16:14.3159314Z	TrialController	Event SpecificTrialFinished
2018-04-12T09:16:14.3244444Z	TrialController	Event SpecificTrialFinished
2018-04-12T09:16:14.3339492Z	TrialController	Event SpecificTrialFinished
2018-04-12T09:16:14.3429753Z	TrialController	Event SpecificTrialFinished
2018-04-12T09:16:14.3514763Z	TrialController	Event SpecificTrialFinished
2018-04-12T09:16:14.3604901Z	TrialController	Event SpecificTrialFinished
2018-04-12T09:16:14.3690128Z	TrialController	Event SpecificTrialFinished
2018-04-12T09:16:14.3775166Z	TrialController	Event SpecificTrialFinished
2018-04-12T09:16:14.3865302Z	TrialController	Event SpecificTrialFinished
2018-04-12T09:16:14.3950445Z	TrialController	Event SpecificTrialFinished
2018-04-12T09:16:14.4040667Z	TrialController	Event SpecificTrialFinished
2018-04-12T09:16:14.4130811Z	TrialController	Event SpecificTrialFinished
2018-04-12T09:16:14.4215938Z	TrialController	Event SpecificTrialFinished
2018-04-12T09:16:14.4301135Z	TrialController	Event SpecificTrialFinished
2018-04-12T09:16:14.4391234Z	TrialController	Event SpecificTrialFinished
2018-04-12T09:16:14.4471332Z	TrialController	Event SpecificTrialFinished
2018-04-12T09:16:14.4556461Z	TrialController	Event SpecificTrialFinished
2018-04-12T09:16:14.4641497Z	TrialController	Event SpecificTrialFinished
2018-04-12T09:16:14.4726729Z	TrialController	Event SpecificTrialFinished
2018-04-12T09:16:14.4811759Z	TrialController	Event SpecificTrialFinished
2018-04-12T09:16:14.4896897Z	TrialController	Event SpecificTrialFinished
2018-04-12T09:16:14.4982020Z	TrialController	Event SpecificTrialFinished
2018-04-12T09:16:14.5067249Z	TrialController	Event SpecificTrialFinished
2018-04-12T09:16:14.5152379Z	TrialController	Event SpecificTrialFinished
2018-04-12T09:16:14.5237514Z	TrialController	Event SpecificTrialFinished
2018-04-12T09:16:14.5322641Z	TrialController	Event SpecificTrialFinished
2018-04-12T09:16:14.5407773Z	TrialController	Event SpecificTrialFinished
2018-04-12T09:16:14.5492800Z	TrialController	Event SpecificTrialFinished
2018-04-12T09:16:14.5578058Z	TrialController	Event SpecificTrialFinished
2018-04-12T09:16:14.5663190Z	TrialController	Event SpecificTrialFinished
2018-04-12T09:16:14.5743199Z	TrialController	Event SpecificTrialFinished
2018-04-12T09:16:14.5828317Z	TrialController	Event SpecificTrialFinished
2018-04-12T09:16:14.5913572Z	TrialController	Event SpecificTrialFinished
2018-04-12T09:16:14.5998704Z	TrialController	Event SpecificTrialFinished
2018-04-12T09:16:14.6083837Z	TrialController	Event SpecificTrialFinished
2018-04-12T09:16:14.6168943Z	TrialController	Event SpecificTrialFinished
2018-04-12T09:16:14.6254070Z	TrialController	Event SpecificTrialFinished
2018-04-12T09:16:14.6339202Z	TrialController	Event SpecificTrialFinished
2018-04-12T09:16:14.6424332Z	TrialController	Event SpecificTrialFinished
2018-04-12T09:16:14.6504401Z	TrialController	Event SpecificTrialFinished
2018-04-12T09:16:14.6589644Z	TrialController	Event SpecificTrialFinished
2018-04-12T09:16:14.6674620Z	TrialController	Event SpecificTrialFinished
2018-04-12T09:16:14.6759900Z	TrialController	Event SpecificTrialFinished
2018-04-12T09:16:14.6844979Z	TrialController	Event SpecificTrialFinished
2018-04-12T09:16:14.6935149Z	TrialController	Event SpecificTrialFinished
2018-04-12T09:16:14.7020278Z	TrialController	Event SpecificTrialFinished
2018-04-12T09:16:14.7105462Z	TrialController	Event SpecificTrialFinished
2018-04-12T09:16:14.7190594Z	TrialController	Event SpecificTrialFinished
2018-04-12T09:16:14.7275561Z	TrialController	Event SpecificTrialFinished
2018-04-12T09:16:14.7365697Z	TrialController	Event SpecificTrialFinished
2018-04-12T09:16:14.7450829Z	TrialController	Event SpecificTrialFinished
2018-04-12T09:16:14.7535945Z	TrialController	Event SpecificTrialFinished
2018-04-12T09:16:14.7621074Z	TrialController	Event SpecificTrialFinished
2018-04-12T09:16:14.7706201Z	TrialController	Event SpecificTrialFinished
2018-04-12T09:16:14.7791333Z	TrialController	Event SpecificTrialFinished
2018-04-12T09:16:14.7881611Z	TrialController	Event SpecificTrialFinished
2018-04-12T09:16:14.7961723Z	TrialController	Event SpecificTrialFinished
2018-04-12T09:16:14.8046855Z	TrialController	Event SpecificTrialFinished
2018-04-12T09:16:14.8136994Z	TrialController	Event SpecificTrialFinished
2018-04-12T09:16:14.8217114Z	TrialController	Event SpecificTrialFinished
2018-04-12T09:16:14.8302130Z	TrialController	Event SpecificTrialFinished
2018-04-12T09:16:14.8387271Z	TrialController	Event SpecificTrialFinished
2018-04-12T09:16:14.8472386Z	TrialController	Event SpecificTrialFinished
2018-04-12T09:16:14.8557612Z	TrialController	Event SpecificTrialFinished
2018-04-12T09:16:14.8642744Z	TrialController	Event SpecificTrialFinished
2018-04-12T09:16:14.8727877Z	TrialController	Event SpecificTrialFinished
2018-04-12T09:16:14.8813012Z	TrialController	Event SpecificTrialFinished
2018-04-12T09:16:14.8893132Z	TrialController	Event SpecificTrialFinished
2018-04-12T09:16:14.8988331Z	TrialController	Event SpecificTrialFinished
2018-04-12T09:16:14.9078313Z	TrialController	Event SpecificTrialFinished
2018-04-12T09:16:14.9158539Z	TrialController	Event SpecificTrialFinished
2018-04-12T09:16:14.9248587Z	TrialController	Event SpecificTrialFinished
2018-04-12T09:16:14.9333707Z	TrialController	Event SpecificTrialFinished
2018-04-12T09:16:14.9418837Z	TrialController	Event SpecificTrialFinished
2018-04-12T09:16:14.9503969Z	TrialController	Event SpecificTrialFinished
2018-04-12T09:16:14.9594105Z	TrialController	Event SpecificTrialFinished
2018-04-12T09:16:14.9679343Z	TrialController	Event SpecificTrialFinished
2018-04-12T09:16:14.9764472Z	TrialController	Event SpecificTrialFinished
2018-04-12T09:16:14.9849733Z	TrialController	Event SpecificTrialFinished
2018-04-12T09:16:14.9934731Z	TrialController	Event SpecificTrialFinished
2018-04-12T09:16:15.0020009Z	TrialController	Event SpecificTrialFinished
2018-04-12T09:16:15.0110153Z	TrialController	Event SpecificTrialFinished
2018-04-12T09:16:15.0195186Z	TrialController	Event SpecificTrialFinished
2018-04-12T09:16:15.0280315Z	TrialController	Event SpecificTrialFinished
2018-04-12T09:16:15.0360450Z	TrialController	Event SpecificTrialFinished
2018-04-12T09:16:15.0445716Z	TrialController	Event SpecificTrialFinished
2018-04-12T09:16:15.0530797Z	TrialController	Event SpecificTrialFinished
2018-04-12T09:16:15.0610920Z	TrialController	Event SpecificTrialFinished
2018-04-12T09:16:15.0705974Z	TrialController	Event SpecificTrialFinished
2018-04-12T09:16:15.0786219Z	TrialController	Event SpecificTrialFinished
2018-04-12T09:16:15.0866343Z	TrialController	Event SpecificTrialFinished
2018-04-12T09:16:15.0956507Z	TrialController	Event SpecificTrialFinished
2018-04-12T09:16:15.1046497Z	TrialController	Event SpecificTrialFinished
2018-04-12T09:16:15.1126743Z	TrialController	Event SpecificTrialFinished
2018-04-12T09:16:15.1226769Z	TrialController	Event SpecificTrialFinished
2018-04-12T09:16:15.1362103Z	TrialController	Event SpecificTrialFinished
2018-04-12T09:16:15.1447207Z	TrialController	Event SpecificTrialFinished
2018-04-12T09:16:15.1547361Z	TrialController	Event SpecificTrialFinished
2018-04-12T09:16:15.1632491Z	TrialController	Event SpecificTrialFinished
2018-04-12T09:16:15.1717672Z	TrialController	Event SpecificTrialFinished
2018-04-12T09:16:15.1802755Z	TrialController	Event SpecificTrialFinished
2018-04-12T09:16:15.1887794Z	TrialController	Event SpecificTrialFinished
2018-04-12T09:16:15.1973014Z	TrialController	Event SpecificTrialFinished
2018-04-12T09:16:15.2058192Z	TrialController	Event SpecificTrialFinished
2018-04-12T09:16:15.2143299Z	TrialController	Event SpecificTrialFinished
2018-04-12T09:16:15.2228440Z	TrialController	Event SpecificTrialFinished
2018-04-12T09:16:15.2313538Z	TrialController	Event SpecificTrialFinished
2018-04-12T09:16:15.2398676Z	TrialController	Event SpecificTrialFinished
2018-04-12T09:16:15.2483800Z	TrialController	Event SpecificTrialFinished
2018-04-12T09:16:15.2573938Z	TrialController	Event SpecificTrialFinished
2018-04-12T09:16:15.2663977Z	TrialController	Event SpecificTrialFinished
2018-04-12T09:16:15.2744200Z	TrialController	Event SpecificTrialFinished
2018-04-12T09:16:15.2829233Z	TrialController	Event SpecificTrialFinished
2018-04-12T09:16:15.2909356Z	TrialController	Event SpecificTrialFinished
2018-04-12T09:16:15.2994486Z	TrialController	Event SpecificTrialFinished
2018-04-12T09:16:15.3079612Z	TrialController	Event SpecificTrialFinished
2018-04-12T09:16:15.3159841Z	TrialController	Event SpecificTrialFinished
2018-04-12T09:16:15.3244970Z	TrialController	Event SpecificTrialFinished
2018-04-12T09:16:15.3324997Z	TrialController	Event SpecificTrialFinished
2018-04-12T09:16:15.3405225Z	TrialController	Event SpecificTrialFinished
2018-04-12T09:16:15.3485246Z	TrialController	Event SpecificTrialFinished
2018-04-12T09:16:15.3565378Z	TrialController	Event SpecificTrialFinished
2018-04-12T09:16:15.3655502Z	TrialController	Event SpecificTrialFinished
2018-04-12T09:16:15.3735753Z	TrialController	Event SpecificTrialFinished
2018-04-12T09:16:15.3820880Z	TrialController	Event SpecificTrialFinished
2018-04-12T09:16:15.3901012Z	TrialController	Event SpecificTrialFinished
2018-04-12T09:16:15.3986013Z	TrialController	Event SpecificTrialFinished
2018-04-12T09:16:15.4071265Z	TrialController	Event SpecificTrialFinished
2018-04-12T09:16:15.4151271Z	TrialController	Event SpecificTrialFinished
2018-04-12T09:16:15.4231392Z	TrialController	Event SpecificTrialFinished
2018-04-12T09:16:15.4316658Z	TrialController	Event SpecificTrialFinished
2018-04-12T09:16:15.4396784Z	TrialController	Event SpecificTrialFinished
2018-04-12T09:16:15.4481874Z	TrialController	Event SpecificTrialFinished
2018-04-12T09:16:15.4562000Z	TrialController	Event SpecificTrialFinished
2018-04-12T09:16:15.4642120Z	TrialController	Event SpecificTrialFinished
2018-04-12T09:16:15.4727153Z	TrialController	Event SpecificTrialFinished
2018-04-12T09:16:15.4812288Z	TrialController	Event SpecificTrialFinished
2018-04-12T09:16:15.4892420Z	TrialController	Event SpecificTrialFinished
2018-04-12T09:16:15.4972529Z	TrialController	Event SpecificTrialFinished
2018-04-12T09:16:15.5057758Z	TrialController	Event SpecificTrialFinished
2018-04-12T09:16:15.5137884Z	TrialController	Event SpecificTrialFinished
2018-04-12T09:16:15.5223013Z	TrialController	Event SpecificTrialFinished
2018-04-12T09:16:15.5303142Z	TrialController	Event SpecificTrialFinished
2018-04-12T09:16:15.5383262Z	TrialController	Event SpecificTrialFinished
2018-04-12T09:16:15.5468395Z	TrialController	Event SpecificTrialFinished
2018-04-12T09:16:15.5548712Z	TrialController	Event SpecificTrialFinished
2018-04-12T09:16:15.5633545Z	TrialController	Event SpecificTrialFinished
2018-04-12T09:16:15.5766386Z	TrialController	Event SpecificTrialFinished
2018-04-12T09:16:15.5846680Z	TrialController	Event SpecificTrialFinished
2018-04-12T09:16:15.5931633Z	TrialController	Event SpecificTrialFinished
2018-04-12T09:16:15.6011759Z	TrialController	Event SpecificTrialFinished
2018-04-12T09:16:15.6097014Z	TrialController	Event SpecificTrialFinished
2018-04-12T09:16:15.6182016Z	TrialController	Event SpecificTrialFinished
2018-04-12T09:16:15.6262139Z	TrialController	Event SpecificTrialFinished
2018-04-12T09:16:15.6342262Z	TrialController	Event SpecificTrialFinished
2018-04-12T09:16:15.6427394Z	TrialController	Event SpecificTrialFinished
2018-04-12T09:16:15.6507517Z	TrialController	Event SpecificTrialFinished
2018-04-12T09:16:15.6587644Z	TrialController	Event SpecificTrialFinished
2018-04-12T09:16:15.6672770Z	TrialController	Event SpecificTrialFinished
2018-04-12T09:16:15.6757902Z	TrialController	Event SpecificTrialFinished
2018-04-12T09:16:15.6838026Z	TrialController	Event SpecificTrialFinished
2018-04-12T09:16:15.6923155Z	TrialController	Event SpecificTrialFinished
2018-04-12T09:16:15.7008287Z	TrialController	Event SpecificTrialFinished
2018-04-12T09:16:15.7093417Z	TrialController	Event SpecificTrialFinished
2018-04-12T09:16:15.7173540Z	TrialController	Event SpecificTrialFinished
2018-04-12T09:16:15.7253669Z	TrialController	Event SpecificTrialFinished
2018-04-12T09:16:15.7338796Z	TrialController	Event SpecificTrialFinished
2018-04-12T09:16:15.7418919Z	TrialController	Event SpecificTrialFinished
2018-04-12T09:16:15.7504051Z	TrialController	Event SpecificTrialFinished
2018-04-12T09:16:15.7584172Z	TrialController	Event SpecificTrialFinished
2018-04-12T09:16:15.7669304Z	TrialController	Event SpecificTrialFinished
2018-04-12T09:16:15.7749427Z	TrialController	Event SpecificTrialFinished
2018-04-12T09:16:15.7834639Z	TrialController	Event SpecificTrialFinished
2018-04-12T09:16:15.7919697Z	TrialController	Event SpecificTrialFinished
2018-04-12T09:16:15.7994803Z	TrialController	Event SpecificTrialFinished
2018-04-12T09:16:15.8079935Z	TrialController	Event SpecificTrialFinished
2018-04-12T09:16:15.8165065Z	TrialController	Event SpecificTrialFinished
2018-04-12T09:16:15.8250206Z	TrialController	Event SpecificTrialFinished
2018-04-12T09:16:15.8330320Z	TrialController	Event SpecificTrialFinished
2018-04-12T09:16:15.8420459Z	TrialController	Event SpecificTrialFinished
2018-04-12T09:16:15.8505588Z	TrialController	Event SpecificTrialFinished
2018-04-12T09:16:15.8590724Z	TrialController	Event SpecificTrialFinished
2018-04-12T09:16:15.8675850Z	TrialController	Event SpecificTrialFinished
2018-04-12T09:16:15.8760994Z	TrialController	Event SpecificTrialFinished
2018-04-12T09:16:15.8841106Z	TrialController	Event SpecificTrialFinished
2018-04-12T09:16:15.8926238Z	TrialController	Event SpecificTrialFinished
2018-04-12T09:16:15.9006358Z	TrialController	Event SpecificTrialFinished
2018-04-12T09:16:15.9091494Z	TrialController	Event SpecificTrialFinished
2018-04-12T09:16:15.9171614Z	TrialController	Event SpecificTrialFinished
2018-04-12T09:16:15.9256749Z	TrialController	Event SpecificTrialFinished
2018-04-12T09:16:15.9336872Z	TrialController	Event SpecificTrialFinished
2018-04-12T09:16:15.9467070Z	TrialController	Event SpecificTrialFinished
2018-04-12T09:16:15.9552202Z	TrialController	Event SpecificTrialFinished
2018-04-12T09:16:15.9632325Z	TrialController	Event SpecificTrialFinished
2018-04-12T09:16:15.9712451Z	TrialController	Event SpecificTrialFinished
2018-04-12T09:16:15.9792574Z	TrialController	Event SpecificTrialFinished
2018-04-12T09:16:15.9872695Z	TrialController	Event SpecificTrialFinished
2018-04-12T09:16:15.9957927Z	TrialController	Event SpecificTrialFinished
2018-04-12T09:16:16.0038053Z	TrialController	Event SpecificTrialFinished
2018-04-12T09:16:16.0123182Z	TrialController	Event SpecificTrialFinished
2018-04-12T09:16:16.0203305Z	TrialController	Event SpecificTrialFinished
2018-04-12T09:16:16.0283426Z	TrialController	Event SpecificTrialFinished
2018-04-12T09:16:16.0363449Z	TrialController	Event SpecificTrialFinished
2018-04-12T09:16:16.0443721Z	TrialController	Event SpecificTrialFinished
2018-04-12T09:16:16.0523793Z	TrialController	Event SpecificTrialFinished
2018-04-12T09:16:16.0608931Z	TrialController	Event SpecificTrialFinished
2018-04-12T09:16:16.0689051Z	TrialController	Event SpecificTrialFinished
2018-04-12T09:16:16.0769171Z	TrialController	Event SpecificTrialFinished
2018-04-12T09:16:16.0849297Z	TrialController	Event SpecificTrialFinished
2018-04-12T09:16:16.0929318Z	TrialController	Event SpecificTrialFinished
2018-04-12T09:16:16.1009450Z	TrialController	Event SpecificTrialFinished
2018-04-12T09:16:16.1089690Z	TrialController	Event SpecificTrialFinished
2018-04-12T09:16:16.1174822Z	TrialController	Event SpecificTrialFinished
2018-04-12T09:16:16.1265015Z	TrialController	Event SpecificTrialFinished
2018-04-12T09:16:16.1350093Z	TrialController	Event SpecificTrialFinished
2018-04-12T09:16:16.1435094Z	TrialController	Event SpecificTrialFinished
2018-04-12T09:16:16.1520224Z	TrialController	Event SpecificTrialFinished
2018-04-12T09:16:16.1605356Z	TrialController	Event SpecificTrialFinished
2018-04-12T09:16:16.1685485Z	TrialController	Event SpecificTrialFinished
2018-04-12T09:16:16.1760596Z	TrialController	Event SpecificTrialFinished
2018-04-12T09:16:16.1840717Z	TrialController	Event SpecificTrialFinished
2018-04-12T09:16:16.1925852Z	TrialController	Event SpecificTrialFinished
2018-04-12T09:16:16.2010978Z	TrialController	Event SpecificTrialFinished
2018-04-12T09:16:16.2096111Z	TrialController	Event SpecificTrialFinished
2018-04-12T09:16:16.2181240Z	TrialController	Event SpecificTrialFinished
2018-04-12T09:16:16.2261369Z	TrialController	Event SpecificTrialFinished
2018-04-12T09:16:16.2346499Z	TrialController	Event SpecificTrialFinished
2018-04-12T09:16:16.2436640Z	TrialController	Event SpecificTrialFinished
2018-04-12T09:16:16.2516758Z	TrialController	Event SpecificTrialFinished
2018-04-12T09:16:16.2596881Z	TrialController	Event SpecificTrialFinished
2018-04-12T09:16:16.2677004Z	TrialController	Event SpecificTrialFinished
2018-04-12T09:16:16.2767143Z	TrialController	Event SpecificTrialFinished
2018-04-12T09:16:16.2847266Z	TrialController	Event SpecificTrialFinished
2018-04-12T09:16:16.2927389Z	TrialController	Event SpecificTrialFinished
2018-04-12T09:16:16.3007515Z	TrialController	Event SpecificTrialFinished
2018-04-12T09:16:16.3087635Z	TrialController	Event SpecificTrialFinished
2018-04-12T09:16:16.3167759Z	TrialController	Event SpecificTrialFinished
2018-04-12T09:16:16.3247882Z	TrialController	Event SpecificTrialFinished
2018-04-12T09:16:16.3333011Z	TrialController	Event SpecificTrialFinished
2018-04-12T09:16:16.3413134Z	TrialController	Event SpecificTrialFinished
2018-04-12T09:16:16.3503279Z	TrialController	Event SpecificTrialFinished
2018-04-12T09:16:16.3578390Z	TrialController	Event SpecificTrialFinished
2018-04-12T09:16:16.3658513Z	TrialController	Event SpecificTrialFinished
2018-04-12T09:16:16.3733630Z	TrialController	Event SpecificTrialFinished
2018-04-12T09:16:16.3818760Z	TrialController	Event SpecificTrialFinished
2018-04-12T09:16:16.3898883Z	TrialController	Event SpecificTrialFinished
2018-04-12T09:16:16.3979006Z	TrialController	Event SpecificTrialFinished
2018-04-12T09:16:16.4069147Z	TrialController	Event SpecificTrialFinished
2018-04-12T09:16:16.4144262Z	TrialController	Event SpecificTrialFinished
2018-04-12T09:16:16.4224382Z	TrialController	Event SpecificTrialFinished
2018-04-12T09:16:16.4299499Z	TrialController	Event SpecificTrialFinished
2018-04-12T09:16:16.4379622Z	TrialController	Event SpecificTrialFinished
2018-04-12T09:16:16.4464752Z	TrialController	Event SpecificTrialFinished
2018-04-12T09:16:16.4544875Z	TrialController	Event SpecificTrialFinished
2018-04-12T09:16:16.4635013Z	TrialController	Event SpecificTrialFinished
2018-04-12T09:16:16.4715142Z	TrialController	Event SpecificTrialFinished
2018-04-12T09:16:16.4790253Z	TrialController	Event SpecificTrialFinished
2018-04-12T09:16:16.4870377Z	TrialController	Event SpecificTrialFinished
2018-04-12T09:16:16.4950500Z	TrialController	Event SpecificTrialFinished
2018-04-12T09:16:16.5030623Z	TrialController	Event SpecificTrialFinished
2018-04-12T09:16:16.5105737Z	TrialController	Event SpecificTrialFinished
2018-04-12T09:16:16.5190869Z	TrialController	Event SpecificTrialFinished
2018-04-12T09:16:16.5265986Z	TrialController	Event SpecificTrialFinished
2018-04-12T09:16:16.5341100Z	TrialController	Event SpecificTrialFinished
2018-04-12T09:16:16.5416215Z	TrialController	Event SpecificTrialFinished
2018-04-12T09:16:16.5496338Z	TrialController	Event SpecificTrialFinished
2018-04-12T09:16:16.5571455Z	TrialController	Event SpecificTrialFinished
2018-04-12T09:16:16.5651615Z	TrialController	Event SpecificTrialFinished
2018-04-12T09:16:16.5731704Z	TrialController	Event SpecificTrialFinished
2018-04-12T09:16:16.5811824Z	TrialController	Event SpecificTrialFinished
2018-04-12T09:16:16.5886938Z	TrialController	Event SpecificTrialFinished
2018-04-12T09:16:16.5967062Z	TrialController	Event SpecificTrialFinished
2018-04-12T09:16:16.6047188Z	TrialController	Event SpecificTrialFinished
2018-04-12T09:16:16.6127308Z	TrialController	Event SpecificTrialFinished
2018-04-12T09:16:16.6212443Z	TrialController	Event SpecificTrialFinished
2018-04-12T09:16:16.6292566Z	TrialController	Event SpecificTrialFinished
2018-04-12T09:16:16.6372687Z	TrialController	Event SpecificTrialFinished
2018-04-12T09:16:16.6457816Z	TrialController	Event SpecificTrialFinished
2018-04-12T09:16:16.6537939Z	TrialController	Event SpecificTrialFinished
2018-04-12T09:16:16.6618063Z	TrialController	Event SpecificTrialFinished
2018-04-12T09:16:16.6703198Z	TrialController	Event SpecificTrialFinished
2018-04-12T09:16:16.6783403Z	TrialController	Event SpecificTrialFinished
2018-04-12T09:16:16.6863441Z	TrialController	Event SpecificTrialFinished
2018-04-12T09:16:16.6943567Z	TrialController	Event SpecificTrialFinished
2018-04-12T09:16:16.7038712Z	TrialController	Event SpecificTrialFinished
2018-04-12T09:16:16.7118835Z	TrialController	Event SpecificTrialFinished
2018-04-12T09:16:16.7203965Z	TrialController	Event SpecificTrialFinished
2018-04-12T09:16:16.7289094Z	TrialController	Event SpecificTrialFinished
2018-04-12T09:16:16.7424150Z	TrialController	Event SpecificTrialFinished
2018-04-12T09:16:16.7504270Z	TrialController	Event SpecificTrialFinished
2018-04-12T09:16:16.7584394Z	TrialController	Event SpecificTrialFinished
2018-04-12T09:16:16.7669526Z	TrialController	Event SpecificTrialFinished
2018-04-12T09:16:16.7744640Z	TrialController	Event SpecificTrialFinished
2018-04-12T09:16:16.7824763Z	TrialController	Event SpecificTrialFinished
2018-04-12T09:16:16.7904886Z	TrialController	Event SpecificTrialFinished
2018-04-12T09:16:16.7990016Z	TrialController	Event SpecificTrialFinished
2018-04-12T09:16:16.8070142Z	TrialController	Event SpecificTrialFinished
2018-04-12T09:16:16.8150268Z	TrialController	Event SpecificTrialFinished
2018-04-12T09:16:16.8230388Z	TrialController	Event SpecificTrialFinished
2018-04-12T09:16:16.8315521Z	TrialController	Event SpecificTrialFinished
2018-04-12T09:16:16.8395647Z	TrialController	Event SpecificTrialFinished
2018-04-12T09:16:16.8470761Z	TrialController	Event SpecificTrialFinished
2018-04-12T09:16:16.8550895Z	TrialController	Event SpecificTrialFinished
2018-04-12T09:16:16.8641116Z	TrialController	Event SpecificTrialFinished
2018-04-12T09:16:16.8716134Z	TrialController	Event SpecificTrialFinished
2018-04-12T09:16:16.8796641Z	TrialController	Event SpecificTrialFinished
2018-04-12T09:16:16.8876767Z	TrialController	Event SpecificTrialFinished
2018-04-12T09:16:16.8961900Z	TrialController	Event SpecificTrialFinished
2018-04-12T09:16:16.9042026Z	TrialController	Event SpecificTrialFinished
2018-04-12T09:16:16.9122137Z	TrialController	Event SpecificTrialFinished
2018-04-12T09:16:16.9237322Z	TrialController	Event SpecificTrialFinished
2018-04-12T09:16:16.9357495Z	TrialController	Event SpecificTrialFinished
2018-04-12T09:16:16.9437618Z	TrialController	Event SpecificTrialFinished
2018-04-12T09:16:16.9517744Z	TrialController	Event SpecificTrialFinished
2018-04-12T09:16:16.9597865Z	TrialController	Event SpecificTrialFinished
2018-04-12T09:16:16.9677988Z	TrialController	Event SpecificTrialFinished
2018-04-12T09:16:16.9758114Z	TrialController	Event SpecificTrialFinished
2018-04-12T09:16:16.9838237Z	TrialController	Event SpecificTrialFinished
2018-04-12T09:16:16.9918358Z	TrialController	Event SpecificTrialFinished
2018-04-12T09:16:16.9993551Z	TrialController	Event SpecificTrialFinished
2018-04-12T09:16:17.0073600Z	TrialController	Event SpecificTrialFinished
2018-04-12T09:16:17.0148712Z	TrialController	Event SpecificTrialFinished
2018-04-12T09:16:17.0233887Z	TrialController	Event SpecificTrialFinished
2018-04-12T09:16:17.0323988Z	TrialController	Event SpecificTrialFinished
2018-04-12T09:16:17.0409118Z	TrialController	Event SpecificTrialFinished
2018-04-12T09:16:17.0489241Z	TrialController	Event SpecificTrialFinished
2018-04-12T09:16:17.0569364Z	TrialController	Event SpecificTrialFinished
2018-04-12T09:16:17.0659506Z	TrialController	Event SpecificTrialFinished
2018-04-12T09:16:17.0744635Z	TrialController	Event SpecificTrialFinished
2018-04-12T09:16:17.0824761Z	TrialController	Event SpecificTrialFinished
2018-04-12T09:16:17.0909896Z	TrialController	Event SpecificTrialFinished
2018-04-12T09:16:17.0990020Z	TrialController	Event SpecificTrialFinished
2018-04-12T09:16:17.1075152Z	TrialController	Event SpecificTrialFinished
2018-04-12T09:16:17.1155269Z	TrialController	Event SpecificTrialFinished
2018-04-12T09:16:17.1260427Z	TrialController	Event SpecificTrialFinished
2018-04-12T09:16:17.1340547Z	TrialController	Event SpecificTrialFinished
2018-04-12T09:16:17.1420747Z	TrialController	Event SpecificTrialFinished
2018-04-12T09:16:17.1500794Z	TrialController	Event SpecificTrialFinished
2018-04-12T09:16:17.1580914Z	TrialController	Event SpecificTrialFinished
2018-04-12T09:16:17.1661040Z	TrialController	Event SpecificTrialFinished
2018-04-12T09:16:17.1741160Z	TrialController	Event SpecificTrialFinished
2018-04-12T09:16:17.1821286Z	TrialController	Event SpecificTrialFinished
2018-04-12T09:16:17.1901407Z	TrialController	Event SpecificTrialFinished
2018-04-12T09:16:17.1991548Z	TrialController	Event SpecificTrialFinished
2018-04-12T09:16:17.2081701Z	TrialController	Event SpecificTrialFinished
2018-04-12T09:16:17.2161813Z	TrialController	Event SpecificTrialFinished
2018-04-12T09:16:17.2241930Z	TrialController	Event SpecificTrialFinished
2018-04-12T09:16:17.2322054Z	TrialController	Event SpecificTrialFinished
2018-04-12T09:16:17.2412192Z	TrialController	Event SpecificTrialFinished
2018-04-12T09:16:17.2492318Z	TrialController	Event SpecificTrialFinished
2018-04-12T09:16:17.2572444Z	TrialController	Event SpecificTrialFinished
2018-04-12T09:16:17.2647558Z	TrialController	Event SpecificTrialFinished
2018-04-12T09:16:17.2722675Z	TrialController	Event SpecificTrialFinished
2018-04-12T09:16:17.2802801Z	TrialController	Event SpecificTrialFinished
2018-04-12T09:16:17.2877913Z	TrialController	Event SpecificTrialFinished
2018-04-12T09:16:17.2958036Z	TrialController	Event SpecificTrialFinished
2018-04-12T09:16:17.3033150Z	TrialController	Event SpecificTrialFinished
2018-04-12T09:16:17.3113279Z	TrialController	Event SpecificTrialFinished
2018-04-12T09:16:17.3188410Z	TrialController	Event SpecificTrialFinished
2018-04-12T09:16:17.3268527Z	TrialController	Event SpecificTrialFinished
2018-04-12T09:16:17.3348636Z	TrialController	Event SpecificTrialFinished
2018-04-12T09:16:17.3428765Z	TrialController	Event SpecificTrialFinished
2018-04-12T09:16:17.3509045Z	TrialController	Event SpecificTrialFinished
2018-04-12T09:16:17.3584094Z	TrialController	Event SpecificTrialFinished
2018-04-12T09:16:17.3659122Z	TrialController	Event SpecificTrialFinished
2018-04-12T09:16:17.3739314Z	TrialController	Event SpecificTrialFinished
2018-04-12T09:16:17.3814357Z	TrialController	Event SpecificTrialFinished
2018-04-12T09:16:17.3894480Z	TrialController	Event SpecificTrialFinished
2018-04-12T09:16:17.3969853Z	TrialController	Event SpecificTrialFinished
2018-04-12T09:16:17.4049976Z	TrialController	Event SpecificTrialFinished
2018-04-12T09:16:17.4120084Z	TrialController	Event SpecificTrialFinished
2018-04-12T09:16:17.4200301Z	TrialController	Event SpecificTrialFinished
2018-04-12T09:16:17.4280333Z	TrialController	Event SpecificTrialFinished
2018-04-12T09:16:17.4355444Z	TrialController	Event SpecificTrialFinished
2018-04-12T09:16:17.4435571Z	TrialController	Event SpecificTrialFinished
2018-04-12T09:16:17.4510687Z	TrialController	Event SpecificTrialFinished
2018-04-12T09:16:17.4590814Z	TrialController	Event SpecificTrialFinished
2018-04-12T09:16:17.4665922Z	TrialController	Event SpecificTrialFinished
2018-04-12T09:16:17.4746045Z	TrialController	Event SpecificTrialFinished
2018-04-12T09:16:17.4821162Z	TrialController	Event SpecificTrialFinished
2018-04-12T09:16:17.4896273Z	TrialController	Event SpecificTrialFinished
2018-04-12T09:16:17.4971393Z	TrialController	Event SpecificTrialFinished
2018-04-12T09:16:17.5051516Z	TrialController	Event SpecificTrialFinished
