2018-03-22T16:21:39.7128230Z	Logger	Started logging
2018-03-22T16:21:39.7263431Z	ExperimentController	Participant: asdfasdfasd
2018-03-22T16:21:39.7393631Z	ExperimentController	Hand model is female
2018-03-22T16:21:39.7654034Z	ExperimentController	Protocol file Protocol/Elements Agency Experiment/Protocol01.txt
2018-03-22T16:21:39.7784233Z	ExperimentController	Loaded 6 trials
2018-03-22T16:21:39.7919440Z	ExperimentController	Event ProtocolLoaded
2018-03-22T16:21:39.8059658Z	ExperimentController	Entering state Trial
2018-03-22T16:21:39.8219909Z	ExperimentController	Starting trial
2018-03-22T16:21:39.8405332Z	ExperimentController	Gap: Inactive
2018-03-22T16:21:39.8570445Z	ExperimentController	HandOffset: 0
2018-03-22T16:21:39.8725853Z	ExperimentController	Noise type 0
2018-03-22T16:21:39.8881092Z	ExperimentController	NoiseLevel: 0
2018-03-22T16:21:39.9081223Z	ExperimentController	Lambda: 0
2018-03-22T16:21:39.9231451Z	ExperimentController	Collision probability: 1
2018-03-22T16:21:39.9381682Z	ExperimentController	Knife PresentFalse
2018-03-22T16:21:39.9640975Z	TrialController	Started
2018-03-22T16:21:42.5838048Z	TrialController	Entering state SpecificTrial
2018-03-22T16:21:42.5878235Z	ImplicitOwnershipTrial	Started
2018-03-22T16:21:42.5913282Z	TrialController	Implicit Ownership Trial State Machine Started
2018-03-22T16:21:43.5956437Z	ImplicitOwnershipTrial	Entering state ExperimentWave
2018-03-22T16:21:43.5996538Z	WaveController	Started
2018-03-22T16:21:43.8500704Z	WaveController	Entering state Initial
