2018-04-10T14:21:06.7249017Z	Logger	Started logging
2018-04-10T14:21:06.7384220Z	ExperimentController	Participant: always to light 0
2018-04-10T14:21:06.7504359Z	ExperimentController	Hand model is female
2018-04-10T14:21:06.7749613Z	ExperimentController	Protocol file Protocol/Elements Agency Experiment/Protocol01.txt
2018-04-10T14:21:06.7944926Z	ExperimentController	Loaded 5 trials
2018-04-10T14:21:06.8075121Z	ExperimentController	Event ProtocolLoaded
2018-04-10T14:21:06.8210338Z	ExperimentController	Entering state Trial
2018-04-10T14:21:06.8355560Z	ExperimentController	Starting trial
2018-04-10T14:21:06.8520802Z	ExperimentController	Gap: Inactive
2018-04-10T14:21:06.8671033Z	ExperimentController	HandOffset: 0
2018-04-10T14:21:06.8821264Z	ExperimentController	Noise type 0
2018-04-10T14:21:06.8971916Z	ExperimentController	NoiseLevel: 0
2018-04-10T14:21:06.9122266Z	ExperimentController	Lambda: 0
2018-04-10T14:21:06.9277507Z	ExperimentController	Collision probability: 1
2018-04-10T14:21:06.9427740Z	ExperimentController	Knife PresentFalse
2018-04-10T14:21:06.9583140Z	TrialController	Started
2018-04-10T14:21:08.6901218Z	TrialController	Entering state SpecificTrial
2018-04-10T14:21:08.6956304Z	ElementsAgencyTrial	Noise type: Control
2018-04-10T14:21:08.7001375Z	ElementsAgencyTrial	Delay collision active: 0
2018-04-10T14:21:08.7036428Z	ElementsAgencyTrial	Started
2018-04-10T14:21:08.7106436Z	TrialController	Elements Agency Experiment State Machine started
2018-04-10T14:21:10.1934454Z	ElementsAgencyTrial	Entering state ExperimentWave
2018-04-10T14:21:10.7094474Z	WaveController	Started
2018-04-10T14:21:10.9720324Z	WaveController	Entering state Initial
2018-04-10T14:21:10.9909470Z	WaveController	Initial Target Waved
2018-04-10T14:21:10.9944531Z	WaveController	Entering state Delay
2018-04-10T14:21:11.4849538Z	WaveController	Entering state Target
2018-04-10T14:21:11.4884594Z	WaveController	Light: 1
2018-04-10T14:21:14.4033891Z	WaveController	Waved incorrectly
2018-04-10T14:21:14.4073953Z	WaveController	Time in wave: 1 was 2.909833
2018-04-10T14:21:14.4109005Z	WaveController	Entering state Feedback
2018-04-10T14:21:15.9086329Z	WaveController	Entering state End
2018-04-10T14:21:15.9131397Z	TrialController	Event Waved
2018-04-10T14:21:15.9176465Z	ElementsAgencyTrial	Entering state Interval
2018-04-10T14:21:15.9206511Z	ElementsAgencyTrial	Entering state ExperimentWave
2018-04-10T14:21:16.4224568Z	WaveController	Started
2018-04-10T14:21:16.6878347Z	WaveController	Entering state Initial
2018-04-10T14:21:16.9727778Z	WaveController	Initial Target Waved
2018-04-10T14:21:16.9762831Z	WaveController	Entering state Delay
2018-04-10T14:21:17.4664090Z	WaveController	Entering state Target
2018-04-10T14:21:17.4694136Z	WaveController	Light: 1
2018-04-10T14:21:18.1650547Z	WaveController	Waved incorrectly
2018-04-10T14:21:18.1690606Z	WaveController	Time in wave: 2 was 0.6884422
2018-04-10T14:21:18.1725661Z	WaveController	Entering state Feedback
2018-04-10T14:21:19.6715656Z	WaveController	Entering state End
2018-04-10T14:21:19.6755715Z	TrialController	Event Waved
2018-04-10T14:21:19.6800785Z	ElementsAgencyTrial	Entering state Interval
2018-04-10T14:21:19.6830832Z	ElementsAgencyTrial	Entering state ExperimentWave
2018-04-10T14:21:20.1852378Z	WaveController	Started
2018-04-10T14:21:20.4520877Z	WaveController	Entering state Initial
2018-04-10T14:21:20.7512237Z	WaveController	Initial Target Waved
2018-04-10T14:21:20.7547290Z	WaveController	Entering state Delay
2018-04-10T14:21:21.2455089Z	WaveController	Entering state Target
2018-04-10T14:21:21.2485136Z	WaveController	Light: 1
2018-04-10T14:21:21.9275022Z	WaveController	Waved incorrectly
2018-04-10T14:21:21.9315084Z	WaveController	Time in wave: 3 was 0.6696148
2018-04-10T14:21:21.9350139Z	WaveController	Entering state Feedback
2018-04-10T14:21:23.4156367Z	WaveController	Entering state End
2018-04-10T14:21:23.4191419Z	TrialController	Event Waved
2018-04-10T14:21:23.4236490Z	ElementsAgencyTrial	Entering state Interval
2018-04-10T14:21:23.4271548Z	ElementsAgencyTrial	Entering state ExperimentWave
2018-04-10T14:21:23.9291023Z	WaveController	Started
2018-04-10T14:21:24.1941210Z	WaveController	Entering state Initial
2018-04-10T14:21:24.4795628Z	WaveController	Initial Target Waved
2018-04-10T14:21:24.4825691Z	WaveController	Entering state Delay
2018-04-10T14:21:24.9894525Z	WaveController	Entering state Target
2018-04-10T14:21:24.9924571Z	WaveController	Light: 0
2018-04-10T14:21:25.6216477Z	WaveController	Probability for Wave 4: 0.3391022
2018-04-10T14:21:25.6241514Z	WaveController	Waved correctly
2018-04-10T14:21:25.6281704Z	WaveController	Time in wave: 4 was 0.6255455
2018-04-10T14:21:25.6321643Z	WaveController	Entering state Feedback
2018-04-10T14:21:27.1304186Z	WaveController	Entering state End
2018-04-10T14:21:27.1354261Z	TrialController	Event Waved
2018-04-10T14:21:27.1404338Z	ElementsAgencyTrial	Entering state Interval
2018-04-10T14:21:27.1434384Z	ElementsAgencyTrial	Entering state ExperimentWave
2018-04-10T14:21:27.6291560Z	WaveController	Started
2018-04-10T14:21:27.8945493Z	WaveController	Entering state Initial
2018-04-10T14:21:28.1785142Z	WaveController	Initial Target Waved
2018-04-10T14:21:28.1820340Z	WaveController	Entering state Delay
2018-04-10T14:21:28.6894670Z	WaveController	Entering state Target
2018-04-10T14:21:28.6929696Z	WaveController	Light: 1
2018-04-10T14:21:29.5860357Z	WaveController	Waved incorrectly
2018-04-10T14:21:29.5900461Z	WaveController	Time in wave: 5 was 0.8858604
2018-04-10T14:21:29.5940474Z	WaveController	Entering state Feedback
2018-04-10T14:21:31.0913836Z	WaveController	Entering state End
2018-04-10T14:21:31.0958907Z	TrialController	Event Waved
2018-04-10T14:21:31.0998966Z	ElementsAgencyTrial	Entering state Interval
2018-04-10T14:21:31.1029012Z	ElementsAgencyTrial	Entering state ExperimentWave
2018-04-10T14:21:31.6048779Z	WaveController	Started
2018-04-10T14:21:31.8703057Z	WaveController	Entering state Initial
2018-04-10T14:21:32.1703075Z	WaveController	Initial Target Waved
2018-04-10T14:21:32.1737994Z	WaveController	Entering state Delay
2018-04-10T14:21:32.6654232Z	WaveController	Entering state Target
2018-04-10T14:21:32.6684278Z	WaveController	Light: 1
2018-04-10T14:21:33.1647294Z	WaveController	Waved incorrectly
2018-04-10T14:21:33.1687396Z	WaveController	Time in wave: 6 was 0.4898605
2018-04-10T14:21:33.1722405Z	WaveController	Entering state Feedback
2018-04-10T14:21:34.6699672Z	WaveController	Entering state End
2018-04-10T14:21:34.6739725Z	TrialController	Event Waved
2018-04-10T14:21:34.6779787Z	ElementsAgencyTrial	Entering state Interval
2018-04-10T14:21:34.6809847Z	ElementsAgencyTrial	Entering state ExperimentWave
2018-04-10T14:21:35.1830702Z	WaveController	Started
2018-04-10T14:21:35.4488409Z	WaveController	Entering state Initial
2018-04-10T14:21:35.7321968Z	WaveController	Initial Target Waved
2018-04-10T14:21:35.7356906Z	WaveController	Entering state Delay
2018-04-10T14:21:36.2275122Z	WaveController	Entering state Target
2018-04-10T14:21:36.2305163Z	WaveController	Light: 0
2018-04-10T14:21:36.8260652Z	WaveController	Probability for Wave 7: 0.01274812
2018-04-10T14:21:36.8290698Z	WaveController	Waved correctly
2018-04-10T14:21:36.8330760Z	WaveController	Time in wave: 7 was 0.5879936
2018-04-10T14:21:36.8365815Z	WaveController	Entering state Feedback
2018-04-10T14:21:38.3159335Z	WaveController	Entering state End
2018-04-10T14:21:38.3199374Z	TrialController	Event Waved
2018-04-10T14:21:38.3244430Z	ElementsAgencyTrial	Entering state Interval
2018-04-10T14:21:38.3274482Z	ElementsAgencyTrial	Entering state ExperimentWave
2018-04-10T14:21:38.8296154Z	WaveController	Started
2018-04-10T14:21:39.0942126Z	WaveController	Entering state Initial
2018-04-10T14:21:39.3795161Z	WaveController	Initial Target Waved
2018-04-10T14:21:39.3845241Z	WaveController	Entering state Delay
2018-04-10T14:21:39.8953875Z	WaveController	Entering state Target
2018-04-10T14:21:39.8983921Z	WaveController	Light: 1
2018-04-10T14:21:40.6046514Z	WaveController	Waved incorrectly
2018-04-10T14:21:40.6091434Z	WaveController	Time in wave: 8 was 0.7051735
2018-04-10T14:21:40.6126637Z	WaveController	Entering state Feedback
2018-04-10T14:21:42.1099655Z	WaveController	Entering state End
2018-04-10T14:21:42.1139716Z	TrialController	Event Waved
2018-04-10T14:21:42.1189796Z	ElementsAgencyTrial	Entering state Interval
2018-04-10T14:21:42.1229866Z	ElementsAgencyTrial	Entering state ExperimentWave
2018-04-10T14:21:42.6257663Z	WaveController	Started
2018-04-10T14:21:42.8901327Z	WaveController	Entering state Initial
2018-04-10T14:21:43.1907236Z	WaveController	Initial Target Waved
2018-04-10T14:21:43.1947250Z	WaveController	Entering state Delay
2018-04-10T14:21:43.6853797Z	WaveController	Entering state Target
2018-04-10T14:21:43.6883843Z	WaveController	Light: 0
2018-04-10T14:21:44.3837457Z	WaveController	Probability for Wave 9: 0.5303535
2018-04-10T14:21:44.3872515Z	WaveController	Waved correctly
2018-04-10T14:21:44.3912699Z	WaveController	Time in wave: 9 was 0.6894836
2018-04-10T14:21:44.3947632Z	WaveController	Entering state Feedback
2018-04-10T14:21:45.8910745Z	WaveController	Entering state End
2018-04-10T14:21:45.8955716Z	TrialController	Event Waved
2018-04-10T14:21:45.9000878Z	ElementsAgencyTrial	Entering state Interval
2018-04-10T14:21:45.9030830Z	ElementsAgencyTrial	Entering state ExperimentWave
2018-04-10T14:21:46.4055749Z	WaveController	Started
2018-04-10T14:21:46.6698298Z	WaveController	Entering state Initial
2018-04-10T14:21:46.9713206Z	WaveController	Initial Target Waved
2018-04-10T14:21:46.9748381Z	WaveController	Entering state Delay
2018-04-10T14:21:47.4652953Z	WaveController	Entering state Target
2018-04-10T14:21:47.4688006Z	WaveController	Light: 1
2018-04-10T14:21:48.1316644Z	WaveController	Waved incorrectly
2018-04-10T14:21:48.1356754Z	WaveController	Time in wave: 10 was 0.6494827
2018-04-10T14:21:48.1391758Z	WaveController	Entering state Feedback
2018-04-10T14:21:49.6194044Z	WaveController	Entering state End
2018-04-10T14:21:49.6234211Z	TrialController	Event Waved
2018-04-10T14:21:49.6284194Z	ElementsAgencyTrial	Entering state Interval
2018-04-10T14:21:49.6314383Z	ElementsAgencyTrial	Entering state Threat
2018-04-10T14:21:50.1337272Z	Threat	Started
