2018-04-10T13:42:41.0576227Z	Logger	Started logging
2018-04-10T13:42:41.0711257Z	ExperimentController	Participant: dafd
2018-04-10T13:42:41.0836622Z	ExperimentController	Hand model is female
2018-04-10T13:42:41.1096866Z	ExperimentController	Protocol file Protocol/Elements Agency Experiment/Protocol01.txt
2018-04-10T13:42:41.1247080Z	ExperimentController	Loaded 5 trials
2018-04-10T13:42:41.1407332Z	ExperimentController	Event ProtocolLoaded
2018-04-10T13:42:41.1542538Z	ExperimentController	Entering state Trial
2018-04-10T13:42:41.1753112Z	ExperimentController	Starting trial
2018-04-10T13:42:41.1916990Z	ExperimentController	Gap: Inactive
2018-04-10T13:42:41.2077333Z	ExperimentController	HandOffset: 0
2018-04-10T13:42:41.2227615Z	ExperimentController	Noise type 0
2018-04-10T13:42:41.2387714Z	ExperimentController	NoiseLevel: 0
2018-04-10T13:42:41.2542968Z	ExperimentController	Lambda: 0
2018-04-10T13:42:41.2703198Z	ExperimentController	Collision probability: 1
2018-04-10T13:42:41.2863441Z	ExperimentController	Knife PresentFalse
2018-04-10T13:42:41.3038715Z	TrialController	Started
2018-04-10T13:42:43.0084980Z	TrialController	Entering state SpecificTrial
2018-04-10T13:42:43.0140066Z	ElementsAgencyTrial	Noise type: Control
2018-04-10T13:42:43.0185137Z	ElementsAgencyTrial	Delay collision active: 0
2018-04-10T13:42:43.0225199Z	ElementsAgencyTrial	Started
2018-04-10T13:42:43.0265260Z	TrialController	Elements Agency Experiment State Machine started
2018-04-10T13:42:44.5104452Z	ElementsAgencyTrial	Entering state ExperimentWave
2018-04-10T13:42:45.0103249Z	WaveController	Started
2018-04-10T13:42:45.2628926Z	WaveController	Entering state Initial
2018-04-10T13:42:46.4413002Z	WaveController	Initial Target Waved
2018-04-10T13:42:46.4452975Z	WaveController	Entering state Delay
2018-04-10T13:42:46.9357809Z	WaveController	Entering state Target
2018-04-10T13:42:46.9397911Z	WaveController	Light: 1
2018-04-10T13:42:48.3157454Z	WaveController	Probability for Wave 1: 0.1451406
2018-04-10T13:42:48.3197365Z	WaveController	Waved correctly
2018-04-10T13:42:48.3237421Z	WaveController	Time in wave: 1 was 1.366697
2018-04-10T13:42:48.3277616Z	WaveController	Entering state Feedback
2018-04-10T13:42:49.8112877Z	WaveController	Entering state End
2018-04-10T13:42:49.8152939Z	TrialController	Event Waved
2018-04-10T13:42:49.8208027Z	ElementsAgencyTrial	Entering state Interval
2018-04-10T13:42:49.8243080Z	ElementsAgencyTrial	Entering state ExperimentWave
2018-04-10T13:42:50.3129491Z	WaveController	Started
2018-04-10T13:42:50.5633310Z	WaveController	Entering state Initial
2018-04-10T13:42:51.6096497Z	WaveController	Initial Target Waved
2018-04-10T13:42:51.6131456Z	WaveController	Entering state Delay
2018-04-10T13:42:52.1033255Z	WaveController	Entering state Target
2018-04-10T13:42:52.1068311Z	WaveController	Light: 0
2018-04-10T13:42:52.8510672Z	WaveController	Probability for Wave 2: 0.937326
2018-04-10T13:42:52.8540727Z	WaveController	Waved correctly
2018-04-10T13:42:52.8585935Z	WaveController	Time in wave: 2 was 0.7384987
2018-04-10T13:42:52.8630863Z	WaveController	Entering state Feedback
