2018-04-10T14:41:29.5378175Z	Logger	Started logging
2018-04-10T14:41:29.5543379Z	ExperimentController	Participant: asdfadfadfadsfawegf
2018-04-10T14:41:29.5678588Z	ExperimentController	Hand model is female
2018-04-10T14:41:29.6019166Z	ExperimentController	Protocol file Protocol/Elements Agency Experiment/Protocol01.txt
2018-04-10T14:41:29.6164359Z	ExperimentController	Loaded 5 trials
2018-04-10T14:41:29.6309584Z	ExperimentController	Event ProtocolLoaded
2018-04-10T14:41:29.6484878Z	ExperimentController	Entering state Trial
2018-04-10T14:41:29.6650062Z	ExperimentController	Starting trial
2018-04-10T14:41:29.6825381Z	ExperimentController	Gap: Inactive
2018-04-10T14:41:29.6990631Z	ExperimentController	HandOffset: 0
2018-04-10T14:41:29.7156163Z	ExperimentController	Noise type 0
2018-04-10T14:41:29.7316552Z	ExperimentController	NoiseLevel: 0
2018-04-10T14:41:29.7481756Z	ExperimentController	Lambda: 0
2018-04-10T14:41:29.7647040Z	ExperimentController	Collision probability: 1
2018-04-10T14:41:29.7807292Z	ExperimentController	Knife PresentFalse
2018-04-10T14:41:29.7977545Z	TrialController	Started
2018-04-10T14:41:31.4946104Z	TrialController	Entering state SpecificTrial
2018-04-10T14:41:31.5001195Z	ElementsAgencyTrial	Noise type: Control
2018-04-10T14:41:31.5051395Z	ElementsAgencyTrial	Delay collision active: 0
2018-04-10T14:41:31.5091456Z	ElementsAgencyTrial	Started
2018-04-10T14:41:31.5131515Z	TrialController	Elements Agency Experiment State Machine started
2018-04-10T14:41:33.0101055Z	ElementsAgencyTrial	Entering state ExperimentWave
2018-04-10T14:41:33.5235244Z	WaveController	Started
2018-04-10T14:41:33.7886630Z	WaveController	Entering state Initial
2018-04-10T14:41:34.8016380Z	WaveController	Initial Target Waved
2018-04-10T14:41:34.8051433Z	WaveController	Entering state Delay
2018-04-10T14:41:35.2978580Z	WaveController	Entering state Target
2018-04-10T14:41:35.3023648Z	WaveController	Light: 1
2018-04-10T14:41:35.9626566Z	WaveController	Time in wave: 1 was 0.6481419
2018-04-10T14:41:35.9661621Z	WaveController	Entering state Interval
2018-04-10T14:41:36.0616309Z	WaveController	Entering state Feedback
2018-04-10T14:41:36.5745141Z	WaveController	Waved incorrectly
2018-04-10T14:41:36.5908811Z	WaveController	Waved incorrectly
2018-04-10T14:41:36.6080044Z	WaveController	Waved incorrectly
2018-04-10T14:41:36.6233368Z	WaveController	Waved incorrectly
2018-04-10T14:41:36.6411167Z	WaveController	Waved incorrectly
2018-04-10T14:41:36.6601434Z	WaveController	Waved incorrectly
2018-04-10T14:41:36.6741299Z	WaveController	Waved incorrectly
2018-04-10T14:41:36.6912295Z	WaveController	Waved incorrectly
2018-04-10T14:41:36.7073100Z	WaveController	Waved incorrectly
2018-04-10T14:41:36.7203089Z	WaveController	Waved incorrectly
2018-04-10T14:41:36.7397267Z	WaveController	Waved incorrectly
2018-04-10T14:41:36.7567890Z	WaveController	Waved incorrectly
2018-04-10T14:41:36.7734458Z	WaveController	Waved incorrectly
2018-04-10T14:41:36.7897351Z	WaveController	Waved incorrectly
2018-04-10T14:41:36.8031379Z	WaveController	Waved incorrectly
2018-04-10T14:41:36.8252634Z	WaveController	Waved incorrectly
2018-04-10T14:41:36.8393593Z	WaveController	Waved incorrectly
2018-04-10T14:41:36.8590838Z	WaveController	Waved incorrectly
2018-04-10T14:41:36.8726050Z	WaveController	Waved incorrectly
2018-04-10T14:41:36.8891528Z	WaveController	Waved incorrectly
2018-04-10T14:41:36.9026732Z	WaveController	Waved incorrectly
2018-04-10T14:41:36.9219640Z	WaveController	Waved incorrectly
2018-04-10T14:41:36.9388510Z	WaveController	Waved incorrectly
2018-04-10T14:41:36.9552308Z	WaveController	Waved incorrectly
2018-04-10T14:41:36.9727249Z	WaveController	Waved incorrectly
2018-04-10T14:41:36.9903792Z	WaveController	Waved incorrectly
2018-04-10T14:41:37.0023106Z	WaveController	Waved incorrectly
2018-04-10T14:41:37.0223559Z	WaveController	Waved incorrectly
2018-04-10T14:41:37.0411117Z	WaveController	Waved incorrectly
2018-04-10T14:41:37.0551637Z	WaveController	Waved incorrectly
2018-04-10T14:41:37.0717416Z	WaveController	Waved incorrectly
2018-04-10T14:41:37.0883138Z	WaveController	Waved incorrectly
2018-04-10T14:41:37.1013609Z	WaveController	Waved incorrectly
2018-04-10T14:41:37.1209713Z	WaveController	Waved incorrectly
2018-04-10T14:41:37.1379978Z	WaveController	Waved incorrectly
2018-04-10T14:41:37.1540153Z	WaveController	Waved incorrectly
2018-04-10T14:41:37.1705306Z	WaveController	Waved incorrectly
2018-04-10T14:41:37.1873154Z	WaveController	Waved incorrectly
2018-04-10T14:41:37.2008313Z	WaveController	Waved incorrectly
2018-04-10T14:41:37.2205863Z	WaveController	Waved incorrectly
2018-04-10T14:41:37.2368107Z	WaveController	Waved incorrectly
2018-04-10T14:41:37.2535839Z	WaveController	Waved incorrectly
2018-04-10T14:41:37.2701094Z	WaveController	Waved incorrectly
2018-04-10T14:41:37.2837906Z	WaveController	Waved incorrectly
2018-04-10T14:41:37.3030270Z	WaveController	Waved incorrectly
2018-04-10T14:41:37.3202408Z	WaveController	Waved incorrectly
2018-04-10T14:41:37.3368426Z	WaveController	Waved incorrectly
2018-04-10T14:41:37.3535085Z	WaveController	Waved incorrectly
2018-04-10T14:41:37.3698482Z	WaveController	Waved incorrectly
2018-04-10T14:41:37.3834721Z	WaveController	Waved incorrectly
2018-04-10T14:41:37.4030874Z	WaveController	Waved incorrectly
2018-04-10T14:41:37.4196434Z	WaveController	Waved incorrectly
2018-04-10T14:41:37.4361021Z	WaveController	Waved incorrectly
2018-04-10T14:41:37.4544913Z	WaveController	Waved incorrectly
2018-04-10T14:41:37.4686084Z	WaveController	Waved incorrectly
2018-04-10T14:41:37.4820893Z	WaveController	Waved incorrectly
2018-04-10T14:41:37.5019897Z	WaveController	Waved incorrectly
2018-04-10T14:41:37.5185611Z	WaveController	Waved incorrectly
2018-04-10T14:41:37.5349685Z	WaveController	Waved incorrectly
2018-04-10T14:41:37.5515109Z	WaveController	Waved incorrectly
2018-04-10T14:41:37.5690596Z	WaveController	Waved incorrectly
2018-04-10T14:41:37.5720645Z	WaveController	Entering state End
2018-04-10T14:41:37.5770719Z	TrialController	Event Waved
2018-04-10T14:41:37.5820796Z	ElementsAgencyTrial	Entering state Interval
2018-04-10T14:41:37.5850839Z	ElementsAgencyTrial	Entering state ExperimentWave
2018-04-10T14:41:38.0743335Z	WaveController	Started
2018-04-10T14:41:38.3397963Z	WaveController	Entering state Initial
2018-04-10T14:41:39.2174991Z	WaveController	Initial Target Waved
2018-04-10T14:41:39.2215255Z	WaveController	Entering state Delay
2018-04-10T14:41:39.7122479Z	WaveController	Entering state Target
2018-04-10T14:41:39.7162544Z	WaveController	Light: 1
2018-04-10T14:41:41.2560238Z	WaveController	Time in wave: 2 was 1.531417
2018-04-10T14:41:41.2600169Z	WaveController	Entering state Interval
2018-04-10T14:41:41.3544594Z	WaveController	Entering state Feedback
2018-04-10T14:41:41.8690526Z	WaveController	Waved incorrectly
2018-04-10T14:41:41.8819582Z	WaveController	Waved incorrectly
2018-04-10T14:41:41.9014784Z	WaveController	Waved incorrectly
2018-04-10T14:41:41.9179527Z	WaveController	Waved incorrectly
2018-04-10T14:41:41.9349954Z	WaveController	Waved incorrectly
2018-04-10T14:41:41.9510496Z	WaveController	Waved incorrectly
2018-04-10T14:41:41.9739561Z	WaveController	Waved incorrectly
2018-04-10T14:41:41.9806550Z	WaveController	Waved incorrectly
2018-04-10T14:41:42.0003975Z	WaveController	Waved incorrectly
2018-04-10T14:41:42.0169512Z	WaveController	Waved incorrectly
2018-04-10T14:41:42.0335265Z	WaveController	Waved incorrectly
2018-04-10T14:41:42.0530561Z	WaveController	Waved incorrectly
2018-04-10T14:41:42.0671036Z	WaveController	Waved incorrectly
2018-04-10T14:41:42.0817988Z	WaveController	Waved incorrectly
2018-04-10T14:41:42.1004940Z	WaveController	Waved incorrectly
2018-04-10T14:41:42.1180313Z	WaveController	Waved incorrectly
2018-04-10T14:41:42.1340568Z	WaveController	Waved incorrectly
2018-04-10T14:41:42.1501916Z	WaveController	Waved incorrectly
2018-04-10T14:41:42.1632105Z	WaveController	Waved incorrectly
2018-04-10T14:41:42.1827520Z	WaveController	Waved incorrectly
2018-04-10T14:41:42.2007852Z	WaveController	Waved incorrectly
2018-04-10T14:41:42.2162927Z	WaveController	Waved incorrectly
2018-04-10T14:41:42.2328350Z	WaveController	Waved incorrectly
2018-04-10T14:41:42.2493429Z	WaveController	Waved incorrectly
2018-04-10T14:41:42.2628858Z	WaveController	Waved incorrectly
2018-04-10T14:41:42.2824151Z	WaveController	Waved incorrectly
2018-04-10T14:41:42.2985792Z	WaveController	Waved incorrectly
2018-04-10T14:41:42.3155143Z	WaveController	Waved incorrectly
2018-04-10T14:41:42.3355863Z	WaveController	Waved incorrectly
2018-04-10T14:41:42.3486035Z	WaveController	Waved incorrectly
2018-04-10T14:41:42.3624412Z	WaveController	Waved incorrectly
2018-04-10T14:41:42.3820070Z	WaveController	Waved incorrectly
2018-04-10T14:41:42.3985598Z	WaveController	Waved incorrectly
2018-04-10T14:41:42.4165306Z	WaveController	Waved incorrectly
2018-04-10T14:41:42.4310870Z	WaveController	Waved incorrectly
2018-04-10T14:41:42.4482116Z	WaveController	Waved incorrectly
2018-04-10T14:41:42.4616563Z	WaveController	Waved incorrectly
2018-04-10T14:41:42.4807015Z	WaveController	Waved incorrectly
2018-04-10T14:41:42.4977502Z	WaveController	Waved incorrectly
2018-04-10T14:41:42.5142757Z	WaveController	Waved incorrectly
2018-04-10T14:41:42.5317513Z	WaveController	Waved incorrectly
2018-04-10T14:41:42.5472426Z	WaveController	Waved incorrectly
2018-04-10T14:41:42.5608264Z	WaveController	Waved incorrectly
2018-04-10T14:41:42.5803204Z	WaveController	Waved incorrectly
2018-04-10T14:41:42.5968420Z	WaveController	Waved incorrectly
2018-04-10T14:41:42.6133596Z	WaveController	Waved incorrectly
2018-04-10T14:41:42.6298786Z	WaveController	Waved incorrectly
2018-04-10T14:41:42.6439167Z	WaveController	Waved incorrectly
2018-04-10T14:41:42.6633646Z	WaveController	Waved incorrectly
2018-04-10T14:41:42.6806503Z	WaveController	Waved incorrectly
2018-04-10T14:41:42.6965569Z	WaveController	Waved incorrectly
2018-04-10T14:41:42.7135893Z	WaveController	Waved incorrectly
2018-04-10T14:41:42.7302350Z	WaveController	Waved incorrectly
2018-04-10T14:41:42.7482624Z	WaveController	Waved incorrectly
2018-04-10T14:41:42.7624109Z	WaveController	Waved incorrectly
2018-04-10T14:41:42.7794021Z	WaveController	Waved incorrectly
2018-04-10T14:41:42.7960460Z	WaveController	Waved incorrectly
2018-04-10T14:41:42.8131764Z	WaveController	Waved incorrectly
2018-04-10T14:41:42.8293305Z	WaveController	Waved incorrectly
2018-04-10T14:41:42.8430862Z	WaveController	Waved incorrectly
2018-04-10T14:41:42.8622020Z	WaveController	Waved incorrectly
2018-04-10T14:41:42.8652063Z	WaveController	Entering state End
2018-04-10T14:41:42.8697131Z	TrialController	Event Waved
2018-04-10T14:41:42.8742202Z	ElementsAgencyTrial	Entering state Interval
2018-04-10T14:41:42.8772248Z	ElementsAgencyTrial	Entering state ExperimentWave
2018-04-10T14:41:43.3626103Z	WaveController	Started
2018-04-10T14:41:43.6285290Z	WaveController	Entering state Initial
2018-04-10T14:41:43.9123089Z	WaveController	Initial Target Waved
2018-04-10T14:41:43.9158144Z	WaveController	Entering state Delay
2018-04-10T14:41:44.4072191Z	WaveController	Entering state Target
2018-04-10T14:41:44.4107243Z	WaveController	Light: 0
2018-04-10T14:41:45.0740398Z	WaveController	Time in wave: 3 was 0.6570625
2018-04-10T14:41:45.0775451Z	WaveController	Entering state Interval
2018-04-10T14:41:45.1701979Z	WaveController	Entering state Feedback
2018-04-10T14:41:45.6831725Z	WaveController	Waved incorrectly
2018-04-10T14:41:45.7001987Z	WaveController	Waved incorrectly
2018-04-10T14:41:45.7166335Z	WaveController	Waved incorrectly
2018-04-10T14:41:45.7334826Z	WaveController	Waved incorrectly
2018-04-10T14:41:45.7501610Z	WaveController	Waved incorrectly
2018-04-10T14:41:45.7672800Z	WaveController	Waved incorrectly
2018-04-10T14:41:45.7827687Z	WaveController	Waved incorrectly
2018-04-10T14:41:45.7996483Z	WaveController	Waved incorrectly
2018-04-10T14:41:45.8164841Z	WaveController	Waved incorrectly
2018-04-10T14:41:45.8331340Z	WaveController	Waved incorrectly
2018-04-10T14:41:45.8496792Z	WaveController	Waved incorrectly
2018-04-10T14:41:45.8664888Z	WaveController	Waved incorrectly
2018-04-10T14:41:45.8824457Z	WaveController	Waved incorrectly
2018-04-10T14:41:45.8995362Z	WaveController	Waved incorrectly
2018-04-10T14:41:45.9159092Z	WaveController	Waved incorrectly
2018-04-10T14:41:45.9321043Z	WaveController	Waved incorrectly
2018-04-10T14:41:45.9485368Z	WaveController	Waved incorrectly
2018-04-10T14:41:45.9649849Z	WaveController	Waved incorrectly
2018-04-10T14:41:45.9815506Z	WaveController	Waved incorrectly
2018-04-10T14:41:45.9980790Z	WaveController	Waved incorrectly
2018-04-10T14:41:46.0147261Z	WaveController	Waved incorrectly
2018-04-10T14:41:46.0317267Z	WaveController	Waved incorrectly
2018-04-10T14:41:46.0482719Z	WaveController	Waved incorrectly
2018-04-10T14:41:46.0648657Z	WaveController	Waved incorrectly
2018-04-10T14:41:46.0806917Z	WaveController	Waved incorrectly
2018-04-10T14:41:46.0977313Z	WaveController	Waved incorrectly
2018-04-10T14:41:46.1142118Z	WaveController	Waved incorrectly
2018-04-10T14:41:46.1317979Z	WaveController	Waved incorrectly
2018-04-10T14:41:46.1472980Z	WaveController	Waved incorrectly
2018-04-10T14:41:46.1638617Z	WaveController	Waved incorrectly
2018-04-10T14:41:46.1800904Z	WaveController	Waved incorrectly
2018-04-10T14:41:46.1972244Z	WaveController	Waved incorrectly
2018-04-10T14:41:46.2137440Z	WaveController	Waved incorrectly
2018-04-10T14:41:46.2307500Z	WaveController	Waved incorrectly
2018-04-10T14:41:46.2473512Z	WaveController	Waved incorrectly
2018-04-10T14:41:46.2633716Z	WaveController	Waved incorrectly
2018-04-10T14:41:46.2803642Z	WaveController	Waved incorrectly
2018-04-10T14:41:46.2975008Z	WaveController	Waved incorrectly
2018-04-10T14:41:46.3133493Z	WaveController	Waved incorrectly
2018-04-10T14:41:46.3295706Z	WaveController	Waved incorrectly
2018-04-10T14:41:46.3463790Z	WaveController	Waved incorrectly
2018-04-10T14:41:46.3624076Z	WaveController	Waved incorrectly
2018-04-10T14:41:46.3795027Z	WaveController	Waved incorrectly
2018-04-10T14:41:46.4005305Z	WaveController	Waved incorrectly
2018-04-10T14:41:46.4123768Z	WaveController	Waved incorrectly
2018-04-10T14:41:46.4292034Z	WaveController	Waved incorrectly
2018-04-10T14:41:46.4457677Z	WaveController	Waved incorrectly
2018-04-10T14:41:46.4617832Z	WaveController	Waved incorrectly
2018-04-10T14:41:46.4784716Z	WaveController	Waved incorrectly
2018-04-10T14:41:46.4955658Z	WaveController	Waved incorrectly
2018-04-10T14:41:46.5117162Z	WaveController	Waved incorrectly
2018-04-10T14:41:46.5280992Z	WaveController	Waved incorrectly
2018-04-10T14:41:46.5449634Z	WaveController	Waved incorrectly
2018-04-10T14:41:46.5611349Z	WaveController	Waved incorrectly
2018-04-10T14:41:46.5781676Z	WaveController	Waved incorrectly
2018-04-10T14:41:46.5952135Z	WaveController	Waved incorrectly
2018-04-10T14:41:46.6117071Z	WaveController	Waved incorrectly
2018-04-10T14:41:46.6281356Z	WaveController	Waved incorrectly
2018-04-10T14:41:46.6446845Z	WaveController	Waved incorrectly
2018-04-10T14:41:46.6607769Z	WaveController	Waved incorrectly
2018-04-10T14:41:46.6776471Z	WaveController	Waved incorrectly
2018-04-10T14:41:46.6806520Z	WaveController	Entering state End
2018-04-10T14:41:46.6846579Z	TrialController	Event Waved
2018-04-10T14:41:46.6896662Z	ElementsAgencyTrial	Entering state Interval
2018-04-10T14:41:46.6926702Z	ElementsAgencyTrial	Entering state ExperimentWave
2018-04-10T14:41:47.1780107Z	WaveController	Started
2018-04-10T14:41:47.4430434Z	WaveController	Entering state Initial
2018-04-10T14:41:47.7272830Z	WaveController	Initial Target Waved
2018-04-10T14:41:47.7307868Z	WaveController	Entering state Delay
2018-04-10T14:41:48.2384461Z	WaveController	Entering state Target
2018-04-10T14:41:48.2419914Z	WaveController	Light: 1
2018-04-10T14:41:50.1640959Z	WaveController	Time in wave: 4 was 1.905613
2018-04-10T14:41:50.1681018Z	WaveController	Entering state Interval
2018-04-10T14:41:50.2621017Z	WaveController	Entering state Feedback
2018-04-10T14:41:50.7776187Z	WaveController	Waved incorrectly
2018-04-10T14:41:50.7928738Z	WaveController	Waved incorrectly
2018-04-10T14:41:50.8094699Z	WaveController	Waved incorrectly
2018-04-10T14:41:50.8225269Z	WaveController	Waved incorrectly
2018-04-10T14:41:50.8424003Z	WaveController	Waved incorrectly
2018-04-10T14:41:50.8590204Z	WaveController	Waved incorrectly
2018-04-10T14:41:50.8754056Z	WaveController	Waved incorrectly
2018-04-10T14:41:50.8915509Z	WaveController	Waved incorrectly
2018-04-10T14:41:50.9080565Z	WaveController	Waved incorrectly
2018-04-10T14:41:50.9220864Z	WaveController	Waved incorrectly
2018-04-10T14:41:50.9486620Z	WaveController	Waved incorrectly
2018-04-10T14:41:50.9583240Z	WaveController	Waved incorrectly
2018-04-10T14:41:50.9748763Z	WaveController	Waved incorrectly
2018-04-10T14:41:50.9911471Z	WaveController	Waved incorrectly
2018-04-10T14:41:51.0081531Z	WaveController	Waved incorrectly
2018-04-10T14:41:51.0221937Z	WaveController	Waved incorrectly
2018-04-10T14:41:51.0411396Z	WaveController	Waved incorrectly
2018-04-10T14:41:51.0574465Z	WaveController	Waved incorrectly
2018-04-10T14:41:51.0740145Z	WaveController	Waved incorrectly
2018-04-10T14:41:51.0910908Z	WaveController	Waved incorrectly
2018-04-10T14:41:51.1077680Z	WaveController	Waved incorrectly
2018-04-10T14:41:51.1217178Z	WaveController	Waved incorrectly
2018-04-10T14:41:51.1422490Z	WaveController	Waved incorrectly
2018-04-10T14:41:51.1570569Z	WaveController	Waved incorrectly
2018-04-10T14:41:51.1737456Z	WaveController	Waved incorrectly
2018-04-10T14:41:51.1904786Z	WaveController	Waved incorrectly
2018-04-10T14:41:51.2072637Z	WaveController	Waved incorrectly
2018-04-10T14:41:51.2202837Z	WaveController	Waved incorrectly
2018-04-10T14:41:51.2401113Z	WaveController	Waved incorrectly
2018-04-10T14:41:51.2566360Z	WaveController	Waved incorrectly
2018-04-10T14:41:51.2731616Z	WaveController	Waved incorrectly
2018-04-10T14:41:51.2896868Z	WaveController	Waved incorrectly
2018-04-10T14:41:51.3027069Z	WaveController	Waved incorrectly
2018-04-10T14:41:51.3232386Z	WaveController	Waved incorrectly
2018-04-10T14:41:51.3397638Z	WaveController	Waved incorrectly
2018-04-10T14:41:51.3562894Z	WaveController	Waved incorrectly
2018-04-10T14:41:51.3724552Z	WaveController	Waved incorrectly
2018-04-10T14:41:51.3891438Z	WaveController	Waved incorrectly
2018-04-10T14:41:51.4023153Z	WaveController	Waved incorrectly
2018-04-10T14:41:51.4218696Z	WaveController	Waved incorrectly
2018-04-10T14:41:51.4386343Z	WaveController	Waved incorrectly
2018-04-10T14:41:51.4551607Z	WaveController	Waved incorrectly
2018-04-10T14:41:51.4720767Z	WaveController	Waved incorrectly
2018-04-10T14:41:51.4890129Z	WaveController	Waved incorrectly
2018-04-10T14:41:51.5018138Z	WaveController	Waved incorrectly
2018-04-10T14:41:51.5218623Z	WaveController	Waved incorrectly
2018-04-10T14:41:51.5390023Z	WaveController	Waved incorrectly
2018-04-10T14:41:51.5545844Z	WaveController	Waved incorrectly
2018-04-10T14:41:51.5712736Z	WaveController	Waved incorrectly
2018-04-10T14:41:51.5877786Z	WaveController	Waved incorrectly
2018-04-10T14:41:51.6007821Z	WaveController	Waved incorrectly
2018-04-10T14:41:51.6209752Z	WaveController	Waved incorrectly
2018-04-10T14:41:51.6375403Z	WaveController	Waved incorrectly
2018-04-10T14:41:51.6535626Z	WaveController	Waved incorrectly
2018-04-10T14:41:51.6703984Z	WaveController	Waved incorrectly
2018-04-10T14:41:51.6869282Z	WaveController	Waved incorrectly
2018-04-10T14:41:51.7002548Z	WaveController	Waved incorrectly
2018-04-10T14:41:51.7197801Z	WaveController	Waved incorrectly
2018-04-10T14:41:51.7365538Z	WaveController	Waved incorrectly
2018-04-10T14:41:51.7535106Z	WaveController	Waved incorrectly
2018-04-10T14:41:51.7697373Z	WaveController	Waved incorrectly
2018-04-10T14:41:51.7727419Z	WaveController	Entering state End
2018-04-10T14:41:51.7772490Z	TrialController	Event Waved
2018-04-10T14:41:51.7822567Z	ElementsAgencyTrial	Entering state Interval
2018-04-10T14:41:51.7852610Z	ElementsAgencyTrial	Entering state ExperimentWave
2018-04-10T14:41:52.2736041Z	WaveController	Started
2018-04-10T14:41:52.5386144Z	WaveController	Entering state Initial
2018-04-10T14:41:53.4330906Z	WaveController	Initial Target Waved
2018-04-10T14:41:53.4365962Z	WaveController	Entering state Delay
2018-04-10T14:41:53.9278181Z	WaveController	Entering state Target
2018-04-10T14:41:53.9313228Z	WaveController	Light: 0
2018-04-10T14:41:54.9423713Z	WaveController	Time in wave: 5 was 0.9962463
2018-04-10T14:41:54.9458768Z	WaveController	Entering state Interval
2018-04-10T14:41:55.0378267Z	WaveController	Entering state Feedback
2018-04-10T14:41:55.5511264Z	WaveController	Waved incorrectly
2018-04-10T14:41:55.5675819Z	WaveController	Waved incorrectly
2018-04-10T14:41:55.5846351Z	WaveController	Waved incorrectly
2018-04-10T14:41:55.6006746Z	WaveController	Waved incorrectly
2018-04-10T14:41:55.6176444Z	WaveController	Waved incorrectly
2018-04-10T14:41:55.6339112Z	WaveController	Waved incorrectly
2018-04-10T14:41:55.6504274Z	WaveController	Waved incorrectly
2018-04-10T14:41:55.6669703Z	WaveController	Waved incorrectly
2018-04-10T14:41:55.6844140Z	WaveController	Waved incorrectly
2018-04-10T14:41:55.7003931Z	WaveController	Waved incorrectly
2018-04-10T14:41:55.7169639Z	WaveController	Waved incorrectly
2018-04-10T14:41:55.7337985Z	WaveController	Waved incorrectly
2018-04-10T14:41:55.7500819Z	WaveController	Waved incorrectly
2018-04-10T14:41:55.7673503Z	WaveController	Waved incorrectly
2018-04-10T14:41:55.7828868Z	WaveController	Waved incorrectly
2018-04-10T14:41:55.7999150Z	WaveController	Waved incorrectly
2018-04-10T14:41:55.8164533Z	WaveController	Waved incorrectly
2018-04-10T14:41:55.8334772Z	WaveController	Waved incorrectly
2018-04-10T14:41:55.8494905Z	WaveController	Waved incorrectly
2018-04-10T14:41:55.8660306Z	WaveController	Waved incorrectly
2018-04-10T14:41:55.8820401Z	WaveController	Waved incorrectly
2018-04-10T14:41:55.8991050Z	WaveController	Waved incorrectly
2018-04-10T14:41:55.9154541Z	WaveController	Waved incorrectly
2018-04-10T14:41:55.9317784Z	WaveController	Waved incorrectly
2018-04-10T14:41:55.9483723Z	WaveController	Waved incorrectly
2018-04-10T14:41:55.9653729Z	WaveController	Waved incorrectly
2018-04-10T14:41:55.9815720Z	WaveController	Waved incorrectly
2018-04-10T14:41:55.9983875Z	WaveController	Waved incorrectly
2018-04-10T14:41:56.0150748Z	WaveController	Waved incorrectly
2018-04-10T14:41:56.0319236Z	WaveController	Waved incorrectly
2018-04-10T14:41:56.0482164Z	WaveController	Waved incorrectly
2018-04-10T14:41:56.0657688Z	WaveController	Waved incorrectly
2018-04-10T14:41:56.0811588Z	WaveController	Waved incorrectly
2018-04-10T14:41:56.0979143Z	WaveController	Waved incorrectly
2018-04-10T14:41:56.1145411Z	WaveController	Waved incorrectly
2018-04-10T14:41:56.1315679Z	WaveController	Waved incorrectly
2018-04-10T14:41:56.1476281Z	WaveController	Waved incorrectly
2018-04-10T14:41:56.1641724Z	WaveController	Waved incorrectly
2018-04-10T14:41:56.1807945Z	WaveController	Waved incorrectly
2018-04-10T14:41:56.1974006Z	WaveController	Waved incorrectly
2018-04-10T14:41:56.2134847Z	WaveController	Waved incorrectly
2018-04-10T14:41:56.2300538Z	WaveController	Waved incorrectly
2018-04-10T14:41:56.2469044Z	WaveController	Waved incorrectly
2018-04-10T14:41:56.2629734Z	WaveController	Waved incorrectly
2018-04-10T14:41:56.2798667Z	WaveController	Waved incorrectly
2018-04-10T14:41:56.2966259Z	WaveController	Waved incorrectly
2018-04-10T14:41:56.3131936Z	WaveController	Waved incorrectly
2018-04-10T14:41:56.3299092Z	WaveController	Waved incorrectly
2018-04-10T14:41:56.3463366Z	WaveController	Waved incorrectly
2018-04-10T14:41:56.3628254Z	WaveController	Waved incorrectly
2018-04-10T14:41:56.3798013Z	WaveController	Waved incorrectly
2018-04-10T14:41:56.3963686Z	WaveController	Waved incorrectly
2018-04-10T14:41:56.4127451Z	WaveController	Waved incorrectly
2018-04-10T14:41:56.4295825Z	WaveController	Waved incorrectly
2018-04-10T14:41:56.4518993Z	WaveController	Waved incorrectly
2018-04-10T14:41:56.4625218Z	WaveController	Waved incorrectly
2018-04-10T14:41:56.4793294Z	WaveController	Waved incorrectly
2018-04-10T14:41:56.4956290Z	WaveController	Waved incorrectly
2018-04-10T14:41:56.5121047Z	WaveController	Waved incorrectly
2018-04-10T14:41:56.5285881Z	WaveController	Waved incorrectly
2018-04-10T14:41:56.5452426Z	WaveController	Waved incorrectly
2018-04-10T14:41:56.5482470Z	WaveController	Entering state End
2018-04-10T14:41:56.5522531Z	TrialController	Event Waved
2018-04-10T14:41:56.5572611Z	ElementsAgencyTrial	Entering state Interval
2018-04-10T14:41:56.5602657Z	ElementsAgencyTrial	Entering state ExperimentWave
2018-04-10T14:41:57.0466698Z	WaveController	Started
2018-04-10T14:41:57.3134733Z	WaveController	Entering state Initial
2018-04-10T14:41:57.5961572Z	WaveController	Initial Target Waved
2018-04-10T14:41:57.5996522Z	WaveController	Entering state Delay
2018-04-10T14:41:58.0906693Z	WaveController	Entering state Target
2018-04-10T14:41:58.0946751Z	WaveController	Light: 1
2018-04-10T14:41:58.6565200Z	WaveController	Probability for Wave 6: 0.08048165
2018-04-10T14:41:58.6610274Z	WaveController	Time in wave: 6 was 0.5533485
2018-04-10T14:41:58.6650332Z	WaveController	Entering state Interval
2018-04-10T14:41:58.7537155Z	WaveController	Entering state Feedback
2018-04-10T14:41:59.2668956Z	WaveController	Waved correctly
2018-04-10T14:41:59.2829203Z	WaveController	Waved correctly
2018-04-10T14:41:59.3004593Z	WaveController	Waved correctly
2018-04-10T14:41:59.3164811Z	WaveController	Waved correctly
2018-04-10T14:41:59.3336968Z	WaveController	Waved correctly
2018-04-10T14:41:59.3500331Z	WaveController	Waved correctly
2018-04-10T14:41:59.3664206Z	WaveController	Waved correctly
2018-04-10T14:41:59.3823938Z	WaveController	Waved correctly
2018-04-10T14:41:59.3995218Z	WaveController	Waved correctly
2018-04-10T14:41:59.4157261Z	WaveController	Waved correctly
2018-04-10T14:41:59.4323023Z	WaveController	Waved correctly
2018-04-10T14:41:59.4489223Z	WaveController	Waved correctly
2018-04-10T14:41:59.4659402Z	WaveController	Waved correctly
2018-04-10T14:41:59.4820784Z	WaveController	Waved correctly
2018-04-10T14:41:59.4990357Z	WaveController	Waved correctly
2018-04-10T14:41:59.5155727Z	WaveController	Waved correctly
2018-04-10T14:41:59.5323467Z	WaveController	Waved correctly
2018-04-10T14:41:59.5489383Z	WaveController	Waved correctly
2018-04-10T14:41:59.5649362Z	WaveController	Waved correctly
2018-04-10T14:41:59.5816091Z	WaveController	Waved correctly
2018-04-10T14:41:59.5981612Z	WaveController	Waved correctly
2018-04-10T14:41:59.6146361Z	WaveController	Waved correctly
2018-04-10T14:41:59.6309906Z	WaveController	Waved correctly
2018-04-10T14:41:59.6479524Z	WaveController	Waved correctly
2018-04-10T14:41:59.6646123Z	WaveController	Waved correctly
2018-04-10T14:41:59.6816567Z	WaveController	Waved correctly
2018-04-10T14:41:59.6977519Z	WaveController	Waved correctly
2018-04-10T14:41:59.7141579Z	WaveController	Waved correctly
2018-04-10T14:41:59.7306733Z	WaveController	Waved correctly
2018-04-10T14:41:59.7472566Z	WaveController	Waved correctly
2018-04-10T14:41:59.7637044Z	WaveController	Waved correctly
2018-04-10T14:41:59.7802331Z	WaveController	Waved correctly
2018-04-10T14:41:59.8046967Z	WaveController	Waved correctly
2018-04-10T14:41:59.8137089Z	WaveController	Waved correctly
2018-04-10T14:41:59.8297719Z	WaveController	Waved correctly
2018-04-10T14:41:59.8465738Z	WaveController	Waved correctly
2018-04-10T14:41:59.8634859Z	WaveController	Waved correctly
2018-04-10T14:41:59.8805334Z	WaveController	Waved correctly
2018-04-10T14:41:59.8965660Z	WaveController	Waved correctly
2018-04-10T14:41:59.9129931Z	WaveController	Waved correctly
2018-04-10T14:41:59.9294777Z	WaveController	Waved correctly
2018-04-10T14:41:59.9460670Z	WaveController	Waved correctly
2018-04-10T14:41:59.9621027Z	WaveController	Waved correctly
2018-04-10T14:41:59.9791363Z	WaveController	Waved correctly
2018-04-10T14:41:59.9956815Z	WaveController	Waved correctly
2018-04-10T14:42:00.0127444Z	WaveController	Waved correctly
2018-04-10T14:42:00.0295133Z	WaveController	Waved correctly
2018-04-10T14:42:00.0465944Z	WaveController	Waved correctly
2018-04-10T14:42:00.0626426Z	WaveController	Waved correctly
2018-04-10T14:42:00.0789009Z	WaveController	Waved correctly
2018-04-10T14:42:00.0953098Z	WaveController	Waved correctly
2018-04-10T14:42:00.1124040Z	WaveController	Waved correctly
2018-04-10T14:42:00.1285234Z	WaveController	Waved correctly
2018-04-10T14:42:00.1448036Z	WaveController	Waved correctly
2018-04-10T14:42:00.1611675Z	WaveController	Waved correctly
2018-04-10T14:42:00.1779085Z	WaveController	Waved correctly
2018-04-10T14:42:00.1947753Z	WaveController	Waved correctly
2018-04-10T14:42:00.2112881Z	WaveController	Waved correctly
2018-04-10T14:42:00.2279753Z	WaveController	Waved correctly
2018-04-10T14:42:00.2443768Z	WaveController	Waved correctly
2018-04-10T14:42:00.2613315Z	WaveController	Waved correctly
2018-04-10T14:42:00.2643358Z	WaveController	Entering state End
2018-04-10T14:42:00.2683420Z	TrialController	Event Waved
2018-04-10T14:42:00.2733500Z	ElementsAgencyTrial	Entering state Interval
2018-04-10T14:42:00.2768561Z	ElementsAgencyTrial	Entering state ExperimentWave
