2018-04-12T09:56:37.6267529Z	Logger	Started logging
2018-04-12T09:56:37.6407665Z	ExperimentController	Participant: 20180412_04
2018-04-12T09:56:37.6532765Z	ExperimentController	Hand model is female
2018-04-12T09:56:37.6798266Z	ExperimentController	Protocol file Protocol/Elements Agency Experiment/Protocol01.txt
2018-04-12T09:56:37.6933367Z	ExperimentController	Loaded 5 trials
2018-04-12T09:56:37.7063567Z	ExperimentController	Event ProtocolLoaded
2018-04-12T09:56:37.7198776Z	ExperimentController	Entering state Trial
2018-04-12T09:56:37.7359023Z	ExperimentController	Starting trial
2018-04-12T09:56:37.7529293Z	ExperimentController	Gap: Inactive
2018-04-12T09:56:37.7689534Z	ExperimentController	HandOffset: 0
2018-04-12T09:56:37.7844771Z	ExperimentController	Noise type 0
2018-04-12T09:56:37.8010152Z	ExperimentController	NoiseLevel: 0
2018-04-12T09:56:37.8165386Z	ExperimentController	Lambda: 0
2018-04-12T09:56:37.8320604Z	ExperimentController	Collision probability: 1
2018-04-12T09:56:37.8475858Z	ExperimentController	Knife PresentFalse
2018-04-12T09:56:37.8636087Z	TrialController	Started
2018-04-12T09:56:39.5762610Z	TrialController	Entering state SpecificTrial
2018-04-12T09:56:39.5817690Z	ElementsAgencyTrial	Noise type: Control
2018-04-12T09:56:39.5872773Z	ElementsAgencyTrial	Delay collision active: 0
2018-04-12T09:56:39.5917853Z	ElementsAgencyTrial	Started
2018-04-12T09:56:39.5967921Z	TrialController	Elements Agency Experiment State Machine started
2018-04-12T09:56:41.0785943Z	ElementsAgencyTrial	Entering state ExperimentWave
2018-04-12T09:56:41.5807789Z	WaveController	Started
2018-04-12T09:56:41.8333158Z	WaveController	Entering state Initial
2018-04-12T09:56:49.1803017Z	WaveController	Initial Target Waved
2018-04-12T09:56:49.1838070Z	WaveController	Entering state Delay
2018-04-12T09:56:49.6696982Z	WaveController	Entering state Target
2018-04-12T09:56:49.6737043Z	WaveController	Light: 0
2018-04-12T09:56:50.2109078Z	WaveController	Probability for Wave 1: 0.0636127
2018-04-12T09:56:50.2154148Z	WaveController	Time in wave: 1 was 0.535738
2018-04-12T09:56:50.2194216Z	WaveController	Entering state Feedback
2018-04-12T09:56:50.7071596Z	WaveController	Waved correctly
2018-04-12T09:56:51.7073070Z	WaveController	Entering state End
2018-04-12T09:56:51.7123147Z	TrialController	Event Waved
2018-04-12T09:56:51.7173227Z	ElementsAgencyTrial	Entering state Interval
2018-04-12T09:56:51.7208277Z	ElementsAgencyTrial	Entering state ExperimentWave
2018-04-12T09:56:52.2084789Z	WaveController	Started
2018-04-12T09:56:52.4734803Z	WaveController	Entering state Initial
2018-04-12T09:56:53.3984009Z	WaveController	Initial Target Waved
2018-04-12T09:56:53.4024071Z	WaveController	Entering state Delay
2018-04-12T09:56:53.8970757Z	WaveController	Entering state Target
2018-04-12T09:56:53.9005809Z	WaveController	Light: 0
2018-04-12T09:56:54.6684234Z	WaveController	Probability for Wave 2: 0.1010026
2018-04-12T09:56:54.6729302Z	WaveController	Time in wave: 2 was 0.7683487
2018-04-12T09:56:54.6764360Z	WaveController	Entering state Feedback
2018-04-12T09:56:55.1664714Z	WaveController	Waved correctly
2018-04-12T09:56:56.1718076Z	WaveController	Entering state End
2018-04-12T09:56:56.1763144Z	TrialController	Event Waved
2018-04-12T09:56:56.1813221Z	ElementsAgencyTrial	Entering state Interval
2018-04-12T09:56:56.1843267Z	ElementsAgencyTrial	Entering state ExperimentWave
2018-04-12T09:56:56.1883331Z	ElementsAgencyTrial	Entering state Threat
2018-04-12T09:56:56.1928399Z	Threat	Started
2018-04-12T09:56:56.1978476Z	Threat	Entering state Falling
2018-04-12T09:56:56.5366459Z	Threat	Entering state Following
2018-04-12T09:56:58.5447689Z	ElementsAgencyTrial	Entering state End
2018-04-12T09:56:58.5512791Z	TrialController	Event SpecificTrialFinished
2018-04-12T09:56:58.5582899Z	TrialController	Entering state DimLights
