2019-05-13T14:56:06.6312181Z	Logger	Started logging
2019-05-13T14:56:06.6432055Z	ExperimentController	Participant: is this ok
2019-05-13T14:56:06.6512060Z	ExperimentController	Hand model is female
2019-05-13T14:56:06.6672057Z	ExperimentController	Protocol file Protocol/Visuomotor Information/Protocol01.txt
2019-05-13T14:56:06.6752060Z	ExperimentController	Loaded 4 trials
2019-05-13T14:56:06.6872056Z	ExperimentController	Event ProtocolLoaded
2019-05-13T14:56:06.6952056Z	ExperimentController	Entering state Interval
2019-05-13T14:56:08.0938504Z	ExperimentController	Event NextTrial
2019-05-13T14:56:08.1018859Z	ExperimentController	Entering state Trial
2019-05-13T14:56:08.1058499Z	ExperimentController	Starting trial
2019-05-13T14:56:08.1098495Z	ExperimentController	Gap: Inactive
2019-05-13T14:56:08.1178558Z	ExperimentController	HandOffset: 10
2019-05-13T14:56:08.1218548Z	ExperimentController	Noise type 0
2019-05-13T14:56:08.1258501Z	ExperimentController	NoiseLevel: 0
2019-05-13T14:56:08.1298571Z	ExperimentController	Lambda: 0
2019-05-13T14:56:08.1338387Z	ExperimentController	Collision probability: 1
2019-05-13T14:56:08.1378391Z	ExperimentController	Knife PresentTrue
2019-05-13T14:56:08.1458397Z	TrialController	Started
2019-05-13T14:56:10.1172673Z	TrialController	Entering state SpecificTrial
2019-05-13T14:56:10.1212674Z	VisuomotorAgency	Noise type: Control
2019-05-13T14:56:10.1252673Z	VisuomotorAgency	Delay collision active: 0
2019-05-13T14:56:10.1252673Z	VisuomotorAgency	Started
2019-05-13T14:56:10.1292674Z	TrialController	Visuomotor Information Trial started
2019-05-13T14:56:11.6098088Z	VisuomotorAgency	Entering state ExperimentWave
2019-05-13T14:56:12.1239241Z	WaveController	Started
2019-05-13T14:56:12.3893272Z	WaveController	Entering state Initial
2019-05-13T14:56:13.1199698Z	WaveController	Initial Target Waved
2019-05-13T14:56:13.1199698Z	WaveController	Entering state Delay
2019-05-13T14:56:13.6291659Z	WaveController	Entering state Target
2019-05-13T14:56:13.6331273Z	WaveController	Light: 0
2019-05-13T14:56:14.0978807Z	WaveController	Probability for Wave 0: 0
2019-05-13T14:56:14.0978807Z	WaveController	Time in wave: 0 was 0.4647026
2019-05-13T14:56:14.1018771Z	WaveController	Entering state Feedback
2019-05-13T14:56:14.6066450Z	WaveController	Waved correctly
2019-05-13T14:56:15.6001070Z	WaveController	Entering state Interval
2019-05-13T14:56:15.6040537Z	WaveController	Entering state Initial
