2018-04-10T14:20:11.0934459Z	Logger	Started logging
2018-04-10T14:20:11.1124749Z	ExperimentController	Participant: 1
2018-04-10T14:20:11.1305037Z	ExperimentController	Hand model is female
2018-04-10T14:20:11.1555411Z	ExperimentController	Protocol file Protocol/Elements Agency Experiment/Protocol01.txt
2018-04-10T14:20:11.1695624Z	ExperimentController	Loaded 5 trials
2018-04-10T14:20:11.1830674Z	ExperimentController	Event ProtocolLoaded
2018-04-10T14:20:11.1985917Z	ExperimentController	Entering state Trial
2018-04-10T14:20:11.2131141Z	ExperimentController	Starting trial
2018-04-10T14:20:11.2291374Z	ExperimentController	Gap: Inactive
2018-04-10T14:20:11.2451489Z	ExperimentController	HandOffset: 0
2018-04-10T14:20:11.2601720Z	ExperimentController	Noise type 0
2018-04-10T14:20:11.2756960Z	ExperimentController	NoiseLevel: 0
2018-04-10T14:20:11.2912200Z	ExperimentController	Lambda: 0
2018-04-10T14:20:11.3067438Z	ExperimentController	Collision probability: 1
2018-04-10T14:20:11.3217666Z	ExperimentController	Knife PresentFalse
2018-04-10T14:20:11.3420276Z	TrialController	Started
2018-04-10T14:20:13.0548776Z	TrialController	Entering state SpecificTrial
2018-04-10T14:20:13.0598922Z	ElementsAgencyTrial	Noise type: Control
2018-04-10T14:20:13.0643924Z	ElementsAgencyTrial	Delay collision active: 0
2018-04-10T14:20:13.0683989Z	ElementsAgencyTrial	Started
2018-04-10T14:20:13.0719038Z	TrialController	Elements Agency Experiment State Machine started
2018-04-10T14:20:14.5683808Z	ElementsAgencyTrial	Entering state ExperimentWave
2018-04-10T14:20:15.0816750Z	WaveController	Started
2018-04-10T14:20:15.3488688Z	WaveController	Entering state Initial
2018-04-10T14:20:16.8901612Z	WaveController	Initial Target Waved
2018-04-10T14:20:16.8936667Z	WaveController	Entering state Delay
2018-04-10T14:20:17.3846257Z	WaveController	Entering state Target
2018-04-10T14:20:17.3881303Z	WaveController	Light: 1
2018-04-10T14:20:19.4577910Z	WaveController	Probability for Wave 1: 0.9819161
2018-04-10T14:20:19.4607956Z	WaveController	Waved correctly
2018-04-10T14:20:19.4653027Z	WaveController	Time in wave: 1 was 2.069114
2018-04-10T14:20:19.4688080Z	WaveController	Entering state Feedback
2018-04-10T14:20:20.9653245Z	WaveController	Entering state End
2018-04-10T14:20:20.9693304Z	TrialController	Event Waved
2018-04-10T14:20:20.9743383Z	ElementsAgencyTrial	Entering state Interval
2018-04-10T14:20:20.9773401Z	ElementsAgencyTrial	Entering state ExperimentWave
2018-04-10T14:20:21.4794654Z	WaveController	Started
2018-04-10T14:20:21.7451923Z	WaveController	Entering state Initial
2018-04-10T14:20:22.4598883Z	WaveController	Initial Target Waved
2018-04-10T14:20:22.4633927Z	WaveController	Entering state Delay
2018-04-10T14:20:22.9537392Z	WaveController	Entering state Target
2018-04-10T14:20:22.9572441Z	WaveController	Light: 0
2018-04-10T14:20:24.4975174Z	WaveController	Probability for Wave 2: 0.9528435
2018-04-10T14:20:24.5005220Z	WaveController	Waved correctly
2018-04-10T14:20:24.5050299Z	WaveController	Time in wave: 2 was 1.539513
2018-04-10T14:20:24.5085343Z	WaveController	Entering state Feedback
2018-04-10T14:20:26.0079601Z	WaveController	Entering state End
2018-04-10T14:20:26.0119668Z	TrialController	Event Waved
2018-04-10T14:20:26.0164739Z	ElementsAgencyTrial	Entering state Interval
2018-04-10T14:20:26.0194782Z	ElementsAgencyTrial	Entering state ExperimentWave
2018-04-10T14:20:26.5052542Z	WaveController	Started
2018-04-10T14:20:26.7705447Z	WaveController	Entering state Initial
2018-04-10T14:20:27.0714502Z	WaveController	Initial Target Waved
2018-04-10T14:20:27.0749554Z	WaveController	Entering state Delay
2018-04-10T14:20:27.5658856Z	WaveController	Entering state Target
2018-04-10T14:20:27.5693832Z	WaveController	Light: 0
2018-04-10T14:20:29.3077388Z	WaveController	Waved incorrectly
2018-04-10T14:20:29.3117449Z	WaveController	Time in wave: 3 was 1.727978
2018-04-10T14:20:29.3152504Z	WaveController	Entering state Feedback
2018-04-10T14:20:30.7968856Z	WaveController	Entering state End
2018-04-10T14:20:30.8008915Z	TrialController	Event Waved
2018-04-10T14:20:30.8053986Z	ElementsAgencyTrial	Entering state Interval
2018-04-10T14:20:30.8084029Z	ElementsAgencyTrial	Entering state ExperimentWave
2018-04-10T14:20:31.3111259Z	WaveController	Started
2018-04-10T14:20:31.5765724Z	WaveController	Entering state Initial
2018-04-10T14:20:32.8705308Z	WaveController	Initial Target Waved
2018-04-10T14:20:32.8740264Z	WaveController	Entering state Delay
2018-04-10T14:20:33.3666469Z	WaveController	Entering state Target
2018-04-10T14:20:33.3701519Z	WaveController	Light: 0
2018-04-10T14:20:34.8106157Z	WaveController	Waved incorrectly
2018-04-10T14:20:34.8146222Z	WaveController	Time in wave: 4 was 1.427517
2018-04-10T14:20:34.8181274Z	WaveController	Entering state Feedback
2018-04-10T14:20:36.2985615Z	WaveController	Entering state End
2018-04-10T14:20:36.3020673Z	TrialController	Event Waved
2018-04-10T14:20:36.3065653Z	ElementsAgencyTrial	Entering state Interval
2018-04-10T14:20:36.3105700Z	ElementsAgencyTrial	Entering state ExperimentWave
2018-04-10T14:20:36.8127483Z	WaveController	Started
2018-04-10T14:20:37.0778066Z	WaveController	Entering state Initial
2018-04-10T14:20:37.3635199Z	WaveController	Initial Target Waved
2018-04-10T14:20:37.3670251Z	WaveController	Entering state Delay
2018-04-10T14:20:37.8590605Z	WaveController	Entering state Target
2018-04-10T14:20:37.8625663Z	WaveController	Light: 0
2018-04-10T14:20:37.8921853Z	WaveController	Probability for Wave 5: 0.7780479
2018-04-10T14:20:37.8951896Z	WaveController	Waved correctly
2018-04-10T14:20:37.8991964Z	WaveController	Time in wave: 5 was 0.0170002
2018-04-10T14:20:37.9032020Z	WaveController	Entering state Feedback
2018-04-10T14:20:39.3834790Z	WaveController	Entering state End
2018-04-10T14:20:39.3874851Z	TrialController	Event Waved
2018-04-10T14:20:39.3919919Z	ElementsAgencyTrial	Entering state Interval
2018-04-10T14:20:39.3949965Z	ElementsAgencyTrial	Entering state ExperimentWave
2018-04-10T14:20:39.8967823Z	WaveController	Started
2018-04-10T14:20:40.1623512Z	WaveController	Entering state Initial
2018-04-10T14:20:40.4466329Z	WaveController	Initial Target Waved
2018-04-10T14:20:40.4501382Z	WaveController	Entering state Delay
2018-04-10T14:20:40.9408433Z	WaveController	Entering state Target
2018-04-10T14:20:40.9443485Z	WaveController	Light: 0
2018-04-10T14:20:41.8712924Z	WaveController	Probability for Wave 6: 0.6434352
2018-04-10T14:20:41.8742968Z	WaveController	Waved correctly
2018-04-10T14:20:41.8788038Z	WaveController	Time in wave: 6 was 0.9124222
2018-04-10T14:20:41.8823091Z	WaveController	Entering state Feedback
2018-04-10T14:20:43.3625662Z	WaveController	Entering state End
2018-04-10T14:20:43.3665723Z	TrialController	Event Waved
2018-04-10T14:20:43.3710794Z	ElementsAgencyTrial	Entering state Interval
2018-04-10T14:20:43.3740840Z	ElementsAgencyTrial	Entering state ExperimentWave
2018-04-10T14:20:43.8758499Z	WaveController	Started
2018-04-10T14:20:44.1409093Z	WaveController	Entering state Initial
2018-04-10T14:20:44.4259717Z	WaveController	Initial Target Waved
2018-04-10T14:20:44.4294690Z	WaveController	Entering state Delay
2018-04-10T14:20:44.9198229Z	WaveController	Entering state Target
2018-04-10T14:20:44.9233284Z	WaveController	Light: 0
2018-04-10T14:20:45.8518505Z	WaveController	Probability for Wave 7: 0.2211992
2018-04-10T14:20:45.8563630Z	WaveController	Waved correctly
2018-04-10T14:20:45.8613675Z	WaveController	Time in wave: 7 was 0.9137802
2018-04-10T14:20:45.8658720Z	WaveController	Entering state Feedback
2018-04-10T14:20:47.3465484Z	WaveController	Entering state End
2018-04-10T14:20:47.3505545Z	TrialController	Event Waved
2018-04-10T14:20:47.3555622Z	ElementsAgencyTrial	Entering state Interval
2018-04-10T14:20:47.3585668Z	ElementsAgencyTrial	Entering state ExperimentWave
2018-04-10T14:20:47.8609600Z	WaveController	Started
2018-04-10T14:20:48.1259540Z	WaveController	Entering state Initial
2018-04-10T14:20:48.4099399Z	WaveController	Initial Target Waved
2018-04-10T14:20:48.4134449Z	WaveController	Entering state Delay
2018-04-10T14:20:48.9039491Z	WaveController	Entering state Target
2018-04-10T14:20:48.9074557Z	WaveController	Light: 1
2018-04-10T14:20:49.8676773Z	WaveController	Waved incorrectly
2018-04-10T14:20:49.8716835Z	WaveController	Time in wave: 8 was 0.9494667
2018-04-10T14:20:49.8756899Z	WaveController	Entering state Feedback
2018-04-10T14:20:51.3557165Z	WaveController	Entering state End
2018-04-10T14:20:51.3597229Z	TrialController	Event Waved
2018-04-10T14:20:51.3647303Z	ElementsAgencyTrial	Entering state Interval
2018-04-10T14:20:51.3677355Z	ElementsAgencyTrial	Entering state ExperimentWave
2018-04-10T14:20:51.8700242Z	WaveController	Started
2018-04-10T14:20:52.1359458Z	WaveController	Entering state Initial
2018-04-10T14:20:52.4190901Z	WaveController	Initial Target Waved
2018-04-10T14:20:52.4225957Z	WaveController	Entering state Delay
2018-04-10T14:20:52.9137940Z	WaveController	Entering state Target
2018-04-10T14:20:52.9172995Z	WaveController	Light: 0
2018-04-10T14:20:53.8440738Z	WaveController	Probability for Wave 9: 0.1344233
2018-04-10T14:20:53.8470782Z	WaveController	Waved correctly
2018-04-10T14:20:53.8515852Z	WaveController	Time in wave: 9 was 0.9197426
2018-04-10T14:20:53.8550905Z	WaveController	Entering state Feedback
2018-04-10T14:20:55.3355007Z	WaveController	Entering state End
2018-04-10T14:20:55.3395066Z	TrialController	Event Waved
2018-04-10T14:20:55.3440136Z	ElementsAgencyTrial	Entering state Interval
2018-04-10T14:20:55.3480198Z	ElementsAgencyTrial	Entering state ExperimentWave
2018-04-10T14:20:55.8499544Z	WaveController	Started
2018-04-10T14:20:56.1147233Z	WaveController	Entering state Initial
