2018-04-10T15:01:53.9482203Z	Logger	Started logging
2018-04-10T15:01:53.9622410Z	ExperimentController	Participant: dfadsfads
2018-04-10T15:01:53.9747604Z	ExperimentController	Hand model is female
2018-04-10T15:01:54.0008005Z	ExperimentController	Protocol file Protocol/Elements Agency Experiment/Protocol01.txt
2018-04-10T15:01:54.0143211Z	ExperimentController	Loaded 5 trials
2018-04-10T15:01:54.0283430Z	ExperimentController	Event ProtocolLoaded
2018-04-10T15:01:54.0433800Z	ExperimentController	Entering state Trial
2018-04-10T15:01:54.0618944Z	ExperimentController	Starting trial
2018-04-10T15:01:54.0784197Z	ExperimentController	Gap: Inactive
2018-04-10T15:01:54.0939434Z	ExperimentController	HandOffset: 0
2018-04-10T15:01:54.1089870Z	ExperimentController	Noise type 0
2018-04-10T15:01:54.1275151Z	ExperimentController	NoiseLevel: 0
2018-04-10T15:01:54.1440403Z	ExperimentController	Lambda: 0
2018-04-10T15:01:54.1595643Z	ExperimentController	Collision probability: 1
2018-04-10T15:01:54.1745880Z	ExperimentController	Knife PresentFalse
2018-04-10T15:01:54.1906260Z	TrialController	Started
2018-04-10T15:01:55.9036918Z	TrialController	Entering state SpecificTrial
2018-04-10T15:01:55.9086995Z	ElementsAgencyTrial	Noise type: Control
2018-04-10T15:01:55.9132063Z	ElementsAgencyTrial	Delay collision active: 0
2018-04-10T15:01:55.9167118Z	ElementsAgencyTrial	Started
2018-04-10T15:01:55.9207177Z	TrialController	Elements Agency Experiment State Machine started
2018-04-10T15:01:57.4173799Z	ElementsAgencyTrial	Entering state ExperimentWave
2018-04-10T15:01:57.9308398Z	WaveController	Started
2018-04-10T15:01:58.1953531Z	WaveController	Entering state Initial
2018-04-10T15:01:59.4242504Z	WaveController	Initial Target Waved
2018-04-10T15:01:59.4282671Z	WaveController	Entering state Delay
2018-04-10T15:01:59.9187798Z	WaveController	Entering state Target
2018-04-10T15:01:59.9222958Z	WaveController	Light: 1
2018-04-10T15:02:00.7831546Z	WaveController	Probability for Wave 1: 0.7860073
2018-04-10T15:02:00.7876611Z	WaveController	Time in wave: 1 was 0.8574352
2018-04-10T15:02:00.7911667Z	WaveController	Entering state Feedback
2018-04-10T15:02:01.2806007Z	WaveController	Waved correctly
2018-04-10T15:02:02.2910182Z	WaveController	Entering state End
2018-04-10T15:02:02.2955253Z	TrialController	Event Waved
2018-04-10T15:02:02.3005330Z	ElementsAgencyTrial	Entering state Interval
2018-04-10T15:02:02.3035376Z	ElementsAgencyTrial	Entering state ExperimentWave
2018-04-10T15:02:02.7954757Z	WaveController	Started
2018-04-10T15:02:03.0605630Z	WaveController	Entering state Initial
2018-04-10T15:02:03.7728501Z	WaveController	Initial Target Waved
2018-04-10T15:02:03.7768568Z	WaveController	Entering state Delay
2018-04-10T15:02:04.2675329Z	WaveController	Entering state Target
2018-04-10T15:02:04.2710375Z	WaveController	Light: 0
2018-04-10T15:02:05.3136239Z	WaveController	Probability for Wave 2: 0.5496035
2018-04-10T15:02:05.3181461Z	WaveController	Time in wave: 2 was 1.029209
2018-04-10T15:02:05.3221371Z	WaveController	Entering state Feedback
2018-04-10T15:02:05.8119454Z	WaveController	Waved correctly
2018-04-10T15:02:06.8041067Z	WaveController	Entering state End
2018-04-10T15:02:06.8086129Z	TrialController	Event Waved
2018-04-10T15:02:06.8136209Z	ElementsAgencyTrial	Entering state Interval
2018-04-10T15:02:06.8171262Z	ElementsAgencyTrial	Entering state ExperimentWave
2018-04-10T15:02:06.8201308Z	ElementsAgencyTrial	Entering state Threat
2018-04-10T15:02:07.3066794Z	Threat	Started
