2019-04-02T09:42:00.2210963Z	Logger	Started logging
2019-04-02T09:42:00.2360763Z	ExperimentController	Participant: why are you not working
2019-04-02T09:42:00.2490511Z	ExperimentController	Hand model is female
2019-04-02T09:42:00.2800310Z	ExperimentController	Protocol file Protocol/Outcome Ownership/Protocol01.txt
2019-04-02T09:42:00.2950046Z	ExperimentController	Loaded 5 trials
2019-04-02T09:42:00.3089902Z	ExperimentController	Event ProtocolLoaded
2019-04-02T09:42:00.3219763Z	ExperimentController	Entering state Trial
2019-04-02T09:42:00.3369610Z	ExperimentController	Starting trial
2019-04-02T09:42:00.4601074Z	ExperimentController	Gap: Inactive
2019-04-02T09:42:00.4760919Z	ExperimentController	HandOffset: 0.1
2019-04-02T09:42:00.4920755Z	ExperimentController	Noise type 0
2019-04-02T09:42:00.5080714Z	ExperimentController	NoiseLevel: 0
2019-04-02T09:42:00.5240522Z	ExperimentController	Lambda: 0
2019-04-02T09:42:00.5410399Z	ExperimentController	Collision probability: 1
2019-04-02T09:42:00.5560106Z	ExperimentController	Knife PresentFalse
2019-04-02T09:42:00.5720101Z	TrialController	Started
2019-04-02T09:42:02.2572282Z	TrialController	Entering state SpecificTrial
2019-04-02T09:42:02.2572282Z	OutcomeOwnership	Noise type: Control
2019-04-02T09:42:02.2572282Z	OutcomeOwnership	Delay collision active: 0
2019-04-02T09:42:02.2572282Z	OutcomeOwnership	Started
2019-04-02T09:42:02.2612241Z	TrialController	Outcome Information State Machine started
2019-04-02T09:42:03.7611349Z	OutcomeOwnership	Entering state ExperimentWave
2019-04-02T09:42:04.2762631Z	WaveController	Started
2019-04-02T09:42:04.5428059Z	WaveController	Entering state Initial
2019-04-02T09:42:07.9910280Z	WaveController	Initial Target Waved
2019-04-02T09:42:07.9940167Z	WaveController	Entering state Delay
2019-04-02T09:42:08.5005455Z	WaveController	Entering state Target
2019-04-02T09:42:08.5045423Z	WaveController	Light: 1
2019-04-02T09:42:09.9819798Z	WaveController	Time in wave: 2 was 1.474932
2019-04-02T09:42:09.9849767Z	WaveController	Entering state Feedback
2019-04-02T09:42:10.4894645Z	WaveController	Waved incorrectly
2019-04-02T09:42:11.4827754Z	WaveController	Entering state End
2019-04-02T09:42:11.4867713Z	TrialController	Event Waved
