2018-04-10T13:31:17.9882017Z	Logger	Started logging
2018-04-10T13:31:18.0087331Z	ExperimentController	Participant: daf
2018-04-10T13:31:18.0267611Z	ExperimentController	Hand model is female
2018-04-10T13:31:18.0517993Z	ExperimentController	Protocol file Protocol/Elements Agency Experiment/Protocol01.txt
2018-04-10T13:31:18.0658212Z	ExperimentController	Loaded 5 trials
2018-04-10T13:31:18.0823541Z	ExperimentController	Event ProtocolLoaded
2018-04-10T13:31:18.0968837Z	ExperimentController	Entering state Trial
2018-04-10T13:31:18.1123935Z	ExperimentController	Starting trial
2018-04-10T13:31:18.1302997Z	ExperimentController	Gap: Inactive
2018-04-10T13:31:18.1468082Z	ExperimentController	HandOffset: 0
2018-04-10T13:31:18.1628317Z	ExperimentController	Noise type 0
2018-04-10T13:31:18.1793581Z	ExperimentController	NoiseLevel: 0
2018-04-10T13:31:18.1954026Z	ExperimentController	Lambda: 0
2018-04-10T13:31:18.2109261Z	ExperimentController	Collision probability: 1
2018-04-10T13:31:18.2264495Z	ExperimentController	Knife PresentFalse
2018-04-10T13:31:18.2429748Z	TrialController	Started
2018-04-10T13:31:19.9355142Z	TrialController	Entering state SpecificTrial
2018-04-10T13:31:19.9405140Z	ElementsAgencyTrial	Noise type: Control
2018-04-10T13:31:19.9455214Z	ElementsAgencyTrial	Delay collision active: 0
2018-04-10T13:31:19.9495270Z	ElementsAgencyTrial	Started
2018-04-10T13:31:19.9530325Z	TrialController	Elements Agency Experiment State Machine started
2018-04-10T13:31:21.4365017Z	ElementsAgencyTrial	Entering state ExperimentWave
2018-04-10T13:31:21.9380319Z	WaveController	Started
2018-04-10T13:31:22.1917830Z	WaveController	Entering state Initial
2018-04-10T13:31:23.4402491Z	WaveController	Initial Target Waved
2018-04-10T13:31:23.4442727Z	WaveController	Entering state Delay
2018-04-10T13:31:23.9393391Z	WaveController	Entering state Target
2018-04-10T13:31:23.9428443Z	WaveController	Light: 1
2018-04-10T13:31:26.9390864Z	WaveController	Waved Late
2018-04-10T13:31:26.9425922Z	WaveController	Time in wave: 1 was 3.000201
2018-04-10T13:31:26.9455959Z	WaveController	Entering state Feedback
2018-04-10T13:31:28.4439974Z	WaveController	Entering state End
2018-04-10T13:31:28.4484991Z	TrialController	Event Waved
2018-04-10T13:31:28.4535068Z	ElementsAgencyTrial	Entering state Interval
2018-04-10T13:31:28.4565114Z	ElementsAgencyTrial	Entering state ExperimentWave
2018-04-10T13:31:28.9512210Z	WaveController	Started
2018-04-10T13:31:29.2037331Z	WaveController	Entering state Initial
