2018-04-10T14:46:42.5407885Z	Logger	Started logging
2018-04-10T14:46:42.5548277Z	ExperimentController	Participant: changes givefeedback always to 0
2018-04-10T14:46:42.5678409Z	ExperimentController	Hand model is female
2018-04-10T14:46:42.5933701Z	ExperimentController	Protocol file Protocol/Elements Agency Experiment/Protocol01.txt
2018-04-10T14:46:42.6079022Z	ExperimentController	Loaded 5 trials
2018-04-10T14:46:42.6214297Z	ExperimentController	Event ProtocolLoaded
2018-04-10T14:46:42.6369375Z	ExperimentController	Entering state Trial
2018-04-10T14:46:42.6519720Z	ExperimentController	Starting trial
2018-04-10T14:46:42.6685021Z	ExperimentController	Gap: Inactive
2018-04-10T14:46:42.6840258Z	ExperimentController	HandOffset: 0
2018-04-10T14:46:42.7000462Z	ExperimentController	Noise type 0
2018-04-10T14:46:42.7165686Z	ExperimentController	NoiseLevel: 0
2018-04-10T14:46:42.7320909Z	ExperimentController	Lambda: 0
2018-04-10T14:46:42.7481184Z	ExperimentController	Collision probability: 1
2018-04-10T14:46:42.7641433Z	ExperimentController	Knife PresentFalse
2018-04-10T14:46:42.7801674Z	TrialController	Started
2018-04-10T14:46:44.4764696Z	TrialController	Entering state SpecificTrial
2018-04-10T14:46:44.4814771Z	ElementsAgencyTrial	Noise type: Control
2018-04-10T14:46:44.4859841Z	ElementsAgencyTrial	Delay collision active: 0
2018-04-10T14:46:44.4894894Z	ElementsAgencyTrial	Started
2018-04-10T14:46:44.4930040Z	TrialController	Elements Agency Experiment State Machine started
2018-04-10T14:46:45.9896031Z	ElementsAgencyTrial	Entering state ExperimentWave
2018-04-10T14:46:46.5025467Z	WaveController	Started
2018-04-10T14:46:46.7683450Z	WaveController	Entering state Initial
2018-04-10T14:46:47.9477840Z	WaveController	Initial Target Waved
2018-04-10T14:46:47.9512890Z	WaveController	Entering state Delay
2018-04-10T14:46:48.4414251Z	WaveController	Entering state Target
2018-04-10T14:46:48.4454316Z	WaveController	Light: 0
2018-04-10T14:46:49.1740205Z	WaveController	Time in wave: 1 was 0.7265453
2018-04-10T14:46:49.1775257Z	WaveController	Entering state Interval
2018-04-10T14:46:49.2725468Z	WaveController	Entering state Feedback
2018-04-10T14:46:49.7864043Z	WaveController	Waved incorrectly
2018-04-10T14:46:50.7800074Z	WaveController	Entering state End
2018-04-10T14:46:50.7845145Z	TrialController	Event Waved
2018-04-10T14:46:50.7895225Z	ElementsAgencyTrial	Entering state Interval
2018-04-10T14:46:50.7930277Z	ElementsAgencyTrial	Entering state ExperimentWave
2018-04-10T14:46:51.2957058Z	WaveController	Started
2018-04-10T14:46:51.5603463Z	WaveController	Entering state Initial
2018-04-10T14:46:52.5407094Z	WaveController	Initial Target Waved
2018-04-10T14:46:52.5447155Z	WaveController	Entering state Delay
2018-04-10T14:46:53.0347028Z	WaveController	Entering state Target
2018-04-10T14:46:53.0387087Z	WaveController	Light: 1
2018-04-10T14:46:54.9274959Z	WaveController	Time in wave: 2 was 1.872789
2018-04-10T14:46:54.9310012Z	WaveController	Entering state Interval
2018-04-10T14:46:55.0260402Z	WaveController	Entering state Feedback
2018-04-10T14:46:55.5456041Z	WaveController	Waved incorrectly
2018-04-10T14:46:56.5329575Z	WaveController	Entering state End
2018-04-10T14:46:56.5369639Z	TrialController	Event Waved
2018-04-10T14:46:56.5419713Z	ElementsAgencyTrial	Entering state Interval
2018-04-10T14:46:56.5454771Z	ElementsAgencyTrial	Entering state ExperimentWave
2018-04-10T14:46:57.0306036Z	WaveController	Started
2018-04-10T14:46:57.2958794Z	WaveController	Entering state Initial
2018-04-10T14:46:57.5804189Z	WaveController	Initial Target Waved
2018-04-10T14:46:57.5844242Z	WaveController	Entering state Delay
2018-04-10T14:46:58.0741813Z	WaveController	Entering state Target
2018-04-10T14:46:58.0776865Z	WaveController	Light: 0
2018-04-10T14:47:00.6617193Z	WaveController	Probability for Wave 3: 0.2567989
2018-04-10T14:47:00.6657254Z	WaveController	Time in wave: 3 was 2.573311
2018-04-10T14:47:00.6697319Z	WaveController	Entering state Interval
2018-04-10T14:47:00.7652234Z	WaveController	Entering state Feedback
2018-04-10T14:47:01.2762251Z	WaveController	Waved correctly
2018-04-10T14:47:02.2664690Z	WaveController	Entering state End
2018-04-10T14:47:02.2704749Z	TrialController	Event Waved
2018-04-10T14:47:02.2749819Z	ElementsAgencyTrial	Entering state Interval
2018-04-10T14:47:02.2779866Z	ElementsAgencyTrial	Entering state ExperimentWave
2018-04-10T14:47:02.7801426Z	WaveController	Started
2018-04-10T14:47:03.0454628Z	WaveController	Entering state Initial
2018-04-10T14:47:03.3465210Z	WaveController	Initial Target Waved
2018-04-10T14:47:03.3495262Z	WaveController	Entering state Delay
2018-04-10T14:47:03.8404305Z	WaveController	Entering state Target
2018-04-10T14:47:03.8444293Z	WaveController	Light: 1
2018-04-10T14:47:05.3356837Z	WaveController	Time in wave: 4 was 1.487133
2018-04-10T14:47:05.3391898Z	WaveController	Entering state Interval
2018-04-10T14:47:05.4332810Z	WaveController	Entering state Feedback
2018-04-10T14:47:05.9444413Z	WaveController	Waved incorrectly
2018-04-10T14:47:06.9387861Z	WaveController	Entering state End
2018-04-10T14:47:06.9427923Z	TrialController	Event Waved
2018-04-10T14:47:06.9472993Z	ElementsAgencyTrial	Entering state Interval
2018-04-10T14:47:06.9513055Z	ElementsAgencyTrial	Entering state ExperimentWave
2018-04-10T14:47:07.4536417Z	WaveController	Started
2018-04-10T14:47:07.7186021Z	WaveController	Entering state Initial
2018-04-10T14:47:08.0027924Z	WaveController	Initial Target Waved
2018-04-10T14:47:08.0067986Z	WaveController	Entering state Delay
2018-04-10T14:47:08.4966709Z	WaveController	Entering state Target
2018-04-10T14:47:08.5001765Z	WaveController	Light: 0
2018-04-10T14:47:11.5126082Z	WaveController	Time in wave: 5 was 3.015133
2018-04-10T14:47:11.5156128Z	WaveController	Entering state Interval
2018-04-10T14:47:11.6283041Z	WaveController	Entering state Feedback
2018-04-10T14:47:12.1445142Z	WaveController	Waved Late
2018-04-10T14:47:13.1356159Z	WaveController	Entering state End
2018-04-10T14:47:13.1401107Z	TrialController	Event Waved
2018-04-10T14:47:13.1451284Z	ElementsAgencyTrial	Entering state Interval
2018-04-10T14:47:13.1481322Z	ElementsAgencyTrial	Entering state ExperimentWave
2018-04-10T14:47:13.6502885Z	WaveController	Started
2018-04-10T14:47:13.9154473Z	WaveController	Entering state Initial
