2018-04-12T09:28:35.2946327Z	Logger	Started logging
2018-04-12T09:28:35.3091546Z	ExperimentController	Participant: 20180412_03
2018-04-12T09:28:35.3221746Z	ExperimentController	Hand model is female
2018-04-12T09:28:35.3497177Z	ExperimentController	Protocol file Protocol/Elements Agency Experiment/Protocol01.txt
2018-04-12T09:28:35.3647396Z	ExperimentController	Loaded 5 trials
2018-04-12T09:28:35.3792630Z	ExperimentController	Event ProtocolLoaded
2018-04-12T09:28:35.3957142Z	ExperimentController	Entering state Trial
2018-04-12T09:28:35.4117389Z	ExperimentController	Starting trial
2018-04-12T09:28:35.4302675Z	ExperimentController	Gap: Inactive
2018-04-12T09:28:35.4467928Z	ExperimentController	HandOffset: 0
2018-04-12T09:28:35.4638195Z	ExperimentController	Noise type 0
2018-04-12T09:28:35.4803465Z	ExperimentController	NoiseLevel: 0
2018-04-12T09:28:35.4968701Z	ExperimentController	Lambda: 0
2018-04-12T09:28:35.5133953Z	ExperimentController	Collision probability: 1
2018-04-12T09:28:35.5299195Z	ExperimentController	Knife PresentFalse
2018-04-12T09:28:35.5469468Z	TrialController	Started
2018-04-12T09:28:37.2405663Z	TrialController	Entering state SpecificTrial
2018-04-12T09:28:37.2480780Z	ElementsAgencyTrial	Noise type: Control
2018-04-12T09:28:37.2530860Z	ElementsAgencyTrial	Delay collision active: 0
2018-04-12T09:28:37.2575925Z	ElementsAgencyTrial	Started
2018-04-12T09:28:37.2620996Z	TrialController	Elements Agency Experiment State Machine started
2018-04-12T09:28:38.7557179Z	ElementsAgencyTrial	Entering state ExperimentWave
2018-04-12T09:28:39.2714999Z	WaveController	Started
2018-04-12T09:28:39.5364268Z	WaveController	Entering state Initial
2018-04-12T09:28:43.0567195Z	WaveController	Initial Target Waved
2018-04-12T09:28:43.0607257Z	WaveController	Entering state Delay
2018-04-12T09:28:43.5526654Z	WaveController	Entering state Target
2018-04-12T09:28:43.5566662Z	WaveController	Light: 0
2018-04-12T09:28:44.0392776Z	WaveController	Probability for Wave 1: 0.3107253
2018-04-12T09:28:44.0442838Z	WaveController	Time in wave: 1 was 0.4683743
2018-04-12T09:28:44.0482960Z	WaveController	Entering state Feedback
2018-04-12T09:28:44.5208418Z	WaveController	Waved correctly
2018-04-12T09:28:45.5359387Z	WaveController	Entering state End
2018-04-12T09:28:45.5404454Z	TrialController	Event Waved
2018-04-12T09:28:45.5479571Z	ElementsAgencyTrial	Entering state Interval
2018-04-12T09:28:45.5514624Z	ElementsAgencyTrial	Entering state ExperimentWave
2018-04-12T09:28:46.0515849Z	WaveController	Started
2018-04-12T09:28:46.3162479Z	WaveController	Entering state Initial
2018-04-12T09:28:47.8348643Z	WaveController	Initial Target Waved
2018-04-12T09:28:47.8388699Z	WaveController	Entering state Delay
2018-04-12T09:28:48.3346954Z	WaveController	Entering state Target
2018-04-12T09:28:48.3381961Z	WaveController	Light: 1
2018-04-12T09:28:48.4882635Z	WaveController	Time in wave: 2 was 0.1457214
2018-04-12T09:28:48.4917687Z	WaveController	Entering state Feedback
2018-04-12T09:28:48.9899847Z	WaveController	Waved incorrectly
2018-04-12T09:28:49.9867933Z	WaveController	Entering state End
2018-04-12T09:28:49.9918138Z	TrialController	Event Waved
2018-04-12T09:28:49.9968099Z	ElementsAgencyTrial	Entering state Interval
2018-04-12T09:28:50.0008325Z	ElementsAgencyTrial	Entering state ExperimentWave
2018-04-12T09:28:50.0043307Z	ElementsAgencyTrial	Entering state Threat
2018-04-12T09:28:50.0098390Z	Threat	Started
2018-04-12T09:28:50.0153374Z	Threat	Entering state Falling
2018-04-12T09:28:50.3514763Z	Threat	Entering state Following
2018-04-12T09:28:52.3582870Z	ElementsAgencyTrial	Entering state End
2018-04-12T09:28:52.3652841Z	TrialController	Event SpecificTrialFinished
2018-04-12T09:28:52.3727947Z	TrialController	Entering state DimLights
