2018-07-17T11:43:17.5173253Z	Logger	Started logging
2018-07-17T11:43:17.5173253Z	ExperimentController	Participant: displayQuestion06
2018-07-17T11:43:17.5311646Z	ExperimentController	Hand model is female
2018-07-17T11:43:17.5507970Z	ExperimentController	Protocol file Protocol/Elements Agency Experiment/Protocol01.txt
2018-07-17T11:43:17.5613579Z	ExperimentController	Loaded 5 trials
2018-07-17T11:43:17.5674291Z	ExperimentController	Event ProtocolLoaded
2018-07-17T11:43:17.5773229Z	ExperimentController	Entering state Trial
2018-07-17T11:43:17.5909268Z	ExperimentController	Starting trial
2018-07-17T11:43:17.6074772Z	ExperimentController	Gap: Inactive
2018-07-17T11:43:17.6175058Z	ExperimentController	HandOffset: 0
2018-07-17T11:43:17.6270342Z	ExperimentController	Noise type 0
2018-07-17T11:43:17.6370645Z	ExperimentController	NoiseLevel: 0
2018-07-17T11:43:17.6470983Z	ExperimentController	Lambda: 0
2018-07-17T11:43:17.6611203Z	ExperimentController	Collision probability: 1
2018-07-17T11:43:17.6711402Z	ExperimentController	Knife PresentFalse
2018-07-17T11:43:17.6811845Z	TrialController	Started
2018-07-17T11:43:19.4969838Z	TrialController	Entering state SpecificTrial
2018-07-17T11:43:19.5009899Z	ElementsAgencyTrial	Noise type: Control
2018-07-17T11:43:19.5009899Z	ElementsAgencyTrial	Delay collision active: 0
2018-07-17T11:43:19.5070136Z	ElementsAgencyTrial	Started
2018-07-17T11:43:19.5105177Z	TrialController	Elements Agency Experiment State Machine started
2018-07-17T11:43:20.9974850Z	ElementsAgencyTrial	Entering state ExperimentWave
2018-07-17T11:43:21.5190533Z	WaveController	Started
2018-07-17T11:43:21.7773683Z	WaveController	Entering state Initial
2018-07-17T11:43:22.4769993Z	WaveController	Initial Target Waved
2018-07-17T11:43:22.4769993Z	WaveController	Entering state Delay
2018-07-17T11:43:22.9973217Z	WaveController	Entering state Target
2018-07-17T11:43:22.9973217Z	WaveController	Light: 0
2018-07-17T11:43:23.5011455Z	WaveController	Probability for Wave 1: 0
2018-07-17T11:43:23.5011455Z	WaveController	Time in wave: 1 was 0.500329
2018-07-17T11:43:23.5072144Z	WaveController	Entering state Feedback
2018-07-17T11:43:24.0201820Z	WaveController	Waved correctly
2018-07-17T11:43:25.0170431Z	WaveController	Entering state End
2018-07-17T11:43:25.0210740Z	TrialController	Event Waved
2018-07-17T11:43:25.0261012Z	ElementsAgencyTrial	Entering state Interval
2018-07-17T11:43:25.0261012Z	ElementsAgencyTrial	Entering state ExperimentWave
2018-07-17T11:43:25.5171583Z	WaveController	Started
2018-07-17T11:43:25.7769778Z	WaveController	Entering state Initial
2018-07-17T11:43:25.9171430Z	WaveController	Initial Target Waved
2018-07-17T11:43:25.9171430Z	WaveController	Entering state Delay
2018-07-17T11:43:26.4363058Z	WaveController	Entering state Target
2018-07-17T11:43:26.4363058Z	WaveController	Light: 0
2018-07-17T11:43:28.2813844Z	WaveController	Probability for Wave 2: 0
2018-07-17T11:43:28.2813844Z	WaveController	Time in wave: 2 was 1.842072
2018-07-17T11:43:28.2874220Z	WaveController	Entering state Feedback
2018-07-17T11:43:28.7974928Z	WaveController	Waved correctly
2018-07-17T11:43:29.7973025Z	WaveController	Entering state End
2018-07-17T11:43:29.8008168Z	TrialController	Event Waved
2018-07-17T11:43:29.8008168Z	ElementsAgencyTrial	Entering state Interval
2018-07-17T11:43:29.8073411Z	ElementsAgencyTrial	Entering state ExperimentWave
2018-07-17T11:43:29.8073411Z	ElementsAgencyTrial	Entering state Threat
2018-07-17T11:43:29.8113461Z	Threat	Started
2018-07-17T11:43:29.8113461Z	Threat	Entering state Falling
2018-07-17T11:43:30.4371642Z	Threat	Entering state Following
2018-07-17T11:43:32.4572440Z	ElementsAgencyTrial	Entering state End
2018-07-17T11:43:32.4670960Z	TrialController	Event SpecificTrialFinished
2018-07-17T11:43:32.4670960Z	TrialController	Entering state DimLights
2018-07-17T11:43:34.4882704Z	TrialController	Event LightsDimmed
2018-07-17T11:43:34.4902897Z	TrialController	Event RoomBlacked
2018-07-17T11:43:34.4902897Z	TrialController	Entering state Questionnaire
