2018-04-12T10:17:06.0837589Z	Logger	Started logging
2018-04-12T10:17:06.0972795Z	ExperimentController	Participant: 20180412_08
2018-04-12T10:17:06.1102998Z	ExperimentController	Hand model is female
2018-04-12T10:17:06.1408469Z	ExperimentController	Protocol file Protocol/Elements Agency Experiment/Protocol01.txt
2018-04-12T10:17:06.1548682Z	ExperimentController	Loaded 5 trials
2018-04-12T10:17:06.1683891Z	ExperimentController	Event ProtocolLoaded
2018-04-12T10:17:06.1849144Z	ExperimentController	Entering state Trial
2018-04-12T10:17:06.2019406Z	ExperimentController	Starting trial
2018-04-12T10:17:06.2184809Z	ExperimentController	Gap: Inactive
2018-04-12T10:17:06.2350011Z	ExperimentController	HandOffset: 0
2018-04-12T10:17:06.2510257Z	ExperimentController	Noise type 0
2018-04-12T10:17:06.2665435Z	ExperimentController	NoiseLevel: 0
2018-04-12T10:17:06.2820641Z	ExperimentController	Lambda: 0
2018-04-12T10:17:06.3011107Z	ExperimentController	Collision probability: 1
2018-04-12T10:17:06.3176192Z	ExperimentController	Knife PresentFalse
2018-04-12T10:17:06.3341544Z	TrialController	Started
2018-04-12T10:17:08.0286084Z	TrialController	Entering state SpecificTrial
2018-04-12T10:17:08.0366207Z	ElementsAgencyTrial	Noise type: Control
2018-04-12T10:17:08.0416290Z	ElementsAgencyTrial	Delay collision active: 0
2018-04-12T10:17:08.0451337Z	ElementsAgencyTrial	Started
2018-04-12T10:17:08.0494959Z	TrialController	Elements Agency Experiment State Machine started
2018-04-12T10:17:09.5377152Z	ElementsAgencyTrial	Entering state ExperimentWave
2018-04-12T10:17:10.0551166Z	WaveController	Started
2018-04-12T10:17:10.3200585Z	WaveController	Entering state Initial
2018-04-12T10:17:11.8071440Z	WaveController	Initial Target Waved
2018-04-12T10:17:11.8111498Z	WaveController	Entering state Delay
2018-04-12T10:17:12.3054991Z	WaveController	Entering state Target
2018-04-12T10:17:12.3090023Z	WaveController	Light: 0
2018-04-12T10:17:12.8362754Z	WaveController	Probability for Wave 1: 0.1447003
2018-04-12T10:17:12.8407825Z	WaveController	Time in wave: 1 was 0.5262337
2018-04-12T10:17:12.8447884Z	WaveController	Entering state Feedback
2018-04-12T10:17:13.3447934Z	WaveController	Waved correctly
2018-04-12T10:17:14.3467162Z	WaveController	Entering state End
2018-04-12T10:17:14.3512224Z	TrialController	Event Waved
2018-04-12T10:17:14.3567430Z	ElementsAgencyTrial	Entering state Interval
2018-04-12T10:17:14.3665754Z	ElementsAgencyTrial	Entering state ExperimentWave
2018-04-12T10:17:14.8494921Z	WaveController	Started
2018-04-12T10:17:15.1023325Z	WaveController	Entering state Initial
2018-04-12T10:17:15.8710661Z	WaveController	Initial Target Waved
2018-04-12T10:17:15.8750711Z	WaveController	Entering state Delay
2018-04-12T10:17:16.3550174Z	WaveController	Entering state Target
2018-04-12T10:17:16.3585229Z	WaveController	Light: 0
2018-04-12T10:17:16.9767071Z	WaveController	Probability for Wave 2: 0.9267635
2018-04-12T10:17:16.9807035Z	WaveController	Time in wave: 2 was 0.6194077
2018-04-12T10:17:16.9867227Z	WaveController	Entering state Feedback
2018-04-12T10:17:17.4875437Z	WaveController	Waved correctly
2018-04-12T10:17:18.4751188Z	WaveController	Entering state End
2018-04-12T10:17:18.4796256Z	TrialController	Event Waved
2018-04-12T10:17:18.4871373Z	ElementsAgencyTrial	Entering state Interval
2018-04-12T10:17:18.4906431Z	ElementsAgencyTrial	Entering state ExperimentWave
2018-04-12T10:17:18.4936471Z	ElementsAgencyTrial	Entering state Threat
2018-04-12T10:17:18.4986548Z	Threat	Started
2018-04-12T10:17:18.5036625Z	Threat	Entering state Falling
2018-04-12T10:17:18.8359516Z	Threat	Entering state Following
2018-04-12T10:17:20.8455739Z	ElementsAgencyTrial	Entering state End
2018-04-12T10:17:20.8520841Z	TrialController	Event SpecificTrialFinished
2018-04-12T10:17:20.8606036Z	TrialController	Entering state DimLights
