2018-04-12T10:19:53.5405035Z	Logger	Started logging
2018-04-12T10:19:53.5585438Z	ExperimentController	Participant: 20180412_10
2018-04-12T10:19:53.5730551Z	ExperimentController	Hand model is female
2018-04-12T10:19:53.6026172Z	ExperimentController	Protocol file Protocol/Elements Agency Experiment/Protocol01.txt
2018-04-12T10:19:53.6171394Z	ExperimentController	Loaded 5 trials
2018-04-12T10:19:53.6311612Z	ExperimentController	Event ProtocolLoaded
2018-04-12T10:19:53.6456780Z	ExperimentController	Entering state Trial
2018-04-12T10:19:53.6616899Z	ExperimentController	Starting trial
2018-04-12T10:19:53.6792278Z	ExperimentController	Gap: Inactive
2018-04-12T10:19:53.6957422Z	ExperimentController	HandOffset: 0
2018-04-12T10:19:53.7142714Z	ExperimentController	Noise type 0
2018-04-12T10:19:53.7297951Z	ExperimentController	NoiseLevel: 0
2018-04-12T10:19:53.7453337Z	ExperimentController	Lambda: 0
2018-04-12T10:19:53.7633563Z	ExperimentController	Collision probability: 1
2018-04-12T10:19:53.7788797Z	ExperimentController	Knife PresentFalse
2018-04-12T10:19:53.7969083Z	TrialController	Started
2018-04-12T10:19:55.4890006Z	TrialController	Entering state SpecificTrial
2018-04-12T10:19:55.4935074Z	ElementsAgencyTrial	Noise type: Control
2018-04-12T10:19:55.5010194Z	ElementsAgencyTrial	Delay collision active: 0
2018-04-12T10:19:55.5050253Z	ElementsAgencyTrial	Started
2018-04-12T10:19:55.5090314Z	TrialController	Elements Agency Experiment State Machine started
2018-04-12T10:19:57.0059302Z	ElementsAgencyTrial	Entering state ExperimentWave
2018-04-12T10:19:57.5205604Z	WaveController	Started
2018-04-12T10:19:57.7718792Z	WaveController	Entering state Initial
2018-04-12T10:19:58.9264946Z	WaveController	Initial Target Waved
2018-04-12T10:19:58.9300001Z	WaveController	Entering state Delay
2018-04-12T10:19:59.4266530Z	WaveController	Entering state Target
2018-04-12T10:19:59.4331529Z	WaveController	Light: 0
2018-04-12T10:20:00.1188936Z	WaveController	Probability for Wave 1: 0.3762601
2018-04-12T10:20:00.1244022Z	WaveController	Time in wave: 1 was 0.6738882
2018-04-12T10:20:00.1284081Z	WaveController	Entering state Feedback
2018-04-12T10:20:00.6181489Z	WaveController	Waved correctly
2018-04-12T10:20:01.6049137Z	WaveController	Entering state End
2018-04-12T10:20:01.6094088Z	TrialController	Event Waved
2018-04-12T10:20:01.6169322Z	ElementsAgencyTrial	Entering state Interval
2018-04-12T10:20:01.6204249Z	ElementsAgencyTrial	Entering state ExperimentWave
2018-04-12T10:20:02.1054987Z	WaveController	Started
2018-04-12T10:20:02.3619152Z	WaveController	Entering state Initial
2018-04-12T10:20:03.1414762Z	WaveController	Initial Target Waved
2018-04-12T10:20:03.1459824Z	WaveController	Entering state Delay
2018-04-12T10:20:03.6312298Z	WaveController	Entering state Target
2018-04-12T10:20:03.6372379Z	WaveController	Light: 1
2018-04-12T10:20:05.5552141Z	WaveController	Probability for Wave 2: 0.2535105
2018-04-12T10:20:05.5597180Z	WaveController	Time in wave: 2 was 1.90951
2018-04-12T10:20:05.5662308Z	WaveController	Entering state Feedback
2018-04-12T10:20:06.0559810Z	WaveController	Waved correctly
2018-04-12T10:20:07.0537633Z	WaveController	Entering state End
2018-04-12T10:20:07.0582704Z	TrialController	Event Waved
2018-04-12T10:20:07.0627854Z	ElementsAgencyTrial	Entering state Interval
2018-04-12T10:20:07.0677849Z	ElementsAgencyTrial	Entering state ExperimentWave
2018-04-12T10:20:07.0707895Z	ElementsAgencyTrial	Entering state Threat
2018-04-12T10:20:07.0757980Z	Threat	Started
2018-04-12T10:20:07.0808052Z	Threat	Entering state Falling
2018-04-12T10:20:07.4193163Z	Threat	Entering state Following
2018-04-12T10:20:09.4494317Z	ElementsAgencyTrial	Entering state End
2018-04-12T10:20:09.4569431Z	TrialController	Event SpecificTrialFinished
2018-04-12T10:20:09.4639541Z	TrialController	Entering state DimLights
