2018-06-26T13:52:14.3587458Z	Logger	Started logging
2018-06-26T13:52:14.3688234Z	ExperimentController	Participant: blahblah
2018-06-26T13:52:14.3788927Z	ExperimentController	Hand model is female
2018-06-26T13:52:14.3990405Z	ExperimentController	Protocol file Protocol/Elements Agency Experiment/Protocol01.txt
2018-06-26T13:52:14.4091164Z	ExperimentController	Loaded 5 trials
2018-06-26T13:52:14.4191834Z	ExperimentController	Event ProtocolLoaded
2018-06-26T13:52:14.4272298Z	ExperimentController	Entering state Trial
2018-06-26T13:52:14.4372992Z	ExperimentController	Starting trial
2018-06-26T13:52:14.4493898Z	ExperimentController	Gap: Inactive
2018-06-26T13:52:14.4594565Z	ExperimentController	HandOffset: 0
2018-06-26T13:52:14.4730482Z	ExperimentController	Noise type 0
2018-06-26T13:52:14.4826115Z	ExperimentController	NoiseLevel: 0
2018-06-26T13:52:14.4921364Z	ExperimentController	Lambda: 0
2018-06-26T13:52:14.4971773Z	ExperimentController	Collision probability: 1
2018-06-26T13:52:14.5072248Z	ExperimentController	Knife PresentFalse
2018-06-26T13:52:14.5273555Z	TrialController	Started
2018-06-26T13:52:16.3366885Z	TrialController	Entering state SpecificTrial
2018-06-26T13:52:16.3366885Z	ElementsAgencyTrial	Noise type: Control
2018-06-26T13:52:16.3462877Z	ElementsAgencyTrial	Delay collision active: 0
2018-06-26T13:52:16.3462877Z	ElementsAgencyTrial	Started
2018-06-26T13:52:16.3503046Z	TrialController	Elements Agency Experiment State Machine started
2018-06-26T13:52:17.8606570Z	ElementsAgencyTrial	Entering state ExperimentWave
2018-06-26T13:52:18.3703776Z	WaveController	Started
2018-06-26T13:52:18.6293431Z	WaveController	Entering state Initial
2018-06-26T13:52:19.3154650Z	WaveController	Initial Target Waved
2018-06-26T13:52:19.3154650Z	WaveController	Entering state Delay
2018-06-26T13:52:19.8401610Z	WaveController	Entering state Target
2018-06-26T13:52:19.8401610Z	WaveController	Light: 0
2018-06-26T13:52:20.4288364Z	WaveController	Probability for Wave 1: 0
2018-06-26T13:52:20.4288364Z	WaveController	Time in wave: 1 was 0.5901937
2018-06-26T13:52:20.4364049Z	WaveController	Entering state Feedback
2018-06-26T13:52:20.9463081Z	WaveController	Waved correctly
2018-06-26T13:52:21.9403458Z	WaveController	Entering state End
2018-06-26T13:52:21.9403458Z	TrialController	Event Waved
2018-06-26T13:52:21.9464142Z	ElementsAgencyTrial	Entering state Interval
2018-06-26T13:52:21.9464142Z	ElementsAgencyTrial	Entering state ExperimentWave
2018-06-26T13:52:22.4603241Z	WaveController	Started
2018-06-26T13:52:22.7161315Z	WaveController	Entering state Initial
2018-06-26T13:52:23.3264932Z	WaveController	Initial Target Waved
2018-06-26T13:52:23.3264932Z	WaveController	Entering state Delay
2018-06-26T13:52:23.8500349Z	WaveController	Entering state Target
2018-06-26T13:52:23.8500349Z	WaveController	Light: 1
2018-06-26T13:52:24.2163613Z	WaveController	Time in wave: 2 was 0.3637676
2018-06-26T13:52:24.2184301Z	WaveController	Entering state Feedback
2018-06-26T13:52:24.7253546Z	WaveController	Waved incorrectly
2018-06-26T13:52:25.7199763Z	WaveController	Entering state End
2018-06-26T13:52:25.7220505Z	TrialController	Event Waved
2018-06-26T13:52:25.7256194Z	ElementsAgencyTrial	Entering state Interval
2018-06-26T13:52:25.7256194Z	ElementsAgencyTrial	Entering state ExperimentWave
2018-06-26T13:52:25.7256194Z	ElementsAgencyTrial	Entering state Threat
2018-06-26T13:52:25.7256194Z	Threat	Started
2018-06-26T13:52:25.7364787Z	Threat	Entering state Falling
2018-06-26T13:52:26.3563271Z	Threat	Entering state Following
2018-06-26T13:52:28.3698559Z	ElementsAgencyTrial	Entering state End
2018-06-26T13:52:28.3763956Z	TrialController	Event SpecificTrialFinished
2018-06-26T13:52:28.3809100Z	TrialController	Entering state DimLights
2018-06-26T13:52:30.4020639Z	TrialController	Event LightsDimmed
2018-06-26T13:52:30.4082070Z	TrialController	Event RoomBlacked
2018-06-26T13:52:30.4102749Z	TrialController	Entering state Questionnaire
