2018-04-12T14:04:14.7197911Z	Logger	Started logging
2018-04-12T14:04:14.7327978Z	ExperimentController	Participant: 20180412_14
2018-04-12T14:04:14.7448165Z	ExperimentController	Hand model is female
2018-04-12T14:04:14.7693541Z	ExperimentController	Protocol file Protocol/Elements Agency Experiment/Protocol01.txt
2018-04-12T14:04:14.7828753Z	ExperimentController	Loaded 5 trials
2018-04-12T14:04:14.7958954Z	ExperimentController	Event ProtocolLoaded
2018-04-12T14:04:14.8089151Z	ExperimentController	Entering state Trial
2018-04-12T14:04:14.8234455Z	ExperimentController	Starting trial
2018-04-12T14:04:14.8394616Z	ExperimentController	Gap: Inactive
2018-04-12T14:04:14.8544847Z	ExperimentController	HandOffset: 0
2018-04-12T14:04:14.8695078Z	ExperimentController	Noise type 0
2018-04-12T14:04:14.8850319Z	ExperimentController	NoiseLevel: 0
2018-04-12T14:04:14.9010565Z	ExperimentController	Lambda: 0
2018-04-12T14:04:14.9165805Z	ExperimentController	Collision probability: 1
2018-04-12T14:04:14.9321045Z	ExperimentController	Knife PresentFalse
2018-04-12T14:04:14.9476282Z	TrialController	Started
2018-04-12T14:04:16.6770380Z	TrialController	Entering state SpecificTrial
2018-04-12T14:04:16.6820457Z	ElementsAgencyTrial	Noise type: Control
2018-04-12T14:04:16.6890565Z	ElementsAgencyTrial	Delay collision active: 0
2018-04-12T14:04:16.6930629Z	ElementsAgencyTrial	Started
2018-04-12T14:04:16.6970688Z	TrialController	Elements Agency Experiment State Machine started
2018-04-12T14:04:18.1773688Z	ElementsAgencyTrial	Entering state ExperimentWave
2018-04-12T14:04:18.6903355Z	WaveController	Started
2018-04-12T14:04:18.9551516Z	WaveController	Entering state Initial
2018-04-12T14:04:19.1903914Z	WaveController	Initial Target Waved
2018-04-12T14:04:19.1938969Z	WaveController	Entering state Delay
2018-04-12T14:04:19.6856047Z	WaveController	Entering state Target
2018-04-12T14:04:19.6891094Z	WaveController	Light: 1
2018-04-12T14:04:20.6473236Z	WaveController	Probability for Wave 1: 0.9158785
2018-04-12T14:04:20.6513298Z	WaveController	Time in wave: 1 was 0.9475918
2018-04-12T14:04:20.6553382Z	WaveController	Entering state Feedback
2018-04-12T14:04:21.1448983Z	WaveController	Waved correctly
2018-04-12T14:04:22.1382001Z	WaveController	Entering state End
2018-04-12T14:04:22.1427071Z	TrialController	Event Waved
2018-04-12T14:04:22.1477148Z	ElementsAgencyTrial	Entering state Interval
2018-04-12T14:04:22.1532243Z	ElementsAgencyTrial	Entering state ExperimentWave
2018-04-12T14:04:22.6420922Z	WaveController	Started
2018-04-12T14:04:22.9064262Z	WaveController	Entering state Initial
2018-04-12T14:04:23.1910358Z	WaveController	Initial Target Waved
2018-04-12T14:04:23.1945413Z	WaveController	Entering state Delay
2018-04-12T14:04:23.6820465Z	WaveController	Entering state Target
2018-04-12T14:04:23.6875554Z	WaveController	Light: 1
2018-04-12T14:04:24.4798368Z	WaveController	Probability for Wave 2: 0.4527497
2018-04-12T14:04:24.4838426Z	WaveController	Time in wave: 2 was 0.7892189
2018-04-12T14:04:24.4873482Z	WaveController	Entering state Feedback
2018-04-12T14:04:24.9846664Z	WaveController	Waved correctly
2018-04-12T14:04:25.9876528Z	WaveController	Entering state End
2018-04-12T14:04:25.9916590Z	TrialController	Event Waved
2018-04-12T14:04:25.9961664Z	ElementsAgencyTrial	Entering state Interval
2018-04-12T14:04:25.9996713Z	ElementsAgencyTrial	Entering state ExperimentWave
2018-04-12T14:04:26.0026762Z	ElementsAgencyTrial	Entering state Threat
2018-04-12T14:04:26.0071830Z	Threat	Started
2018-04-12T14:04:26.0116898Z	Threat	Entering state Falling
2018-04-12T14:04:26.3509836Z	Threat	Entering state Following
2018-04-12T14:04:28.3652747Z	ElementsAgencyTrial	Entering state End
2018-04-12T14:04:28.3752901Z	TrialController	Event SpecificTrialFinished
2018-04-12T14:04:28.3823009Z	TrialController	Entering state DimLights
