2018-04-10T13:27:56.7409724Z	Logger	Started logging
2018-04-10T13:27:56.7544925Z	ExperimentController	Participant: dfasdfadsfa
2018-04-10T13:27:56.7675139Z	ExperimentController	Hand model is female
2018-04-10T13:27:56.7930533Z	ExperimentController	Protocol file Protocol/Elements Agency Experiment/Protocol01.txt
2018-04-10T13:27:56.8065737Z	ExperimentController	Loaded 5 trials
2018-04-10T13:27:56.8205958Z	ExperimentController	Event ProtocolLoaded
2018-04-10T13:27:56.8341159Z	ExperimentController	Entering state Trial
2018-04-10T13:27:56.8496399Z	ExperimentController	Starting trial
2018-04-10T13:27:56.8657426Z	ExperimentController	Gap: Inactive
2018-04-10T13:27:56.8807657Z	ExperimentController	HandOffset: 0
2018-04-10T13:27:56.8967903Z	ExperimentController	Noise type 0
2018-04-10T13:27:56.9118131Z	ExperimentController	NoiseLevel: 0
2018-04-10T13:27:56.9273491Z	ExperimentController	Lambda: 0
2018-04-10T13:27:56.9423679Z	ExperimentController	Collision probability: 1
2018-04-10T13:27:56.9578842Z	ExperimentController	Knife PresentFalse
2018-04-10T13:27:56.9734080Z	TrialController	Started
2018-04-10T13:27:58.6892228Z	TrialController	Entering state SpecificTrial
2018-04-10T13:27:58.6957329Z	ElementsAgencyTrial	Noise type: Control
2018-04-10T13:27:58.7007403Z	ElementsAgencyTrial	Delay collision active: 0
2018-04-10T13:27:58.7047465Z	ElementsAgencyTrial	Started
2018-04-10T13:27:58.7087526Z	TrialController	Elements Agency Experiment State Machine started
2018-04-10T13:28:00.1903653Z	ElementsAgencyTrial	Entering state ExperimentWave
2018-04-10T13:28:00.6926403Z	WaveController	Started
2018-04-10T13:28:00.9443630Z	WaveController	Entering state Initial
2018-04-10T13:28:03.0970226Z	WaveController	Initial Target Waved
2018-04-10T13:28:03.1010299Z	WaveController	Entering state Delay
2018-04-10T13:28:03.5924673Z	WaveController	Entering state Target
2018-04-10T13:28:03.5959725Z	WaveController	Light: 0
2018-04-10T13:28:04.5990790Z	WaveController	Waved incorrectly
2018-04-10T13:28:04.6035858Z	WaveController	Time in wave: 1 was 0.9899673
2018-04-10T13:28:04.6070911Z	WaveController	Entering state Feedback
2018-04-10T13:28:06.0938022Z	WaveController	Entering state End
2018-04-10T13:28:06.0978090Z	TrialController	Event Waved
2018-04-10T13:28:06.1043188Z	ElementsAgencyTrial	Entering state Interval
2018-04-10T13:28:06.1073229Z	ElementsAgencyTrial	Entering state ExperimentWave
2018-04-10T13:28:06.5964629Z	WaveController	Started
2018-04-10T13:28:06.8462480Z	WaveController	Entering state Initial
