2018-04-12T09:15:07.3499368Z	Logger	Started logging
2018-04-12T09:15:07.3639584Z	ExperimentController	Participant: asdfadsfasdf
2018-04-12T09:15:07.3769784Z	ExperimentController	Hand model is female
2018-04-12T09:15:07.4020155Z	ExperimentController	Protocol file Protocol/Elements Agency Experiment/Protocol01.txt
2018-04-12T09:15:07.4175392Z	ExperimentController	Loaded 5 trials
2018-04-12T09:15:07.4310599Z	ExperimentController	Event ProtocolLoaded
2018-04-12T09:15:07.4465839Z	ExperimentController	Entering state Trial
2018-04-12T09:15:07.4631094Z	ExperimentController	Starting trial
2018-04-12T09:15:07.4791338Z	ExperimentController	Gap: Inactive
2018-04-12T09:15:07.4956593Z	ExperimentController	HandOffset: 0
2018-04-12T09:15:07.5116840Z	ExperimentController	Noise type 0
2018-04-12T09:15:07.5272080Z	ExperimentController	NoiseLevel: 0
2018-04-12T09:15:07.5432426Z	ExperimentController	Lambda: 0
2018-04-12T09:15:07.5587561Z	ExperimentController	Collision probability: 1
2018-04-12T09:15:07.5742801Z	ExperimentController	Knife PresentFalse
2018-04-12T09:15:07.5983176Z	TrialController	Started
2018-04-12T09:15:09.3029410Z	TrialController	Entering state SpecificTrial
2018-04-12T09:15:09.3079387Z	ElementsAgencyTrial	Noise type: Control
2018-04-12T09:15:09.3129612Z	ElementsAgencyTrial	Delay collision active: 0
2018-04-12T09:15:09.3169529Z	ElementsAgencyTrial	Started
2018-04-12T09:15:09.3214702Z	TrialController	Elements Agency Experiment State Machine started
2018-04-12T09:15:10.8030171Z	ElementsAgencyTrial	Entering state ExperimentWave
2018-04-12T09:15:11.3171382Z	WaveController	Started
2018-04-12T09:15:11.5686921Z	WaveController	Entering state Initial
2018-04-12T09:15:13.0464967Z	WaveController	Initial Target Waved
2018-04-12T09:15:13.0504943Z	WaveController	Entering state Delay
2018-04-12T09:15:13.5527520Z	WaveController	Entering state Target
2018-04-12T09:15:13.5562472Z	WaveController	Light: 1
2018-04-12T09:15:14.1318413Z	WaveController	Probability for Wave 1: 0.2514291
2018-04-12T09:15:14.1363424Z	WaveController	Time in wave: 1 was 0.5648432
2018-04-12T09:15:14.1398570Z	WaveController	Entering state Feedback
2018-04-12T09:15:14.6333607Z	WaveController	Waved correctly
2018-04-12T09:15:15.6332887Z	WaveController	Entering state End
2018-04-12T09:15:15.6383083Z	TrialController	Event Waved
2018-04-12T09:15:15.6433209Z	ElementsAgencyTrial	Entering state Interval
2018-04-12T09:15:15.6468187Z	ElementsAgencyTrial	Entering state ExperimentWave
2018-04-12T09:15:16.1477222Z	WaveController	Started
2018-04-12T09:15:16.4139671Z	WaveController	Entering state Initial
2018-04-12T09:15:17.4913686Z	WaveController	Initial Target Waved
2018-04-12T09:15:17.4948647Z	WaveController	Entering state Delay
2018-04-12T09:15:17.9879972Z	WaveController	Entering state Target
2018-04-12T09:15:17.9915028Z	WaveController	Light: 1
2018-04-12T09:15:18.9904873Z	WaveController	Probability for Wave 2: 0.3129149
2018-04-12T09:15:18.9944934Z	WaveController	Time in wave: 2 was 0.9898262
2018-04-12T09:15:18.9984996Z	WaveController	Entering state Feedback
2018-04-12T09:15:19.4897050Z	WaveController	Waved correctly
2018-04-12T09:15:20.4896296Z	WaveController	Entering state End
2018-04-12T09:15:20.4936358Z	TrialController	Event Waved
2018-04-12T09:15:20.4981428Z	ElementsAgencyTrial	Entering state Interval
2018-04-12T09:15:20.5011472Z	ElementsAgencyTrial	Entering state ExperimentWave
2018-04-12T09:15:20.5041521Z	ElementsAgencyTrial	Entering state Threat
2018-04-12T09:15:20.5091595Z	Threat	Started
2018-04-12T09:15:20.5141675Z	Threat	Entering state Falling
2018-04-12T09:15:20.8527503Z	Threat	Entering state Following
2018-04-12T09:15:23.8766393Z	ElementsAgencyTrial	Entering state End
2018-04-12T09:15:23.8836711Z	TrialController	Event SpecificTrialFinished
2018-04-12T09:15:23.8951893Z	TrialController	Event SpecificTrialFinished
2018-04-12T09:15:23.9067313Z	TrialController	Event SpecificTrialFinished
2018-04-12T09:15:23.9177485Z	TrialController	Event SpecificTrialFinished
2018-04-12T09:15:23.9282643Z	TrialController	Event SpecificTrialFinished
2018-04-12T09:15:23.9392812Z	TrialController	Event SpecificTrialFinished
2018-04-12T09:15:23.9507991Z	TrialController	Event SpecificTrialFinished
2018-04-12T09:15:23.9618160Z	TrialController	Event SpecificTrialFinished
2018-04-12T09:15:23.9733339Z	TrialController	Event SpecificTrialFinished
2018-04-12T09:15:23.9863542Z	TrialController	Event SpecificTrialFinished
2018-04-12T09:15:23.9978715Z	TrialController	Event SpecificTrialFinished
2018-04-12T09:15:24.0103894Z	TrialController	Event SpecificTrialFinished
2018-04-12T09:15:24.0209066Z	TrialController	Event SpecificTrialFinished
2018-04-12T09:15:24.0324244Z	TrialController	Event SpecificTrialFinished
2018-04-12T09:15:24.0434411Z	TrialController	Event SpecificTrialFinished
2018-04-12T09:15:24.0544583Z	TrialController	Event SpecificTrialFinished
2018-04-12T09:15:24.0649744Z	TrialController	Event SpecificTrialFinished
2018-04-12T09:15:24.0759913Z	TrialController	Event SpecificTrialFinished
2018-04-12T09:15:24.0870376Z	TrialController	Event SpecificTrialFinished
2018-04-12T09:15:24.0981009Z	TrialController	Event SpecificTrialFinished
2018-04-12T09:15:24.1091187Z	TrialController	Event SpecificTrialFinished
2018-04-12T09:15:24.1196339Z	TrialController	Event SpecificTrialFinished
2018-04-12T09:15:24.1326536Z	TrialController	Event SpecificTrialFinished
2018-04-12T09:15:24.1436705Z	TrialController	Event SpecificTrialFinished
2018-04-12T09:15:24.1536859Z	TrialController	Event SpecificTrialFinished
2018-04-12T09:15:24.1702118Z	TrialController	Event SpecificTrialFinished
2018-04-12T09:15:24.1812287Z	TrialController	Event SpecificTrialFinished
2018-04-12T09:15:24.1922459Z	TrialController	Event SpecificTrialFinished
2018-04-12T09:15:24.2027620Z	TrialController	Event SpecificTrialFinished
2018-04-12T09:15:24.2137786Z	TrialController	Event SpecificTrialFinished
2018-04-12T09:15:24.2247961Z	TrialController	Event SpecificTrialFinished
2018-04-12T09:15:24.2358125Z	TrialController	Event SpecificTrialFinished
2018-04-12T09:15:24.2463533Z	TrialController	Event SpecificTrialFinished
2018-04-12T09:15:24.2573702Z	TrialController	Event SpecificTrialFinished
2018-04-12T09:15:24.2683869Z	TrialController	Event SpecificTrialFinished
2018-04-12T09:15:24.2794044Z	TrialController	Event SpecificTrialFinished
2018-04-12T09:15:24.2899201Z	TrialController	Event SpecificTrialFinished
2018-04-12T09:15:24.3009365Z	TrialController	Event SpecificTrialFinished
2018-04-12T09:15:24.3114522Z	TrialController	Event SpecificTrialFinished
2018-04-12T09:15:24.3219691Z	TrialController	Event SpecificTrialFinished
2018-04-12T09:15:24.3329861Z	TrialController	Event SpecificTrialFinished
2018-04-12T09:15:24.3435021Z	TrialController	Event SpecificTrialFinished
2018-04-12T09:15:24.3540275Z	TrialController	Event SpecificTrialFinished
2018-04-12T09:15:24.3645342Z	TrialController	Event SpecificTrialFinished
2018-04-12T09:15:24.3750544Z	TrialController	Event SpecificTrialFinished
2018-04-12T09:15:24.3860774Z	TrialController	Event SpecificTrialFinished
2018-04-12T09:15:24.3970843Z	TrialController	Event SpecificTrialFinished
2018-04-12T09:15:24.4076007Z	TrialController	Event SpecificTrialFinished
2018-04-12T09:15:24.4176152Z	TrialController	Event SpecificTrialFinished
2018-04-12T09:15:24.4281315Z	TrialController	Event SpecificTrialFinished
2018-04-12T09:15:24.4391487Z	TrialController	Event SpecificTrialFinished
2018-04-12T09:15:24.4496744Z	TrialController	Event SpecificTrialFinished
2018-04-12T09:15:24.4601964Z	TrialController	Event SpecificTrialFinished
2018-04-12T09:15:24.4707071Z	TrialController	Event SpecificTrialFinished
2018-04-12T09:15:24.4812140Z	TrialController	Event SpecificTrialFinished
2018-04-12T09:15:24.4917294Z	TrialController	Event SpecificTrialFinished
2018-04-12T09:15:24.5027566Z	TrialController	Event SpecificTrialFinished
2018-04-12T09:15:24.5132749Z	TrialController	Event SpecificTrialFinished
2018-04-12T09:15:24.5237884Z	TrialController	Event SpecificTrialFinished
2018-04-12T09:15:24.5342953Z	TrialController	Event SpecificTrialFinished
2018-04-12T09:15:24.5448111Z	TrialController	Event SpecificTrialFinished
2018-04-12T09:15:24.5553274Z	TrialController	Event SpecificTrialFinished
2018-04-12T09:15:24.5663526Z	TrialController	Event SpecificTrialFinished
2018-04-12T09:15:24.5768703Z	TrialController	Event SpecificTrialFinished
2018-04-12T09:15:24.5873863Z	TrialController	Event SpecificTrialFinished
2018-04-12T09:15:24.5978933Z	TrialController	Event SpecificTrialFinished
2018-04-12T09:15:24.6094114Z	TrialController	Event SpecificTrialFinished
2018-04-12T09:15:24.6204283Z	TrialController	Event SpecificTrialFinished
2018-04-12T09:15:24.6314456Z	TrialController	Event SpecificTrialFinished
2018-04-12T09:15:24.6419613Z	TrialController	Event SpecificTrialFinished
2018-04-12T09:15:24.6525175Z	TrialController	Event SpecificTrialFinished
2018-04-12T09:15:24.6630335Z	TrialController	Event SpecificTrialFinished
2018-04-12T09:15:24.6740507Z	TrialController	Event SpecificTrialFinished
2018-04-12T09:15:24.6855683Z	TrialController	Event SpecificTrialFinished
2018-04-12T09:15:24.6960846Z	TrialController	Event SpecificTrialFinished
2018-04-12T09:15:24.7066234Z	TrialController	Event SpecificTrialFinished
2018-04-12T09:15:24.7171394Z	TrialController	Event SpecificTrialFinished
2018-04-12T09:15:24.7286920Z	TrialController	Event SpecificTrialFinished
2018-04-12T09:15:24.7392080Z	TrialController	Event SpecificTrialFinished
2018-04-12T09:15:24.7497619Z	TrialController	Event SpecificTrialFinished
2018-04-12T09:15:24.7607794Z	TrialController	Event SpecificTrialFinished
2018-04-12T09:15:24.7712949Z	TrialController	Event SpecificTrialFinished
2018-04-12T09:15:24.7823434Z	TrialController	Event SpecificTrialFinished
2018-04-12T09:15:24.7928606Z	TrialController	Event SpecificTrialFinished
2018-04-12T09:15:24.8038775Z	TrialController	Event SpecificTrialFinished
2018-04-12T09:15:24.8143938Z	TrialController	Event SpecificTrialFinished
2018-04-12T09:15:24.8249181Z	TrialController	Event SpecificTrialFinished
2018-04-12T09:15:24.8354262Z	TrialController	Event SpecificTrialFinished
2018-04-12T09:15:24.8464431Z	TrialController	Event SpecificTrialFinished
2018-04-12T09:15:24.8569591Z	TrialController	Event SpecificTrialFinished
2018-04-12T09:15:24.8674754Z	TrialController	Event SpecificTrialFinished
2018-04-12T09:15:24.8779915Z	TrialController	Event SpecificTrialFinished
2018-04-12T09:15:24.8885237Z	TrialController	Event SpecificTrialFinished
2018-04-12T09:15:24.8995506Z	TrialController	Event SpecificTrialFinished
2018-04-12T09:15:24.9100570Z	TrialController	Event SpecificTrialFinished
2018-04-12T09:15:24.9210856Z	TrialController	Event SpecificTrialFinished
2018-04-12T09:15:24.9315777Z	TrialController	Event SpecificTrialFinished
2018-04-12T09:15:24.9420937Z	TrialController	Event SpecificTrialFinished
2018-04-12T09:15:24.9526468Z	TrialController	Event SpecificTrialFinished
2018-04-12T09:15:24.9626624Z	TrialController	Event SpecificTrialFinished
2018-04-12T09:15:24.9736794Z	TrialController	Event SpecificTrialFinished
2018-04-12T09:15:24.9846963Z	TrialController	Event SpecificTrialFinished
2018-04-12T09:15:24.9952129Z	TrialController	Event SpecificTrialFinished
2018-04-12T09:15:25.0062293Z	TrialController	Event SpecificTrialFinished
2018-04-12T09:15:25.0167459Z	TrialController	Event SpecificTrialFinished
2018-04-12T09:15:25.0277631Z	TrialController	Event SpecificTrialFinished
2018-04-12T09:15:25.0382789Z	TrialController	Event SpecificTrialFinished
2018-04-12T09:15:25.0488307Z	TrialController	Event SpecificTrialFinished
2018-04-12T09:15:25.0598477Z	TrialController	Event SpecificTrialFinished
2018-04-12T09:15:25.0703640Z	TrialController	Event SpecificTrialFinished
2018-04-12T09:15:25.0818807Z	TrialController	Event SpecificTrialFinished
2018-04-12T09:15:25.1004093Z	TrialController	Event SpecificTrialFinished
2018-04-12T09:15:25.1169417Z	TrialController	Event SpecificTrialFinished
2018-04-12T09:15:25.1304561Z	TrialController	Event SpecificTrialFinished
2018-04-12T09:15:25.1417244Z	TrialController	Event SpecificTrialFinished
2018-04-12T09:15:25.1527402Z	TrialController	Event SpecificTrialFinished
2018-04-12T09:15:25.1632684Z	TrialController	Event SpecificTrialFinished
2018-04-12T09:15:25.1737847Z	TrialController	Event SpecificTrialFinished
2018-04-12T09:15:25.1848014Z	TrialController	Event SpecificTrialFinished
2018-04-12T09:15:25.2003231Z	TrialController	Event SpecificTrialFinished
2018-04-12T09:15:25.2113446Z	TrialController	Event SpecificTrialFinished
2018-04-12T09:15:25.2223471Z	TrialController	Event SpecificTrialFinished
2018-04-12T09:15:25.2323747Z	TrialController	Event SpecificTrialFinished
2018-04-12T09:15:25.2434013Z	TrialController	Event SpecificTrialFinished
2018-04-12T09:15:25.2549081Z	TrialController	Event SpecificTrialFinished
2018-04-12T09:15:25.2649220Z	TrialController	Event SpecificTrialFinished
2018-04-12T09:15:25.2759396Z	TrialController	Event SpecificTrialFinished
2018-04-12T09:15:25.2874685Z	TrialController	Event SpecificTrialFinished
2018-04-12T09:15:25.2989952Z	TrialController	Event SpecificTrialFinished
2018-04-12T09:15:25.3095106Z	TrialController	Event SpecificTrialFinished
2018-04-12T09:15:25.3200298Z	TrialController	Event SpecificTrialFinished
2018-04-12T09:15:25.3310339Z	TrialController	Event SpecificTrialFinished
2018-04-12T09:15:25.3425529Z	TrialController	Event SpecificTrialFinished
2018-04-12T09:15:25.3535793Z	TrialController	Event SpecificTrialFinished
2018-04-12T09:15:25.3645959Z	TrialController	Event SpecificTrialFinished
2018-04-12T09:15:25.3751117Z	TrialController	Event SpecificTrialFinished
2018-04-12T09:15:25.3866207Z	TrialController	Event SpecificTrialFinished
2018-04-12T09:15:25.3981380Z	TrialController	Event SpecificTrialFinished
2018-04-12T09:15:25.4086637Z	TrialController	Event SpecificTrialFinished
2018-04-12T09:15:25.4191794Z	TrialController	Event SpecificTrialFinished
2018-04-12T09:15:25.4296966Z	TrialController	Event SpecificTrialFinished
2018-04-12T09:15:25.4402735Z	TrialController	Event SpecificTrialFinished
2018-04-12T09:15:25.4507884Z	TrialController	Event SpecificTrialFinished
2018-04-12T09:15:25.4618153Z	TrialController	Event SpecificTrialFinished
2018-04-12T09:15:25.4723365Z	TrialController	Event SpecificTrialFinished
2018-04-12T09:15:25.4833730Z	TrialController	Event SpecificTrialFinished
2018-04-12T09:15:25.4943911Z	TrialController	Event SpecificTrialFinished
2018-04-12T09:15:25.5049086Z	TrialController	Event SpecificTrialFinished
2018-04-12T09:15:25.5159346Z	TrialController	Event SpecificTrialFinished
2018-04-12T09:15:25.5264506Z	TrialController	Event SpecificTrialFinished
2018-04-12T09:15:25.5379582Z	TrialController	Event SpecificTrialFinished
2018-04-12T09:15:25.5484760Z	TrialController	Event SpecificTrialFinished
2018-04-12T09:15:25.5589906Z	TrialController	Event SpecificTrialFinished
2018-04-12T09:15:25.5700172Z	TrialController	Event SpecificTrialFinished
2018-04-12T09:15:25.5810344Z	TrialController	Event SpecificTrialFinished
2018-04-12T09:15:25.5915505Z	TrialController	Event SpecificTrialFinished
2018-04-12T09:15:25.6025674Z	TrialController	Event SpecificTrialFinished
2018-04-12T09:15:25.6130737Z	TrialController	Event SpecificTrialFinished
2018-04-12T09:15:25.6241007Z	TrialController	Event SpecificTrialFinished
2018-04-12T09:15:25.6346164Z	TrialController	Event SpecificTrialFinished
2018-04-12T09:15:25.6456239Z	TrialController	Event SpecificTrialFinished
2018-04-12T09:15:25.6566506Z	TrialController	Event SpecificTrialFinished
2018-04-12T09:15:25.6681846Z	TrialController	Event SpecificTrialFinished
2018-04-12T09:15:25.6787157Z	TrialController	Event SpecificTrialFinished
2018-04-12T09:15:25.6897276Z	TrialController	Event SpecificTrialFinished
2018-04-12T09:15:25.7007448Z	TrialController	Event SpecificTrialFinished
2018-04-12T09:15:25.7112523Z	TrialController	Event SpecificTrialFinished
2018-04-12T09:15:25.7222778Z	TrialController	Event SpecificTrialFinished
2018-04-12T09:15:25.7333397Z	TrialController	Event SpecificTrialFinished
2018-04-12T09:15:25.7438509Z	TrialController	Event SpecificTrialFinished
2018-04-12T09:15:25.7548681Z	TrialController	Event SpecificTrialFinished
2018-04-12T09:15:25.7648735Z	TrialController	Event SpecificTrialFinished
2018-04-12T09:15:25.7768926Z	TrialController	Event SpecificTrialFinished
2018-04-12T09:15:25.7879203Z	TrialController	Event SpecificTrialFinished
2018-04-12T09:15:25.7984352Z	TrialController	Event SpecificTrialFinished
2018-04-12T09:15:25.8084500Z	TrialController	Event SpecificTrialFinished
2018-04-12T09:15:25.8184660Z	TrialController	Event SpecificTrialFinished
2018-04-12T09:15:25.8294852Z	TrialController	Event SpecificTrialFinished
2018-04-12T09:15:25.8399987Z	TrialController	Event SpecificTrialFinished
2018-04-12T09:15:25.8505472Z	TrialController	Event SpecificTrialFinished
2018-04-12T09:15:25.8620647Z	TrialController	Event SpecificTrialFinished
2018-04-12T09:15:25.8725805Z	TrialController	Event SpecificTrialFinished
2018-04-12T09:15:25.8830968Z	TrialController	Event SpecificTrialFinished
2018-04-12T09:15:25.8941029Z	TrialController	Event SpecificTrialFinished
2018-04-12T09:15:25.9046275Z	TrialController	Event SpecificTrialFinished
2018-04-12T09:15:25.9151435Z	TrialController	Event SpecificTrialFinished
2018-04-12T09:15:25.9251586Z	TrialController	Event SpecificTrialFinished
2018-04-12T09:15:25.9356749Z	TrialController	Event SpecificTrialFinished
2018-04-12T09:15:25.9471928Z	TrialController	Event SpecificTrialFinished
2018-04-12T09:15:25.9582009Z	TrialController	Event SpecificTrialFinished
2018-04-12T09:15:25.9692264Z	TrialController	Event SpecificTrialFinished
2018-04-12T09:15:25.9792424Z	TrialController	Event SpecificTrialFinished
2018-04-12T09:15:25.9897578Z	TrialController	Event SpecificTrialFinished
2018-04-12T09:15:26.0002744Z	TrialController	Event SpecificTrialFinished
2018-04-12T09:15:26.0107805Z	TrialController	Event SpecificTrialFinished
2018-04-12T09:15:26.0213011Z	TrialController	Event SpecificTrialFinished
2018-04-12T09:15:26.0318231Z	TrialController	Event SpecificTrialFinished
2018-04-12T09:15:26.0418388Z	TrialController	Event SpecificTrialFinished
2018-04-12T09:15:26.0523542Z	TrialController	Event SpecificTrialFinished
2018-04-12T09:15:26.0628705Z	TrialController	Event SpecificTrialFinished
2018-04-12T09:15:26.0733769Z	TrialController	Event SpecificTrialFinished
2018-04-12T09:15:26.0838929Z	TrialController	Event SpecificTrialFinished
2018-04-12T09:15:26.0949249Z	TrialController	Event SpecificTrialFinished
2018-04-12T09:15:26.1044354Z	TrialController	Event SpecificTrialFinished
2018-04-12T09:15:26.1149506Z	TrialController	Event SpecificTrialFinished
2018-04-12T09:15:26.1289625Z	TrialController	Event SpecificTrialFinished
2018-04-12T09:15:26.1434847Z	TrialController	Event SpecificTrialFinished
2018-04-12T09:15:26.1580282Z	TrialController	Event SpecificTrialFinished
2018-04-12T09:15:26.1720438Z	TrialController	Event SpecificTrialFinished
2018-04-12T09:15:26.1825612Z	TrialController	Event SpecificTrialFinished
2018-04-12T09:15:26.1925758Z	TrialController	Event SpecificTrialFinished
2018-04-12T09:15:26.2030918Z	TrialController	Event SpecificTrialFinished
2018-04-12T09:15:26.2131069Z	TrialController	Event SpecificTrialFinished
2018-04-12T09:15:26.2291321Z	TrialController	Event SpecificTrialFinished
2018-04-12T09:15:26.2391467Z	TrialController	Event SpecificTrialFinished
2018-04-12T09:15:26.2491621Z	TrialController	Event SpecificTrialFinished
2018-04-12T09:15:26.2591775Z	TrialController	Event SpecificTrialFinished
2018-04-12T09:15:26.2692111Z	TrialController	Event SpecificTrialFinished
2018-04-12T09:15:26.2792214Z	TrialController	Event SpecificTrialFinished
2018-04-12T09:15:26.2897255Z	TrialController	Event SpecificTrialFinished
2018-04-12T09:15:26.3002463Z	TrialController	Event SpecificTrialFinished
2018-04-12T09:15:26.3107578Z	TrialController	Event SpecificTrialFinished
2018-04-12T09:15:26.3217833Z	TrialController	Event SpecificTrialFinished
2018-04-12T09:15:26.3322999Z	TrialController	Event SpecificTrialFinished
2018-04-12T09:15:26.3428199Z	TrialController	Event SpecificTrialFinished
2018-04-12T09:15:26.3528222Z	TrialController	Event SpecificTrialFinished
2018-04-12T09:15:26.3633382Z	TrialController	Event SpecificTrialFinished
2018-04-12T09:15:26.3738543Z	TrialController	Event SpecificTrialFinished
2018-04-12T09:15:26.3843797Z	TrialController	Event SpecificTrialFinished
2018-04-12T09:15:26.3943951Z	TrialController	Event SpecificTrialFinished
2018-04-12T09:15:26.4049111Z	TrialController	Event SpecificTrialFinished
2018-04-12T09:15:26.4154357Z	TrialController	Event SpecificTrialFinished
2018-04-12T09:15:26.4264825Z	TrialController	Event SpecificTrialFinished
2018-04-12T09:15:26.4375003Z	TrialController	Event SpecificTrialFinished
2018-04-12T09:15:26.4480166Z	TrialController	Event SpecificTrialFinished
2018-04-12T09:15:26.4585261Z	TrialController	Event SpecificTrialFinished
2018-04-12T09:15:26.4695518Z	TrialController	Event SpecificTrialFinished
2018-04-12T09:15:26.4805682Z	TrialController	Event SpecificTrialFinished
2018-04-12T09:15:26.4925867Z	TrialController	Event SpecificTrialFinished
2018-04-12T09:15:26.5031002Z	TrialController	Event SpecificTrialFinished
2018-04-12T09:15:26.5136193Z	TrialController	Event SpecificTrialFinished
2018-04-12T09:15:26.5251249Z	TrialController	Event SpecificTrialFinished
2018-04-12T09:15:26.5361422Z	TrialController	Event SpecificTrialFinished
2018-04-12T09:15:26.5461573Z	TrialController	Event SpecificTrialFinished
2018-04-12T09:15:26.5566724Z	TrialController	Event SpecificTrialFinished
2018-04-12T09:15:26.5672021Z	TrialController	Event SpecificTrialFinished
2018-04-12T09:15:26.5777054Z	TrialController	Event SpecificTrialFinished
2018-04-12T09:15:26.5897250Z	TrialController	Event SpecificTrialFinished
2018-04-12T09:15:26.6012417Z	TrialController	Event SpecificTrialFinished
2018-04-12T09:15:26.6117580Z	TrialController	Event SpecificTrialFinished
2018-04-12T09:15:26.6227872Z	TrialController	Event SpecificTrialFinished
2018-04-12T09:15:26.6332913Z	TrialController	Event SpecificTrialFinished
2018-04-12T09:15:26.6438073Z	TrialController	Event SpecificTrialFinished
2018-04-12T09:15:26.6548251Z	TrialController	Event SpecificTrialFinished
2018-04-12T09:15:26.6648399Z	TrialController	Event SpecificTrialFinished
2018-04-12T09:15:26.6748550Z	TrialController	Event SpecificTrialFinished
2018-04-12T09:15:26.6848707Z	TrialController	Event SpecificTrialFinished
2018-04-12T09:15:26.6958916Z	TrialController	Event SpecificTrialFinished
2018-04-12T09:15:26.7069060Z	TrialController	Event SpecificTrialFinished
2018-04-12T09:15:26.7169200Z	TrialController	Event SpecificTrialFinished
2018-04-12T09:15:26.7274360Z	TrialController	Event SpecificTrialFinished
2018-04-12T09:15:26.7384541Z	TrialController	Event SpecificTrialFinished
2018-04-12T09:15:26.7484684Z	TrialController	Event SpecificTrialFinished
2018-04-12T09:15:26.7594853Z	TrialController	Event SpecificTrialFinished
2018-04-12T09:15:26.7700019Z	TrialController	Event SpecificTrialFinished
2018-04-12T09:15:26.7810185Z	TrialController	Event SpecificTrialFinished
2018-04-12T09:15:26.7910339Z	TrialController	Event SpecificTrialFinished
2018-04-12T09:15:26.8015500Z	TrialController	Event SpecificTrialFinished
2018-04-12T09:15:26.8120663Z	TrialController	Event SpecificTrialFinished
2018-04-12T09:15:26.8225826Z	TrialController	Event SpecificTrialFinished
2018-04-12T09:15:26.8330986Z	TrialController	Event SpecificTrialFinished
2018-04-12T09:15:26.8446151Z	TrialController	Event SpecificTrialFinished
2018-04-12T09:15:26.8571347Z	TrialController	Event SpecificTrialFinished
2018-04-12T09:15:26.8726585Z	TrialController	Event SpecificTrialFinished
2018-04-12T09:15:26.8886834Z	TrialController	Event SpecificTrialFinished
2018-04-12T09:15:26.9032056Z	TrialController	Event SpecificTrialFinished
2018-04-12T09:15:26.9157258Z	TrialController	Event SpecificTrialFinished
2018-04-12T09:15:26.9277432Z	TrialController	Event SpecificTrialFinished
2018-04-12T09:15:26.9387607Z	TrialController	Event SpecificTrialFinished
2018-04-12T09:15:26.9522816Z	TrialController	Event SpecificTrialFinished
2018-04-12T09:15:26.9648004Z	TrialController	Event SpecificTrialFinished
2018-04-12T09:15:26.9758174Z	TrialController	Event SpecificTrialFinished
2018-04-12T09:15:26.9858331Z	TrialController	Event SpecificTrialFinished
2018-04-12T09:15:26.9958493Z	TrialController	Event SpecificTrialFinished
2018-04-12T09:15:27.0058789Z	TrialController	Event SpecificTrialFinished
2018-04-12T09:15:27.0158966Z	TrialController	Event SpecificTrialFinished
2018-04-12T09:15:27.0264146Z	TrialController	Event SpecificTrialFinished
2018-04-12T09:15:27.0369238Z	TrialController	Event SpecificTrialFinished
2018-04-12T09:15:27.0469395Z	TrialController	Event SpecificTrialFinished
2018-04-12T09:15:27.0574427Z	TrialController	Event SpecificTrialFinished
2018-04-12T09:15:27.0679591Z	TrialController	Event SpecificTrialFinished
2018-04-12T09:15:27.0794780Z	TrialController	Event SpecificTrialFinished
2018-04-12T09:15:27.0894920Z	TrialController	Event SpecificTrialFinished
2018-04-12T09:15:27.1000206Z	TrialController	Event SpecificTrialFinished
2018-04-12T09:15:27.1105377Z	TrialController	Event SpecificTrialFinished
2018-04-12T09:15:27.1225434Z	TrialController	Event SpecificTrialFinished
2018-04-12T09:15:27.1370776Z	TrialController	Event SpecificTrialFinished
2018-04-12T09:15:27.1485840Z	TrialController	Event SpecificTrialFinished
2018-04-12T09:15:27.1596044Z	TrialController	Event SpecificTrialFinished
2018-04-12T09:15:27.1701287Z	TrialController	Event SpecificTrialFinished
2018-04-12T09:15:27.1806416Z	TrialController	Event SpecificTrialFinished
2018-04-12T09:15:27.1976683Z	TrialController	Event SpecificTrialFinished
2018-04-12T09:15:27.2076837Z	TrialController	Event SpecificTrialFinished
2018-04-12T09:15:27.2177014Z	TrialController	Event SpecificTrialFinished
2018-04-12T09:15:27.2282154Z	TrialController	Event SpecificTrialFinished
2018-04-12T09:15:27.2392241Z	TrialController	Event SpecificTrialFinished
2018-04-12T09:15:27.2497398Z	TrialController	Event SpecificTrialFinished
2018-04-12T09:15:27.2597555Z	TrialController	Event SpecificTrialFinished
2018-04-12T09:15:27.2702707Z	TrialController	Event SpecificTrialFinished
2018-04-12T09:15:27.2802858Z	TrialController	Event SpecificTrialFinished
2018-04-12T09:15:27.2908033Z	TrialController	Event SpecificTrialFinished
2018-04-12T09:15:27.3028218Z	TrialController	Event SpecificTrialFinished
2018-04-12T09:15:27.3133358Z	TrialController	Event SpecificTrialFinished
2018-04-12T09:15:27.3238524Z	TrialController	Event SpecificTrialFinished
2018-04-12T09:15:27.3338675Z	TrialController	Event SpecificTrialFinished
2018-04-12T09:15:27.3433820Z	TrialController	Event SpecificTrialFinished
2018-04-12T09:15:27.3533974Z	TrialController	Event SpecificTrialFinished
2018-04-12T09:15:27.3639137Z	TrialController	Event SpecificTrialFinished
2018-04-12T09:15:27.3739291Z	TrialController	Event SpecificTrialFinished
2018-04-12T09:15:27.3849475Z	TrialController	Event SpecificTrialFinished
2018-04-12T09:15:27.3959633Z	TrialController	Event SpecificTrialFinished
2018-04-12T09:15:27.4054778Z	TrialController	Event SpecificTrialFinished
2018-04-12T09:15:27.4159941Z	TrialController	Event SpecificTrialFinished
2018-04-12T09:15:27.4260095Z	TrialController	Event SpecificTrialFinished
2018-04-12T09:15:27.4365309Z	TrialController	Event SpecificTrialFinished
2018-04-12T09:15:27.4470597Z	TrialController	Event SpecificTrialFinished
2018-04-12T09:15:27.4575644Z	TrialController	Event SpecificTrialFinished
2018-04-12T09:15:27.4685933Z	TrialController	Event SpecificTrialFinished
2018-04-12T09:15:27.4779948Z	TrialController	Event SpecificTrialFinished
2018-04-12T09:15:27.4885080Z	TrialController	Event SpecificTrialFinished
2018-04-12T09:15:27.4985262Z	TrialController	Event SpecificTrialFinished
2018-04-12T09:15:27.5090422Z	TrialController	Event SpecificTrialFinished
2018-04-12T09:15:27.5195526Z	TrialController	Event SpecificTrialFinished
2018-04-12T09:15:27.5300620Z	TrialController	Event SpecificTrialFinished
2018-04-12T09:15:27.5405954Z	TrialController	Event SpecificTrialFinished
2018-04-12T09:15:27.5516124Z	TrialController	Event SpecificTrialFinished
2018-04-12T09:15:27.5631132Z	TrialController	Event SpecificTrialFinished
2018-04-12T09:15:27.5776353Z	TrialController	Event SpecificTrialFinished
2018-04-12T09:15:27.5936606Z	TrialController	Event SpecificTrialFinished
2018-04-12T09:15:27.6066800Z	TrialController	Event SpecificTrialFinished
2018-04-12T09:15:27.6217031Z	TrialController	Event SpecificTrialFinished
2018-04-12T09:15:27.6357247Z	TrialController	Event SpecificTrialFinished
2018-04-12T09:15:27.6457403Z	TrialController	Event SpecificTrialFinished
2018-04-12T09:15:27.6607629Z	TrialController	Event SpecificTrialFinished
2018-04-12T09:15:27.6747853Z	TrialController	Event SpecificTrialFinished
2018-04-12T09:15:27.6858014Z	TrialController	Event SpecificTrialFinished
2018-04-12T09:15:27.6973189Z	TrialController	Event SpecificTrialFinished
2018-04-12T09:15:27.7073346Z	TrialController	Event SpecificTrialFinished
2018-04-12T09:15:27.7168491Z	TrialController	Event SpecificTrialFinished
2018-04-12T09:15:27.7268657Z	TrialController	Event SpecificTrialFinished
2018-04-12T09:15:27.7368819Z	TrialController	Event SpecificTrialFinished
2018-04-12T09:15:27.7469053Z	TrialController	Event SpecificTrialFinished
2018-04-12T09:15:27.7574131Z	TrialController	Event SpecificTrialFinished
2018-04-12T09:15:27.7674279Z	TrialController	Event SpecificTrialFinished
2018-04-12T09:15:27.7774430Z	TrialController	Event SpecificTrialFinished
2018-04-12T09:15:27.7874584Z	TrialController	Event SpecificTrialFinished
2018-04-12T09:15:27.7979747Z	TrialController	Event SpecificTrialFinished
2018-04-12T09:15:27.8079901Z	TrialController	Event SpecificTrialFinished
2018-04-12T09:15:27.8180047Z	TrialController	Event SpecificTrialFinished
2018-04-12T09:15:27.8290216Z	TrialController	Event SpecificTrialFinished
2018-04-12T09:15:27.8395373Z	TrialController	Event SpecificTrialFinished
2018-04-12T09:15:27.8500542Z	TrialController	Event SpecificTrialFinished
2018-04-12T09:15:27.8600691Z	TrialController	Event SpecificTrialFinished
2018-04-12T09:15:27.8700845Z	TrialController	Event SpecificTrialFinished
2018-04-12T09:15:27.8811017Z	TrialController	Event SpecificTrialFinished
2018-04-12T09:15:27.8921192Z	TrialController	Event SpecificTrialFinished
2018-04-12T09:15:27.9031356Z	TrialController	Event SpecificTrialFinished
2018-04-12T09:15:27.9131510Z	TrialController	Event SpecificTrialFinished
2018-04-12T09:15:27.9231664Z	TrialController	Event SpecificTrialFinished
2018-04-12T09:15:27.9336949Z	TrialController	Event SpecificTrialFinished
2018-04-12T09:15:27.9457134Z	TrialController	Event SpecificTrialFinished
2018-04-12T09:15:27.9567198Z	TrialController	Event SpecificTrialFinished
2018-04-12T09:15:27.9667457Z	TrialController	Event SpecificTrialFinished
2018-04-12T09:15:27.9777630Z	TrialController	Event SpecificTrialFinished
2018-04-12T09:15:27.9882670Z	TrialController	Event SpecificTrialFinished
2018-04-12T09:15:27.9987828Z	TrialController	Event SpecificTrialFinished
2018-04-12T09:15:28.0098148Z	TrialController	Event SpecificTrialFinished
2018-04-12T09:15:28.0193247Z	TrialController	Event SpecificTrialFinished
2018-04-12T09:15:28.0293401Z	TrialController	Event SpecificTrialFinished
2018-04-12T09:15:28.0383537Z	TrialController	Event SpecificTrialFinished
2018-04-12T09:15:28.0478676Z	TrialController	Event SpecificTrialFinished
2018-04-12T09:15:28.0573821Z	TrialController	Event SpecificTrialFinished
2018-04-12T09:15:28.0673978Z	TrialController	Event SpecificTrialFinished
2018-04-12T09:15:28.0764119Z	TrialController	Event SpecificTrialFinished
2018-04-12T09:15:28.0859264Z	TrialController	Event SpecificTrialFinished
2018-04-12T09:15:28.0959418Z	TrialController	Event SpecificTrialFinished
2018-04-12T09:15:28.1049563Z	TrialController	Event SpecificTrialFinished
2018-04-12T09:15:28.1149762Z	TrialController	Event SpecificTrialFinished
2018-04-12T09:15:28.1259801Z	TrialController	Event SpecificTrialFinished
2018-04-12T09:15:28.1355057Z	TrialController	Event SpecificTrialFinished
2018-04-12T09:15:28.1455085Z	TrialController	Event SpecificTrialFinished
2018-04-12T09:15:28.1615531Z	TrialController	Event SpecificTrialFinished
2018-04-12T09:15:28.1715685Z	TrialController	Event SpecificTrialFinished
2018-04-12T09:15:28.1810830Z	TrialController	Event SpecificTrialFinished
2018-04-12T09:15:28.1910990Z	TrialController	Event SpecificTrialFinished
2018-04-12T09:15:28.2011144Z	TrialController	Event SpecificTrialFinished
2018-04-12T09:15:28.2106288Z	TrialController	Event SpecificTrialFinished
2018-04-12T09:15:28.2201436Z	TrialController	Event SpecificTrialFinished
2018-04-12T09:15:28.2301582Z	TrialController	Event SpecificTrialFinished
2018-04-12T09:15:28.2401764Z	TrialController	Event SpecificTrialFinished
2018-04-12T09:15:28.2501924Z	TrialController	Event SpecificTrialFinished
2018-04-12T09:15:28.2607056Z	TrialController	Event SpecificTrialFinished
2018-04-12T09:15:28.2707210Z	TrialController	Event SpecificTrialFinished
2018-04-12T09:15:28.2807364Z	TrialController	Event SpecificTrialFinished
2018-04-12T09:15:28.2902506Z	TrialController	Event SpecificTrialFinished
2018-04-12T09:15:28.3002662Z	TrialController	Event SpecificTrialFinished
2018-04-12T09:15:28.3102717Z	TrialController	Event SpecificTrialFinished
2018-04-12T09:15:28.3202877Z	TrialController	Event SpecificTrialFinished
2018-04-12T09:15:28.3303159Z	TrialController	Event SpecificTrialFinished
2018-04-12T09:15:28.3398301Z	TrialController	Event SpecificTrialFinished
2018-04-12T09:15:28.3498329Z	TrialController	Event SpecificTrialFinished
2018-04-12T09:15:28.3598606Z	TrialController	Event SpecificTrialFinished
2018-04-12T09:15:28.3698811Z	TrialController	Event SpecificTrialFinished
2018-04-12T09:15:28.3798914Z	TrialController	Event SpecificTrialFinished
2018-04-12T09:15:28.3899068Z	TrialController	Event SpecificTrialFinished
2018-04-12T09:15:28.3999196Z	TrialController	Event SpecificTrialFinished
2018-04-12T09:15:28.4099347Z	TrialController	Event SpecificTrialFinished
2018-04-12T09:15:28.4194512Z	TrialController	Event SpecificTrialFinished
2018-04-12T09:15:28.4294706Z	TrialController	Event SpecificTrialFinished
2018-04-12T09:15:28.4394823Z	TrialController	Event SpecificTrialFinished
2018-04-12T09:15:28.4495014Z	TrialController	Event SpecificTrialFinished
2018-04-12T09:15:28.4595142Z	TrialController	Event SpecificTrialFinished
2018-04-12T09:15:28.4690287Z	TrialController	Event SpecificTrialFinished
2018-04-12T09:15:28.4785301Z	TrialController	Event SpecificTrialFinished
2018-04-12T09:15:28.4880449Z	TrialController	Event SpecificTrialFinished
2018-04-12T09:15:28.4970588Z	TrialController	Event SpecificTrialFinished
2018-04-12T09:15:28.5065732Z	TrialController	Event SpecificTrialFinished
2018-04-12T09:15:28.5155871Z	TrialController	Event SpecificTrialFinished
2018-04-12T09:15:28.5251019Z	TrialController	Event SpecificTrialFinished
2018-04-12T09:15:28.5346164Z	TrialController	Event SpecificTrialFinished
2018-04-12T09:15:28.5436302Z	TrialController	Event SpecificTrialFinished
2018-04-12T09:15:28.5531450Z	TrialController	Event SpecificTrialFinished
2018-04-12T09:15:28.5621589Z	TrialController	Event SpecificTrialFinished
2018-04-12T09:15:28.5716733Z	TrialController	Event SpecificTrialFinished
2018-04-12T09:15:28.5811881Z	TrialController	Event SpecificTrialFinished
2018-04-12T09:15:28.5907026Z	TrialController	Event SpecificTrialFinished
2018-04-12T09:15:28.6002177Z	TrialController	Event SpecificTrialFinished
2018-04-12T09:15:28.6097324Z	TrialController	Event SpecificTrialFinished
2018-04-12T09:15:28.6187463Z	TrialController	Event SpecificTrialFinished
2018-04-12T09:15:28.6287617Z	TrialController	Event SpecificTrialFinished
2018-04-12T09:15:28.6377753Z	TrialController	Event SpecificTrialFinished
2018-04-12T09:15:28.6472912Z	TrialController	Event SpecificTrialFinished
2018-04-12T09:15:28.6563045Z	TrialController	Event SpecificTrialFinished
2018-04-12T09:15:28.6653186Z	TrialController	Event SpecificTrialFinished
2018-04-12T09:15:28.6753915Z	TrialController	Event SpecificTrialFinished
2018-04-12T09:15:28.6844062Z	TrialController	Event SpecificTrialFinished
2018-04-12T09:15:28.6939290Z	TrialController	Event SpecificTrialFinished
2018-04-12T09:15:28.7034355Z	TrialController	Event SpecificTrialFinished
2018-04-12T09:15:28.7129500Z	TrialController	Event SpecificTrialFinished
2018-04-12T09:15:28.7224653Z	TrialController	Event SpecificTrialFinished
2018-04-12T09:15:28.7314786Z	TrialController	Event SpecificTrialFinished
2018-04-12T09:15:28.7404925Z	TrialController	Event SpecificTrialFinished
2018-04-12T09:15:28.7500070Z	TrialController	Event SpecificTrialFinished
2018-04-12T09:15:28.7590208Z	TrialController	Event SpecificTrialFinished
2018-04-12T09:15:28.7685356Z	TrialController	Event SpecificTrialFinished
2018-04-12T09:15:28.7775494Z	TrialController	Event SpecificTrialFinished
2018-04-12T09:15:28.7870639Z	TrialController	Event SpecificTrialFinished
2018-04-12T09:15:28.7965787Z	TrialController	Event SpecificTrialFinished
2018-04-12T09:15:28.8060932Z	TrialController	Event SpecificTrialFinished
2018-04-12T09:15:28.8156080Z	TrialController	Event SpecificTrialFinished
2018-04-12T09:15:28.8246218Z	TrialController	Event SpecificTrialFinished
2018-04-12T09:15:28.8346372Z	TrialController	Event SpecificTrialFinished
2018-04-12T09:15:28.8441517Z	TrialController	Event SpecificTrialFinished
2018-04-12T09:15:28.8531656Z	TrialController	Event SpecificTrialFinished
2018-04-12T09:15:28.8626806Z	TrialController	Event SpecificTrialFinished
2018-04-12T09:15:28.8716942Z	TrialController	Event SpecificTrialFinished
2018-04-12T09:15:28.8807081Z	TrialController	Event SpecificTrialFinished
2018-04-12T09:15:28.8902228Z	TrialController	Event SpecificTrialFinished
2018-04-12T09:15:28.8997373Z	TrialController	Event SpecificTrialFinished
2018-04-12T09:15:28.9092518Z	TrialController	Event SpecificTrialFinished
2018-04-12T09:15:28.9182657Z	TrialController	Event SpecificTrialFinished
2018-04-12T09:15:28.9282811Z	TrialController	Event SpecificTrialFinished
2018-04-12T09:15:28.9382965Z	TrialController	Event SpecificTrialFinished
2018-04-12T09:15:28.9478115Z	TrialController	Event SpecificTrialFinished
2018-04-12T09:15:28.9573257Z	TrialController	Event SpecificTrialFinished
2018-04-12T09:15:28.9668476Z	TrialController	Event SpecificTrialFinished
2018-04-12T09:15:28.9763550Z	TrialController	Event SpecificTrialFinished
2018-04-12T09:15:28.9858698Z	TrialController	Event SpecificTrialFinished
2018-04-12T09:15:28.9953845Z	TrialController	Event SpecificTrialFinished
2018-04-12T09:15:29.0048990Z	TrialController	Event SpecificTrialFinished
2018-04-12T09:15:29.0144135Z	TrialController	Event SpecificTrialFinished
2018-04-12T09:15:29.0239283Z	TrialController	Event SpecificTrialFinished
2018-04-12T09:15:29.0334428Z	TrialController	Event SpecificTrialFinished
2018-04-12T09:15:29.0429576Z	TrialController	Event SpecificTrialFinished
2018-04-12T09:15:29.0524720Z	TrialController	Event SpecificTrialFinished
2018-04-12T09:15:29.0624874Z	TrialController	Event SpecificTrialFinished
2018-04-12T09:15:29.0730043Z	TrialController	Event SpecificTrialFinished
2018-04-12T09:15:29.0830186Z	TrialController	Event SpecificTrialFinished
2018-04-12T09:15:29.0925328Z	TrialController	Event SpecificTrialFinished
2018-04-12T09:15:29.1025485Z	TrialController	Event SpecificTrialFinished
2018-04-12T09:15:29.1120627Z	TrialController	Event SpecificTrialFinished
2018-04-12T09:15:29.1225796Z	TrialController	Event SpecificTrialFinished
2018-04-12T09:15:29.1335959Z	TrialController	Event SpecificTrialFinished
2018-04-12T09:15:29.1436116Z	TrialController	Event SpecificTrialFinished
2018-04-12T09:15:29.1601369Z	TrialController	Event SpecificTrialFinished
2018-04-12T09:15:29.1696514Z	TrialController	Event SpecificTrialFinished
2018-04-12T09:15:29.1796907Z	TrialController	Event SpecificTrialFinished
2018-04-12T09:15:29.1897061Z	TrialController	Event SpecificTrialFinished
2018-04-12T09:15:29.1992339Z	TrialController	Event SpecificTrialFinished
2018-04-12T09:15:29.2107489Z	TrialController	Event SpecificTrialFinished
2018-04-12T09:15:29.2212647Z	TrialController	Event SpecificTrialFinished
2018-04-12T09:15:29.2312704Z	TrialController	Event SpecificTrialFinished
2018-04-12T09:15:29.2422874Z	TrialController	Event SpecificTrialFinished
2018-04-12T09:15:29.2533043Z	TrialController	Event SpecificTrialFinished
2018-04-12T09:15:29.2633319Z	TrialController	Event SpecificTrialFinished
2018-04-12T09:15:29.2733362Z	TrialController	Event SpecificTrialFinished
2018-04-12T09:15:29.2838636Z	TrialController	Event SpecificTrialFinished
2018-04-12T09:15:29.2938762Z	TrialController	Event SpecificTrialFinished
2018-04-12T09:15:29.3038916Z	TrialController	Event SpecificTrialFinished
2018-04-12T09:15:29.3144076Z	TrialController	Event SpecificTrialFinished
2018-04-12T09:15:29.3244227Z	TrialController	Event SpecificTrialFinished
2018-04-12T09:15:29.3349393Z	TrialController	Event SpecificTrialFinished
2018-04-12T09:15:29.3449451Z	TrialController	Event SpecificTrialFinished
2018-04-12T09:15:29.3544593Z	TrialController	Event SpecificTrialFinished
2018-04-12T09:15:29.3644747Z	TrialController	Event SpecificTrialFinished
2018-04-12T09:15:29.3734885Z	TrialController	Event SpecificTrialFinished
2018-04-12T09:15:29.3835039Z	TrialController	Event SpecificTrialFinished
2018-04-12T09:15:29.3930213Z	TrialController	Event SpecificTrialFinished
2018-04-12T09:15:29.4025329Z	TrialController	Event SpecificTrialFinished
2018-04-12T09:15:29.4125486Z	TrialController	Event SpecificTrialFinished
2018-04-12T09:15:29.4220631Z	TrialController	Event SpecificTrialFinished
2018-04-12T09:15:29.4325791Z	TrialController	Event SpecificTrialFinished
2018-04-12T09:15:29.4430954Z	TrialController	Event SpecificTrialFinished
2018-04-12T09:15:29.4536120Z	TrialController	Event SpecificTrialFinished
2018-04-12T09:15:29.4636271Z	TrialController	Event SpecificTrialFinished
2018-04-12T09:15:29.4746441Z	TrialController	Event SpecificTrialFinished
2018-04-12T09:15:29.4841586Z	TrialController	Event SpecificTrialFinished
2018-04-12T09:15:29.4946749Z	TrialController	Event SpecificTrialFinished
2018-04-12T09:15:29.5041896Z	TrialController	Event SpecificTrialFinished
2018-04-12T09:15:29.5142050Z	TrialController	Event SpecificTrialFinished
2018-04-12T09:15:29.5237195Z	TrialController	Event SpecificTrialFinished
2018-04-12T09:15:29.5332343Z	TrialController	Event SpecificTrialFinished
2018-04-12T09:15:29.5432671Z	TrialController	Event SpecificTrialFinished
2018-04-12T09:15:29.5527821Z	TrialController	Event SpecificTrialFinished
2018-04-12T09:15:29.5622795Z	TrialController	Event SpecificTrialFinished
2018-04-12T09:15:29.5727958Z	TrialController	Event SpecificTrialFinished
2018-04-12T09:15:29.5828104Z	TrialController	Event SpecificTrialFinished
2018-04-12T09:15:29.5923357Z	TrialController	Event SpecificTrialFinished
2018-04-12T09:15:29.6018499Z	TrialController	Event SpecificTrialFinished
2018-04-12T09:15:29.6118556Z	TrialController	Event SpecificTrialFinished
2018-04-12T09:15:29.6214151Z	TrialController	Event SpecificTrialFinished
2018-04-12T09:15:29.6314299Z	TrialController	Event SpecificTrialFinished
2018-04-12T09:15:29.6409453Z	TrialController	Event SpecificTrialFinished
2018-04-12T09:15:29.6504577Z	TrialController	Event SpecificTrialFinished
2018-04-12T09:15:29.6604638Z	TrialController	Event SpecificTrialFinished
2018-04-12T09:15:29.6709789Z	TrialController	Event SpecificTrialFinished
2018-04-12T09:15:29.6810043Z	TrialController	Event SpecificTrialFinished
2018-04-12T09:15:29.6905091Z	TrialController	Event SpecificTrialFinished
2018-04-12T09:15:29.7000390Z	TrialController	Event SpecificTrialFinished
2018-04-12T09:15:29.7095386Z	TrialController	Event SpecificTrialFinished
2018-04-12T09:15:29.7190622Z	TrialController	Event SpecificTrialFinished
2018-04-12T09:15:29.7285773Z	TrialController	Event SpecificTrialFinished
2018-04-12T09:15:29.7379142Z	TrialController	Event SpecificTrialFinished
2018-04-12T09:15:29.7474292Z	TrialController	Event SpecificTrialFinished
2018-04-12T09:15:29.7564431Z	TrialController	Event SpecificTrialFinished
2018-04-12T09:15:29.7659576Z	TrialController	Event SpecificTrialFinished
2018-04-12T09:15:29.7750742Z	TrialController	Event SpecificTrialFinished
2018-04-12T09:15:29.7845787Z	TrialController	Event SpecificTrialFinished
2018-04-12T09:15:29.7941057Z	TrialController	Event SpecificTrialFinished
2018-04-12T09:15:29.8036179Z	TrialController	Event SpecificTrialFinished
2018-04-12T09:15:29.8141408Z	TrialController	Event SpecificTrialFinished
2018-04-12T09:15:29.8236536Z	TrialController	Event SpecificTrialFinished
2018-04-12T09:15:29.8341565Z	TrialController	Event SpecificTrialFinished
2018-04-12T09:15:29.8446708Z	TrialController	Event SpecificTrialFinished
2018-04-12T09:15:29.8546860Z	TrialController	Event SpecificTrialFinished
2018-04-12T09:15:29.8647019Z	TrialController	Event SpecificTrialFinished
2018-04-12T09:15:29.8742287Z	TrialController	Event SpecificTrialFinished
2018-04-12T09:15:29.8842415Z	TrialController	Event SpecificTrialFinished
2018-04-12T09:15:29.8937566Z	TrialController	Event SpecificTrialFinished
2018-04-12T09:15:29.9032708Z	TrialController	Event SpecificTrialFinished
2018-04-12T09:15:29.9132768Z	TrialController	Event SpecificTrialFinished
2018-04-12T09:15:29.9242934Z	TrialController	Event SpecificTrialFinished
2018-04-12T09:15:29.9343230Z	TrialController	Event SpecificTrialFinished
2018-04-12T09:15:29.9443248Z	TrialController	Event SpecificTrialFinished
2018-04-12T09:15:29.9538490Z	TrialController	Event SpecificTrialFinished
2018-04-12T09:15:29.9638646Z	TrialController	Event SpecificTrialFinished
2018-04-12T09:15:29.9733800Z	TrialController	Event SpecificTrialFinished
2018-04-12T09:15:29.9833957Z	TrialController	Event SpecificTrialFinished
2018-04-12T09:15:29.9934102Z	TrialController	Event SpecificTrialFinished
2018-04-12T09:15:30.0034273Z	TrialController	Event SpecificTrialFinished
2018-04-12T09:15:30.0129296Z	TrialController	Event SpecificTrialFinished
2018-04-12T09:15:30.0219437Z	TrialController	Event SpecificTrialFinished
2018-04-12T09:15:30.0314736Z	TrialController	Event SpecificTrialFinished
2018-04-12T09:15:30.0409741Z	TrialController	Event SpecificTrialFinished
2018-04-12T09:15:30.0505028Z	TrialController	Event SpecificTrialFinished
2018-04-12T09:15:30.0600019Z	TrialController	Event SpecificTrialFinished
2018-04-12T09:15:30.0695179Z	TrialController	Event SpecificTrialFinished
2018-04-12T09:15:30.0795318Z	TrialController	Event SpecificTrialFinished
2018-04-12T09:15:30.0940643Z	TrialController	Event SpecificTrialFinished
2018-04-12T09:15:30.1035796Z	TrialController	Event SpecificTrialFinished
2018-04-12T09:15:30.1125929Z	TrialController	Event SpecificTrialFinished
2018-04-12T09:15:30.1230998Z	TrialController	Event SpecificTrialFinished
2018-04-12T09:15:30.1331144Z	TrialController	Event SpecificTrialFinished
2018-04-12T09:15:30.1431372Z	TrialController	Event SpecificTrialFinished
2018-04-12T09:15:30.1526445Z	TrialController	Event SpecificTrialFinished
2018-04-12T09:15:30.1621596Z	TrialController	Event SpecificTrialFinished
2018-04-12T09:15:30.1721847Z	TrialController	Event SpecificTrialFinished
2018-04-12T09:15:30.1816994Z	TrialController	Event SpecificTrialFinished
2018-04-12T09:15:30.1912137Z	TrialController	Event SpecificTrialFinished
2018-04-12T09:15:30.2002275Z	TrialController	Event SpecificTrialFinished
2018-04-12T09:15:30.2102432Z	TrialController	Event SpecificTrialFinished
2018-04-12T09:15:30.2197577Z	TrialController	Event SpecificTrialFinished
2018-04-12T09:15:30.2292725Z	TrialController	Event SpecificTrialFinished
2018-04-12T09:15:30.2392879Z	TrialController	Event SpecificTrialFinished
2018-04-12T09:15:30.2488083Z	TrialController	Event SpecificTrialFinished
2018-04-12T09:15:30.2578062Z	TrialController	Event SpecificTrialFinished
2018-04-12T09:15:30.2673213Z	TrialController	Event SpecificTrialFinished
2018-04-12T09:15:30.2768355Z	TrialController	Event SpecificTrialFinished
2018-04-12T09:15:30.2858585Z	TrialController	Event SpecificTrialFinished
2018-04-12T09:15:30.2958753Z	TrialController	Event SpecificTrialFinished
2018-04-12T09:15:30.3053793Z	TrialController	Event SpecificTrialFinished
2018-04-12T09:15:30.3148937Z	TrialController	Event SpecificTrialFinished
2018-04-12T09:15:30.3244179Z	TrialController	Event SpecificTrialFinished
2018-04-12T09:15:30.3344242Z	TrialController	Event SpecificTrialFinished
2018-04-12T09:15:30.3439387Z	TrialController	Event SpecificTrialFinished
2018-04-12T09:15:30.3529625Z	TrialController	Event SpecificTrialFinished
2018-04-12T09:15:30.3629776Z	TrialController	Event SpecificTrialFinished
2018-04-12T09:15:30.3724927Z	TrialController	Event SpecificTrialFinished
2018-04-12T09:15:30.3820072Z	TrialController	Event SpecificTrialFinished
2018-04-12T09:15:30.3910207Z	TrialController	Event SpecificTrialFinished
2018-04-12T09:15:30.4000346Z	TrialController	Event SpecificTrialFinished
2018-04-12T09:15:30.4095494Z	TrialController	Event SpecificTrialFinished
2018-04-12T09:15:30.4190641Z	TrialController	Event SpecificTrialFinished
2018-04-12T09:15:30.4285784Z	TrialController	Event SpecificTrialFinished
2018-04-12T09:15:30.4385969Z	TrialController	Event SpecificTrialFinished
2018-04-12T09:15:30.4485995Z	TrialController	Event SpecificTrialFinished
2018-04-12T09:15:30.4586154Z	TrialController	Event SpecificTrialFinished
2018-04-12T09:15:30.4686311Z	TrialController	Event SpecificTrialFinished
2018-04-12T09:15:30.4776584Z	TrialController	Event SpecificTrialFinished
2018-04-12T09:15:30.4871592Z	TrialController	Event SpecificTrialFinished
2018-04-12T09:15:30.4961850Z	TrialController	Event SpecificTrialFinished
2018-04-12T09:15:30.5056992Z	TrialController	Event SpecificTrialFinished
2018-04-12T09:15:30.5152120Z	TrialController	Event SpecificTrialFinished
2018-04-12T09:15:30.5252274Z	TrialController	Event SpecificTrialFinished
2018-04-12T09:15:30.5347419Z	TrialController	Event SpecificTrialFinished
2018-04-12T09:15:30.5442567Z	TrialController	Event SpecificTrialFinished
2018-04-12T09:15:30.5537620Z	TrialController	Event SpecificTrialFinished
2018-04-12T09:15:30.5632771Z	TrialController	Event SpecificTrialFinished
2018-04-12T09:15:30.5722904Z	TrialController	Event SpecificTrialFinished
2018-04-12T09:15:30.5818052Z	TrialController	Event SpecificTrialFinished
2018-04-12T09:15:30.5933227Z	TrialController	Event SpecificTrialFinished
2018-04-12T09:15:30.6028381Z	TrialController	Event SpecificTrialFinished
2018-04-12T09:15:30.6128535Z	TrialController	Event SpecificTrialFinished
2018-04-12T09:15:30.6223665Z	TrialController	Event SpecificTrialFinished
2018-04-12T09:15:30.6318819Z	TrialController	Event SpecificTrialFinished
2018-04-12T09:15:30.6424124Z	TrialController	Event SpecificTrialFinished
2018-04-12T09:15:30.6514240Z	TrialController	Event SpecificTrialFinished
2018-04-12T09:15:30.6614272Z	TrialController	Event SpecificTrialFinished
2018-04-12T09:15:30.6709516Z	TrialController	Event SpecificTrialFinished
2018-04-12T09:15:30.6804664Z	TrialController	Event SpecificTrialFinished
2018-04-12T09:15:30.6899831Z	TrialController	Event SpecificTrialFinished
2018-04-12T09:15:30.6989967Z	TrialController	Event SpecificTrialFinished
2018-04-12T09:15:30.7080080Z	TrialController	Event SpecificTrialFinished
2018-04-12T09:15:30.7180143Z	TrialController	Event SpecificTrialFinished
2018-04-12T09:15:30.7275433Z	TrialController	Event SpecificTrialFinished
2018-04-12T09:15:30.7365526Z	TrialController	Event SpecificTrialFinished
2018-04-12T09:15:30.7465578Z	TrialController	Event SpecificTrialFinished
2018-04-12T09:15:30.7555842Z	TrialController	Event SpecificTrialFinished
2018-04-12T09:15:30.7645872Z	TrialController	Event SpecificTrialFinished
2018-04-12T09:15:30.7746012Z	TrialController	Event SpecificTrialFinished
2018-04-12T09:15:30.7836148Z	TrialController	Event SpecificTrialFinished
2018-04-12T09:15:30.7941314Z	TrialController	Event SpecificTrialFinished
2018-04-12T09:15:30.8031575Z	TrialController	Event SpecificTrialFinished
2018-04-12T09:15:30.8132098Z	TrialController	Event SpecificTrialFinished
2018-04-12T09:15:30.8222237Z	TrialController	Event SpecificTrialFinished
2018-04-12T09:15:30.8322391Z	TrialController	Event SpecificTrialFinished
2018-04-12T09:15:30.8412533Z	TrialController	Event SpecificTrialFinished
2018-04-12T09:15:30.8502668Z	TrialController	Event SpecificTrialFinished
2018-04-12T09:15:30.8592813Z	TrialController	Event SpecificTrialFinished
2018-04-12T09:15:30.8682852Z	TrialController	Event SpecificTrialFinished
2018-04-12T09:15:30.8777996Z	TrialController	Event SpecificTrialFinished
2018-04-12T09:15:30.8868240Z	TrialController	Event SpecificTrialFinished
2018-04-12T09:15:30.8963280Z	TrialController	Event SpecificTrialFinished
2018-04-12T09:15:30.9053515Z	TrialController	Event SpecificTrialFinished
2018-04-12T09:15:30.9148669Z	TrialController	Event SpecificTrialFinished
2018-04-12T09:15:30.9243805Z	TrialController	Event SpecificTrialFinished
2018-04-12T09:15:30.9333952Z	TrialController	Event SpecificTrialFinished
2018-04-12T09:15:30.9424085Z	TrialController	Event SpecificTrialFinished
2018-04-12T09:15:30.9519239Z	TrialController	Event SpecificTrialFinished
2018-04-12T09:15:30.9614381Z	TrialController	Event SpecificTrialFinished
2018-04-12T09:15:30.9714808Z	TrialController	Event SpecificTrialFinished
2018-04-12T09:15:30.9804898Z	TrialController	Event SpecificTrialFinished
2018-04-12T09:15:30.9900123Z	TrialController	Event SpecificTrialFinished
2018-04-12T09:15:31.0045265Z	TrialController	Event SpecificTrialFinished
2018-04-12T09:15:31.0140413Z	TrialController	Event SpecificTrialFinished
2018-04-12T09:15:31.0230574Z	TrialController	Event SpecificTrialFinished
2018-04-12T09:15:31.0325696Z	TrialController	Event SpecificTrialFinished
2018-04-12T09:15:31.0415832Z	TrialController	Event SpecificTrialFinished
2018-04-12T09:15:31.0515989Z	TrialController	Event SpecificTrialFinished
2018-04-12T09:15:31.0611142Z	TrialController	Event SpecificTrialFinished
2018-04-12T09:15:31.0701289Z	TrialController	Event SpecificTrialFinished
2018-04-12T09:15:31.0801571Z	TrialController	Event SpecificTrialFinished
2018-04-12T09:15:31.0896477Z	TrialController	Event SpecificTrialFinished
2018-04-12T09:15:31.0991622Z	TrialController	Event SpecificTrialFinished
2018-04-12T09:15:31.1081772Z	TrialController	Event SpecificTrialFinished
2018-04-12T09:15:31.1177011Z	TrialController	Event SpecificTrialFinished
2018-04-12T09:15:31.1292095Z	TrialController	Event SpecificTrialFinished
2018-04-12T09:15:31.1382228Z	TrialController	Event SpecificTrialFinished
2018-04-12T09:15:31.1477376Z	TrialController	Event SpecificTrialFinished
2018-04-12T09:15:31.1572521Z	TrialController	Event SpecificTrialFinished
2018-04-12T09:15:31.1662662Z	TrialController	Event SpecificTrialFinished
2018-04-12T09:15:31.1757807Z	TrialController	Event SpecificTrialFinished
2018-04-12T09:15:31.1847946Z	TrialController	Event SpecificTrialFinished
2018-04-12T09:15:31.1938084Z	TrialController	Event SpecificTrialFinished
2018-04-12T09:15:31.2028223Z	TrialController	Event SpecificTrialFinished
2018-04-12T09:15:31.2118362Z	TrialController	Event SpecificTrialFinished
2018-04-12T09:15:31.2218521Z	TrialController	Event SpecificTrialFinished
2018-04-12T09:15:31.2308660Z	TrialController	Event SpecificTrialFinished
2018-04-12T09:15:31.2398793Z	TrialController	Event SpecificTrialFinished
2018-04-12T09:15:31.2488931Z	TrialController	Event SpecificTrialFinished
2018-04-12T09:15:31.2584201Z	TrialController	Event SpecificTrialFinished
2018-04-12T09:15:31.2679341Z	TrialController	Event SpecificTrialFinished
2018-04-12T09:15:31.2784495Z	TrialController	Event SpecificTrialFinished
2018-04-12T09:15:31.2889675Z	TrialController	Event SpecificTrialFinished
2018-04-12T09:15:31.2984812Z	TrialController	Event SpecificTrialFinished
2018-04-12T09:15:31.3071988Z	TrialController	Event SpecificTrialFinished
2018-04-12T09:15:31.3167192Z	TrialController	Event SpecificTrialFinished
2018-04-12T09:15:31.3257391Z	TrialController	Event SpecificTrialFinished
2018-04-12T09:15:31.3342574Z	TrialController	Event SpecificTrialFinished
2018-04-12T09:15:31.3432662Z	TrialController	Event SpecificTrialFinished
2018-04-12T09:15:31.3527693Z	TrialController	Event SpecificTrialFinished
2018-04-12T09:15:31.3627835Z	TrialController	Event SpecificTrialFinished
2018-04-12T09:15:31.3723085Z	TrialController	Event SpecificTrialFinished
2018-04-12T09:15:31.3813116Z	TrialController	Event SpecificTrialFinished
2018-04-12T09:15:31.3908264Z	TrialController	Event SpecificTrialFinished
2018-04-12T09:15:31.3998499Z	TrialController	Event SpecificTrialFinished
2018-04-12T09:15:31.4088544Z	TrialController	Event SpecificTrialFinished
2018-04-12T09:15:31.4178805Z	TrialController	Event SpecificTrialFinished
2018-04-12T09:15:31.4268920Z	TrialController	Event SpecificTrialFinished
2018-04-12T09:15:31.4359059Z	TrialController	Event SpecificTrialFinished
2018-04-12T09:15:31.4449200Z	TrialController	Event SpecificTrialFinished
2018-04-12T09:15:31.4539336Z	TrialController	Event SpecificTrialFinished
2018-04-12T09:15:31.4629469Z	TrialController	Event SpecificTrialFinished
2018-04-12T09:15:31.4719613Z	TrialController	Event SpecificTrialFinished
2018-04-12T09:15:31.4809749Z	TrialController	Event SpecificTrialFinished
2018-04-12T09:15:31.4899859Z	TrialController	Event SpecificTrialFinished
2018-04-12T09:15:31.4989935Z	TrialController	Event SpecificTrialFinished
2018-04-12T09:15:31.5075068Z	TrialController	Event SpecificTrialFinished
2018-04-12T09:15:31.5165286Z	TrialController	Event SpecificTrialFinished
2018-04-12T09:15:31.5255345Z	TrialController	Event SpecificTrialFinished
2018-04-12T09:15:31.5345472Z	TrialController	Event SpecificTrialFinished
2018-04-12T09:15:31.5430604Z	TrialController	Event SpecificTrialFinished
2018-04-12T09:15:31.5520746Z	TrialController	Event SpecificTrialFinished
2018-04-12T09:15:31.5610882Z	TrialController	Event SpecificTrialFinished
2018-04-12T09:15:31.5701199Z	TrialController	Event SpecificTrialFinished
2018-04-12T09:15:31.5786153Z	TrialController	Event SpecificTrialFinished
2018-04-12T09:15:31.5876291Z	TrialController	Event SpecificTrialFinished
2018-04-12T09:15:31.5966430Z	TrialController	Event SpecificTrialFinished
2018-04-12T09:15:31.6056568Z	TrialController	Event SpecificTrialFinished
2018-04-12T09:15:31.6141698Z	TrialController	Event SpecificTrialFinished
2018-04-12T09:15:31.6231836Z	TrialController	Event SpecificTrialFinished
2018-04-12T09:15:31.6326984Z	TrialController	Event SpecificTrialFinished
2018-04-12T09:15:31.6417126Z	TrialController	Event SpecificTrialFinished
2018-04-12T09:15:31.6507261Z	TrialController	Event SpecificTrialFinished
2018-04-12T09:15:31.6602409Z	TrialController	Event SpecificTrialFinished
2018-04-12T09:15:31.6692545Z	TrialController	Event SpecificTrialFinished
2018-04-12T09:15:31.6782760Z	TrialController	Event SpecificTrialFinished
2018-04-12T09:15:31.6872831Z	TrialController	Event SpecificTrialFinished
2018-04-12T09:15:31.6962969Z	TrialController	Event SpecificTrialFinished
2018-04-12T09:15:31.7053099Z	TrialController	Event SpecificTrialFinished
2018-04-12T09:15:31.7138232Z	TrialController	Event SpecificTrialFinished
2018-04-12T09:15:31.7228384Z	TrialController	Event SpecificTrialFinished
2018-04-12T09:15:31.7318523Z	TrialController	Event SpecificTrialFinished
2018-04-12T09:15:31.7408662Z	TrialController	Event SpecificTrialFinished
2018-04-12T09:15:31.7498797Z	TrialController	Event SpecificTrialFinished
2018-04-12T09:15:31.7588939Z	TrialController	Event SpecificTrialFinished
2018-04-12T09:15:31.7674068Z	TrialController	Event SpecificTrialFinished
2018-04-12T09:15:31.7764207Z	TrialController	Event SpecificTrialFinished
2018-04-12T09:15:31.7854434Z	TrialController	Event SpecificTrialFinished
2018-04-12T09:15:31.7939566Z	TrialController	Event SpecificTrialFinished
2018-04-12T09:15:31.8034734Z	TrialController	Event SpecificTrialFinished
2018-04-12T09:15:31.8124869Z	TrialController	Event SpecificTrialFinished
2018-04-12T09:15:31.8214985Z	TrialController	Event SpecificTrialFinished
2018-04-12T09:15:31.8310187Z	TrialController	Event SpecificTrialFinished
2018-04-12T09:15:31.8400269Z	TrialController	Event SpecificTrialFinished
2018-04-12T09:15:31.8480392Z	TrialController	Event SpecificTrialFinished
2018-04-12T09:15:31.8565524Z	TrialController	Event SpecificTrialFinished
2018-04-12T09:15:31.8660723Z	TrialController	Event SpecificTrialFinished
2018-04-12T09:15:31.8805897Z	TrialController	Event SpecificTrialFinished
2018-04-12T09:15:31.8896084Z	TrialController	Event SpecificTrialFinished
2018-04-12T09:15:31.8996090Z	TrialController	Event SpecificTrialFinished
2018-04-12T09:15:31.9086325Z	TrialController	Event SpecificTrialFinished
2018-04-12T09:15:31.9176464Z	TrialController	Event SpecificTrialFinished
2018-04-12T09:15:31.9271606Z	TrialController	Event SpecificTrialFinished
2018-04-12T09:15:31.9361747Z	TrialController	Event SpecificTrialFinished
2018-04-12T09:15:31.9451891Z	TrialController	Event SpecificTrialFinished
2018-04-12T09:15:31.9561956Z	TrialController	Event SpecificTrialFinished
2018-04-12T09:15:31.9647085Z	TrialController	Event SpecificTrialFinished
2018-04-12T09:15:31.9737224Z	TrialController	Event SpecificTrialFinished
2018-04-12T09:15:31.9827365Z	TrialController	Event SpecificTrialFinished
2018-04-12T09:15:31.9912492Z	TrialController	Event SpecificTrialFinished
2018-04-12T09:15:32.0002633Z	TrialController	Event SpecificTrialFinished
2018-04-12T09:15:32.0092769Z	TrialController	Event SpecificTrialFinished
2018-04-12T09:15:32.0187917Z	TrialController	Event SpecificTrialFinished
2018-04-12T09:15:32.0273046Z	TrialController	Event SpecificTrialFinished
2018-04-12T09:15:32.0368197Z	TrialController	Event SpecificTrialFinished
2018-04-12T09:15:32.0453323Z	TrialController	Event SpecificTrialFinished
2018-04-12T09:15:32.0548471Z	TrialController	Event SpecificTrialFinished
2018-04-12T09:15:32.0638610Z	TrialController	Event SpecificTrialFinished
2018-04-12T09:15:32.0728748Z	TrialController	Event SpecificTrialFinished
2018-04-12T09:15:32.0818887Z	TrialController	Event SpecificTrialFinished
2018-04-12T09:15:32.0909025Z	TrialController	Event SpecificTrialFinished
2018-04-12T09:15:32.1009179Z	TrialController	Event SpecificTrialFinished
2018-04-12T09:15:32.1094309Z	TrialController	Event SpecificTrialFinished
2018-04-12T09:15:32.1189460Z	TrialController	Event SpecificTrialFinished
2018-04-12T09:15:32.1314656Z	TrialController	Event SpecificTrialFinished
2018-04-12T09:15:32.1409801Z	TrialController	Event SpecificTrialFinished
2018-04-12T09:15:32.1499937Z	TrialController	Event SpecificTrialFinished
2018-04-12T09:15:32.1585069Z	TrialController	Event SpecificTrialFinished
2018-04-12T09:15:32.1675208Z	TrialController	Event SpecificTrialFinished
2018-04-12T09:15:32.1770358Z	TrialController	Event SpecificTrialFinished
2018-04-12T09:15:32.1860594Z	TrialController	Event SpecificTrialFinished
2018-04-12T09:15:32.1950732Z	TrialController	Event SpecificTrialFinished
2018-04-12T09:15:32.2035859Z	TrialController	Event SpecificTrialFinished
2018-04-12T09:15:32.2125998Z	TrialController	Event SpecificTrialFinished
2018-04-12T09:15:32.2216136Z	TrialController	Event SpecificTrialFinished
2018-04-12T09:15:32.2306175Z	TrialController	Event SpecificTrialFinished
2018-04-12T09:15:32.2396328Z	TrialController	Event SpecificTrialFinished
2018-04-12T09:15:32.2481455Z	TrialController	Event SpecificTrialFinished
2018-04-12T09:15:32.2566698Z	TrialController	Event SpecificTrialFinished
2018-04-12T09:15:32.2656717Z	TrialController	Event SpecificTrialFinished
2018-04-12T09:15:32.2746861Z	TrialController	Event SpecificTrialFinished
2018-04-12T09:15:32.2836994Z	TrialController	Event SpecificTrialFinished
2018-04-12T09:15:32.2927136Z	TrialController	Event SpecificTrialFinished
2018-04-12T09:15:32.3012262Z	TrialController	Event SpecificTrialFinished
2018-04-12T09:15:32.3102503Z	TrialController	Event SpecificTrialFinished
2018-04-12T09:15:32.3187548Z	TrialController	Event SpecificTrialFinished
2018-04-12T09:15:32.3277678Z	TrialController	Event SpecificTrialFinished
2018-04-12T09:15:32.3368178Z	TrialController	Event SpecificTrialFinished
2018-04-12T09:15:32.3458453Z	TrialController	Event SpecificTrialFinished
2018-04-12T09:15:32.3548620Z	TrialController	Event SpecificTrialFinished
2018-04-12T09:15:32.3638582Z	TrialController	Event SpecificTrialFinished
2018-04-12T09:15:32.3723888Z	TrialController	Event SpecificTrialFinished
2018-04-12T09:15:32.3813950Z	TrialController	Event SpecificTrialFinished
2018-04-12T09:15:32.3903997Z	TrialController	Event SpecificTrialFinished
2018-04-12T09:15:32.3989243Z	TrialController	Event SpecificTrialFinished
2018-04-12T09:15:32.4079396Z	TrialController	Event SpecificTrialFinished
2018-04-12T09:15:32.4164512Z	TrialController	Event SpecificTrialFinished
2018-04-12T09:15:32.4259682Z	TrialController	Event SpecificTrialFinished
2018-04-12T09:15:32.4344763Z	TrialController	Event SpecificTrialFinished
2018-04-12T09:15:32.4434899Z	TrialController	Event SpecificTrialFinished
2018-04-12T09:15:32.4525043Z	TrialController	Event SpecificTrialFinished
2018-04-12T09:15:32.4610170Z	TrialController	Event SpecificTrialFinished
2018-04-12T09:15:32.4700308Z	TrialController	Event SpecificTrialFinished
2018-04-12T09:15:32.4785441Z	TrialController	Event SpecificTrialFinished
2018-04-12T09:15:32.4875485Z	TrialController	Event SpecificTrialFinished
2018-04-12T09:15:32.4960709Z	TrialController	Event SpecificTrialFinished
2018-04-12T09:15:32.5050762Z	TrialController	Event SpecificTrialFinished
2018-04-12T09:15:32.5136014Z	TrialController	Event SpecificTrialFinished
2018-04-12T09:15:32.5226022Z	TrialController	Event SpecificTrialFinished
2018-04-12T09:15:32.5316166Z	TrialController	Event SpecificTrialFinished
2018-04-12T09:15:32.5406398Z	TrialController	Event SpecificTrialFinished
2018-04-12T09:15:32.5491534Z	TrialController	Event SpecificTrialFinished
2018-04-12T09:15:32.5581669Z	TrialController	Event SpecificTrialFinished
2018-04-12T09:15:32.5666799Z	TrialController	Event SpecificTrialFinished
2018-04-12T09:15:32.5751928Z	TrialController	Event SpecificTrialFinished
2018-04-12T09:15:32.5837055Z	TrialController	Event SpecificTrialFinished
2018-04-12T09:15:32.5927196Z	TrialController	Event SpecificTrialFinished
2018-04-12T09:15:32.6012332Z	TrialController	Event SpecificTrialFinished
2018-04-12T09:15:32.6097373Z	TrialController	Event SpecificTrialFinished
2018-04-12T09:15:32.6187509Z	TrialController	Event SpecificTrialFinished
2018-04-12T09:15:32.6272629Z	TrialController	Event SpecificTrialFinished
2018-04-12T09:15:32.6357756Z	TrialController	Event SpecificTrialFinished
2018-04-12T09:15:32.6447900Z	TrialController	Event SpecificTrialFinished
2018-04-12T09:15:32.6538036Z	TrialController	Event SpecificTrialFinished
2018-04-12T09:15:32.6623268Z	TrialController	Event SpecificTrialFinished
2018-04-12T09:15:32.6708398Z	TrialController	Event SpecificTrialFinished
2018-04-12T09:15:32.6798437Z	TrialController	Event SpecificTrialFinished
2018-04-12T09:15:32.6883580Z	TrialController	Event SpecificTrialFinished
2018-04-12T09:15:32.6968829Z	TrialController	Event SpecificTrialFinished
2018-04-12T09:15:32.7058942Z	TrialController	Event SpecificTrialFinished
2018-04-12T09:15:32.7144072Z	TrialController	Event SpecificTrialFinished
2018-04-12T09:15:32.7239131Z	TrialController	Event SpecificTrialFinished
2018-04-12T09:15:32.7419528Z	TrialController	Event SpecificTrialFinished
2018-04-12T09:15:32.7529726Z	TrialController	Event SpecificTrialFinished
2018-04-12T09:15:32.7624726Z	TrialController	Event SpecificTrialFinished
2018-04-12T09:15:32.7709841Z	TrialController	Event SpecificTrialFinished
2018-04-12T09:15:32.7799977Z	TrialController	Event SpecificTrialFinished
2018-04-12T09:15:32.7890115Z	TrialController	Event SpecificTrialFinished
2018-04-12T09:15:32.7980254Z	TrialController	Event SpecificTrialFinished
2018-04-12T09:15:32.8070392Z	TrialController	Event SpecificTrialFinished
2018-04-12T09:15:32.8160685Z	TrialController	Event SpecificTrialFinished
2018-04-12T09:15:32.8250775Z	TrialController	Event SpecificTrialFinished
2018-04-12T09:15:32.8340808Z	TrialController	Event SpecificTrialFinished
2018-04-12T09:15:32.8425943Z	TrialController	Event SpecificTrialFinished
2018-04-12T09:15:32.8516079Z	TrialController	Event SpecificTrialFinished
2018-04-12T09:15:32.8601294Z	TrialController	Event SpecificTrialFinished
2018-04-12T09:15:32.8691361Z	TrialController	Event SpecificTrialFinished
2018-04-12T09:15:32.8781594Z	TrialController	Event SpecificTrialFinished
2018-04-12T09:15:32.8866721Z	TrialController	Event SpecificTrialFinished
2018-04-12T09:15:32.8951847Z	TrialController	Event SpecificTrialFinished
2018-04-12T09:15:32.9036977Z	TrialController	Event SpecificTrialFinished
2018-04-12T09:15:32.9122109Z	TrialController	Event SpecificTrialFinished
2018-04-12T09:15:32.9207247Z	TrialController	Event SpecificTrialFinished
2018-04-12T09:15:32.9292368Z	TrialController	Event SpecificTrialFinished
2018-04-12T09:15:32.9382415Z	TrialController	Event SpecificTrialFinished
2018-04-12T09:15:32.9467647Z	TrialController	Event SpecificTrialFinished
2018-04-12T09:15:32.9557684Z	TrialController	Event SpecificTrialFinished
2018-04-12T09:15:32.9642941Z	TrialController	Event SpecificTrialFinished
2018-04-12T09:15:32.9728068Z	TrialController	Event SpecificTrialFinished
2018-04-12T09:15:32.9813203Z	TrialController	Event SpecificTrialFinished
2018-04-12T09:15:32.9898298Z	TrialController	Event SpecificTrialFinished
2018-04-12T09:15:32.9978453Z	TrialController	Event SpecificTrialFinished
2018-04-12T09:15:33.0063460Z	TrialController	Event SpecificTrialFinished
2018-04-12T09:15:33.0148586Z	TrialController	Event SpecificTrialFinished
2018-04-12T09:15:33.0233719Z	TrialController	Event SpecificTrialFinished
2018-04-12T09:15:33.0319008Z	TrialController	Event SpecificTrialFinished
2018-04-12T09:15:33.0404080Z	TrialController	Event SpecificTrialFinished
2018-04-12T09:15:33.0494219Z	TrialController	Event SpecificTrialFinished
2018-04-12T09:15:33.0574345Z	TrialController	Event SpecificTrialFinished
2018-04-12T09:15:33.0659477Z	TrialController	Event SpecificTrialFinished
2018-04-12T09:15:33.0744604Z	TrialController	Event SpecificTrialFinished
2018-04-12T09:15:33.0829733Z	TrialController	Event SpecificTrialFinished
2018-04-12T09:15:33.0919787Z	TrialController	Event SpecificTrialFinished
2018-04-12T09:15:33.1005007Z	TrialController	Event SpecificTrialFinished
2018-04-12T09:15:33.1090131Z	TrialController	Event SpecificTrialFinished
2018-04-12T09:15:33.1175266Z	TrialController	Event SpecificTrialFinished
2018-04-12T09:15:33.1280330Z	TrialController	Event SpecificTrialFinished
2018-04-12T09:15:33.1370642Z	TrialController	Event SpecificTrialFinished
2018-04-12T09:15:33.1455723Z	TrialController	Event SpecificTrialFinished
2018-04-12T09:15:33.1535820Z	TrialController	Event SpecificTrialFinished
2018-04-12T09:15:33.1620950Z	TrialController	Event SpecificTrialFinished
2018-04-12T09:15:33.1701076Z	TrialController	Event SpecificTrialFinished
2018-04-12T09:15:33.1786205Z	TrialController	Event SpecificTrialFinished
2018-04-12T09:15:33.1866329Z	TrialController	Event SpecificTrialFinished
2018-04-12T09:15:33.1951361Z	TrialController	Event SpecificTrialFinished
2018-04-12T09:15:33.2031633Z	TrialController	Event SpecificTrialFinished
2018-04-12T09:15:33.2111927Z	TrialController	Event SpecificTrialFinished
2018-04-12T09:15:33.2197050Z	TrialController	Event SpecificTrialFinished
2018-04-12T09:15:33.2282197Z	TrialController	Event SpecificTrialFinished
2018-04-12T09:15:33.2362368Z	TrialController	Event SpecificTrialFinished
2018-04-12T09:15:33.2447492Z	TrialController	Event SpecificTrialFinished
2018-04-12T09:15:33.2532630Z	TrialController	Event SpecificTrialFinished
2018-04-12T09:15:33.2622612Z	TrialController	Event SpecificTrialFinished
2018-04-12T09:15:33.2702736Z	TrialController	Event SpecificTrialFinished
2018-04-12T09:15:33.2788036Z	TrialController	Event SpecificTrialFinished
2018-04-12T09:15:33.2873179Z	TrialController	Event SpecificTrialFinished
2018-04-12T09:15:33.2958229Z	TrialController	Event SpecificTrialFinished
2018-04-12T09:15:33.3043376Z	TrialController	Event SpecificTrialFinished
2018-04-12T09:15:33.3128537Z	TrialController	Event SpecificTrialFinished
2018-04-12T09:15:33.3213672Z	TrialController	Event SpecificTrialFinished
2018-04-12T09:15:33.3298759Z	TrialController	Event SpecificTrialFinished
2018-04-12T09:15:33.3383885Z	TrialController	Event SpecificTrialFinished
2018-04-12T09:15:33.3469012Z	TrialController	Event SpecificTrialFinished
2018-04-12T09:15:33.3549135Z	TrialController	Event SpecificTrialFinished
2018-04-12T09:15:33.3634265Z	TrialController	Event SpecificTrialFinished
2018-04-12T09:15:33.3719397Z	TrialController	Event SpecificTrialFinished
2018-04-12T09:15:33.3804529Z	TrialController	Event SpecificTrialFinished
2018-04-12T09:15:33.3884655Z	TrialController	Event SpecificTrialFinished
2018-04-12T09:15:33.3969779Z	TrialController	Event SpecificTrialFinished
2018-04-12T09:15:33.4054911Z	TrialController	Event SpecificTrialFinished
2018-04-12T09:15:33.4135037Z	TrialController	Event SpecificTrialFinished
2018-04-12T09:15:33.4220167Z	TrialController	Event SpecificTrialFinished
2018-04-12T09:15:33.4305296Z	TrialController	Event SpecificTrialFinished
2018-04-12T09:15:33.4385328Z	TrialController	Event SpecificTrialFinished
2018-04-12T09:15:33.4470546Z	TrialController	Event SpecificTrialFinished
2018-04-12T09:15:33.4555678Z	TrialController	Event SpecificTrialFinished
2018-04-12T09:15:33.4640814Z	TrialController	Event SpecificTrialFinished
2018-04-12T09:15:33.4725994Z	TrialController	Event SpecificTrialFinished
2018-04-12T09:15:33.4811075Z	TrialController	Event SpecificTrialFinished
2018-04-12T09:15:33.4891102Z	TrialController	Event SpecificTrialFinished
2018-04-12T09:15:33.4976354Z	TrialController	Event SpecificTrialFinished
2018-04-12T09:15:33.5061458Z	TrialController	Event SpecificTrialFinished
2018-04-12T09:15:33.5146587Z	TrialController	Event SpecificTrialFinished
2018-04-12T09:15:33.5226713Z	TrialController	Event SpecificTrialFinished
2018-04-12T09:15:33.5316852Z	TrialController	Event SpecificTrialFinished
2018-04-12T09:15:33.5396975Z	TrialController	Event SpecificTrialFinished
2018-04-12T09:15:33.5482110Z	TrialController	Event SpecificTrialFinished
2018-04-12T09:15:33.5562276Z	TrialController	Event SpecificTrialFinished
2018-04-12T09:15:33.5647258Z	TrialController	Event SpecificTrialFinished
2018-04-12T09:15:33.5732396Z	TrialController	Event SpecificTrialFinished
2018-04-12T09:15:33.5817653Z	TrialController	Event SpecificTrialFinished
2018-04-12T09:15:33.5902751Z	TrialController	Event SpecificTrialFinished
2018-04-12T09:15:33.5987884Z	TrialController	Event SpecificTrialFinished
2018-04-12T09:15:33.6118089Z	TrialController	Event SpecificTrialFinished
2018-04-12T09:15:33.6198264Z	TrialController	Event SpecificTrialFinished
2018-04-12T09:15:33.6283240Z	TrialController	Event SpecificTrialFinished
2018-04-12T09:15:33.6368469Z	TrialController	Event SpecificTrialFinished
2018-04-12T09:15:33.6448598Z	TrialController	Event SpecificTrialFinished
2018-04-12T09:15:33.6528712Z	TrialController	Event SpecificTrialFinished
2018-04-12T09:15:33.6613848Z	TrialController	Event SpecificTrialFinished
2018-04-12T09:15:33.6693968Z	TrialController	Event SpecificTrialFinished
2018-04-12T09:15:33.6784269Z	TrialController	Event SpecificTrialFinished
2018-04-12T09:15:33.6864514Z	TrialController	Event SpecificTrialFinished
2018-04-12T09:15:33.6949638Z	TrialController	Event SpecificTrialFinished
2018-04-12T09:15:33.7034779Z	TrialController	Event SpecificTrialFinished
2018-04-12T09:15:33.7119880Z	TrialController	Event SpecificTrialFinished
2018-04-12T09:15:33.7205024Z	TrialController	Event SpecificTrialFinished
2018-04-12T09:15:33.7285138Z	TrialController	Event SpecificTrialFinished
2018-04-12T09:15:33.7365162Z	TrialController	Event SpecificTrialFinished
2018-04-12T09:15:33.7450385Z	TrialController	Event SpecificTrialFinished
2018-04-12T09:15:33.7525502Z	TrialController	Event SpecificTrialFinished
2018-04-12T09:15:33.7605645Z	TrialController	Event SpecificTrialFinished
2018-04-12T09:15:33.7690761Z	TrialController	Event SpecificTrialFinished
2018-04-12T09:15:33.7770878Z	TrialController	Event SpecificTrialFinished
2018-04-12T09:15:33.7856022Z	TrialController	Event SpecificTrialFinished
2018-04-12T09:15:33.7941146Z	TrialController	Event SpecificTrialFinished
2018-04-12T09:15:33.8021263Z	TrialController	Event SpecificTrialFinished
2018-04-12T09:15:33.8106450Z	TrialController	Event SpecificTrialFinished
2018-04-12T09:15:33.8191579Z	TrialController	Event SpecificTrialFinished
2018-04-12T09:15:33.8286678Z	TrialController	Event SpecificTrialFinished
2018-04-12T09:15:33.8376723Z	TrialController	Event SpecificTrialFinished
2018-04-12T09:15:33.8456852Z	TrialController	Event SpecificTrialFinished
2018-04-12T09:15:33.8542118Z	TrialController	Event SpecificTrialFinished
2018-04-12T09:15:33.8627199Z	TrialController	Event SpecificTrialFinished
2018-04-12T09:15:33.8712380Z	TrialController	Event SpecificTrialFinished
2018-04-12T09:15:33.8797361Z	TrialController	Event SpecificTrialFinished
2018-04-12T09:15:33.8882622Z	TrialController	Event SpecificTrialFinished
2018-04-12T09:15:33.8962788Z	TrialController	Event SpecificTrialFinished
2018-04-12T09:15:33.9047917Z	TrialController	Event SpecificTrialFinished
2018-04-12T09:15:33.9133024Z	TrialController	Event SpecificTrialFinished
2018-04-12T09:15:33.9213099Z	TrialController	Event SpecificTrialFinished
2018-04-12T09:15:33.9298231Z	TrialController	Event SpecificTrialFinished
2018-04-12T09:15:33.9378357Z	TrialController	Event SpecificTrialFinished
2018-04-12T09:15:33.9463532Z	TrialController	Event SpecificTrialFinished
2018-04-12T09:15:33.9543513Z	TrialController	Event SpecificTrialFinished
2018-04-12T09:15:33.9623727Z	TrialController	Event SpecificTrialFinished
2018-04-12T09:15:33.9703850Z	TrialController	Event SpecificTrialFinished
2018-04-12T09:15:33.9788983Z	TrialController	Event SpecificTrialFinished
2018-04-12T09:15:33.9869106Z	TrialController	Event SpecificTrialFinished
2018-04-12T09:15:33.9949235Z	TrialController	Event SpecificTrialFinished
2018-04-12T09:15:34.0029355Z	TrialController	Event SpecificTrialFinished
2018-04-12T09:15:34.0109484Z	TrialController	Event SpecificTrialFinished
2018-04-12T09:15:34.0189510Z	TrialController	Event SpecificTrialFinished
2018-04-12T09:15:34.0274631Z	TrialController	Event SpecificTrialFinished
2018-04-12T09:15:34.0359912Z	TrialController	Event SpecificTrialFinished
2018-04-12T09:15:34.0439884Z	TrialController	Event SpecificTrialFinished
2018-04-12T09:15:34.0520115Z	TrialController	Event SpecificTrialFinished
2018-04-12T09:15:34.0600230Z	TrialController	Event SpecificTrialFinished
2018-04-12T09:15:34.0680356Z	TrialController	Event SpecificTrialFinished
2018-04-12T09:15:34.0760479Z	TrialController	Event SpecificTrialFinished
2018-04-12T09:15:34.0840603Z	TrialController	Event SpecificTrialFinished
2018-04-12T09:15:34.0925735Z	TrialController	Event SpecificTrialFinished
2018-04-12T09:15:34.1005855Z	TrialController	Event SpecificTrialFinished
2018-04-12T09:15:34.1090990Z	TrialController	Event SpecificTrialFinished
2018-04-12T09:15:34.1171168Z	TrialController	Event SpecificTrialFinished
2018-04-12T09:15:34.1271168Z	TrialController	Event SpecificTrialFinished
2018-04-12T09:15:34.1361429Z	TrialController	Event SpecificTrialFinished
2018-04-12T09:15:34.1441549Z	TrialController	Event SpecificTrialFinished
2018-04-12T09:15:34.1521673Z	TrialController	Event SpecificTrialFinished
2018-04-12T09:15:34.1601895Z	TrialController	Event SpecificTrialFinished
2018-04-12T09:15:34.1681893Z	TrialController	Event SpecificTrialFinished
2018-04-12T09:15:34.1767026Z	TrialController	Event SpecificTrialFinished
2018-04-12T09:15:34.1847052Z	TrialController	Event SpecificTrialFinished
2018-04-12T09:15:34.1927175Z	TrialController	Event SpecificTrialFinished
2018-04-12T09:15:34.2007427Z	TrialController	Event SpecificTrialFinished
2018-04-12T09:15:34.2087550Z	TrialController	Event SpecificTrialFinished
2018-04-12T09:15:34.2167664Z	TrialController	Event SpecificTrialFinished
2018-04-12T09:15:34.2247665Z	TrialController	Event SpecificTrialFinished
2018-04-12T09:15:34.2332897Z	TrialController	Event SpecificTrialFinished
2018-04-12T09:15:34.2413015Z	TrialController	Event SpecificTrialFinished
2018-04-12T09:15:34.2493146Z	TrialController	Event SpecificTrialFinished
2018-04-12T09:15:34.2573264Z	TrialController	Event SpecificTrialFinished
2018-04-12T09:15:34.2653390Z	TrialController	Event SpecificTrialFinished
2018-04-12T09:15:34.2733510Z	TrialController	Event SpecificTrialFinished
2018-04-12T09:15:34.2813764Z	TrialController	Event SpecificTrialFinished
2018-04-12T09:15:34.2893674Z	TrialController	Event SpecificTrialFinished
2018-04-12T09:15:34.2973883Z	TrialController	Event SpecificTrialFinished
2018-04-12T09:15:34.3054000Z	TrialController	Event SpecificTrialFinished
2018-04-12T09:15:34.3134129Z	TrialController	Event SpecificTrialFinished
2018-04-12T09:15:34.3214250Z	TrialController	Event SpecificTrialFinished
2018-04-12T09:15:34.3294373Z	TrialController	Event SpecificTrialFinished
2018-04-12T09:15:34.3374496Z	TrialController	Event SpecificTrialFinished
2018-04-12T09:15:34.3454625Z	TrialController	Event SpecificTrialFinished
2018-04-12T09:15:34.3534740Z	TrialController	Event SpecificTrialFinished
2018-04-12T09:15:34.3614922Z	TrialController	Event SpecificTrialFinished
2018-04-12T09:15:34.3694994Z	TrialController	Event SpecificTrialFinished
2018-04-12T09:15:34.3775112Z	TrialController	Event SpecificTrialFinished
2018-04-12T09:15:34.3855235Z	TrialController	Event SpecificTrialFinished
2018-04-12T09:15:34.3935361Z	TrialController	Event SpecificTrialFinished
2018-04-12T09:15:34.4015482Z	TrialController	Event SpecificTrialFinished
2018-04-12T09:15:34.4095605Z	TrialController	Event SpecificTrialFinished
2018-04-12T09:15:34.4170722Z	TrialController	Event SpecificTrialFinished
2018-04-12T09:15:34.4250842Z	TrialController	Event SpecificTrialFinished
2018-04-12T09:15:34.4336026Z	TrialController	Event SpecificTrialFinished
2018-04-12T09:15:34.4416055Z	TrialController	Event SpecificTrialFinished
2018-04-12T09:15:34.4546323Z	TrialController	Event SpecificTrialFinished
2018-04-12T09:15:34.4626421Z	TrialController	Event SpecificTrialFinished
2018-04-12T09:15:34.4706593Z	TrialController	Event SpecificTrialFinished
2018-04-12T09:15:34.4791577Z	TrialController	Event SpecificTrialFinished
2018-04-12T09:15:34.4876715Z	TrialController	Event SpecificTrialFinished
2018-04-12T09:15:34.4956830Z	TrialController	Event SpecificTrialFinished
2018-04-12T09:15:34.5036958Z	TrialController	Event SpecificTrialFinished
2018-04-12T09:15:34.5117207Z	TrialController	Event SpecificTrialFinished
2018-04-12T09:15:34.5192315Z	TrialController	Event SpecificTrialFinished
2018-04-12T09:15:34.5277448Z	TrialController	Event SpecificTrialFinished
2018-04-12T09:15:34.5357548Z	TrialController	Event SpecificTrialFinished
2018-04-12T09:15:34.5437666Z	TrialController	Event SpecificTrialFinished
2018-04-12T09:15:34.5517792Z	TrialController	Event SpecificTrialFinished
2018-04-12T09:15:34.5592815Z	TrialController	Event SpecificTrialFinished
2018-04-12T09:15:34.5673032Z	TrialController	Event SpecificTrialFinished
2018-04-12T09:15:34.5753161Z	TrialController	Event SpecificTrialFinished
2018-04-12T09:15:34.5838282Z	TrialController	Event SpecificTrialFinished
2018-04-12T09:15:34.5918408Z	TrialController	Event SpecificTrialFinished
2018-04-12T09:15:34.5999074Z	TrialController	Event SpecificTrialFinished
2018-04-12T09:15:34.6079195Z	TrialController	Event SpecificTrialFinished
2018-04-12T09:15:34.6159315Z	TrialController	Event SpecificTrialFinished
2018-04-12T09:15:34.6244447Z	TrialController	Event SpecificTrialFinished
2018-04-12T09:15:34.6324551Z	TrialController	Event SpecificTrialFinished
2018-04-12T09:15:34.6404748Z	TrialController	Event SpecificTrialFinished
2018-04-12T09:15:34.6484817Z	TrialController	Event SpecificTrialFinished
2018-04-12T09:15:34.6564940Z	TrialController	Event SpecificTrialFinished
2018-04-12T09:15:34.6645061Z	TrialController	Event SpecificTrialFinished
2018-04-12T09:15:34.6730193Z	TrialController	Event SpecificTrialFinished
2018-04-12T09:15:34.6815328Z	TrialController	Event SpecificTrialFinished
2018-04-12T09:15:34.6895676Z	TrialController	Event SpecificTrialFinished
2018-04-12T09:15:34.6975799Z	TrialController	Event SpecificTrialFinished
2018-04-12T09:15:34.7055923Z	TrialController	Event SpecificTrialFinished
2018-04-12T09:15:34.7141055Z	TrialController	Event SpecificTrialFinished
2018-04-12T09:15:34.7216169Z	TrialController	Event SpecificTrialFinished
2018-04-12T09:15:34.7296292Z	TrialController	Event SpecificTrialFinished
2018-04-12T09:15:34.7376415Z	TrialController	Event SpecificTrialFinished
2018-04-12T09:15:34.7456539Z	TrialController	Event SpecificTrialFinished
2018-04-12T09:15:34.7536662Z	TrialController	Event SpecificTrialFinished
2018-04-12T09:15:34.7616785Z	TrialController	Event SpecificTrialFinished
2018-04-12T09:15:34.7691899Z	TrialController	Event SpecificTrialFinished
2018-04-12T09:15:34.7772022Z	TrialController	Event SpecificTrialFinished
2018-04-12T09:15:34.7847139Z	TrialController	Event SpecificTrialFinished
2018-04-12T09:15:34.7927262Z	TrialController	Event SpecificTrialFinished
2018-04-12T09:15:34.8012395Z	TrialController	Event SpecificTrialFinished
2018-04-12T09:15:34.8092515Z	TrialController	Event SpecificTrialFinished
2018-04-12T09:15:34.8172641Z	TrialController	Event SpecificTrialFinished
2018-04-12T09:15:34.8247755Z	TrialController	Event SpecificTrialFinished
2018-04-12T09:15:34.8332887Z	TrialController	Event SpecificTrialFinished
2018-04-12T09:15:34.8413008Z	TrialController	Event SpecificTrialFinished
2018-04-12T09:15:34.8488125Z	TrialController	Event SpecificTrialFinished
2018-04-12T09:15:34.8563239Z	TrialController	Event SpecificTrialFinished
2018-04-12T09:15:34.8648374Z	TrialController	Event SpecificTrialFinished
2018-04-12T09:15:34.8723485Z	TrialController	Event SpecificTrialFinished
2018-04-12T09:15:34.8803608Z	TrialController	Event SpecificTrialFinished
2018-04-12T09:15:34.8883732Z	TrialController	Event SpecificTrialFinished
2018-04-12T09:15:34.8963855Z	TrialController	Event SpecificTrialFinished
2018-04-12T09:15:34.9043978Z	TrialController	Event SpecificTrialFinished
2018-04-12T09:15:34.9129170Z	TrialController	Event SpecificTrialFinished
2018-04-12T09:15:34.9214243Z	TrialController	Event SpecificTrialFinished
2018-04-12T09:15:34.9294366Z	TrialController	Event SpecificTrialFinished
2018-04-12T09:15:34.9379495Z	TrialController	Event SpecificTrialFinished
2018-04-12T09:15:34.9459619Z	TrialController	Event SpecificTrialFinished
2018-04-12T09:15:34.9534733Z	TrialController	Event SpecificTrialFinished
2018-04-12T09:15:34.9619865Z	TrialController	Event SpecificTrialFinished
2018-04-12T09:15:34.9699988Z	TrialController	Event SpecificTrialFinished
2018-04-12T09:15:34.9785118Z	TrialController	Event SpecificTrialFinished
2018-04-12T09:15:34.9870250Z	TrialController	Event SpecificTrialFinished
2018-04-12T09:15:34.9950373Z	TrialController	Event SpecificTrialFinished
2018-04-12T09:15:35.0025487Z	TrialController	Event SpecificTrialFinished
2018-04-12T09:15:35.0110620Z	TrialController	Event SpecificTrialFinished
2018-04-12T09:15:35.0190743Z	TrialController	Event SpecificTrialFinished
2018-04-12T09:15:35.0270866Z	TrialController	Event SpecificTrialFinished
2018-04-12T09:15:35.0355995Z	TrialController	Event SpecificTrialFinished
2018-04-12T09:15:35.0436119Z	TrialController	Event SpecificTrialFinished
2018-04-12T09:15:35.0511236Z	TrialController	Event SpecificTrialFinished
2018-04-12T09:15:35.0591359Z	TrialController	Event SpecificTrialFinished
2018-04-12T09:15:35.0671482Z	TrialController	Event SpecificTrialFinished
2018-04-12T09:15:35.0746599Z	TrialController	Event SpecificTrialFinished
2018-04-12T09:15:35.0826725Z	TrialController	Event SpecificTrialFinished
2018-04-12T09:15:35.0901836Z	TrialController	Event SpecificTrialFinished
2018-04-12T09:15:35.0981959Z	TrialController	Event SpecificTrialFinished
2018-04-12T09:15:35.1062083Z	TrialController	Event SpecificTrialFinished
2018-04-12T09:15:35.1152224Z	TrialController	Event SpecificTrialFinished
2018-04-12T09:15:35.1242366Z	TrialController	Event SpecificTrialFinished
2018-04-12T09:15:35.1322486Z	TrialController	Event SpecificTrialFinished
2018-04-12T09:15:35.1402609Z	TrialController	Event SpecificTrialFinished
2018-04-12T09:15:35.1477726Z	TrialController	Event SpecificTrialFinished
2018-04-12T09:15:35.1552840Z	TrialController	Event SpecificTrialFinished
2018-04-12T09:15:35.1627954Z	TrialController	Event SpecificTrialFinished
2018-04-12T09:15:35.1708077Z	TrialController	Event SpecificTrialFinished
2018-04-12T09:15:35.1788209Z	TrialController	Event SpecificTrialFinished
2018-04-12T09:15:35.1863443Z	TrialController	Event SpecificTrialFinished
2018-04-12T09:15:35.1943592Z	TrialController	Event SpecificTrialFinished
2018-04-12T09:15:35.2018726Z	TrialController	Event SpecificTrialFinished
2018-04-12T09:15:35.2098846Z	TrialController	Event SpecificTrialFinished
2018-04-12T09:15:35.2173895Z	TrialController	Event SpecificTrialFinished
2018-04-12T09:15:35.2249009Z	TrialController	Event SpecificTrialFinished
2018-04-12T09:15:35.2329214Z	TrialController	Event SpecificTrialFinished
2018-04-12T09:15:35.2409161Z	TrialController	Event SpecificTrialFinished
2018-04-12T09:15:35.2489384Z	TrialController	Event SpecificTrialFinished
2018-04-12T09:15:35.2564498Z	TrialController	Event SpecificTrialFinished
2018-04-12T09:15:35.2639615Z	TrialController	Event SpecificTrialFinished
2018-04-12T09:15:35.2768620Z	TrialController	Event SpecificTrialFinished
2018-04-12T09:15:35.2848788Z	TrialController	Event SpecificTrialFinished
2018-04-12T09:15:35.2928909Z	TrialController	Event SpecificTrialFinished
2018-04-12T09:15:35.3008867Z	TrialController	Event SpecificTrialFinished
2018-04-12T09:15:35.3084129Z	TrialController	Event SpecificTrialFinished
2018-04-12T09:15:35.3164252Z	TrialController	Event SpecificTrialFinished
2018-04-12T09:15:35.3244341Z	TrialController	Event SpecificTrialFinished
2018-04-12T09:15:35.3319438Z	TrialController	Event SpecificTrialFinished
2018-04-12T09:15:35.3404588Z	TrialController	Event SpecificTrialFinished
2018-04-12T09:15:35.3484702Z	TrialController	Event SpecificTrialFinished
2018-04-12T09:15:35.3564823Z	TrialController	Event SpecificTrialFinished
2018-04-12T09:15:35.3644838Z	TrialController	Event SpecificTrialFinished
2018-04-12T09:15:35.3720057Z	TrialController	Event SpecificTrialFinished
2018-04-12T09:15:35.3805195Z	TrialController	Event SpecificTrialFinished
2018-04-12T09:15:35.3880306Z	TrialController	Event SpecificTrialFinished
2018-04-12T09:15:35.3960421Z	TrialController	Event SpecificTrialFinished
2018-04-12T09:15:35.4040544Z	TrialController	Event SpecificTrialFinished
2018-04-12T09:15:35.4120676Z	TrialController	Event SpecificTrialFinished
2018-04-12T09:15:35.4195688Z	TrialController	Event SpecificTrialFinished
2018-04-12T09:15:35.4275817Z	TrialController	Event SpecificTrialFinished
2018-04-12T09:15:35.4356068Z	TrialController	Event SpecificTrialFinished
2018-04-12T09:15:35.4431173Z	TrialController	Event SpecificTrialFinished
2018-04-12T09:15:35.4516186Z	TrialController	Event SpecificTrialFinished
2018-04-12T09:15:35.4596435Z	TrialController	Event SpecificTrialFinished
2018-04-12T09:15:35.4671517Z	TrialController	Event SpecificTrialFinished
2018-04-12T09:15:35.4756704Z	TrialController	Event SpecificTrialFinished
2018-04-12T09:15:35.4836776Z	TrialController	Event SpecificTrialFinished
2018-04-12T09:15:35.4916899Z	TrialController	Event SpecificTrialFinished
2018-04-12T09:15:35.4992064Z	TrialController	Event SpecificTrialFinished
2018-04-12T09:15:35.5067130Z	TrialController	Event SpecificTrialFinished
2018-04-12T09:15:35.5147250Z	TrialController	Event SpecificTrialFinished
2018-04-12T09:15:35.5227371Z	TrialController	Event SpecificTrialFinished
2018-04-12T09:15:35.5302385Z	TrialController	Event SpecificTrialFinished
2018-04-12T09:15:35.5382508Z	TrialController	Event SpecificTrialFinished
2018-04-12T09:15:35.5457622Z	TrialController	Event SpecificTrialFinished
2018-04-12T09:15:35.5537748Z	TrialController	Event SpecificTrialFinished
2018-04-12T09:15:35.5612862Z	TrialController	Event SpecificTrialFinished
2018-04-12T09:15:35.5687977Z	TrialController	Event SpecificTrialFinished
2018-04-12T09:15:35.5763093Z	TrialController	Event SpecificTrialFinished
2018-04-12T09:15:35.5843217Z	TrialController	Event SpecificTrialFinished
2018-04-12T09:15:35.5923340Z	TrialController	Event SpecificTrialFinished
2018-04-12T09:15:35.5998454Z	TrialController	Event SpecificTrialFinished
2018-04-12T09:15:35.6073571Z	TrialController	Event SpecificTrialFinished
2018-04-12T09:15:35.6153694Z	TrialController	Event SpecificTrialFinished
2018-04-12T09:15:35.6228862Z	TrialController	Event SpecificTrialFinished
2018-04-12T09:15:35.6303925Z	TrialController	Event SpecificTrialFinished
2018-04-12T09:15:35.6384048Z	TrialController	Event SpecificTrialFinished
2018-04-12T09:15:35.6464171Z	TrialController	Event SpecificTrialFinished
2018-04-12T09:15:35.6539288Z	TrialController	Event SpecificTrialFinished
2018-04-12T09:15:35.6614402Z	TrialController	Event SpecificTrialFinished
2018-04-12T09:15:35.6694526Z	TrialController	Event SpecificTrialFinished
2018-04-12T09:15:35.6769640Z	TrialController	Event SpecificTrialFinished
2018-04-12T09:15:35.6844757Z	TrialController	Event SpecificTrialFinished
2018-04-12T09:15:35.6919871Z	TrialController	Event SpecificTrialFinished
2018-04-12T09:15:35.6994988Z	TrialController	Event SpecificTrialFinished
2018-04-12T09:15:35.7075131Z	TrialController	Event SpecificTrialFinished
2018-04-12T09:15:35.7150225Z	TrialController	Event SpecificTrialFinished
2018-04-12T09:15:35.7220333Z	TrialController	Event SpecificTrialFinished
2018-04-12T09:15:35.7305465Z	TrialController	Event SpecificTrialFinished
2018-04-12T09:15:35.7385588Z	TrialController	Event SpecificTrialFinished
2018-04-12T09:15:35.7460702Z	TrialController	Event SpecificTrialFinished
2018-04-12T09:15:35.7535819Z	TrialController	Event SpecificTrialFinished
2018-04-12T09:15:35.7615945Z	TrialController	Event SpecificTrialFinished
2018-04-12T09:15:35.7691057Z	TrialController	Event SpecificTrialFinished
2018-04-12T09:15:35.7766174Z	TrialController	Event SpecificTrialFinished
2018-04-12T09:15:35.7846297Z	TrialController	Event SpecificTrialFinished
2018-04-12T09:15:35.7921411Z	TrialController	Event SpecificTrialFinished
2018-04-12T09:15:35.7996528Z	TrialController	Event SpecificTrialFinished
2018-04-12T09:15:35.8071659Z	TrialController	Event SpecificTrialFinished
2018-04-12T09:15:35.8146759Z	TrialController	Event SpecificTrialFinished
2018-04-12T09:15:35.8221873Z	TrialController	Event SpecificTrialFinished
2018-04-12T09:15:35.8307005Z	TrialController	Event SpecificTrialFinished
2018-04-12T09:15:35.8382119Z	TrialController	Event SpecificTrialFinished
2018-04-12T09:15:35.8457236Z	TrialController	Event SpecificTrialFinished
2018-04-12T09:15:35.8537359Z	TrialController	Event SpecificTrialFinished
2018-04-12T09:15:35.8612476Z	TrialController	Event SpecificTrialFinished
2018-04-12T09:15:35.8687590Z	TrialController	Event SpecificTrialFinished
2018-04-12T09:15:35.8762704Z	TrialController	Event SpecificTrialFinished
2018-04-12T09:15:35.8837821Z	TrialController	Event SpecificTrialFinished
2018-04-12T09:15:35.8912935Z	TrialController	Event SpecificTrialFinished
2018-04-12T09:15:35.8993059Z	TrialController	Event SpecificTrialFinished
2018-04-12T09:15:35.9068176Z	TrialController	Event SpecificTrialFinished
2018-04-12T09:15:35.9143290Z	TrialController	Event SpecificTrialFinished
2018-04-12T09:15:35.9218407Z	TrialController	Event SpecificTrialFinished
2018-04-12T09:15:35.9293521Z	TrialController	Event SpecificTrialFinished
2018-04-12T09:15:35.9373644Z	TrialController	Event SpecificTrialFinished
2018-04-12T09:15:35.9448761Z	TrialController	Event SpecificTrialFinished
2018-04-12T09:15:35.9528884Z	TrialController	Event SpecificTrialFinished
2018-04-12T09:15:35.9604004Z	TrialController	Event SpecificTrialFinished
2018-04-12T09:15:35.9679115Z	TrialController	Event SpecificTrialFinished
2018-04-12T09:15:35.9754229Z	TrialController	Event SpecificTrialFinished
2018-04-12T09:15:35.9829346Z	TrialController	Event SpecificTrialFinished
2018-04-12T09:15:35.9909469Z	TrialController	Event SpecificTrialFinished
2018-04-12T09:15:35.9989661Z	TrialController	Event SpecificTrialFinished
2018-04-12T09:15:36.0069716Z	TrialController	Event SpecificTrialFinished
2018-04-12T09:15:36.0149842Z	TrialController	Event SpecificTrialFinished
2018-04-12T09:15:36.0229965Z	TrialController	Event SpecificTrialFinished
2018-04-12T09:15:36.0305079Z	TrialController	Event SpecificTrialFinished
2018-04-12T09:15:36.0420260Z	TrialController	Event SpecificTrialFinished
2018-04-12T09:15:36.0500378Z	TrialController	Event SpecificTrialFinished
2018-04-12T09:15:36.0580501Z	TrialController	Event SpecificTrialFinished
2018-04-12T09:15:36.0660624Z	TrialController	Event SpecificTrialFinished
2018-04-12T09:15:36.0815867Z	TrialController	Event SpecificTrialFinished
2018-04-12T09:15:36.0895988Z	TrialController	Event SpecificTrialFinished
2018-04-12T09:15:36.0976111Z	TrialController	Event SpecificTrialFinished
2018-04-12T09:15:36.1051233Z	TrialController	Event SpecificTrialFinished
2018-04-12T09:15:36.1131351Z	TrialController	Event SpecificTrialFinished
2018-04-12T09:15:36.1216492Z	TrialController	Event SpecificTrialFinished
2018-04-12T09:15:36.1306625Z	TrialController	Event SpecificTrialFinished
2018-04-12T09:15:36.1381736Z	TrialController	Event SpecificTrialFinished
2018-04-12T09:15:36.1462041Z	TrialController	Event SpecificTrialFinished
2018-04-12T09:15:36.1537076Z	TrialController	Event SpecificTrialFinished
2018-04-12T09:15:36.1607186Z	TrialController	Event SpecificTrialFinished
2018-04-12T09:15:36.1682349Z	TrialController	Event SpecificTrialFinished
2018-04-12T09:15:36.1757414Z	TrialController	Event SpecificTrialFinished
2018-04-12T09:15:36.1832531Z	TrialController	Event SpecificTrialFinished
2018-04-12T09:15:36.1907694Z	TrialController	Event SpecificTrialFinished
2018-04-12T09:15:36.1982765Z	TrialController	Event SpecificTrialFinished
2018-04-12T09:15:36.2057879Z	TrialController	Event SpecificTrialFinished
2018-04-12T09:15:36.2132891Z	TrialController	Event SpecificTrialFinished
2018-04-12T09:15:36.2208159Z	TrialController	Event SpecificTrialFinished
2018-04-12T09:15:36.2283270Z	TrialController	Event SpecificTrialFinished
2018-04-12T09:15:36.2358341Z	TrialController	Event SpecificTrialFinished
2018-04-12T09:15:36.2433361Z	TrialController	Event SpecificTrialFinished
2018-04-12T09:15:36.2508475Z	TrialController	Event SpecificTrialFinished
2018-04-12T09:15:36.2583592Z	TrialController	Event SpecificTrialFinished
2018-04-12T09:15:36.2658706Z	TrialController	Event SpecificTrialFinished
2018-04-12T09:15:36.2728814Z	TrialController	Event SpecificTrialFinished
2018-04-12T09:15:36.2803931Z	TrialController	Event SpecificTrialFinished
2018-04-12T09:15:36.2879048Z	TrialController	Event SpecificTrialFinished
2018-04-12T09:15:36.2954245Z	TrialController	Event SpecificTrialFinished
2018-04-12T09:15:36.3029285Z	TrialController	Event SpecificTrialFinished
2018-04-12T09:15:36.3099384Z	TrialController	Event SpecificTrialFinished
2018-04-12T09:15:36.3174501Z	TrialController	Event SpecificTrialFinished
2018-04-12T09:15:36.3254630Z	TrialController	Event SpecificTrialFinished
2018-04-12T09:15:36.3324732Z	TrialController	Event SpecificTrialFinished
