2018-04-10T14:56:54.1052797Z	Logger	Started logging
2018-04-10T14:56:54.1193004Z	ExperimentController	Participant: check target numbers
2018-04-10T14:56:54.1328207Z	ExperimentController	Hand model is female
2018-04-10T14:56:54.1578595Z	ExperimentController	Protocol file Protocol/Elements Agency Experiment/Protocol01.txt
2018-04-10T14:56:54.1713802Z	ExperimentController	Loaded 5 trials
2018-04-10T14:56:54.1844141Z	ExperimentController	Event ProtocolLoaded
2018-04-10T14:56:54.1979208Z	ExperimentController	Entering state Trial
2018-04-10T14:56:54.2124430Z	ExperimentController	Starting trial
2018-04-10T14:56:54.2289689Z	ExperimentController	Gap: Inactive
2018-04-10T14:56:54.2449941Z	ExperimentController	HandOffset: 0
2018-04-10T14:56:54.2600166Z	ExperimentController	Noise type 0
2018-04-10T14:56:54.2750397Z	ExperimentController	NoiseLevel: 0
2018-04-10T14:56:54.2905637Z	ExperimentController	Lambda: 0
2018-04-10T14:56:54.3060874Z	ExperimentController	Collision probability: 1
2018-04-10T14:56:54.3211105Z	ExperimentController	Knife PresentFalse
2018-04-10T14:56:54.3371355Z	TrialController	Started
2018-04-10T14:56:56.0672812Z	TrialController	Entering state SpecificTrial
2018-04-10T14:56:56.0722886Z	ElementsAgencyTrial	Noise type: Control
2018-04-10T14:56:56.0767960Z	ElementsAgencyTrial	Delay collision active: 0
2018-04-10T14:56:56.0808019Z	ElementsAgencyTrial	Started
2018-04-10T14:56:56.0848151Z	TrialController	Elements Agency Experiment State Machine started
2018-04-10T14:56:57.5813667Z	ElementsAgencyTrial	Entering state ExperimentWave
2018-04-10T14:56:58.0950474Z	WaveController	Started
2018-04-10T14:56:58.3592274Z	WaveController	Entering state Initial
2018-04-10T14:56:59.1736847Z	WaveController	Initial Target Waved
2018-04-10T14:56:59.1771896Z	WaveController	Entering state Delay
2018-04-10T14:56:59.6850478Z	WaveController	Entering state Target
2018-04-10T14:56:59.6880522Z	WaveController	Light: 1
2018-04-10T14:57:02.7003416Z	WaveController	Time in wave: 1 was 3.015134
2018-04-10T14:57:02.7033462Z	WaveController	Entering state Feedback
2018-04-10T14:57:03.2133082Z	WaveController	Waved Late
2018-04-10T14:57:04.2076718Z	WaveController	Entering state End
2018-04-10T14:57:04.2116780Z	TrialController	Event Waved
2018-04-10T14:57:04.2166857Z	ElementsAgencyTrial	Entering state Interval
2018-04-10T14:57:04.2196903Z	ElementsAgencyTrial	Entering state ExperimentWave
2018-04-10T14:57:04.7214092Z	WaveController	Started
2018-04-10T14:57:04.9868799Z	WaveController	Entering state Initial
