2018-07-17T11:41:57.4069408Z	Logger	Started logging
2018-07-17T11:41:57.4169160Z	ExperimentController	Participant: displayQuestion05
2018-07-17T11:41:57.4269310Z	ExperimentController	Hand model is female
2018-07-17T11:41:57.4468985Z	ExperimentController	Protocol file Protocol/Elements Agency Experiment/Protocol01.txt
2018-07-17T11:41:57.4568819Z	ExperimentController	Loaded 5 trials
2018-07-17T11:41:57.4669808Z	ExperimentController	Event ProtocolLoaded
2018-07-17T11:41:57.4784710Z	ExperimentController	Entering state Trial
2018-07-17T11:41:57.4885563Z	ExperimentController	Starting trial
2018-07-17T11:41:57.4986302Z	ExperimentController	Gap: Inactive
2018-07-17T11:41:57.5106681Z	ExperimentController	HandOffset: 0
2018-07-17T11:41:57.5181775Z	ExperimentController	Noise type 0
2018-07-17T11:41:57.5332030Z	ExperimentController	NoiseLevel: 0
2018-07-17T11:41:57.5412141Z	ExperimentController	Lambda: 0
2018-07-17T11:41:57.5502677Z	ExperimentController	Collision probability: 1
2018-07-17T11:41:57.5608100Z	ExperimentController	Knife PresentFalse
2018-07-17T11:41:57.5718718Z	TrialController	Started
2018-07-17T11:41:59.3971113Z	TrialController	Entering state SpecificTrial
2018-07-17T11:41:59.4006148Z	ElementsAgencyTrial	Noise type: Control
2018-07-17T11:41:59.4006148Z	ElementsAgencyTrial	Delay collision active: 0
2018-07-17T11:41:59.4071345Z	ElementsAgencyTrial	Started
2018-07-17T11:41:59.4116362Z	TrialController	Elements Agency Experiment State Machine started
2018-07-17T11:42:00.8969580Z	ElementsAgencyTrial	Entering state ExperimentWave
2018-07-17T11:42:01.3971275Z	WaveController	Started
2018-07-17T11:42:01.6561642Z	WaveController	Entering state Initial
2018-07-17T11:42:02.3972652Z	WaveController	Initial Target Waved
2018-07-17T11:42:02.3972652Z	WaveController	Entering state Delay
2018-07-17T11:42:02.9171140Z	WaveController	Entering state Target
2018-07-17T11:42:02.9211295Z	WaveController	Light: 0
2018-07-17T11:42:03.7012904Z	WaveController	Probability for Wave 1: 0
2018-07-17T11:42:03.7012904Z	WaveController	Time in wave: 1 was 0.7806463
2018-07-17T11:42:03.7073611Z	WaveController	Entering state Feedback
2018-07-17T11:42:04.2174290Z	WaveController	Waved correctly
2018-07-17T11:42:05.2172868Z	WaveController	Entering state End
2018-07-17T11:42:05.2208022Z	TrialController	Event Waved
2018-07-17T11:42:05.2208022Z	ElementsAgencyTrial	Entering state Interval
2018-07-17T11:42:05.2273422Z	ElementsAgencyTrial	Entering state ExperimentWave
2018-07-17T11:42:05.7269863Z	WaveController	Started
2018-07-17T11:42:05.9871042Z	WaveController	Entering state Initial
2018-07-17T11:42:06.6313501Z	WaveController	Initial Target Waved
2018-07-17T11:42:06.6313501Z	WaveController	Entering state Delay
2018-07-17T11:42:07.1473998Z	WaveController	Entering state Target
2018-07-17T11:42:07.1514168Z	WaveController	Light: 0
2018-07-17T11:42:08.1314837Z	WaveController	Probability for Wave 2: 0
2018-07-17T11:42:08.1314837Z	WaveController	Time in wave: 2 was 0.980299
2018-07-17T11:42:08.1370025Z	WaveController	Entering state Feedback
2018-07-17T11:42:08.6469703Z	WaveController	Waved correctly
2018-07-17T11:42:09.6369587Z	WaveController	Entering state End
2018-07-17T11:42:09.6414746Z	TrialController	Event Waved
2018-07-17T11:42:09.6414746Z	ElementsAgencyTrial	Entering state Interval
2018-07-17T11:42:09.6470429Z	ElementsAgencyTrial	Entering state ExperimentWave
2018-07-17T11:42:09.6470429Z	ElementsAgencyTrial	Entering state Threat
2018-07-17T11:42:09.6510584Z	Threat	Started
2018-07-17T11:42:09.6510584Z	Threat	Entering state Falling
2018-07-17T11:42:10.2771595Z	Threat	Entering state Following
2018-07-17T11:42:12.3006891Z	ElementsAgencyTrial	Entering state End
2018-07-17T11:42:12.3072304Z	TrialController	Event SpecificTrialFinished
2018-07-17T11:42:12.3107450Z	TrialController	Entering state DimLights
2018-07-17T11:42:14.3389037Z	TrialController	Event LightsDimmed
2018-07-17T11:42:14.3469273Z	TrialController	Event RoomBlacked
2018-07-17T11:42:14.3489329Z	TrialController	Entering state Questionnaire
2018-07-17T11:42:20.5072613Z	ExperimentController	Gender changed to male
