2018-07-17T11:24:18.3801362Z	Logger	Started logging
2018-07-17T11:24:18.3861690Z	ExperimentController	Participant: displayQuestion02
2018-07-17T11:24:18.4001673Z	ExperimentController	Hand model is female
2018-07-17T11:24:18.4162470Z	ExperimentController	Protocol file Protocol/Elements Agency Experiment/Protocol01.txt
2018-07-17T11:24:18.4302320Z	ExperimentController	Loaded 5 trials
2018-07-17T11:24:18.4362543Z	ExperimentController	Event ProtocolLoaded
2018-07-17T11:24:18.4462724Z	ExperimentController	Entering state Trial
2018-07-17T11:24:18.4563088Z	ExperimentController	Starting trial
2018-07-17T11:24:18.4704104Z	ExperimentController	Gap: Inactive
2018-07-17T11:24:18.4799507Z	ExperimentController	HandOffset: 0
2018-07-17T11:24:18.4909925Z	ExperimentController	Noise type 0
2018-07-17T11:24:18.5000137Z	ExperimentController	NoiseLevel: 0
2018-07-17T11:24:18.5100515Z	ExperimentController	Lambda: 0
2018-07-17T11:24:18.5261041Z	ExperimentController	Collision probability: 1
2018-07-17T11:24:18.5361237Z	ExperimentController	Knife PresentFalse
2018-07-17T11:24:18.5461523Z	TrialController	Started
2018-07-17T11:24:20.3471790Z	TrialController	Entering state SpecificTrial
2018-07-17T11:24:20.3471790Z	ElementsAgencyTrial	Noise type: Control
2018-07-17T11:24:20.3471790Z	ElementsAgencyTrial	Delay collision active: 0
2018-07-17T11:24:20.3562181Z	ElementsAgencyTrial	Started
2018-07-17T11:24:20.3562181Z	TrialController	Elements Agency Experiment State Machine started
2018-07-17T11:24:21.8662490Z	ElementsAgencyTrial	Entering state ExperimentWave
2018-07-17T11:24:22.3762686Z	WaveController	Started
2018-07-17T11:24:22.6359677Z	WaveController	Entering state Initial
2018-07-17T11:24:28.9762330Z	WaveController	Initial Target Waved
2018-07-17T11:24:28.9812364Z	WaveController	Entering state Delay
2018-07-17T11:24:29.4961706Z	WaveController	Entering state Target
2018-07-17T11:24:29.5001869Z	WaveController	Light: 1
2018-07-17T11:24:32.4961654Z	WaveController	Time in wave: 1 was 3.000032
2018-07-17T11:24:32.5006807Z	WaveController	Entering state Feedback
2018-07-17T11:24:32.9963398Z	WaveController	Waved Late
2018-07-17T11:24:34.0183885Z	WaveController	Entering state End
2018-07-17T11:24:34.0183885Z	TrialController	Event Waved
2018-07-17T11:24:34.0183885Z	ElementsAgencyTrial	Entering state Interval
2018-07-17T11:24:34.0259073Z	ElementsAgencyTrial	Entering state ExperimentWave
2018-07-17T11:24:34.5185774Z	WaveController	Started
2018-07-17T11:24:34.7762763Z	WaveController	Entering state Initial
2018-07-17T11:24:35.5998836Z	WaveController	Initial Target Waved
2018-07-17T11:24:35.5998836Z	WaveController	Entering state Delay
2018-07-17T11:24:36.1163245Z	WaveController	Entering state Target
2018-07-17T11:24:36.1203281Z	WaveController	Light: 1
2018-07-17T11:24:36.6806429Z	WaveController	Time in wave: 2 was 0.560154
2018-07-17T11:24:36.6806429Z	WaveController	Entering state Feedback
2018-07-17T11:24:37.1962157Z	WaveController	Waved incorrectly
2018-07-17T11:24:38.1961855Z	WaveController	Entering state End
2018-07-17T11:24:38.1996879Z	TrialController	Event Waved
2018-07-17T11:24:38.1996879Z	ElementsAgencyTrial	Entering state Interval
2018-07-17T11:24:38.2062068Z	ElementsAgencyTrial	Entering state ExperimentWave
2018-07-17T11:24:38.2062068Z	ElementsAgencyTrial	Entering state Threat
2018-07-17T11:24:38.2097089Z	Threat	Started
2018-07-17T11:24:38.2097089Z	Threat	Entering state Falling
2018-07-17T11:24:38.8348591Z	Threat	Entering state Following
2018-07-17T11:24:40.8502934Z	ElementsAgencyTrial	Entering state End
2018-07-17T11:24:40.8563631Z	TrialController	Event SpecificTrialFinished
2018-07-17T11:24:40.8593785Z	TrialController	Entering state DimLights
2018-07-17T11:24:42.8765681Z	TrialController	Event LightsDimmed
2018-07-17T11:24:42.8771370Z	TrialController	Event RoomBlacked
2018-07-17T11:24:42.8771370Z	TrialController	Entering state Questionnaire
